[2023-03-22T00:16:43.729] [INFO] default - Logged in as Academia#0862
[2023-03-22T00:16:43.734] [INFO] default - Loading module Ban.js
[2023-03-22T00:16:43.736] [INFO] default - Loading command Ban.command.js
[2023-03-22T00:16:43.750] [INFO] default - Loaded command CHAT_INPUT_ban
[2023-03-22T00:16:43.751] [INFO] default - Loading command Kick.command.js
[2023-03-22T00:16:43.755] [INFO] default - Loaded command CHAT_INPUT_kick
[2023-03-22T00:16:43.756] [INFO] default - Loading command Mute.command.js
[2023-03-22T00:16:43.760] [INFO] default - Loaded command CHAT_INPUT_mute
[2023-03-22T00:16:43.761] [INFO] default - Loading command Unban.command.js
[2023-03-22T00:16:43.765] [INFO] default - Loaded command CHAT_INPUT_unban
[2023-03-22T00:16:43.767] [INFO] default - Loading command Unmute.command.js
[2023-03-22T00:16:43.769] [INFO] default - Loaded command CHAT_INPUT_unmute
[2023-03-22T00:16:43.771] [INFO] default - Loading command Warn.command.js
[2023-03-22T00:16:43.774] [INFO] default - Loaded command CHAT_INPUT_warn
[2023-03-22T00:16:43.776] [INFO] default - Loading command Ban.command.js
[2023-03-22T00:16:43.784] [INFO] default - Loaded command MESSAGE_CONTEXT_Ban
[2023-03-22T00:16:43.785] [INFO] default - Loading command Kick.command.js
[2023-03-22T00:16:43.789] [INFO] default - Loaded command MESSAGE_CONTEXT_Kick
[2023-03-22T00:16:43.791] [INFO] default - Loading command Mute.command.js
[2023-03-22T00:16:43.794] [INFO] default - Loaded command MESSAGE_CONTEXT_Mute
[2023-03-22T00:16:43.795] [INFO] default - Loading command Warn.command.js
[2023-03-22T00:16:43.799] [INFO] default - Loaded command MESSAGE_CONTEXT_Warn
[2023-03-22T00:16:43.801] [INFO] default - Loading command Ban.command.js
[2023-03-22T00:16:43.805] [INFO] default - Loaded command USER_CONTEXT_Ban
[2023-03-22T00:16:43.806] [INFO] default - Loading command Kick.command.js
[2023-03-22T00:16:43.809] [INFO] default - Loaded command USER_CONTEXT_Kick
[2023-03-22T00:16:43.810] [INFO] default - Loading command Mute.command.js
[2023-03-22T00:16:43.814] [INFO] default - Loaded command USER_CONTEXT_Mute
[2023-03-22T00:16:43.815] [INFO] default - Loading command Warn.command.js
[2023-03-22T00:16:43.820] [INFO] default - Loaded command USER_CONTEXT_Warn
[2023-03-22T00:16:43.821] [INFO] default - All modules and commands loaded
[2023-03-22T00:16:43.833] [INFO] default - Loading module Kick.js
[2023-03-22T00:16:43.835] [INFO] default - Loading module Logging.js
[2023-03-22T00:16:43.839] [INFO] default - Loading module Mute.js
[2023-03-22T00:16:43.840] [INFO] default - Loading module UpdateCase.js
[2023-03-22T00:16:43.845] [INFO] default - Loading module Warn.js
[2023-03-22T00:16:46.851] [INFO] default - Updating cases...
[2023-03-22T00:16:51.864] [INFO] default - Updating cases...
[2023-03-22T00:16:56.882] [INFO] default - Updating cases...
[2023-03-22T00:17:01.896] [INFO] default - Updating cases...
[2023-03-22T00:17:06.908] [INFO] default - Updating cases...
[2023-03-22T00:17:07.680] [INFO] default - /kick run by Osmii#0076
[2023-03-22T00:17:11.928] [INFO] default - Updating cases...
[2023-03-22T00:17:16.942] [INFO] default - Updating cases...
[2023-03-22T00:17:21.947] [INFO] default - Updating cases...
[2023-03-22T00:17:26.959] [INFO] default - Updating cases...
[2023-03-22T00:17:31.969] [INFO] default - Updating cases...
[2023-03-22T00:17:36.991] [INFO] default - Updating cases...
[2023-03-22T00:17:41.996] [INFO] default - Updating cases...
[2023-03-22T00:17:47.012] [INFO] default - Updating cases...
[2023-03-22T00:17:52.021] [INFO] default - Updating cases...
[2023-03-22T00:17:57.039] [INFO] default - Updating cases...
[2023-03-22T00:18:02.051] [INFO] default - Updating cases...
[2023-03-22T00:18:07.066] [INFO] default - Updating cases...
[2023-03-22T00:18:12.079] [INFO] default - Updating cases...
[2023-03-22T00:18:17.086] [INFO] default - Updating cases...
[2023-03-22T00:18:22.090] [INFO] default - Updating cases...
[2023-03-22T00:18:27.097] [INFO] default - Updating cases...
