[2023-03-23T14:15:01.633] [INFO] default - Logged in as Academia#0862
[2023-03-23T14:15:01.638] [INFO] default - Loading module Ban.js
[2023-03-23T14:15:01.640] [INFO] default - Loading module RelayHandler.js
[2023-03-23T14:15:01.642] [INFO] default - Loading command Ban.command.js
[2023-03-23T14:15:01.657] [INFO] default - Loaded command CHAT_INPUT_ban
[2023-03-23T14:15:01.658] [INFO] default - Loading command Cases.command.js
[2023-03-23T14:15:01.664] [INFO] default - Loaded command CHAT_INPUT_cases
[2023-03-23T14:15:01.666] [INFO] default - Loading command Kick.command.js
[2023-03-23T14:15:01.674] [INFO] default - Loaded command CHAT_INPUT_kick
[2023-03-23T14:15:01.676] [INFO] default - Loading command Mute.command.js
[2023-03-23T14:15:01.686] [INFO] default - Loaded command CHAT_INPUT_mute
[2023-03-23T14:15:01.688] [INFO] default - Loading command Reason.command.js
[2023-03-23T14:15:01.693] [INFO] default - Loaded command CHAT_INPUT_reason
[2023-03-23T14:15:01.697] [INFO] default - Loading command Unban.command.js
[2023-03-23T14:15:01.703] [INFO] default - Loaded command CHAT_INPUT_unban
[2023-03-23T14:15:01.708] [INFO] default - Loading command Unmute.command.js
[2023-03-23T14:15:01.715] [INFO] default - Loaded command CHAT_INPUT_unmute
[2023-03-23T14:15:01.717] [INFO] default - Loading command Warn.command.js
[2023-03-23T14:15:01.730] [INFO] default - Loaded command CHAT_INPUT_warn
[2023-03-23T14:15:01.735] [INFO] default - Loading command Ban.command.js
[2023-03-23T14:15:01.750] [INFO] default - Loaded command MESSAGE_CONTEXT_Ban
[2023-03-23T14:15:01.752] [INFO] default - Loading command Kick.command.js
[2023-03-23T14:15:01.758] [INFO] default - Loaded command MESSAGE_CONTEXT_Kick
[2023-03-23T14:15:01.761] [INFO] default - Loading command Mute.command.js
[2023-03-23T14:15:01.771] [INFO] default - Loaded command MESSAGE_CONTEXT_Mute
[2023-03-23T14:15:01.774] [INFO] default - Loading command Warn.command.js
[2023-03-23T14:15:01.781] [INFO] default - Loaded command MESSAGE_CONTEXT_Warn
[2023-03-23T14:15:01.784] [INFO] default - Loading command Ban.command.js
[2023-03-23T14:15:01.789] [INFO] default - Loaded command USER_CONTEXT_Ban
[2023-03-23T14:15:01.793] [INFO] default - Loading command Kick.command.js
[2023-03-23T14:15:01.799] [INFO] default - Loaded command USER_CONTEXT_Kick
[2023-03-23T14:15:01.801] [INFO] default - Loading command Mute.command.js
[2023-03-23T14:15:01.807] [INFO] default - Loaded command USER_CONTEXT_Mute
[2023-03-23T14:15:01.810] [INFO] default - Loading command Warn.command.js
[2023-03-23T14:15:01.816] [INFO] default - Loaded command USER_CONTEXT_Warn
[2023-03-23T14:15:01.816] [INFO] default - All modules and commands loaded
[2023-03-23T14:15:01.851] [INFO] default - Loading module Kick.js
[2023-03-23T14:15:01.853] [INFO] default - Loading module TicketManager.js
[2023-03-23T14:15:01.855] [INFO] default - Loading module Logging.js
[2023-03-23T14:15:01.865] [INFO] default - Loading module Mute.js
[2023-03-23T14:15:01.867] [INFO] default - Loading module UpdateCase.js
[2023-03-23T14:15:01.873] [INFO] default - Loading module Warn.js
[2023-03-23T14:15:04.881] [INFO] default - Updating cases...
[2023-03-23T14:15:09.889] [INFO] default - Updating cases...
[2023-03-23T14:15:14.918] [INFO] default - Updating cases...
[2023-03-23T14:15:19.932] [INFO] default - Updating cases...
[2023-03-23T14:15:24.948] [INFO] default - Updating cases...
[2023-03-23T14:15:29.979] [INFO] default - Updating cases...
[2023-03-23T14:15:34.999] [INFO] default - Updating cases...
[2023-03-23T14:15:40.018] [INFO] default - Updating cases...
[2023-03-23T14:15:45.027] [INFO] default - Updating cases...
[2023-03-23T14:15:50.044] [INFO] default - Updating cases...
[2023-03-23T14:15:55.055] [INFO] default - Updating cases...
[2023-03-23T14:16:00.066] [INFO] default - Updating cases...
[2023-03-23T14:16:05.167] [INFO] default - Updating cases...
[2023-03-23T14:16:10.245] [INFO] default - Updating cases...
[2023-03-23T14:16:15.251] [INFO] default - Updating cases...
[2023-03-23T14:16:20.303] [INFO] default - Updating cases...
[2023-03-23T14:16:25.312] [INFO] default - Updating cases...
[2023-03-23T14:16:30.330] [INFO] default - Updating cases...
[2023-03-23T14:16:35.373] [INFO] default - Updating cases...
[2023-03-23T14:16:40.378] [INFO] default - Updating cases...
[2023-03-23T14:16:45.389] [INFO] default - Updating cases...
[2023-03-23T14:16:50.399] [INFO] default - Updating cases...
[2023-03-23T14:16:55.414] [INFO] default - Updating cases...
[2023-03-23T14:17:00.421] [INFO] default - Updating cases...
[2023-03-23T14:17:05.431] [INFO] default - Updating cases...
[2023-03-23T14:17:10.435] [INFO] default - Updating cases...
[2023-03-23T14:17:15.552] [INFO] default - Updating cases...
[2023-03-23T14:17:20.568] [INFO] default - Updating cases...
[2023-03-23T14:17:25.583] [INFO] default - Updating cases...
[2023-03-23T14:17:30.588] [INFO] default - Updating cases...
[2023-03-23T14:17:35.607] [INFO] default - Updating cases...
[2023-03-23T14:17:40.612] [INFO] default - Updating cases...
[2023-03-23T14:17:45.621] [INFO] default - Updating cases...
[2023-03-23T14:17:50.624] [INFO] default - Updating cases...
[2023-03-23T14:17:55.629] [INFO] default - Updating cases...
[2023-03-23T14:18:00.634] [INFO] default - Updating cases...
[2023-03-23T14:18:05.649] [INFO] default - Updating cases...
[2023-03-23T14:18:10.662] [INFO] default - Updating cases...
[2023-03-23T14:18:15.675] [INFO] default - Updating cases...
[2023-03-23T14:18:20.686] [INFO] default - Updating cases...
[2023-03-23T14:18:25.694] [INFO] default - Updating cases...
[2023-03-23T14:18:30.709] [INFO] default - Updating cases...
[2023-03-23T14:18:35.714] [INFO] default - Updating cases...
[2023-03-23T14:18:40.730] [INFO] default - Updating cases...
[2023-03-23T14:18:45.732] [INFO] default - Updating cases...
[2023-03-23T14:18:50.751] [INFO] default - Updating cases...
[2023-03-23T14:18:55.754] [INFO] default - Updating cases...
[2023-03-23T14:19:00.763] [INFO] default - Updating cases...
[2023-03-23T14:19:05.775] [INFO] default - Updating cases...
[2023-03-23T14:19:10.789] [INFO] default - Updating cases...
[2023-03-23T14:19:15.792] [INFO] default - Updating cases...
[2023-03-23T14:19:20.807] [INFO] default - Updating cases...
[2023-03-23T14:19:25.810] [INFO] default - Updating cases...
[2023-03-23T14:19:30.815] [INFO] default - Updating cases...
[2023-03-23T14:19:35.838] [INFO] default - Updating cases...
[2023-03-23T14:19:40.849] [INFO] default - Updating cases...
[2023-03-23T14:19:45.858] [INFO] default - Updating cases...
[2023-03-23T14:19:50.866] [INFO] default - Updating cases...
[2023-03-23T14:19:55.884] [INFO] default - Updating cases...
[2023-03-23T14:20:00.897] [INFO] default - Updating cases...
[2023-03-23T14:20:05.903] [INFO] default - Updating cases...
[2023-03-23T14:20:10.912] [INFO] default - Updating cases...
[2023-03-23T14:20:15.919] [INFO] default - Updating cases...
[2023-03-23T14:20:20.937] [INFO] default - Updating cases...
[2023-03-23T14:20:25.957] [INFO] default - Updating cases...
[2023-03-23T14:20:30.970] [INFO] default - Updating cases...
[2023-03-23T14:20:35.973] [INFO] default - Updating cases...
[2023-03-23T14:20:40.985] [INFO] default - Updating cases...
[2023-03-23T14:20:45.990] [INFO] default - Updating cases...
[2023-03-23T14:20:51.016] [INFO] default - Updating cases...
[2023-03-23T14:20:56.023] [INFO] default - Updating cases...
[2023-03-23T14:21:01.034] [INFO] default - Updating cases...
[2023-03-23T14:21:06.053] [INFO] default - Updating cases...
[2023-03-23T14:21:11.066] [INFO] default - Updating cases...
[2023-03-23T14:21:16.071] [INFO] default - Updating cases...
[2023-03-23T14:21:21.086] [INFO] default - Updating cases...
[2023-03-23T14:21:26.095] [INFO] default - Updating cases...
[2023-03-23T14:21:31.105] [INFO] default - Updating cases...
[2023-03-23T14:21:36.109] [INFO] default - Updating cases...
[2023-03-23T14:21:41.186] [INFO] default - Updating cases...
[2023-03-23T14:21:46.189] [INFO] default - Updating cases...
[2023-03-23T14:21:51.203] [INFO] default - Updating cases...
[2023-03-23T14:21:56.207] [INFO] default - Updating cases...
[2023-03-23T14:22:01.222] [INFO] default - Updating cases...
[2023-03-23T14:22:06.225] [INFO] default - Updating cases...
[2023-03-23T14:22:11.241] [INFO] default - Updating cases...
[2023-03-23T14:22:16.255] [INFO] default - Updating cases...
[2023-03-23T14:22:21.271] [INFO] default - Updating cases...
[2023-03-23T14:22:26.277] [INFO] default - Updating cases...
[2023-03-23T14:22:31.283] [INFO] default - Updating cases...
[2023-03-23T14:22:36.286] [INFO] default - Updating cases...
[2023-03-23T14:22:41.294] [INFO] default - Updating cases...
[2023-03-23T14:22:46.304] [INFO] default - Updating cases...
[2023-03-23T14:22:51.319] [INFO] default - Updating cases...
[2023-03-23T14:22:56.327] [INFO] default - Updating cases...
[2023-03-23T14:23:01.337] [INFO] default - Updating cases...
[2023-03-23T14:23:06.345] [INFO] default - Updating cases...
[2023-03-23T14:23:11.356] [INFO] default - Updating cases...
[2023-03-23T14:23:16.370] [INFO] default - Updating cases...
[2023-03-23T14:23:21.388] [INFO] default - Updating cases...
[2023-03-23T14:23:26.395] [INFO] default - Updating cases...
[2023-03-23T14:23:31.408] [INFO] default - Updating cases...
[2023-03-23T14:23:36.411] [INFO] default - Updating cases...
[2023-03-23T14:23:41.423] [INFO] default - Updating cases...
[2023-03-23T14:23:46.426] [INFO] default - Updating cases...
[2023-03-23T14:23:51.440] [INFO] default - Updating cases...
[2023-03-23T14:23:56.446] [INFO] default - Updating cases...
[2023-03-23T14:24:01.450] [INFO] default - Updating cases...
[2023-03-23T14:24:06.467] [INFO] default - Updating cases...
[2023-03-23T14:24:11.472] [INFO] default - Updating cases...
[2023-03-23T14:24:16.488] [INFO] default - Updating cases...
[2023-03-23T14:24:21.497] [INFO] default - Updating cases...
[2023-03-23T14:24:26.509] [INFO] default - Updating cases...
[2023-03-23T14:24:31.521] [INFO] default - Updating cases...
[2023-03-23T14:24:36.530] [INFO] default - Updating cases...
[2023-03-23T14:24:41.534] [INFO] default - Updating cases...
[2023-03-23T14:24:46.547] [INFO] default - Updating cases...
[2023-03-23T14:24:51.551] [INFO] default - Updating cases...
[2023-03-23T14:24:56.568] [INFO] default - Updating cases...
[2023-03-23T14:25:01.571] [INFO] default - Updating cases...
[2023-03-23T14:25:06.577] [INFO] default - Updating cases...
[2023-03-23T14:25:11.592] [INFO] default - Updating cases...
[2023-03-23T14:25:16.600] [INFO] default - Updating cases...
[2023-03-23T14:25:21.615] [INFO] default - Updating cases...
[2023-03-23T14:25:26.620] [INFO] default - Updating cases...
[2023-03-23T14:25:31.634] [INFO] default - Updating cases...
[2023-03-23T14:25:36.646] [INFO] default - Updating cases...
[2023-03-23T14:25:41.653] [INFO] default - Updating cases...
[2023-03-23T14:25:46.658] [INFO] default - Updating cases...
[2023-03-23T14:25:51.670] [INFO] default - Updating cases...
[2023-03-23T14:25:56.684] [INFO] default - Updating cases...
[2023-03-23T14:26:01.689] [INFO] default - Updating cases...
[2023-03-23T14:26:06.697] [INFO] default - Updating cases...
[2023-03-23T14:26:11.707] [INFO] default - Updating cases...
[2023-03-23T14:26:16.723] [INFO] default - Updating cases...
[2023-03-23T14:26:21.726] [INFO] default - Updating cases...
[2023-03-23T14:26:26.740] [INFO] default - Updating cases...
[2023-03-23T14:26:31.751] [INFO] default - Updating cases...
[2023-03-23T14:26:36.754] [INFO] default - Updating cases...
[2023-03-23T14:26:41.758] [INFO] default - Updating cases...
[2023-03-23T14:26:46.766] [INFO] default - Updating cases...
[2023-03-23T14:26:51.773] [INFO] default - Updating cases...
[2023-03-23T14:26:56.791] [INFO] default - Updating cases...
[2023-03-23T14:27:01.802] [INFO] default - Updating cases...
[2023-03-23T14:27:06.807] [INFO] default - Updating cases...
[2023-03-23T14:27:11.815] [INFO] default - Updating cases...
[2023-03-23T14:27:16.828] [INFO] default - Updating cases...
[2023-03-23T14:27:21.838] [INFO] default - Updating cases...
[2023-03-23T14:27:26.849] [INFO] default - Updating cases...
[2023-03-23T14:30:38.832] [INFO] default - Updating cases...
[2023-03-23T14:30:44.040] [INFO] default - Updating cases...
[2023-03-23T14:30:49.048] [INFO] default - Updating cases...
[2023-03-23T14:30:54.058] [INFO] default - Updating cases...
[2023-03-23T14:30:59.063] [INFO] default - Updating cases...
[2023-03-23T14:31:04.079] [INFO] default - Updating cases...
[2023-03-23T14:31:09.084] [INFO] default - Updating cases...
[2023-03-23T14:31:14.090] [INFO] default - Updating cases...
[2023-03-23T14:31:19.096] [INFO] default - Updating cases...
[2023-03-23T14:31:24.106] [INFO] default - Updating cases...
[2023-03-23T14:31:29.111] [INFO] default - Updating cases...
[2023-03-23T14:31:34.119] [INFO] default - Updating cases...
[2023-03-23T14:31:39.137] [INFO] default - Updating cases...
[2023-03-23T14:31:44.160] [INFO] default - Updating cases...
[2023-03-23T14:31:49.175] [INFO] default - Updating cases...
[2023-03-23T14:31:54.184] [INFO] default - Updating cases...
[2023-03-23T14:31:59.189] [INFO] default - Updating cases...
[2023-03-23T14:32:04.194] [INFO] default - Updating cases...
[2023-03-23T14:32:09.203] [INFO] default - Updating cases...
[2023-03-23T14:32:14.210] [INFO] default - Updating cases...
[2023-03-23T14:32:19.228] [INFO] default - Updating cases...
[2023-03-23T14:32:24.234] [INFO] default - Updating cases...
[2023-03-23T14:32:29.248] [INFO] default - Updating cases...
[2023-03-23T14:32:34.253] [INFO] default - Updating cases...
[2023-03-23T14:32:39.262] [INFO] default - Updating cases...
[2023-03-23T14:32:44.266] [INFO] default - Updating cases...
[2023-03-23T14:32:49.282] [INFO] default - Updating cases...
[2023-03-23T14:32:54.303] [INFO] default - Updating cases...
[2023-03-23T14:32:59.326] [INFO] default - Updating cases...
[2023-03-23T14:33:04.344] [INFO] default - Updating cases...
[2023-03-23T14:33:09.364] [INFO] default - Updating cases...
[2023-03-23T14:33:14.374] [INFO] default - Updating cases...
[2023-03-23T14:33:19.382] [INFO] default - Updating cases...
[2023-03-23T14:33:24.385] [INFO] default - Updating cases...
[2023-03-23T14:33:29.389] [INFO] default - Updating cases...
[2023-03-23T14:33:34.394] [INFO] default - Updating cases...
[2023-03-23T14:33:39.409] [INFO] default - Updating cases...
[2023-03-23T14:33:44.411] [INFO] default - Updating cases...
[2023-03-23T14:33:49.432] [INFO] default - Updating cases...
[2023-03-23T14:33:54.442] [INFO] default - Updating cases...
[2023-03-23T14:33:59.449] [INFO] default - Updating cases...
[2023-03-23T14:34:04.463] [INFO] default - Updating cases...
[2023-03-23T14:34:09.467] [INFO] default - Updating cases...
[2023-03-23T14:34:14.470] [INFO] default - Updating cases...
[2023-03-23T14:34:19.472] [INFO] default - Updating cases...
[2023-03-23T14:34:24.484] [INFO] default - Updating cases...
[2023-03-23T14:34:29.493] [INFO] default - Updating cases...
[2023-03-23T14:34:34.502] [INFO] default - Updating cases...
[2023-03-23T14:34:39.502] [INFO] default - Updating cases...
[2023-03-23T14:34:44.512] [INFO] default - Updating cases...
[2023-03-23T14:34:49.516] [INFO] default - Updating cases...
[2023-03-23T14:34:54.529] [INFO] default - Updating cases...
[2023-03-23T14:34:59.534] [INFO] default - Updating cases...
[2023-03-23T14:35:04.547] [INFO] default - Updating cases...
[2023-03-23T14:35:09.557] [INFO] default - Updating cases...
[2023-03-23T14:35:14.567] [INFO] default - Updating cases...
[2023-03-23T14:35:19.571] [INFO] default - Updating cases...
[2023-03-23T14:35:24.588] [INFO] default - Updating cases...
[2023-03-23T14:35:29.591] [INFO] default - Updating cases...
[2023-03-23T14:35:34.604] [INFO] default - Updating cases...
[2023-03-23T14:35:39.620] [INFO] default - Updating cases...
[2023-03-23T14:35:44.623] [INFO] default - Updating cases...
[2023-03-23T14:35:49.629] [INFO] default - Updating cases...
[2023-03-23T14:35:54.645] [INFO] default - Updating cases...
[2023-03-23T14:35:59.654] [INFO] default - Updating cases...
[2023-03-23T14:36:04.664] [INFO] default - Updating cases...
[2023-03-23T14:36:09.672] [INFO] default - Updating cases...
[2023-03-23T14:36:14.686] [INFO] default - Updating cases...
[2023-03-23T14:36:19.695] [INFO] default - Updating cases...
[2023-03-23T14:36:24.700] [INFO] default - Updating cases...
[2023-03-23T14:36:29.706] [INFO] default - Updating cases...
[2023-03-23T14:36:34.710] [INFO] default - Updating cases...
[2023-03-23T14:36:39.725] [INFO] default - Updating cases...
[2023-03-23T14:36:44.740] [INFO] default - Updating cases...
[2023-03-23T14:36:49.755] [INFO] default - Updating cases...
[2023-03-23T14:36:54.759] [INFO] default - Updating cases...
[2023-03-23T14:36:59.765] [INFO] default - Updating cases...
[2023-03-23T14:37:04.775] [INFO] default - Updating cases...
[2023-03-23T14:37:09.782] [INFO] default - Updating cases...
[2023-03-23T14:37:14.804] [INFO] default - Updating cases...
[2023-03-23T14:37:19.820] [INFO] default - Updating cases...
[2023-03-23T14:37:24.848] [INFO] default - Updating cases...
[2023-03-23T14:37:29.852] [INFO] default - Updating cases...
[2023-03-23T14:37:34.857] [INFO] default - Updating cases...
[2023-03-23T14:37:39.872] [INFO] default - Updating cases...
[2023-03-23T14:37:44.879] [INFO] default - Updating cases...
[2023-03-23T14:37:49.884] [INFO] default - Updating cases...
[2023-03-23T14:37:54.890] [INFO] default - Updating cases...
[2023-03-23T14:37:59.893] [INFO] default - Updating cases...
[2023-03-23T14:38:04.904] [INFO] default - Updating cases...
[2023-03-23T14:38:09.909] [INFO] default - Updating cases...
[2023-03-23T14:38:14.919] [INFO] default - Updating cases...
[2023-03-23T14:38:19.923] [INFO] default - Updating cases...
[2023-03-23T14:38:24.936] [INFO] default - Updating cases...
[2023-03-23T14:38:29.939] [INFO] default - Updating cases...
[2023-03-23T14:38:34.951] [INFO] default - Updating cases...
[2023-03-23T14:38:39.965] [INFO] default - Updating cases...
[2023-03-23T14:38:44.972] [INFO] default - Updating cases...
[2023-03-23T14:38:49.984] [INFO] default - Updating cases...
[2023-03-23T14:38:54.987] [INFO] default - Updating cases...
[2023-03-23T14:38:59.995] [INFO] default - Updating cases...
[2023-03-23T14:39:05.007] [INFO] default - Updating cases...
[2023-03-23T14:39:10.016] [INFO] default - Updating cases...
[2023-03-23T14:39:15.023] [INFO] default - Updating cases...
[2023-03-23T14:39:20.042] [INFO] default - Updating cases...
[2023-03-23T14:39:25.053] [INFO] default - Updating cases...
[2023-03-23T14:39:30.057] [INFO] default - Updating cases...
[2023-03-23T14:39:35.066] [INFO] default - Updating cases...
[2023-03-23T14:39:40.083] [INFO] default - Updating cases...
[2023-03-23T14:39:45.088] [INFO] default - Updating cases...
[2023-03-23T14:39:50.100] [INFO] default - Updating cases...
[2023-03-23T14:39:55.103] [INFO] default - Updating cases...
[2023-03-23T14:40:00.113] [INFO] default - Updating cases...
[2023-03-23T14:40:05.119] [INFO] default - Updating cases...
[2023-03-23T14:40:10.132] [INFO] default - Updating cases...
[2023-03-23T14:40:15.136] [INFO] default - Updating cases...
[2023-03-23T14:40:20.145] [INFO] default - Updating cases...
[2023-03-23T14:40:25.157] [INFO] default - Updating cases...
[2023-03-23T14:40:30.164] [INFO] default - Updating cases...
[2023-03-23T14:40:35.168] [INFO] default - Updating cases...
[2023-03-23T14:40:40.181] [INFO] default - Updating cases...
[2023-03-23T14:40:45.184] [INFO] default - Updating cases...
[2023-03-23T14:40:50.196] [INFO] default - Updating cases...
[2023-03-23T14:40:55.206] [INFO] default - Updating cases...
[2023-03-23T14:41:00.212] [INFO] default - Updating cases...
[2023-03-23T14:41:05.221] [INFO] default - Updating cases...
[2023-03-23T14:41:10.228] [INFO] default - Updating cases...
[2023-03-23T14:41:15.235] [INFO] default - Updating cases...
[2023-03-23T14:41:20.246] [INFO] default - Updating cases...
[2023-03-23T14:41:25.261] [INFO] default - Updating cases...
[2023-03-23T14:41:30.264] [INFO] default - Updating cases...
[2023-03-23T14:41:35.277] [INFO] default - Updating cases...
[2023-03-23T14:41:40.277] [INFO] default - Updating cases...
[2023-03-23T14:41:45.280] [INFO] default - Updating cases...
[2023-03-23T14:41:50.283] [INFO] default - Updating cases...
[2023-03-23T14:41:55.299] [INFO] default - Updating cases...
[2023-03-23T14:42:00.303] [INFO] default - Updating cases...
[2023-03-23T14:42:05.324] [INFO] default - Updating cases...
[2023-03-23T14:42:10.354] [INFO] default - Updating cases...
[2023-03-23T14:42:15.462] [INFO] default - Updating cases...
[2023-03-23T14:42:20.476] [INFO] default - Updating cases...
[2023-03-23T14:42:25.481] [INFO] default - Updating cases...
[2023-03-23T14:42:30.489] [INFO] default - Updating cases...
[2023-03-23T14:42:35.504] [INFO] default - Updating cases...
[2023-03-23T14:42:40.519] [INFO] default - Updating cases...
[2023-03-23T14:42:45.525] [INFO] default - Updating cases...
[2023-03-23T14:42:50.542] [INFO] default - Updating cases...
[2023-03-23T14:42:55.560] [INFO] default - Updating cases...
[2023-03-23T14:43:00.563] [INFO] default - Updating cases...
[2023-03-23T14:43:05.580] [INFO] default - Updating cases...
[2023-03-23T14:43:10.595] [INFO] default - Updating cases...
[2023-03-23T14:43:15.598] [INFO] default - Updating cases...
[2023-03-23T14:43:20.601] [INFO] default - Updating cases...
[2023-03-23T14:43:25.604] [INFO] default - Updating cases...
[2023-03-23T14:43:30.611] [INFO] default - Updating cases...
[2023-03-23T14:43:35.649] [INFO] default - Updating cases...
[2023-03-23T14:43:40.658] [INFO] default - Updating cases...
[2023-03-23T14:43:45.687] [INFO] default - Updating cases...
[2023-03-23T14:43:50.706] [INFO] default - Updating cases...
[2023-03-23T14:43:55.713] [INFO] default - Updating cases...
[2023-03-23T14:44:00.727] [INFO] default - Updating cases...
[2023-03-23T14:44:05.738] [INFO] default - Updating cases...
[2023-03-23T14:44:10.742] [INFO] default - Updating cases...
[2023-03-23T14:44:15.756] [INFO] default - Updating cases...
[2023-03-23T14:44:20.759] [INFO] default - Updating cases...
[2023-03-23T14:44:25.774] [INFO] default - Updating cases...
[2023-03-23T14:44:30.790] [INFO] default - Updating cases...
[2023-03-23T14:44:35.800] [INFO] default - Updating cases...
[2023-03-23T14:44:40.814] [INFO] default - Updating cases...
[2023-03-23T14:44:45.825] [INFO] default - Updating cases...
[2023-03-23T14:44:50.830] [INFO] default - Updating cases...
[2023-03-23T14:44:55.833] [INFO] default - Updating cases...
[2023-03-23T14:45:00.842] [INFO] default - Updating cases...
[2023-03-23T14:45:05.849] [INFO] default - Updating cases...
[2023-03-23T14:45:10.853] [INFO] default - Updating cases...
[2023-03-23T14:45:15.867] [INFO] default - Updating cases...
[2023-03-23T14:45:20.875] [INFO] default - Updating cases...
[2023-03-23T14:45:25.877] [INFO] default - Updating cases...
[2023-03-23T14:45:30.882] [INFO] default - Updating cases...
[2023-03-23T14:45:35.890] [INFO] default - Updating cases...
[2023-03-23T14:45:40.913] [INFO] default - Updating cases...
[2023-03-23T14:45:45.918] [INFO] default - Updating cases...
[2023-03-23T14:45:50.928] [INFO] default - Updating cases...
[2023-03-23T14:45:55.932] [INFO] default - Updating cases...
[2023-03-23T14:46:00.946] [INFO] default - Updating cases...
[2023-03-23T14:46:05.951] [INFO] default - Updating cases...
[2023-03-23T14:46:10.961] [INFO] default - Updating cases...
[2023-03-23T14:46:15.968] [INFO] default - Updating cases...
[2023-03-23T14:46:20.980] [INFO] default - Updating cases...
[2023-03-23T14:46:25.985] [INFO] default - Updating cases...
[2023-03-23T14:46:30.995] [INFO] default - Updating cases...
[2023-03-23T14:46:35.998] [INFO] default - Updating cases...
[2023-03-23T14:46:41.008] [INFO] default - Updating cases...
[2023-03-23T14:46:46.015] [INFO] default - Updating cases...
[2023-03-23T14:46:51.024] [INFO] default - Updating cases...
[2023-03-23T14:46:56.031] [INFO] default - Updating cases...
[2023-03-23T14:47:01.040] [INFO] default - Updating cases...
[2023-03-23T14:47:06.067] [INFO] default - Updating cases...
[2023-03-23T14:47:11.070] [INFO] default - Updating cases...
[2023-03-23T14:47:16.079] [INFO] default - Updating cases...
[2023-03-23T14:47:21.086] [INFO] default - Updating cases...
[2023-03-23T14:47:26.100] [INFO] default - Updating cases...
[2023-03-23T14:47:31.110] [INFO] default - Updating cases...
[2023-03-23T14:47:36.126] [INFO] default - Updating cases...
[2023-03-23T14:47:41.129] [INFO] default - Updating cases...
[2023-03-23T14:47:46.138] [INFO] default - Updating cases...
[2023-03-23T14:47:51.145] [INFO] default - Updating cases...
[2023-03-23T14:47:56.171] [INFO] default - Updating cases...
[2023-03-23T14:48:01.174] [INFO] default - Updating cases...
[2023-03-23T14:48:06.198] [INFO] default - Updating cases...
[2023-03-23T14:48:11.213] [INFO] default - Updating cases...
[2023-03-23T14:48:16.231] [INFO] default - Updating cases...
[2023-03-23T14:48:21.237] [INFO] default - Updating cases...
[2023-03-23T14:48:26.241] [INFO] default - Updating cases...
[2023-03-23T14:48:31.246] [INFO] default - Updating cases...
[2023-03-23T14:48:36.250] [INFO] default - Updating cases...
[2023-03-23T14:48:41.257] [INFO] default - Updating cases...
[2023-03-23T14:48:46.271] [INFO] default - Updating cases...
[2023-03-23T14:48:51.273] [INFO] default - Updating cases...
[2023-03-23T14:48:56.281] [INFO] default - Updating cases...
[2023-03-23T14:49:01.298] [INFO] default - Updating cases...
[2023-03-23T14:49:06.303] [INFO] default - Updating cases...
[2023-03-23T14:49:11.309] [INFO] default - Updating cases...
[2023-03-23T14:49:16.318] [INFO] default - Updating cases...
[2023-03-23T14:49:21.321] [INFO] default - Updating cases...
[2023-03-23T14:49:26.326] [INFO] default - Updating cases...
[2023-03-23T14:49:31.330] [INFO] default - Updating cases...
[2023-03-23T14:49:36.335] [INFO] default - Updating cases...
[2023-03-23T14:49:41.346] [INFO] default - Updating cases...
[2023-03-23T14:49:46.356] [INFO] default - Updating cases...
[2023-03-23T14:49:51.365] [INFO] default - Updating cases...
[2023-03-23T14:49:56.383] [INFO] default - Updating cases...
[2023-03-23T14:50:01.395] [INFO] default - Updating cases...
[2023-03-23T14:50:06.400] [INFO] default - Updating cases...
[2023-03-23T14:50:11.405] [INFO] default - Updating cases...
[2023-03-23T14:50:16.419] [INFO] default - Updating cases...
[2023-03-23T14:50:21.431] [INFO] default - Updating cases...
[2023-03-23T14:50:26.436] [INFO] default - Updating cases...
[2023-03-23T14:50:31.447] [INFO] default - Updating cases...
[2023-03-23T14:50:36.461] [INFO] default - Updating cases...
[2023-03-23T14:50:41.476] [INFO] default - Updating cases...
[2023-03-23T14:50:46.478] [INFO] default - Updating cases...
[2023-03-23T14:50:51.483] [INFO] default - Updating cases...
[2023-03-23T14:50:56.491] [INFO] default - Updating cases...
[2023-03-23T14:51:01.502] [INFO] default - Updating cases...
[2023-03-23T14:51:06.525] [INFO] default - Updating cases...
[2023-03-23T14:51:11.529] [INFO] default - Updating cases...
[2023-03-23T14:51:16.575] [INFO] default - Updating cases...
[2023-03-23T14:51:21.596] [INFO] default - Updating cases...
[2023-03-23T14:51:26.600] [INFO] default - Updating cases...
[2023-03-23T14:51:31.602] [INFO] default - Updating cases...
[2023-03-23T14:51:36.606] [INFO] default - Updating cases...
[2023-03-23T14:51:41.624] [INFO] default - Updating cases...
[2023-03-23T14:51:46.634] [INFO] default - Updating cases...
[2023-03-23T14:51:51.648] [INFO] default - Updating cases...
[2023-03-23T14:51:56.652] [INFO] default - Updating cases...
[2023-03-23T14:52:01.665] [INFO] default - Updating cases...
[2023-03-23T14:52:06.670] [INFO] default - Updating cases...
[2023-03-23T14:52:11.686] [INFO] default - Updating cases...
[2023-03-23T14:52:16.705] [INFO] default - Updating cases...
[2023-03-23T14:52:21.708] [INFO] default - Updating cases...
[2023-03-23T14:52:26.722] [INFO] default - Updating cases...
[2023-03-23T14:52:31.749] [INFO] default - Updating cases...
[2023-03-23T14:52:36.763] [INFO] default - Updating cases...
[2023-03-23T14:52:41.767] [INFO] default - Updating cases...
[2023-03-23T14:52:46.778] [INFO] default - Updating cases...
[2023-03-23T14:52:51.786] [INFO] default - Updating cases...
[2023-03-23T14:52:56.791] [INFO] default - Updating cases...
[2023-03-23T14:53:01.793] [INFO] default - Updating cases...
[2023-03-23T14:53:06.797] [INFO] default - Updating cases...
[2023-03-23T14:53:11.803] [INFO] default - Updating cases...
[2023-03-23T14:53:16.817] [INFO] default - Updating cases...
[2023-03-23T14:53:21.823] [INFO] default - Updating cases...
[2023-03-23T14:53:26.830] [INFO] default - Updating cases...
[2023-03-23T14:53:31.844] [INFO] default - Updating cases...
[2023-03-23T14:53:36.860] [INFO] default - Updating cases...
[2023-03-23T14:53:41.872] [INFO] default - Updating cases...
[2023-03-23T14:53:46.874] [INFO] default - Updating cases...
[2023-03-23T14:53:51.888] [INFO] default - Updating cases...
[2023-03-23T14:53:56.895] [INFO] default - Updating cases...
[2023-03-23T14:54:01.900] [INFO] default - Updating cases...
[2023-03-23T14:54:06.912] [INFO] default - Updating cases...
[2023-03-23T14:54:11.917] [INFO] default - Updating cases...
[2023-03-23T14:54:16.922] [INFO] default - Updating cases...
[2023-03-23T14:54:21.947] [INFO] default - Updating cases...
[2023-03-23T14:54:26.950] [INFO] default - Updating cases...
[2023-03-23T14:54:31.957] [INFO] default - Updating cases...
[2023-03-23T14:54:36.963] [INFO] default - Updating cases...
[2023-03-23T14:54:41.985] [INFO] default - Updating cases...
[2023-03-23T14:54:46.998] [INFO] default - Updating cases...
[2023-03-23T14:54:52.001] [INFO] default - Updating cases...
[2023-03-23T14:54:57.005] [INFO] default - Updating cases...
[2023-03-23T14:55:02.011] [INFO] default - Updating cases...
[2023-03-23T14:55:07.024] [INFO] default - Updating cases...
[2023-03-23T14:55:12.043] [INFO] default - Updating cases...
[2023-03-23T14:55:17.068] [INFO] default - Updating cases...
[2023-03-23T14:55:22.081] [INFO] default - Updating cases...
[2023-03-23T14:55:27.085] [INFO] default - Updating cases...
