[2023-03-23T20:23:06.719] [INFO] default - Logged in as Academia#0862
[2023-03-23T20:23:06.724] [INFO] default - Loading module WelcomeAndGoodbye.js
[2023-03-23T20:23:06.726] [INFO] default - Loading module Ban.js
[2023-03-23T20:23:06.728] [INFO] default - Loading module ReactRoles.js
[2023-03-23T20:23:06.730] [INFO] default - Loading module RelayHandler.js
[2023-03-23T20:23:06.733] [INFO] default - Loading module Verification.js
[2023-03-23T20:23:06.736] [INFO] default - Loading command Ban.command.js
[2023-03-23T20:23:06.754] [INFO] default - Loaded command CHAT_INPUT_ban
[2023-03-23T20:23:06.758] [INFO] default - Loading command Cases.command.js
[2023-03-23T20:23:06.767] [INFO] default - Loaded command CHAT_INPUT_cases
[2023-03-23T20:23:06.771] [INFO] default - Loading command Embed.command.js
[2023-03-23T20:23:06.777] [INFO] default - Loaded command CHAT_INPUT_embed
[2023-03-23T20:23:06.779] [INFO] default - Loading command Kick.command.js
[2023-03-23T20:23:06.787] [INFO] default - Loaded command CHAT_INPUT_kick
[2023-03-23T20:23:06.788] [INFO] default - Loading command Mute.command.js
[2023-03-23T20:23:06.795] [INFO] default - Loaded command CHAT_INPUT_mute
[2023-03-23T20:23:06.799] [INFO] default - Loading command ReactionRoles.command.js
[2023-03-23T20:23:06.811] [INFO] default - Loaded command CHAT_INPUT_reactroles
[2023-03-23T20:23:06.813] [INFO] default - Loading command Reason.command.js
[2023-03-23T20:23:06.822] [INFO] default - Loaded command CHAT_INPUT_reason
[2023-03-23T20:23:06.824] [INFO] default - Loading command Unban.command.js
[2023-03-23T20:23:06.827] [INFO] default - Loaded command CHAT_INPUT_unban
[2023-03-23T20:23:06.829] [INFO] default - Loading command Unmute.command.js
[2023-03-23T20:23:06.835] [INFO] default - Loaded command CHAT_INPUT_unmute
[2023-03-23T20:23:06.837] [INFO] default - Loading command Warn.command.js
[2023-03-23T20:23:06.844] [INFO] default - Loaded command CHAT_INPUT_warn
[2023-03-23T20:23:06.846] [INFO] default - Loading command Ban.command.js
[2023-03-23T20:23:06.860] [INFO] default - Loaded command MESSAGE_CONTEXT_Ban
[2023-03-23T20:23:06.862] [INFO] default - Loading command Kick.command.js
[2023-03-23T20:23:06.870] [INFO] default - Loaded command MESSAGE_CONTEXT_Kick
[2023-03-23T20:23:06.872] [INFO] default - Loading command Mute.command.js
[2023-03-23T20:23:06.877] [INFO] default - Loaded command MESSAGE_CONTEXT_Mute
[2023-03-23T20:23:06.878] [INFO] default - Loading command Warn.command.js
[2023-03-23T20:23:06.888] [INFO] default - Loaded command MESSAGE_CONTEXT_Warn
[2023-03-23T20:23:06.891] [INFO] default - Loading command Ban.command.js
[2023-03-23T20:23:06.896] [INFO] default - Loaded command USER_CONTEXT_Ban
[2023-03-23T20:23:06.899] [INFO] default - Loading command Kick.command.js
[2023-03-23T20:23:06.906] [INFO] default - Loaded command USER_CONTEXT_Kick
[2023-03-23T20:23:06.907] [INFO] default - Loading command Mute.command.js
[2023-03-23T20:23:06.911] [INFO] default - Loaded command USER_CONTEXT_Mute
[2023-03-23T20:23:06.916] [INFO] default - Loading command Warn.command.js
[2023-03-23T20:23:06.923] [INFO] default - Loaded command USER_CONTEXT_Warn
[2023-03-23T20:23:06.924] [INFO] default - All modules and commands loaded
[2023-03-23T20:23:06.994] [INFO] default - Loading module Kick.js
[2023-03-23T20:23:06.996] [INFO] default - Loading module TicketManager.js
[2023-03-23T20:23:07.000] [INFO] default - Loading module VerificationManager.js
[2023-03-23T20:23:07.003] [INFO] default - Loading module Logging.js
[2023-03-23T20:23:07.007] [INFO] default - Loading module Mute.js
[2023-03-23T20:23:07.009] [INFO] default - Loading module UpdateCase.js
[2023-03-23T20:23:07.019] [INFO] default - Loading module Warn.js
[2023-03-23T20:23:10.021] [INFO] default - Updating cases...
[2023-03-23T20:23:10.644] [INFO] default - /embed run by Osmii#0076
[2023-03-23T20:23:15.033] [INFO] default - Updating cases...
[2023-03-23T20:23:20.042] [INFO] default - Updating cases...
[2023-03-23T20:23:24.659] [INFO] default - /embed run by Osmii#0076
[2023-03-23T20:23:25.056] [INFO] default - Updating cases...
[2023-03-23T20:23:30.070] [INFO] default - Updating cases...
[2023-03-23T20:23:35.073] [INFO] default - Updating cases...
[2023-03-23T20:23:40.099] [INFO] default - Updating cases...
[2023-03-23T20:23:45.101] [INFO] default - Updating cases...
[2023-03-23T20:23:46.853] [INFO] default - /embed run by Osmii#0076
[2023-03-23T20:23:50.107] [INFO] default - Updating cases...
[2023-03-23T20:23:51.650] [INFO] default - /embed run by Osmii#0076
[2023-03-23T20:23:55.118] [INFO] default - Updating cases...
[2023-03-23T20:24:00.135] [INFO] default - Updating cases...
[2023-03-23T20:24:05.161] [INFO] default - Updating cases...
[2023-03-23T20:24:10.165] [INFO] default - Updating cases...
[2023-03-23T20:24:15.175] [INFO] default - Updating cases...
[2023-03-23T20:24:20.182] [INFO] default - Updating cases...
[2023-03-23T20:24:25.193] [INFO] default - Updating cases...
[2023-03-23T20:24:30.200] [INFO] default - Updating cases...
[2023-03-23T20:24:35.217] [INFO] default - Updating cases...
[2023-03-23T20:24:40.229] [INFO] default - Updating cases...
[2023-03-23T20:24:45.231] [INFO] default - Updating cases...
[2023-03-23T20:24:50.244] [INFO] default - Updating cases...
[2023-03-23T20:24:55.248] [INFO] default - Updating cases...
[2023-03-23T20:25:00.256] [INFO] default - Updating cases...
[2023-03-23T20:25:05.258] [INFO] default - Updating cases...
[2023-03-23T20:25:10.269] [INFO] default - Updating cases...
[2023-03-23T20:25:15.272] [INFO] default - Updating cases...
[2023-03-23T20:25:20.275] [INFO] default - Updating cases...
[2023-03-23T20:25:25.283] [INFO] default - Updating cases...
[2023-03-23T20:25:30.293] [INFO] default - Updating cases...
[2023-03-23T20:25:35.295] [INFO] default - Updating cases...
[2023-03-23T20:25:40.317] [INFO] default - Updating cases...
[2023-03-23T20:25:45.323] [INFO] default - Updating cases...
[2023-03-23T20:25:50.334] [INFO] default - Updating cases...
[2023-03-23T20:25:55.342] [INFO] default - Updating cases...
[2023-03-23T20:26:00.347] [INFO] default - Updating cases...
[2023-03-23T20:26:05.359] [INFO] default - Updating cases...
[2023-03-23T20:26:10.363] [INFO] default - Updating cases...
[2023-03-23T20:26:15.381] [INFO] default - Updating cases...
[2023-03-23T20:26:20.387] [INFO] default - Updating cases...
[2023-03-23T20:26:25.402] [INFO] default - Updating cases...
[2023-03-23T20:26:30.413] [INFO] default - Updating cases...
[2023-03-23T20:26:35.428] [INFO] default - Updating cases...
[2023-03-23T20:26:40.432] [INFO] default - Updating cases...
[2023-03-23T20:26:45.434] [INFO] default - Updating cases...
[2023-03-23T20:26:50.452] [INFO] default - Updating cases...
[2023-03-23T20:26:55.461] [INFO] default - Updating cases...
[2023-03-23T20:27:00.464] [INFO] default - Updating cases...
[2023-03-23T20:27:05.469] [INFO] default - Updating cases...
[2023-03-23T20:27:10.473] [INFO] default - Updating cases...
