[2023-03-23T17:16:44.636] [INFO] default - Logged in as Academia#0862
[2023-03-23T17:16:44.643] [INFO] default - Loading module WelcomeAndGoodbye.js
[2023-03-23T17:16:44.646] [INFO] default - Loading module Ban.js
[2023-03-23T17:16:44.647] [INFO] default - Loading module RelayHandler.js
[2023-03-23T17:16:44.649] [INFO] default - Loading module Verification.js
[2023-03-23T17:16:44.650] [INFO] default - Loading command Ban.command.js
[2023-03-23T17:16:44.664] [INFO] default - Loaded command CHAT_INPUT_ban
[2023-03-23T17:16:44.666] [INFO] default - Loading command Cases.command.js
[2023-03-23T17:16:44.669] [INFO] default - Loaded command CHAT_INPUT_cases
[2023-03-23T17:16:44.671] [INFO] default - Loading command Kick.command.js
[2023-03-23T17:16:44.678] [INFO] default - Loaded command CHAT_INPUT_kick
[2023-03-23T17:16:44.680] [INFO] default - Loading command Mute.command.js
[2023-03-23T17:16:44.685] [INFO] default - Loaded command CHAT_INPUT_mute
[2023-03-23T17:16:44.687] [INFO] default - Loading command Reason.command.js
[2023-03-23T17:16:44.690] [INFO] default - Loaded command CHAT_INPUT_reason
[2023-03-23T17:16:44.693] [INFO] default - Loading command Unban.command.js
[2023-03-23T17:16:44.697] [INFO] default - Loaded command CHAT_INPUT_unban
[2023-03-23T17:16:44.698] [INFO] default - Loading command Unmute.command.js
[2023-03-23T17:16:44.701] [INFO] default - Loaded command CHAT_INPUT_unmute
[2023-03-23T17:16:44.702] [INFO] default - Loading command Warn.command.js
[2023-03-23T17:16:44.709] [INFO] default - Loaded command CHAT_INPUT_warn
[2023-03-23T17:16:44.711] [INFO] default - Loading command Ban.command.js
[2023-03-23T17:16:44.716] [INFO] default - Loaded command MESSAGE_CONTEXT_Ban
[2023-03-23T17:16:44.717] [INFO] default - Loading command Kick.command.js
[2023-03-23T17:16:44.720] [INFO] default - Loaded command MESSAGE_CONTEXT_Kick
[2023-03-23T17:16:44.722] [INFO] default - Loading command Mute.command.js
[2023-03-23T17:16:44.727] [INFO] default - Loaded command MESSAGE_CONTEXT_Mute
[2023-03-23T17:16:44.729] [INFO] default - Loading command Warn.command.js
[2023-03-23T17:16:44.731] [INFO] default - Loaded command MESSAGE_CONTEXT_Warn
[2023-03-23T17:16:44.733] [INFO] default - Loading command Ban.command.js
[2023-03-23T17:16:44.736] [INFO] default - Loaded command USER_CONTEXT_Ban
[2023-03-23T17:16:44.737] [INFO] default - Loading command Kick.command.js
[2023-03-23T17:16:44.741] [INFO] default - Loaded command USER_CONTEXT_Kick
[2023-03-23T17:16:44.742] [INFO] default - Loading command Mute.command.js
[2023-03-23T17:16:44.745] [INFO] default - Loaded command USER_CONTEXT_Mute
[2023-03-23T17:16:44.746] [INFO] default - Loading command Warn.command.js
[2023-03-23T17:16:44.749] [INFO] default - Loaded command USER_CONTEXT_Warn
[2023-03-23T17:16:44.750] [INFO] default - All modules and commands loaded
[2023-03-23T17:16:44.821] [INFO] default - Loading module Kick.js
[2023-03-23T17:16:44.840] [INFO] default - Loading module TicketManager.js
[2023-03-23T17:16:44.843] [INFO] default - Loading module VerificationManager.js
[2023-03-23T17:16:44.847] [INFO] default - Loading module Logging.js
[2023-03-23T17:16:44.851] [INFO] default - Loading module Mute.js
[2023-03-23T17:16:44.852] [INFO] default - Loading module UpdateCase.js
[2023-03-23T17:16:44.857] [INFO] default - Loading module Warn.js
[2023-03-23T17:16:47.865] [INFO] default - Updating cases...
[2023-03-23T17:16:52.867] [INFO] default - Updating cases...
[2023-03-23T17:16:57.885] [INFO] default - Updating cases...
[2023-03-23T17:17:02.889] [INFO] default - Updating cases...
[2023-03-23T17:17:07.900] [INFO] default - Updating cases...
[2023-03-23T17:17:12.905] [INFO] default - Updating cases...
[2023-03-23T17:17:17.920] [INFO] default - Updating cases...
[2023-03-23T17:17:22.923] [INFO] default - Updating cases...
[2023-03-23T17:17:27.927] [INFO] default - Updating cases...
[2023-03-23T17:17:32.938] [INFO] default - Updating cases...
[2023-03-23T17:17:37.943] [INFO] default - Updating cases...
[2023-03-23T17:17:42.955] [INFO] default - Updating cases...
[2023-03-23T17:17:47.968] [INFO] default - Updating cases...
[2023-03-23T17:17:52.980] [INFO] default - Updating cases...
[2023-03-23T17:17:57.994] [INFO] default - Updating cases...
[2023-03-23T17:18:03.006] [INFO] default - Updating cases...
[2023-03-23T17:18:08.011] [INFO] default - Updating cases...
[2023-03-23T17:18:13.016] [INFO] default - Updating cases...
[2023-03-23T17:18:18.019] [INFO] default - Updating cases...
[2023-03-23T17:18:23.027] [INFO] default - Updating cases...
[2023-03-23T17:18:28.033] [INFO] default - Updating cases...
[2023-03-23T17:18:33.040] [INFO] default - Updating cases...
[2023-03-23T17:18:38.052] [INFO] default - Updating cases...
[2023-03-23T17:18:43.056] [INFO] default - Updating cases...
[2023-03-23T17:18:48.076] [INFO] default - Updating cases...
[2023-03-23T17:18:53.078] [INFO] default - Updating cases...
[2023-03-23T17:18:58.083] [INFO] default - Updating cases...
[2023-03-23T17:19:03.089] [INFO] default - Updating cases...
[2023-03-23T17:19:08.091] [INFO] default - Updating cases...
[2023-03-23T17:19:13.095] [INFO] default - Updating cases...
[2023-03-23T17:19:18.108] [INFO] default - Updating cases...
[2023-03-23T17:19:23.117] [INFO] default - Updating cases...
[2023-03-23T17:19:28.128] [INFO] default - Updating cases...
[2023-03-23T17:19:33.144] [INFO] default - Updating cases...
