[2023-03-23T12:19:54.836] [INFO] default - Logged in as Academia#0862
[2023-03-23T12:19:54.841] [INFO] default - Loading module Ban.js
[2023-03-23T12:19:54.842] [INFO] default - Loading module CreateTicketHandler.js
[2023-03-23T12:19:54.844] [INFO] default - Loading command Ban.command.js
[2023-03-23T12:19:54.854] [INFO] default - Loaded command CHAT_INPUT_ban
[2023-03-23T12:19:54.856] [INFO] default - Loading command Cases.command.js
[2023-03-23T12:19:54.858] [INFO] default - Loaded command CHAT_INPUT_cases
[2023-03-23T12:19:54.859] [INFO] default - Loading command Kick.command.js
[2023-03-23T12:19:54.864] [INFO] default - Loaded command CHAT_INPUT_kick
[2023-03-23T12:19:54.866] [INFO] default - Loading command Mute.command.js
[2023-03-23T12:19:54.871] [INFO] default - Loaded command CHAT_INPUT_mute
[2023-03-23T12:19:54.873] [INFO] default - Loading command Reason.command.js
[2023-03-23T12:19:54.875] [INFO] default - Loaded command CHAT_INPUT_reason
[2023-03-23T12:19:54.876] [INFO] default - Loading command Unban.command.js
[2023-03-23T12:19:54.879] [INFO] default - Loaded command CHAT_INPUT_unban
[2023-03-23T12:19:54.881] [INFO] default - Loading command Unmute.command.js
[2023-03-23T12:19:54.886] [INFO] default - Loaded command CHAT_INPUT_unmute
[2023-03-23T12:19:54.888] [INFO] default - Loading command Warn.command.js
[2023-03-23T12:19:54.891] [INFO] default - Loaded command CHAT_INPUT_warn
[2023-03-23T12:19:54.893] [INFO] default - Loading command Ban.command.js
[2023-03-23T12:19:54.902] [INFO] default - Loaded command MESSAGE_CONTEXT_Ban
[2023-03-23T12:19:54.904] [INFO] default - Loading command Kick.command.js
[2023-03-23T12:19:54.910] [INFO] default - Loaded command MESSAGE_CONTEXT_Kick
[2023-03-23T12:19:54.912] [INFO] default - Loading command Mute.command.js
[2023-03-23T12:19:54.915] [INFO] default - Loaded command MESSAGE_CONTEXT_Mute
[2023-03-23T12:19:54.916] [INFO] default - Loading command Warn.command.js
[2023-03-23T12:19:54.920] [INFO] default - Loaded command MESSAGE_CONTEXT_Warn
[2023-03-23T12:19:54.922] [INFO] default - Loading command Ban.command.js
[2023-03-23T12:19:54.925] [INFO] default - Loaded command USER_CONTEXT_Ban
[2023-03-23T12:19:54.926] [INFO] default - Loading command Kick.command.js
[2023-03-23T12:19:54.929] [INFO] default - Loaded command USER_CONTEXT_Kick
[2023-03-23T12:19:54.930] [INFO] default - Loading command Mute.command.js
[2023-03-23T12:19:54.934] [INFO] default - Loaded command USER_CONTEXT_Mute
[2023-03-23T12:19:54.935] [INFO] default - Loading command Warn.command.js
[2023-03-23T12:19:54.938] [INFO] default - Loaded command USER_CONTEXT_Warn
[2023-03-23T12:19:54.939] [INFO] default - All modules and commands loaded
[2023-03-23T12:19:54.968] [INFO] default - Loading module Kick.js
[2023-03-23T12:19:54.970] [INFO] default - Loading module TicketManager.js
[2023-03-23T12:19:54.972] [INFO] default - Loading module Logging.js
[2023-03-23T12:19:54.975] [INFO] default - Loading module Mute.js
[2023-03-23T12:19:54.976] [INFO] default - Loading module UpdateCase.js
[2023-03-23T12:19:54.986] [INFO] default - Loading module Warn.js
[2023-03-23T12:19:57.999] [INFO] default - Updating cases...
[2023-03-23T12:20:03.025] [INFO] default - Updating cases...
[2023-03-23T12:20:08.040] [INFO] default - Updating cases...
[2023-03-23T12:20:13.058] [INFO] default - Updating cases...
[2023-03-23T12:20:18.065] [INFO] default - Updating cases...
[2023-03-23T12:20:23.075] [INFO] default - Updating cases...
[2023-03-23T12:20:28.091] [INFO] default - Updating cases...
[2023-03-23T12:20:33.098] [INFO] default - Updating cases...
[2023-03-23T12:20:38.114] [INFO] default - Updating cases...
[2023-03-23T12:20:43.134] [INFO] default - Updating cases...
[2023-03-23T12:20:48.151] [INFO] default - Updating cases...
[2023-03-23T12:20:53.163] [INFO] default - Updating cases...
[2023-03-23T12:20:58.174] [INFO] default - Updating cases...
[2023-03-23T12:21:03.190] [INFO] default - Updating cases...
[2023-03-23T12:21:08.195] [INFO] default - Updating cases...
[2023-03-23T12:21:13.204] [INFO] default - Updating cases...
[2023-03-23T12:21:18.223] [INFO] default - Updating cases...
[2023-03-23T12:21:23.235] [INFO] default - Updating cases...
[2023-03-23T12:21:28.246] [INFO] default - Updating cases...
[2023-03-23T12:21:33.260] [INFO] default - Updating cases...
[2023-03-23T12:21:38.273] [INFO] default - Updating cases...
[2023-03-23T12:21:43.295] [INFO] default - Updating cases...
[2023-03-23T12:21:48.315] [INFO] default - Updating cases...
[2023-03-23T12:21:53.326] [INFO] default - Updating cases...
[2023-03-23T12:21:58.337] [INFO] default - Updating cases...
[2023-03-23T12:22:03.346] [INFO] default - Updating cases...
[2023-03-23T12:22:08.360] [INFO] default - Updating cases...
[2023-03-23T12:22:13.373] [INFO] default - Updating cases...
[2023-03-23T12:22:18.395] [INFO] default - Updating cases...
[2023-03-23T12:22:23.404] [INFO] default - Updating cases...
[2023-03-23T12:22:28.417] [INFO] default - Updating cases...
[2023-03-23T12:22:33.427] [INFO] default - Updating cases...
[2023-03-23T12:22:38.446] [INFO] default - Updating cases...
[2023-03-23T12:22:43.461] [INFO] default - Updating cases...
[2023-03-23T12:22:48.482] [INFO] default - Updating cases...
[2023-03-23T12:22:53.503] [INFO] default - Updating cases...
[2023-03-23T12:22:58.520] [INFO] default - Updating cases...
[2023-03-23T12:23:03.538] [INFO] default - Updating cases...
[2023-03-23T12:23:08.551] [INFO] default - Updating cases...
[2023-03-23T12:23:13.565] [INFO] default - Updating cases...
[2023-03-23T12:23:18.576] [INFO] default - Updating cases...
[2023-03-23T12:23:23.588] [INFO] default - Updating cases...
[2023-03-23T12:23:28.599] [INFO] default - Updating cases...
[2023-03-23T12:23:33.620] [INFO] default - Updating cases...
[2023-03-23T12:23:38.636] [INFO] default - Updating cases...
[2023-03-23T12:23:43.649] [INFO] default - Updating cases...
[2023-03-23T12:23:48.656] [INFO] default - Updating cases...
[2023-03-23T12:23:53.678] [INFO] default - Updating cases...
[2023-03-23T12:23:58.699] [INFO] default - Updating cases...
[2023-03-23T12:24:03.712] [INFO] default - Updating cases...
[2023-03-23T12:24:08.728] [INFO] default - Updating cases...
[2023-03-23T12:24:13.746] [INFO] default - Updating cases...
[2023-03-23T12:24:18.758] [INFO] default - Updating cases...
[2023-03-23T12:24:23.772] [INFO] default - Updating cases...
[2023-03-23T12:24:28.793] [INFO] default - Updating cases...
[2023-03-23T12:24:33.806] [INFO] default - Updating cases...
[2023-03-23T12:24:38.814] [INFO] default - Updating cases...
[2023-03-23T12:24:43.824] [INFO] default - Updating cases...
[2023-03-23T12:24:48.845] [INFO] default - Updating cases...
[2023-03-23T12:24:53.868] [INFO] default - Updating cases...
[2023-03-23T12:24:58.886] [INFO] default - Updating cases...
[2023-03-23T12:25:03.895] [INFO] default - Updating cases...
[2023-03-23T12:25:08.909] [INFO] default - Updating cases...
[2023-03-23T12:25:13.917] [INFO] default - Updating cases...
[2023-03-23T12:25:18.931] [INFO] default - Updating cases...
[2023-03-23T12:25:23.936] [INFO] default - Updating cases...
[2023-03-23T12:25:28.947] [INFO] default - Updating cases...
[2023-03-23T12:25:33.962] [INFO] default - Updating cases...
[2023-03-23T12:25:38.981] [INFO] default - Updating cases...
[2023-03-23T12:25:44.004] [INFO] default - Updating cases...
[2023-03-23T12:25:49.014] [INFO] default - Updating cases...
[2023-03-23T12:25:54.022] [INFO] default - Updating cases...
[2023-03-23T12:25:59.026] [INFO] default - Updating cases...
[2023-03-23T12:26:04.042] [INFO] default - Updating cases...
[2023-03-23T12:26:09.050] [INFO] default - Updating cases...
[2023-03-23T12:26:14.066] [INFO] default - Updating cases...
[2023-03-23T12:26:19.077] [INFO] default - Updating cases...
[2023-03-23T12:26:24.089] [INFO] default - Updating cases...
[2023-03-23T12:26:29.105] [INFO] default - Updating cases...
[2023-03-23T12:26:34.119] [INFO] default - Updating cases...
[2023-03-23T12:26:39.128] [INFO] default - Updating cases...
[2023-03-23T12:26:44.137] [INFO] default - Updating cases...
[2023-03-23T12:26:49.159] [INFO] default - Updating cases...
[2023-03-23T12:26:54.170] [INFO] default - Updating cases...
[2023-03-23T12:26:59.180] [INFO] default - Updating cases...
[2023-03-23T12:27:04.188] [INFO] default - Updating cases...
[2023-03-23T12:27:09.200] [INFO] default - Updating cases...
[2023-03-23T12:27:14.210] [INFO] default - Updating cases...
[2023-03-23T12:27:19.228] [INFO] default - Updating cases...
[2023-03-23T12:27:24.246] [INFO] default - Updating cases...
[2023-03-23T12:27:29.255] [INFO] default - Updating cases...
[2023-03-23T12:27:34.277] [INFO] default - Updating cases...
[2023-03-23T12:27:39.287] [INFO] default - Updating cases...
[2023-03-23T12:27:44.306] [INFO] default - Updating cases...
[2023-03-23T12:27:49.321] [INFO] default - Updating cases...
[2023-03-23T12:27:54.337] [INFO] default - Updating cases...
[2023-03-23T12:27:59.343] [INFO] default - Updating cases...
[2023-03-23T12:28:04.348] [INFO] default - Updating cases...
[2023-03-23T12:28:09.355] [INFO] default - Updating cases...
[2023-03-23T12:28:14.373] [INFO] default - Updating cases...
[2023-03-23T12:28:19.389] [INFO] default - Updating cases...
[2023-03-23T12:28:24.400] [INFO] default - Updating cases...
[2023-03-23T12:28:29.407] [INFO] default - Updating cases...
[2023-03-23T12:28:34.411] [INFO] default - Updating cases...
[2023-03-23T12:28:39.425] [INFO] default - Updating cases...
[2023-03-23T12:28:44.429] [INFO] default - Updating cases...
[2023-03-23T12:28:49.446] [INFO] default - Updating cases...
[2023-03-23T12:28:54.453] [INFO] default - Updating cases...
[2023-03-23T12:28:59.466] [INFO] default - Updating cases...
[2023-03-23T12:29:04.482] [INFO] default - Updating cases...
[2023-03-23T12:29:09.495] [INFO] default - Updating cases...
[2023-03-23T12:29:14.515] [INFO] default - Updating cases...
[2023-03-23T12:29:19.526] [INFO] default - Updating cases...
[2023-03-23T12:29:24.534] [INFO] default - Updating cases...
[2023-03-23T12:29:29.545] [INFO] default - Updating cases...
[2023-03-23T12:29:34.562] [INFO] default - Updating cases...
[2023-03-23T12:29:39.582] [INFO] default - Updating cases...
[2023-03-23T12:29:44.607] [INFO] default - Updating cases...
[2023-03-23T12:29:49.621] [INFO] default - Updating cases...
[2023-03-23T12:29:54.639] [INFO] default - Updating cases...
[2023-03-23T12:29:59.651] [INFO] default - Updating cases...
[2023-03-23T12:30:04.670] [INFO] default - Updating cases...
[2023-03-23T12:30:09.688] [INFO] default - Updating cases...
[2023-03-23T12:30:14.705] [INFO] default - Updating cases...
[2023-03-23T12:30:19.721] [INFO] default - Updating cases...
[2023-03-23T12:30:24.728] [INFO] default - Updating cases...
[2023-03-23T12:30:29.742] [INFO] default - Updating cases...
[2023-03-23T12:30:34.754] [INFO] default - Updating cases...
[2023-03-23T12:30:39.760] [INFO] default - Updating cases...
[2023-03-23T12:30:44.775] [INFO] default - Updating cases...
[2023-03-23T12:30:49.787] [INFO] default - Updating cases...
[2023-03-23T12:30:54.806] [INFO] default - Updating cases...
[2023-03-23T12:30:59.824] [INFO] default - Updating cases...
[2023-03-23T12:31:04.832] [INFO] default - Updating cases...
[2023-03-23T12:31:09.845] [INFO] default - Updating cases...
[2023-03-23T12:31:14.854] [INFO] default - Updating cases...
[2023-03-23T12:31:19.873] [INFO] default - Updating cases...
[2023-03-23T12:31:24.880] [INFO] default - Updating cases...
[2023-03-23T12:31:29.899] [INFO] default - Updating cases...
[2023-03-23T12:31:34.906] [INFO] default - Updating cases...
[2023-03-23T12:31:39.926] [INFO] default - Updating cases...
[2023-03-23T12:31:44.935] [INFO] default - Updating cases...
[2023-03-23T12:31:49.948] [INFO] default - Updating cases...
[2023-03-23T12:31:54.969] [INFO] default - Updating cases...
[2023-03-23T12:31:59.990] [INFO] default - Updating cases...
[2023-03-23T12:32:05.010] [INFO] default - Updating cases...
[2023-03-23T12:32:10.015] [INFO] default - Updating cases...
[2023-03-23T12:32:15.036] [INFO] default - Updating cases...
[2023-03-23T12:32:20.050] [INFO] default - Updating cases...
[2023-03-23T12:32:25.070] [INFO] default - Updating cases...
[2023-03-23T12:32:30.088] [INFO] default - Updating cases...
[2023-03-23T12:32:35.106] [INFO] default - Updating cases...
[2023-03-23T12:32:40.128] [INFO] default - Updating cases...
[2023-03-23T12:32:45.147] [INFO] default - Updating cases...
[2023-03-23T12:32:50.159] [INFO] default - Updating cases...
[2023-03-23T12:32:55.167] [INFO] default - Updating cases...
[2023-03-23T12:33:00.188] [INFO] default - Updating cases...
[2023-03-23T12:33:05.196] [INFO] default - Updating cases...
[2023-03-23T12:33:10.206] [INFO] default - Updating cases...
[2023-03-23T12:33:15.214] [INFO] default - Updating cases...
[2023-03-23T12:33:20.223] [INFO] default - Updating cases...
[2023-03-23T12:33:25.248] [INFO] default - Updating cases...
[2023-03-23T12:33:30.266] [INFO] default - Updating cases...
[2023-03-23T12:33:35.278] [INFO] default - Updating cases...
[2023-03-23T12:33:40.290] [INFO] default - Updating cases...
[2023-03-23T12:33:45.308] [INFO] default - Updating cases...
[2023-03-23T12:33:50.316] [INFO] default - Updating cases...
[2023-03-23T12:33:55.330] [INFO] default - Updating cases...
[2023-03-23T12:34:00.344] [INFO] default - Updating cases...
[2023-03-23T12:34:05.349] [INFO] default - Updating cases...
[2023-03-23T12:34:10.359] [INFO] default - Updating cases...
[2023-03-23T12:34:15.380] [INFO] default - Updating cases...
[2023-03-23T12:34:20.396] [INFO] default - Updating cases...
[2023-03-23T12:34:25.404] [INFO] default - Updating cases...
[2023-03-23T12:34:30.426] [INFO] default - Updating cases...
[2023-03-23T12:34:35.440] [INFO] default - Updating cases...
[2023-03-23T12:34:40.450] [INFO] default - Updating cases...
[2023-03-23T12:34:45.470] [INFO] default - Updating cases...
[2023-03-23T12:34:50.486] [INFO] default - Updating cases...
[2023-03-23T12:34:55.492] [INFO] default - Updating cases...
[2023-03-23T12:35:00.501] [INFO] default - Updating cases...
[2023-03-23T12:35:05.508] [INFO] default - Updating cases...
[2023-03-23T12:35:10.521] [INFO] default - Updating cases...
[2023-03-23T12:35:15.528] [INFO] default - Updating cases...
[2023-03-23T12:35:20.537] [INFO] default - Updating cases...
[2023-03-23T12:35:25.548] [INFO] default - Updating cases...
[2023-03-23T12:35:30.572] [INFO] default - Updating cases...
[2023-03-23T12:35:35.584] [INFO] default - Updating cases...
[2023-03-23T12:35:40.598] [INFO] default - Updating cases...
[2023-03-23T12:35:45.607] [INFO] default - Updating cases...
[2023-03-23T12:35:50.623] [INFO] default - Updating cases...
[2023-03-23T12:35:55.631] [INFO] default - Updating cases...
[2023-03-23T12:36:00.646] [INFO] default - Updating cases...
[2023-03-23T12:36:05.665] [INFO] default - Updating cases...
[2023-03-23T12:36:10.685] [INFO] default - Updating cases...
[2023-03-23T12:36:15.697] [INFO] default - Updating cases...
[2023-03-23T12:36:20.707] [INFO] default - Updating cases...
[2023-03-23T12:36:25.720] [INFO] default - Updating cases...
[2023-03-23T12:36:30.732] [INFO] default - Updating cases...
[2023-03-23T12:36:35.752] [INFO] default - Updating cases...
[2023-03-23T12:36:40.767] [INFO] default - Updating cases...
[2023-03-23T12:36:45.784] [INFO] default - Updating cases...
[2023-03-23T12:36:50.794] [INFO] default - Updating cases...
[2023-03-23T12:36:55.807] [INFO] default - Updating cases...
[2023-03-23T12:37:00.819] [INFO] default - Updating cases...
[2023-03-23T12:37:05.831] [INFO] default - Updating cases...
[2023-03-23T12:37:10.839] [INFO] default - Updating cases...
[2023-03-23T12:37:15.847] [INFO] default - Updating cases...
[2023-03-23T12:37:20.868] [INFO] default - Updating cases...
[2023-03-23T12:37:25.876] [INFO] default - Updating cases...
[2023-03-23T12:37:30.898] [INFO] default - Updating cases...
[2023-03-23T12:37:35.909] [INFO] default - Updating cases...
[2023-03-23T12:37:40.918] [INFO] default - Updating cases...
[2023-03-23T12:37:45.926] [INFO] default - Updating cases...
[2023-03-23T12:37:50.939] [INFO] default - Updating cases...
[2023-03-23T12:37:55.946] [INFO] default - Updating cases...
[2023-03-23T12:38:00.960] [INFO] default - Updating cases...
[2023-03-23T12:38:05.977] [INFO] default - Updating cases...
[2023-03-23T12:38:10.997] [INFO] default - Updating cases...
[2023-03-23T12:38:16.008] [INFO] default - Updating cases...
[2023-03-23T12:38:21.023] [INFO] default - Updating cases...
[2023-03-23T12:38:26.040] [INFO] default - Updating cases...
[2023-03-23T12:38:31.056] [INFO] default - Updating cases...
[2023-03-23T12:38:36.072] [INFO] default - Updating cases...
[2023-03-23T12:38:41.079] [INFO] default - Updating cases...
[2023-03-23T12:38:46.091] [INFO] default - Updating cases...
[2023-03-23T12:38:51.098] [INFO] default - Updating cases...
[2023-03-23T12:39:48.626] [INFO] default - Updating cases...
[2023-03-23T12:39:53.800] [INFO] default - Updating cases...
[2023-03-23T12:39:58.976] [INFO] default - Updating cases...
[2023-03-23T12:40:03.990] [INFO] default - Updating cases...
[2023-03-23T12:40:08.994] [INFO] default - Updating cases...
[2023-03-23T12:40:14.007] [INFO] default - Updating cases...
[2023-03-23T12:40:19.014] [INFO] default - Updating cases...
[2023-03-23T12:40:24.026] [INFO] default - Updating cases...
[2023-03-23T12:40:29.045] [INFO] default - Updating cases...
[2023-03-23T12:40:34.065] [INFO] default - Updating cases...
[2023-03-23T12:40:39.074] [INFO] default - Updating cases...
[2023-03-23T12:40:44.094] [INFO] default - Updating cases...
[2023-03-23T12:40:49.118] [INFO] default - Updating cases...
[2023-03-23T12:40:54.129] [INFO] default - Updating cases...
[2023-03-23T12:40:59.147] [INFO] default - Updating cases...
[2023-03-23T12:41:04.157] [INFO] default - Updating cases...
[2023-03-23T12:41:09.175] [INFO] default - Updating cases...
[2023-03-23T12:41:14.193] [INFO] default - Updating cases...
[2023-03-23T12:41:19.204] [INFO] default - Updating cases...
[2023-03-23T12:41:24.208] [INFO] default - Updating cases...
[2023-03-23T12:41:29.225] [INFO] default - Updating cases...
[2023-03-23T12:41:34.232] [INFO] default - Updating cases...
[2023-03-23T12:41:39.235] [INFO] default - Updating cases...
[2023-03-23T12:41:44.244] [INFO] default - Updating cases...
[2023-03-23T12:41:49.250] [INFO] default - Updating cases...
[2023-03-23T12:41:54.261] [INFO] default - Updating cases...
[2023-03-23T12:41:59.277] [INFO] default - Updating cases...
[2023-03-23T12:42:04.295] [INFO] default - Updating cases...
[2023-03-23T12:42:09.300] [INFO] default - Updating cases...
[2023-03-23T12:42:14.311] [INFO] default - Updating cases...
[2023-03-23T12:42:19.325] [INFO] default - Updating cases...
[2023-03-23T12:42:24.346] [INFO] default - Updating cases...
[2023-03-23T12:42:29.363] [INFO] default - Updating cases...
[2023-03-23T12:42:34.369] [INFO] default - Updating cases...
[2023-03-23T12:42:39.380] [INFO] default - Updating cases...
[2023-03-23T12:42:44.391] [INFO] default - Updating cases...
[2023-03-23T12:42:49.400] [INFO] default - Updating cases...
[2023-03-23T12:42:54.414] [INFO] default - Updating cases...
[2023-03-23T12:42:59.417] [INFO] default - Updating cases...
[2023-03-23T12:43:04.430] [INFO] default - Updating cases...
[2023-03-23T12:43:09.449] [INFO] default - Updating cases...
[2023-03-23T12:43:14.468] [INFO] default - Updating cases...
[2023-03-23T12:43:19.510] [INFO] default - Updating cases...
[2023-03-23T12:43:24.516] [INFO] default - Updating cases...
[2023-03-23T12:43:29.533] [INFO] default - Updating cases...
[2023-03-23T12:43:34.548] [INFO] default - Updating cases...
[2023-03-23T12:43:39.555] [INFO] default - Updating cases...
[2023-03-23T12:43:44.563] [INFO] default - Updating cases...
[2023-03-23T12:43:49.578] [INFO] default - Updating cases...
[2023-03-23T12:43:54.595] [INFO] default - Updating cases...
[2023-03-23T12:43:59.606] [INFO] default - Updating cases...
[2023-03-23T12:44:04.616] [INFO] default - Updating cases...
[2023-03-23T12:44:09.625] [INFO] default - Updating cases...
[2023-03-23T12:44:14.640] [INFO] default - Updating cases...
[2023-03-23T12:44:19.659] [INFO] default - Updating cases...
[2023-03-23T12:44:24.678] [INFO] default - Updating cases...
[2023-03-23T12:44:29.686] [INFO] default - Updating cases...
[2023-03-23T12:44:34.709] [INFO] default - Updating cases...
[2023-03-23T12:44:39.724] [INFO] default - Updating cases...
[2023-03-23T12:44:44.740] [INFO] default - Updating cases...
[2023-03-23T12:44:49.755] [INFO] default - Updating cases...
[2023-03-23T12:44:54.764] [INFO] default - Updating cases...
[2023-03-23T12:44:59.772] [INFO] default - Updating cases...
[2023-03-23T12:45:04.780] [INFO] default - Updating cases...
[2023-03-23T12:45:09.790] [INFO] default - Updating cases...
[2023-03-23T12:45:14.795] [INFO] default - Updating cases...
[2023-03-23T12:45:19.814] [INFO] default - Updating cases...
[2023-03-23T12:45:24.824] [INFO] default - Updating cases...
[2023-03-23T12:45:29.840] [INFO] default - Updating cases...
[2023-03-23T12:45:34.860] [INFO] default - Updating cases...
[2023-03-23T12:45:39.871] [INFO] default - Updating cases...
[2023-03-23T12:45:44.883] [INFO] default - Updating cases...
[2023-03-23T12:45:49.903] [INFO] default - Updating cases...
[2023-03-23T12:45:54.922] [INFO] default - Updating cases...
[2023-03-23T12:45:59.928] [INFO] default - Updating cases...
[2023-03-23T12:46:04.942] [INFO] default - Updating cases...
[2023-03-23T12:46:09.965] [INFO] default - Updating cases...
[2023-03-23T12:46:14.971] [INFO] default - Updating cases...
[2023-03-23T12:46:19.989] [INFO] default - Updating cases...
[2023-03-23T12:46:25.007] [INFO] default - Updating cases...
[2023-03-23T12:46:30.027] [INFO] default - Updating cases...
[2023-03-23T12:46:35.040] [INFO] default - Updating cases...
[2023-03-23T12:46:40.055] [INFO] default - Updating cases...
[2023-03-23T12:46:45.065] [INFO] default - Updating cases...
[2023-03-23T12:46:50.074] [INFO] default - Updating cases...
[2023-03-23T12:46:55.081] [INFO] default - Updating cases...
[2023-03-23T12:47:00.098] [INFO] default - Updating cases...
[2023-03-23T12:47:05.101] [INFO] default - Updating cases...
[2023-03-23T12:47:10.114] [INFO] default - Updating cases...
[2023-03-23T12:47:15.131] [INFO] default - Updating cases...
[2023-03-23T12:47:20.148] [INFO] default - Updating cases...
[2023-03-23T12:47:25.167] [INFO] default - Updating cases...
[2023-03-23T12:47:30.185] [INFO] default - Updating cases...
[2023-03-23T12:47:35.198] [INFO] default - Updating cases...
[2023-03-23T12:47:40.218] [INFO] default - Updating cases...
[2023-03-23T12:47:45.239] [INFO] default - Updating cases...
[2023-03-23T12:47:50.254] [INFO] default - Updating cases...
[2023-03-23T12:47:55.274] [INFO] default - Updating cases...
[2023-03-23T12:48:00.280] [INFO] default - Updating cases...
[2023-03-23T12:48:05.291] [INFO] default - Updating cases...
[2023-03-23T12:48:10.310] [INFO] default - Updating cases...
[2023-03-23T12:48:15.322] [INFO] default - Updating cases...
[2023-03-23T12:48:20.343] [INFO] default - Updating cases...
[2023-03-23T12:48:25.361] [INFO] default - Updating cases...
[2023-03-23T12:48:30.377] [INFO] default - Updating cases...
[2023-03-23T12:48:35.395] [INFO] default - Updating cases...
[2023-03-23T12:48:40.411] [INFO] default - Updating cases...
[2023-03-23T12:48:45.420] [INFO] default - Updating cases...
[2023-03-23T12:48:50.440] [INFO] default - Updating cases...
[2023-03-23T12:48:55.459] [INFO] default - Updating cases...
[2023-03-23T12:49:00.468] [INFO] default - Updating cases...
[2023-03-23T12:49:05.485] [INFO] default - Updating cases...
[2023-03-23T12:49:10.501] [INFO] default - Updating cases...
[2023-03-23T12:49:15.522] [INFO] default - Updating cases...
[2023-03-23T12:49:20.536] [INFO] default - Updating cases...
[2023-03-23T12:49:25.545] [INFO] default - Updating cases...
[2023-03-23T12:49:30.554] [INFO] default - Updating cases...
[2023-03-23T12:49:35.571] [INFO] default - Updating cases...
[2023-03-23T12:49:40.584] [INFO] default - Updating cases...
[2023-03-23T12:49:45.592] [INFO] default - Updating cases...
[2023-03-23T12:49:50.602] [INFO] default - Updating cases...
[2023-03-23T12:49:55.618] [INFO] default - Updating cases...
[2023-03-23T12:50:00.631] [INFO] default - Updating cases...
[2023-03-23T12:50:05.648] [INFO] default - Updating cases...
[2023-03-23T12:50:10.658] [INFO] default - Updating cases...
[2023-03-23T12:50:15.663] [INFO] default - Updating cases...
[2023-03-23T12:50:20.674] [INFO] default - Updating cases...
[2023-03-23T12:53:37.642] [INFO] default - Updating cases...
[2023-03-23T12:57:37.287] [INFO] default - Updating cases...
[2023-03-23T12:57:42.331] [INFO] default - Updating cases...
[2023-03-23T12:57:47.333] [INFO] default - Updating cases...
[2023-03-23T12:57:52.343] [INFO] default - Updating cases...
[2023-03-23T12:57:57.351] [INFO] default - Updating cases...
[2023-03-23T12:58:02.367] [INFO] default - Updating cases...
[2023-03-23T12:58:07.373] [INFO] default - Updating cases...
[2023-03-23T12:58:12.388] [INFO] default - Updating cases...
[2023-03-23T12:58:17.397] [INFO] default - Updating cases...
[2023-03-23T12:58:22.416] [INFO] default - Updating cases...
[2023-03-23T12:58:27.429] [INFO] default - Updating cases...
[2023-03-23T12:58:32.444] [INFO] default - Updating cases...
[2023-03-23T12:58:37.464] [INFO] default - Updating cases...
[2023-03-23T12:58:42.476] [INFO] default - Updating cases...
[2023-03-23T12:58:47.488] [INFO] default - Updating cases...
[2023-03-23T12:58:52.499] [INFO] default - Updating cases...
[2023-03-23T12:58:57.514] [INFO] default - Updating cases...
[2023-03-23T12:59:02.534] [INFO] default - Updating cases...
[2023-03-23T12:59:07.552] [INFO] default - Updating cases...
[2023-03-23T12:59:12.561] [INFO] default - Updating cases...
[2023-03-23T12:59:17.580] [INFO] default - Updating cases...
[2023-03-23T12:59:22.588] [INFO] default - Updating cases...
[2023-03-23T12:59:27.605] [INFO] default - Updating cases...
[2023-03-23T12:59:32.621] [INFO] default - Updating cases...
[2023-03-23T12:59:37.637] [INFO] default - Updating cases...
[2023-03-23T12:59:42.646] [INFO] default - Updating cases...
[2023-03-23T12:59:47.662] [INFO] default - Updating cases...
[2023-03-23T12:59:52.672] [INFO] default - Updating cases...
[2023-03-23T12:59:57.680] [INFO] default - Updating cases...
[2023-03-23T13:00:02.697] [INFO] default - Updating cases...
[2023-03-23T13:00:07.716] [INFO] default - Updating cases...
[2023-03-23T13:00:12.729] [INFO] default - Updating cases...
[2023-03-23T13:00:17.747] [INFO] default - Updating cases...
[2023-03-23T13:00:22.768] [INFO] default - Updating cases...
[2023-03-23T13:00:27.779] [INFO] default - Updating cases...
[2023-03-23T13:00:32.793] [INFO] default - Updating cases...
[2023-03-23T13:00:37.810] [INFO] default - Updating cases...
[2023-03-23T13:00:42.813] [INFO] default - Updating cases...
[2023-03-23T13:00:47.830] [INFO] default - Updating cases...
[2023-03-23T13:00:52.835] [INFO] default - Updating cases...
[2023-03-23T13:00:57.876] [INFO] default - Updating cases...
[2023-03-23T13:01:02.897] [INFO] default - Updating cases...
[2023-03-23T13:01:07.907] [INFO] default - Updating cases...
[2023-03-23T13:01:12.922] [INFO] default - Updating cases...
[2023-03-23T13:01:17.941] [INFO] default - Updating cases...
[2023-03-23T13:01:22.956] [INFO] default - Updating cases...
[2023-03-23T13:01:27.972] [INFO] default - Updating cases...
[2023-03-23T13:01:32.979] [INFO] default - Updating cases...
[2023-03-23T13:01:37.995] [INFO] default - Updating cases...
[2023-03-23T13:01:43.010] [INFO] default - Updating cases...
[2023-03-23T13:01:48.019] [INFO] default - Updating cases...
[2023-03-23T13:01:53.035] [INFO] default - Updating cases...
[2023-03-23T13:01:58.048] [INFO] default - Updating cases...
[2023-03-23T13:02:03.061] [INFO] default - Updating cases...
[2023-03-23T13:02:08.071] [INFO] default - Updating cases...
[2023-03-23T13:02:13.078] [INFO] default - Updating cases...
[2023-03-23T13:02:18.088] [INFO] default - Updating cases...
[2023-03-23T13:02:23.186] [INFO] default - Updating cases...
[2023-03-23T13:02:28.191] [INFO] default - Updating cases...
[2023-03-23T13:02:33.199] [INFO] default - Updating cases...
[2023-03-23T13:02:38.211] [INFO] default - Updating cases...
[2023-03-23T13:02:43.219] [INFO] default - Updating cases...
[2023-03-23T13:02:48.230] [INFO] default - Updating cases...
[2023-03-23T13:02:53.250] [INFO] default - Updating cases...
[2023-03-23T13:02:58.255] [INFO] default - Updating cases...
[2023-03-23T13:03:03.264] [INFO] default - Updating cases...
[2023-03-23T13:03:08.276] [INFO] default - Updating cases...
[2023-03-23T13:03:13.293] [INFO] default - Updating cases...
[2023-03-23T13:03:18.302] [INFO] default - Updating cases...
[2023-03-23T13:03:23.322] [INFO] default - Updating cases...
[2023-03-23T13:03:28.326] [INFO] default - Updating cases...
[2023-03-23T13:03:33.335] [INFO] default - Updating cases...
[2023-03-23T13:03:38.346] [INFO] default - Updating cases...
[2023-03-23T13:03:43.354] [INFO] default - Updating cases...
[2023-03-23T13:03:48.362] [INFO] default - Updating cases...
[2023-03-23T13:03:53.365] [INFO] default - Updating cases...
[2023-03-23T13:03:58.369] [INFO] default - Updating cases...
[2023-03-23T13:04:03.373] [INFO] default - Updating cases...
[2023-03-23T13:04:08.375] [INFO] default - Updating cases...
[2023-03-23T13:04:13.386] [INFO] default - Updating cases...
[2023-03-23T13:04:18.401] [INFO] default - Updating cases...
[2023-03-23T13:04:23.414] [INFO] default - Updating cases...
[2023-03-23T13:04:28.425] [INFO] default - Updating cases...
[2023-03-23T13:04:33.435] [INFO] default - Updating cases...
[2023-03-23T13:04:38.439] [INFO] default - Updating cases...
[2023-03-23T13:04:43.451] [INFO] default - Updating cases...
[2023-03-23T13:04:48.455] [INFO] default - Updating cases...
[2023-03-23T13:04:53.459] [INFO] default - Updating cases...
[2023-03-23T13:04:58.474] [INFO] default - Updating cases...
[2023-03-23T13:05:03.484] [INFO] default - Updating cases...
[2023-03-23T13:05:08.496] [INFO] default - Updating cases...
[2023-03-23T13:05:13.519] [INFO] default - Updating cases...
[2023-03-23T13:05:18.524] [INFO] default - Updating cases...
[2023-03-23T13:05:23.535] [INFO] default - Updating cases...
[2023-03-23T13:05:28.540] [INFO] default - Updating cases...
[2023-03-23T13:05:33.547] [INFO] default - Updating cases...
[2023-03-23T13:05:38.556] [INFO] default - Updating cases...
[2023-03-23T13:05:43.561] [INFO] default - Updating cases...
[2023-03-23T13:05:48.577] [INFO] default - Updating cases...
[2023-03-23T13:05:53.586] [INFO] default - Updating cases...
[2023-03-23T13:05:58.603] [INFO] default - Updating cases...
[2023-03-23T13:06:03.606] [INFO] default - Updating cases...
[2023-03-23T13:06:08.613] [INFO] default - Updating cases...
[2023-03-23T13:06:13.666] [INFO] default - Updating cases...
[2023-03-23T13:06:18.684] [INFO] default - Updating cases...
[2023-03-23T13:06:23.694] [INFO] default - Updating cases...
[2023-03-23T13:06:28.706] [INFO] default - Updating cases...
[2023-03-23T13:06:33.716] [INFO] default - Updating cases...
[2023-03-23T13:06:38.731] [INFO] default - Updating cases...
[2023-03-23T13:06:43.749] [INFO] default - Updating cases...
[2023-03-23T13:06:48.757] [INFO] default - Updating cases...
[2023-03-23T13:06:53.762] [INFO] default - Updating cases...
[2023-03-23T13:06:58.778] [INFO] default - Updating cases...
[2023-03-23T13:07:03.789] [INFO] default - Updating cases...
[2023-03-23T13:07:08.799] [INFO] default - Updating cases...
[2023-03-23T13:07:13.806] [INFO] default - Updating cases...
[2023-03-23T13:07:18.817] [INFO] default - Updating cases...
[2023-03-23T13:07:23.826] [INFO] default - Updating cases...
[2023-03-23T13:07:28.835] [INFO] default - Updating cases...
[2023-03-23T13:07:33.850] [INFO] default - Updating cases...
[2023-03-23T13:07:38.871] [INFO] default - Updating cases...
[2023-03-23T13:07:43.884] [INFO] default - Updating cases...
[2023-03-23T13:07:48.893] [INFO] default - Updating cases...
[2023-03-23T13:07:53.900] [INFO] default - Updating cases...
[2023-03-23T13:07:58.909] [INFO] default - Updating cases...
[2023-03-23T13:08:03.919] [INFO] default - Updating cases...
[2023-03-23T13:08:08.932] [INFO] default - Updating cases...
[2023-03-23T13:08:13.946] [INFO] default - Updating cases...
[2023-03-23T13:08:18.952] [INFO] default - Updating cases...
[2023-03-23T13:08:23.962] [INFO] default - Updating cases...
[2023-03-23T13:08:28.975] [INFO] default - Updating cases...
[2023-03-23T13:08:33.984] [INFO] default - Updating cases...
[2023-03-23T13:08:38.994] [INFO] default - Updating cases...
[2023-03-23T13:08:44.006] [INFO] default - Updating cases...
[2023-03-23T13:08:49.016] [INFO] default - Updating cases...
[2023-03-23T13:08:54.032] [INFO] default - Updating cases...
[2023-03-23T13:08:59.047] [INFO] default - Updating cases...
[2023-03-23T13:09:04.058] [INFO] default - Updating cases...
[2023-03-23T13:09:09.067] [INFO] default - Updating cases...
[2023-03-23T13:09:14.082] [INFO] default - Updating cases...
[2023-03-23T13:09:19.097] [INFO] default - Updating cases...
[2023-03-23T13:09:24.100] [INFO] default - Updating cases...
[2023-03-23T13:09:29.102] [INFO] default - Updating cases...
[2023-03-23T13:09:34.105] [INFO] default - Updating cases...
[2023-03-23T13:09:39.120] [INFO] default - Updating cases...
[2023-03-23T13:09:44.134] [INFO] default - Updating cases...
[2023-03-23T13:09:49.143] [INFO] default - Updating cases...
[2023-03-23T13:09:54.153] [INFO] default - Updating cases...
[2023-03-23T13:09:59.165] [INFO] default - Updating cases...
[2023-03-23T13:10:04.168] [INFO] default - Updating cases...
[2023-03-23T13:10:09.179] [INFO] default - Updating cases...
[2023-03-23T13:10:14.182] [INFO] default - Updating cases...
[2023-03-23T13:10:19.197] [INFO] default - Updating cases...
[2023-03-23T13:10:24.204] [INFO] default - Updating cases...
[2023-03-23T13:10:29.215] [INFO] default - Updating cases...
[2023-03-23T13:10:34.228] [INFO] default - Updating cases...
[2023-03-23T13:10:39.246] [INFO] default - Updating cases...
[2023-03-23T13:10:44.272] [INFO] default - Updating cases...
[2023-03-23T13:10:49.280] [INFO] default - Updating cases...
[2023-03-23T13:10:54.298] [INFO] default - Updating cases...
[2023-03-23T13:10:59.307] [INFO] default - Updating cases...
[2023-03-23T13:11:04.313] [INFO] default - Updating cases...
[2023-03-23T13:11:09.327] [INFO] default - Updating cases...
[2023-03-23T13:11:14.336] [INFO] default - Updating cases...
[2023-03-23T13:11:19.353] [INFO] default - Updating cases...
[2023-03-23T13:11:24.367] [INFO] default - Updating cases...
[2023-03-23T13:11:29.377] [INFO] default - Updating cases...
[2023-03-23T13:11:34.387] [INFO] default - Updating cases...
[2023-03-23T13:11:39.399] [INFO] default - Updating cases...
[2023-03-23T13:11:44.412] [INFO] default - Updating cases...
[2023-03-23T13:11:49.415] [INFO] default - Updating cases...
[2023-03-23T13:11:54.417] [INFO] default - Updating cases...
[2023-03-23T13:11:59.422] [INFO] default - Updating cases...
[2023-03-23T13:12:04.425] [INFO] default - Updating cases...
[2023-03-23T13:12:09.432] [INFO] default - Updating cases...
[2023-03-23T13:12:14.449] [INFO] default - Updating cases...
[2023-03-23T13:12:19.467] [INFO] default - Updating cases...
[2023-03-23T13:12:24.475] [INFO] default - Updating cases...
[2023-03-23T13:12:29.484] [INFO] default - Updating cases...
[2023-03-23T13:12:34.499] [INFO] default - Updating cases...
[2023-03-23T13:12:39.511] [INFO] default - Updating cases...
[2023-03-23T13:12:44.523] [INFO] default - Updating cases...
[2023-03-23T13:12:49.530] [INFO] default - Updating cases...
[2023-03-23T13:12:54.549] [INFO] default - Updating cases...
[2023-03-23T13:12:59.556] [INFO] default - Updating cases...
[2023-03-23T13:13:04.572] [INFO] default - Updating cases...
[2023-03-23T13:13:09.582] [INFO] default - Updating cases...
[2023-03-23T13:13:14.586] [INFO] default - Updating cases...
[2023-03-23T13:13:19.598] [INFO] default - Updating cases...
[2023-03-23T13:13:24.618] [INFO] default - Updating cases...
[2023-03-23T13:13:29.662] [INFO] default - Updating cases...
[2023-03-23T13:13:34.667] [INFO] default - Updating cases...
