[2023-03-23T18:34:46.645] [INFO] default - Logged in as Academia#0862
[2023-03-23T18:34:46.649] [INFO] default - Loading module WelcomeAndGoodbye.js
[2023-03-23T18:34:46.651] [INFO] default - Loading module Ban.js
[2023-03-23T18:34:46.653] [INFO] default - Loading module RelayHandler.js
[2023-03-23T18:34:46.654] [INFO] default - Loading module Verification.js
[2023-03-23T18:34:46.656] [INFO] default - Loading command Ban.command.js
[2023-03-23T18:34:46.665] [INFO] default - Loaded command CHAT_INPUT_ban
[2023-03-23T18:34:46.666] [INFO] default - Loading command Cases.command.js
[2023-03-23T18:34:46.670] [INFO] default - Loaded command CHAT_INPUT_cases
[2023-03-23T18:34:46.671] [INFO] default - Loading command Kick.command.js
[2023-03-23T18:34:46.674] [INFO] default - Loaded command CHAT_INPUT_kick
[2023-03-23T18:34:46.676] [INFO] default - Loading command Mute.command.js
[2023-03-23T18:34:46.680] [INFO] default - Loaded command CHAT_INPUT_mute
[2023-03-23T18:34:46.682] [INFO] default - Loading command Reason.command.js
[2023-03-23T18:34:46.685] [INFO] default - Loaded command CHAT_INPUT_reason
[2023-03-23T18:34:46.686] [INFO] default - Loading command Unban.command.js
[2023-03-23T18:34:46.691] [INFO] default - Loaded command CHAT_INPUT_unban
[2023-03-23T18:34:46.692] [INFO] default - Loading command Unmute.command.js
[2023-03-23T18:34:46.694] [INFO] default - Loaded command CHAT_INPUT_unmute
[2023-03-23T18:34:46.695] [INFO] default - Loading command Warn.command.js
[2023-03-23T18:34:46.698] [INFO] default - Loaded command CHAT_INPUT_warn
[2023-03-23T18:34:46.700] [INFO] default - Loading command Ban.command.js
[2023-03-23T18:34:46.707] [INFO] default - Loaded command MESSAGE_CONTEXT_Ban
[2023-03-23T18:34:46.708] [INFO] default - Loading command Kick.command.js
[2023-03-23T18:34:46.711] [INFO] default - Loaded command MESSAGE_CONTEXT_Kick
[2023-03-23T18:34:46.712] [INFO] default - Loading command Mute.command.js
[2023-03-23T18:34:46.716] [INFO] default - Loaded command MESSAGE_CONTEXT_Mute
[2023-03-23T18:34:46.717] [INFO] default - Loading command Warn.command.js
[2023-03-23T18:34:46.722] [INFO] default - Loaded command MESSAGE_CONTEXT_Warn
[2023-03-23T18:34:46.724] [INFO] default - Loading command Ban.command.js
[2023-03-23T18:34:46.728] [INFO] default - Loaded command USER_CONTEXT_Ban
[2023-03-23T18:34:46.728] [INFO] default - Loading command Kick.command.js
[2023-03-23T18:34:46.731] [INFO] default - Loaded command USER_CONTEXT_Kick
[2023-03-23T18:34:46.732] [INFO] default - Loading command Mute.command.js
[2023-03-23T18:34:46.735] [INFO] default - Loaded command USER_CONTEXT_Mute
[2023-03-23T18:34:46.737] [INFO] default - Loading command Warn.command.js
[2023-03-23T18:34:46.740] [INFO] default - Loaded command USER_CONTEXT_Warn
[2023-03-23T18:34:46.741] [INFO] default - All modules and commands loaded
[2023-03-23T18:34:46.767] [INFO] default - Loading module Kick.js
[2023-03-23T18:34:46.769] [INFO] default - Loading module TicketManager.js
[2023-03-23T18:34:46.770] [INFO] default - Loading module VerificationManager.js
[2023-03-23T18:34:46.772] [INFO] default - Loading module Logging.js
[2023-03-23T18:34:46.775] [INFO] default - Loading module Mute.js
[2023-03-23T18:34:46.776] [INFO] default - Loading module UpdateCase.js
[2023-03-23T18:34:46.779] [INFO] default - Loading module Warn.js
[2023-03-23T18:34:49.782] [INFO] default - Updating cases...
[2023-03-23T18:34:54.792] [INFO] default - Updating cases...
[2023-03-23T18:34:59.800] [INFO] default - Updating cases...
[2023-03-23T18:35:04.803] [INFO] default - Updating cases...
[2023-03-23T18:35:09.805] [INFO] default - Updating cases...
[2023-03-23T18:35:14.808] [INFO] default - Updating cases...
[2023-03-23T18:35:19.810] [INFO] default - Updating cases...
[2023-03-23T18:35:24.813] [INFO] default - Updating cases...
[2023-03-23T18:35:29.831] [INFO] default - Updating cases...
[2023-03-23T18:35:34.836] [INFO] default - Updating cases...
[2023-03-23T18:35:39.837] [INFO] default - Updating cases...
[2023-03-23T18:35:44.840] [INFO] default - Updating cases...
[2023-03-23T18:35:49.847] [INFO] default - Updating cases...
[2023-03-23T18:35:54.856] [INFO] default - Updating cases...
[2023-03-23T18:35:59.858] [INFO] default - Updating cases...
[2023-03-23T18:36:04.866] [INFO] default - Updating cases...
[2023-03-23T18:36:09.872] [INFO] default - Updating cases...
[2023-03-23T18:36:14.877] [INFO] default - Updating cases...
[2023-03-23T18:36:19.899] [INFO] default - Updating cases...
[2023-03-23T18:36:24.902] [INFO] default - Updating cases...
[2023-03-23T18:36:29.918] [INFO] default - Updating cases...
[2023-03-23T18:36:34.932] [INFO] default - Updating cases...
[2023-03-23T18:36:39.949] [INFO] default - Updating cases...
[2023-03-23T18:36:44.956] [INFO] default - Updating cases...
[2023-03-23T18:36:49.959] [INFO] default - Updating cases...
[2023-03-23T18:36:54.975] [INFO] default - Updating cases...
[2023-03-23T18:36:59.979] [INFO] default - Updating cases...
[2023-03-23T18:37:05.002] [INFO] default - Updating cases...
[2023-03-23T18:37:10.008] [INFO] default - Updating cases...
[2023-03-23T18:37:15.022] [INFO] default - Updating cases...
[2023-03-23T18:37:20.026] [INFO] default - Updating cases...
[2023-03-23T18:37:25.034] [INFO] default - Updating cases...
[2023-03-23T18:37:30.040] [INFO] default - Updating cases...
[2023-03-23T18:37:35.043] [INFO] default - Updating cases...
[2023-03-23T18:37:40.053] [INFO] default - Updating cases...
[2023-03-23T18:37:45.055] [INFO] default - Updating cases...
[2023-03-23T18:37:50.047] [INFO] default - Updating cases...
[2023-03-23T18:37:55.054] [INFO] default - Updating cases...
[2023-03-23T18:38:00.065] [INFO] default - Updating cases...
[2023-03-23T18:38:05.075] [INFO] default - Updating cases...
[2023-03-23T18:38:10.078] [INFO] default - Updating cases...
[2023-03-23T18:38:15.090] [INFO] default - Updating cases...
[2023-03-23T18:38:20.094] [INFO] default - Updating cases...
[2023-03-23T18:38:25.106] [INFO] default - Updating cases...
[2023-03-23T18:38:30.112] [INFO] default - Updating cases...
[2023-03-23T18:38:35.122] [INFO] default - Updating cases...
[2023-03-23T18:38:40.137] [INFO] default - Updating cases...
[2023-03-23T18:38:45.143] [INFO] default - Updating cases...
[2023-03-23T18:38:50.154] [INFO] default - Updating cases...
[2023-03-23T18:38:55.161] [INFO] default - Updating cases...
[2023-03-23T18:39:00.167] [INFO] default - Updating cases...
[2023-03-23T18:39:05.170] [INFO] default - Updating cases...
[2023-03-23T18:39:10.183] [INFO] default - Updating cases...
[2023-03-23T18:39:15.186] [INFO] default - Updating cases...
[2023-03-23T18:39:20.191] [INFO] default - Updating cases...
[2023-03-23T18:39:25.200] [INFO] default - Updating cases...
[2023-03-23T18:39:30.203] [INFO] default - Updating cases...
[2023-03-23T18:39:35.217] [INFO] default - Updating cases...
[2023-03-23T18:39:40.238] [INFO] default - Updating cases...
[2023-03-23T18:39:45.242] [INFO] default - Updating cases...
[2023-03-23T18:39:50.241] [INFO] default - Updating cases...
[2023-03-23T18:39:55.245] [INFO] default - Updating cases...
[2023-03-23T18:40:00.253] [INFO] default - Updating cases...
[2023-03-23T18:40:05.259] [INFO] default - Updating cases...
[2023-03-23T18:40:10.270] [INFO] default - Updating cases...
[2023-03-23T18:40:15.280] [INFO] default - Updating cases...
[2023-03-23T18:40:20.282] [INFO] default - Updating cases...
[2023-03-23T18:40:25.293] [INFO] default - Updating cases...
[2023-03-23T18:40:30.300] [INFO] default - Updating cases...
[2023-03-23T18:40:35.315] [INFO] default - Updating cases...
[2023-03-23T18:40:40.320] [INFO] default - Updating cases...
[2023-03-23T18:40:45.334] [INFO] default - Updating cases...
[2023-03-23T18:40:50.347] [INFO] default - Updating cases...
[2023-03-23T18:40:55.351] [INFO] default - Updating cases...
[2023-03-23T18:41:00.359] [INFO] default - Updating cases...
[2023-03-23T18:41:05.362] [INFO] default - Updating cases...
[2023-03-23T18:41:10.370] [INFO] default - Updating cases...
[2023-03-23T18:41:15.376] [INFO] default - Updating cases...
[2023-03-23T18:41:20.390] [INFO] default - Updating cases...
[2023-03-23T18:41:25.398] [INFO] default - Updating cases...
[2023-03-23T18:41:30.415] [INFO] default - Updating cases...
[2023-03-23T18:41:35.427] [INFO] default - Updating cases...
[2023-03-23T18:41:40.434] [INFO] default - Updating cases...
[2023-03-23T18:41:45.441] [INFO] default - Updating cases...
[2023-03-23T18:41:50.452] [INFO] default - Updating cases...
[2023-03-23T18:41:55.468] [INFO] default - Updating cases...
[2023-03-23T18:42:00.476] [INFO] default - Updating cases...
[2023-03-23T18:42:05.491] [INFO] default - Updating cases...
[2023-03-23T18:42:10.493] [INFO] default - Updating cases...
[2023-03-23T18:42:15.503] [INFO] default - Updating cases...
[2023-03-23T18:42:20.514] [INFO] default - Updating cases...
[2023-03-23T18:42:25.520] [INFO] default - Updating cases...
[2023-03-23T18:42:30.533] [INFO] default - Updating cases...
[2023-03-23T18:42:35.548] [INFO] default - Updating cases...
[2023-03-23T18:42:40.558] [INFO] default - Updating cases...
[2023-03-23T18:42:45.572] [INFO] default - Updating cases...
[2023-03-23T18:42:50.578] [INFO] default - Updating cases...
[2023-03-23T18:42:55.580] [INFO] default - Updating cases...
[2023-03-23T18:43:00.583] [INFO] default - Updating cases...
[2023-03-23T18:43:05.585] [INFO] default - Updating cases...
[2023-03-23T18:43:10.608] [INFO] default - Updating cases...
[2023-03-23T18:43:15.614] [INFO] default - Updating cases...
[2023-03-23T18:43:20.628] [INFO] default - Updating cases...
[2023-03-23T18:43:25.641] [INFO] default - Updating cases...
[2023-03-23T18:43:30.653] [INFO] default - Updating cases...
[2023-03-23T18:43:35.660] [INFO] default - Updating cases...
[2023-03-23T18:43:40.666] [INFO] default - Updating cases...
[2023-03-23T18:43:45.672] [INFO] default - Updating cases...
[2023-03-23T18:43:50.678] [INFO] default - Updating cases...
[2023-03-23T18:43:55.685] [INFO] default - Updating cases...
[2023-03-23T18:44:00.689] [INFO] default - Updating cases...
[2023-03-23T18:44:05.697] [INFO] default - Updating cases...
[2023-03-23T18:44:10.705] [INFO] default - Updating cases...
[2023-03-23T18:44:15.715] [INFO] default - Updating cases...
[2023-03-23T18:44:20.726] [INFO] default - Updating cases...
[2023-03-23T18:44:25.729] [INFO] default - Updating cases...
[2023-03-23T18:44:30.734] [INFO] default - Updating cases...
[2023-03-23T18:44:35.748] [INFO] default - Updating cases...
[2023-03-23T18:44:40.754] [INFO] default - Updating cases...
[2023-03-23T18:44:45.767] [INFO] default - Updating cases...
[2023-03-23T18:44:50.765] [INFO] default - Updating cases...
[2023-03-23T18:44:55.772] [INFO] default - Updating cases...
[2023-03-23T18:45:00.783] [INFO] default - Updating cases...
[2023-03-23T18:45:05.787] [INFO] default - Updating cases...
[2023-03-23T18:45:10.794] [INFO] default - Updating cases...
[2023-03-23T18:45:15.804] [INFO] default - Updating cases...
[2023-03-23T18:45:20.811] [INFO] default - Updating cases...
[2023-03-23T18:45:25.816] [INFO] default - Updating cases...
[2023-03-23T18:45:30.825] [INFO] default - Updating cases...
[2023-03-23T18:45:35.842] [INFO] default - Updating cases...
[2023-03-23T18:45:40.847] [INFO] default - Updating cases...
[2023-03-23T18:45:45.853] [INFO] default - Updating cases...
[2023-03-23T18:45:50.864] [INFO] default - Updating cases...
[2023-03-23T18:45:55.867] [INFO] default - Updating cases...
[2023-03-23T18:46:00.869] [INFO] default - Updating cases...
[2023-03-23T18:46:05.880] [INFO] default - Updating cases...
[2023-03-23T18:46:10.889] [INFO] default - Updating cases...
[2023-03-23T18:46:15.901] [INFO] default - Updating cases...
[2023-03-23T18:46:20.910] [INFO] default - Updating cases...
[2023-03-23T18:46:25.924] [INFO] default - Updating cases...
[2023-03-23T18:46:30.927] [INFO] default - Updating cases...
[2023-03-23T18:46:35.942] [INFO] default - Updating cases...
[2023-03-23T18:46:40.955] [INFO] default - Updating cases...
[2023-03-23T18:46:45.970] [INFO] default - Updating cases...
[2023-03-23T18:46:50.970] [INFO] default - Updating cases...
[2023-03-23T18:46:55.985] [INFO] default - Updating cases...
[2023-03-23T18:47:01.001] [INFO] default - Updating cases...
[2023-03-23T18:47:06.010] [INFO] default - Updating cases...
[2023-03-23T18:47:11.013] [INFO] default - Updating cases...
[2023-03-23T18:47:16.015] [INFO] default - Updating cases...
[2023-03-23T18:47:21.026] [INFO] default - Updating cases...
[2023-03-23T18:47:26.042] [INFO] default - Updating cases...
[2023-03-23T18:47:31.047] [INFO] default - Updating cases...
[2023-03-23T18:47:36.058] [INFO] default - Updating cases...
[2023-03-23T18:47:41.061] [INFO] default - Updating cases...
[2023-03-23T18:47:46.068] [INFO] default - Updating cases...
[2023-03-23T18:47:51.082] [INFO] default - Updating cases...
[2023-03-23T18:47:56.094] [INFO] default - Updating cases...
[2023-03-23T18:48:01.098] [INFO] default - Updating cases...
[2023-03-23T18:48:06.101] [INFO] default - Updating cases...
[2023-03-23T18:48:11.105] [INFO] default - Updating cases...
[2023-03-23T18:48:16.114] [INFO] default - Updating cases...
[2023-03-23T18:48:21.117] [INFO] default - Updating cases...
[2023-03-23T18:48:26.120] [INFO] default - Updating cases...
[2023-03-23T18:48:31.123] [INFO] default - Updating cases...
[2023-03-23T18:48:36.128] [INFO] default - Updating cases...
[2023-03-23T18:48:41.133] [INFO] default - Updating cases...
[2023-03-23T18:48:46.145] [INFO] default - Updating cases...
[2023-03-23T18:48:51.145] [INFO] default - Updating cases...
[2023-03-23T18:48:56.154] [INFO] default - Updating cases...
[2023-03-23T18:49:01.174] [INFO] default - Updating cases...
[2023-03-23T18:49:06.187] [INFO] default - Updating cases...
[2023-03-23T18:49:11.189] [INFO] default - Updating cases...
[2023-03-23T18:49:16.193] [INFO] default - Updating cases...
[2023-03-23T18:49:21.207] [INFO] default - Updating cases...
[2023-03-23T18:49:26.210] [INFO] default - Updating cases...
[2023-03-23T18:49:31.215] [INFO] default - Updating cases...
[2023-03-23T18:49:36.227] [INFO] default - Updating cases...
[2023-03-23T18:49:41.234] [INFO] default - Updating cases...
[2023-03-23T18:49:46.239] [INFO] default - Updating cases...
[2023-03-23T18:49:51.240] [INFO] default - Updating cases...
[2023-03-23T18:49:56.252] [INFO] default - Updating cases...
[2023-03-23T18:50:01.261] [INFO] default - Updating cases...
[2023-03-23T18:50:06.271] [INFO] default - Updating cases...
[2023-03-23T18:50:11.275] [INFO] default - Updating cases...
[2023-03-23T18:50:16.277] [INFO] default - Updating cases...
[2023-03-23T18:50:21.287] [INFO] default - Updating cases...
[2023-03-23T18:50:26.291] [INFO] default - Updating cases...
[2023-03-23T18:50:31.304] [INFO] default - Updating cases...
[2023-03-23T18:50:36.315] [INFO] default - Updating cases...
[2023-03-23T18:50:41.321] [INFO] default - Updating cases...
[2023-03-23T18:50:46.326] [INFO] default - Updating cases...
[2023-03-23T18:50:51.331] [INFO] default - Updating cases...
[2023-03-23T18:50:56.341] [INFO] default - Updating cases...
[2023-03-23T18:51:01.352] [INFO] default - Updating cases...
[2023-03-23T18:51:06.356] [INFO] default - Updating cases...
[2023-03-23T18:51:11.362] [INFO] default - Updating cases...
[2023-03-23T18:51:16.366] [INFO] default - Updating cases...
[2023-03-23T18:51:21.375] [INFO] default - Updating cases...
[2023-03-23T18:51:26.384] [INFO] default - Updating cases...
[2023-03-23T18:51:31.392] [INFO] default - Updating cases...
[2023-03-23T18:51:36.400] [INFO] default - Updating cases...
[2023-03-23T18:51:41.406] [INFO] default - Updating cases...
[2023-03-23T18:51:46.414] [INFO] default - Updating cases...
[2023-03-23T18:51:51.426] [INFO] default - Updating cases...
[2023-03-23T18:51:56.433] [INFO] default - Updating cases...
[2023-03-23T18:52:01.441] [INFO] default - Updating cases...
[2023-03-23T18:52:06.453] [INFO] default - Updating cases...
[2023-03-23T18:52:11.461] [INFO] default - Updating cases...
[2023-03-23T18:52:16.475] [INFO] default - Updating cases...
[2023-03-23T18:52:21.479] [INFO] default - Updating cases...
[2023-03-23T18:52:26.491] [INFO] default - Updating cases...
[2023-03-23T18:52:31.493] [INFO] default - Updating cases...
[2023-03-23T18:52:36.500] [INFO] default - Updating cases...
[2023-03-23T18:52:41.511] [INFO] default - Updating cases...
[2023-03-23T18:52:46.514] [INFO] default - Updating cases...
[2023-03-23T18:52:51.528] [INFO] default - Updating cases...
[2023-03-23T18:52:56.542] [INFO] default - Updating cases...
[2023-03-23T18:53:01.557] [INFO] default - Updating cases...
[2023-03-23T18:53:06.559] [INFO] default - Updating cases...
[2023-03-23T18:53:11.565] [INFO] default - Updating cases...
[2023-03-23T18:53:16.581] [INFO] default - Updating cases...
[2023-03-23T18:53:21.589] [INFO] default - Updating cases...
[2023-03-23T18:53:26.594] [INFO] default - Updating cases...
[2023-03-23T18:53:31.603] [INFO] default - Updating cases...
[2023-03-23T18:53:36.613] [INFO] default - Updating cases...
[2023-03-23T18:53:41.617] [INFO] default - Updating cases...
[2023-03-23T18:53:46.623] [INFO] default - Updating cases...
[2023-03-23T18:53:51.633] [INFO] default - Updating cases...
[2023-03-23T18:53:56.641] [INFO] default - Updating cases...
[2023-03-23T18:54:01.659] [INFO] default - Updating cases...
[2023-03-23T18:54:06.675] [INFO] default - Updating cases...
[2023-03-23T18:54:11.687] [INFO] default - Updating cases...
[2023-03-23T18:54:16.703] [INFO] default - Updating cases...
[2023-03-23T18:54:21.705] [INFO] default - Updating cases...
[2023-03-23T18:54:26.719] [INFO] default - Updating cases...
[2023-03-23T18:54:31.728] [INFO] default - Updating cases...
[2023-03-23T18:54:36.733] [INFO] default - Updating cases...
[2023-03-23T18:54:41.749] [INFO] default - Updating cases...
[2023-03-23T18:54:46.758] [INFO] default - Updating cases...
[2023-03-23T18:54:51.756] [INFO] default - Updating cases...
[2023-03-23T18:54:56.769] [INFO] default - Updating cases...
[2023-03-23T18:55:01.778] [INFO] default - Updating cases...
[2023-03-23T18:55:06.791] [INFO] default - Updating cases...
[2023-03-23T18:55:11.794] [INFO] default - Updating cases...
[2023-03-23T18:55:16.796] [INFO] default - Updating cases...
[2023-03-23T18:55:21.802] [INFO] default - Updating cases...
[2023-03-23T18:55:26.808] [INFO] default - Updating cases...
[2023-03-23T18:55:31.823] [INFO] default - Updating cases...
[2023-03-23T18:55:36.829] [INFO] default - Updating cases...
[2023-03-23T18:55:41.848] [INFO] default - Updating cases...
[2023-03-23T18:55:46.860] [INFO] default - Updating cases...
[2023-03-23T18:55:51.877] [INFO] default - Updating cases...
[2023-03-23T18:55:56.888] [INFO] default - Updating cases...
[2023-03-23T18:56:01.892] [INFO] default - Updating cases...
[2023-03-23T18:56:06.909] [INFO] default - Updating cases...
[2023-03-23T18:56:11.916] [INFO] default - Updating cases...
[2023-03-23T18:56:16.926] [INFO] default - Updating cases...
[2023-03-23T18:56:21.930] [INFO] default - Updating cases...
[2023-03-23T18:56:26.945] [INFO] default - Updating cases...
[2023-03-23T18:56:31.964] [INFO] default - Updating cases...
[2023-03-23T18:56:36.980] [INFO] default - Updating cases...
[2023-03-23T18:56:41.999] [INFO] default - Updating cases...
[2023-03-23T18:56:47.003] [INFO] default - Updating cases...
[2023-03-23T18:56:52.002] [INFO] default - Updating cases...
[2023-03-23T18:56:57.013] [INFO] default - Updating cases...
[2023-03-23T18:57:02.020] [INFO] default - Updating cases...
[2023-03-23T18:57:07.032] [INFO] default - Updating cases...
[2023-03-23T18:57:12.043] [INFO] default - Updating cases...
[2023-03-23T18:57:17.056] [INFO] default - Updating cases...
[2023-03-23T18:57:22.063] [INFO] default - Updating cases...
[2023-03-23T18:57:27.072] [INFO] default - Updating cases...
[2023-03-23T18:57:32.087] [INFO] default - Updating cases...
[2023-03-23T18:57:37.098] [INFO] default - Updating cases...
[2023-03-23T18:57:42.109] [INFO] default - Updating cases...
[2023-03-23T18:57:47.126] [INFO] default - Updating cases...
[2023-03-23T18:57:52.132] [INFO] default - Updating cases...
[2023-03-23T18:57:57.144] [INFO] default - Updating cases...
[2023-03-23T18:58:02.147] [INFO] default - Updating cases...
[2023-03-23T18:58:07.160] [INFO] default - Updating cases...
[2023-03-23T18:58:12.162] [INFO] default - Updating cases...
[2023-03-23T18:58:17.164] [INFO] default - Updating cases...
[2023-03-23T18:58:22.169] [INFO] default - Updating cases...
[2023-03-23T18:58:27.183] [INFO] default - Updating cases...
[2023-03-23T18:58:32.196] [INFO] default - Updating cases...
[2023-03-23T18:58:37.204] [INFO] default - Updating cases...
[2023-03-23T18:58:42.221] [INFO] default - Updating cases...
[2023-03-23T18:58:47.225] [INFO] default - Updating cases...
[2023-03-23T18:58:52.228] [INFO] default - Updating cases...
[2023-03-23T18:58:57.236] [INFO] default - Updating cases...
[2023-03-23T18:59:02.242] [INFO] default - Updating cases...
[2023-03-23T18:59:07.244] [INFO] default - Updating cases...
[2023-03-23T18:59:12.260] [INFO] default - Updating cases...
[2023-03-23T18:59:17.264] [INFO] default - Updating cases...
[2023-03-23T18:59:22.267] [INFO] default - Updating cases...
[2023-03-23T18:59:27.275] [INFO] default - Updating cases...
[2023-03-23T18:59:32.277] [INFO] default - Updating cases...
[2023-03-23T18:59:37.283] [INFO] default - Updating cases...
[2023-03-23T18:59:42.297] [INFO] default - Updating cases...
[2023-03-23T18:59:47.301] [INFO] default - Updating cases...
[2023-03-23T18:59:52.302] [INFO] default - Updating cases...
[2023-03-23T18:59:57.307] [INFO] default - Updating cases...
[2023-03-23T19:00:02.310] [INFO] default - Updating cases...
[2023-03-23T19:00:07.321] [INFO] default - Updating cases...
[2023-03-23T19:00:12.335] [INFO] default - Updating cases...
[2023-03-23T19:00:17.337] [INFO] default - Updating cases...
[2023-03-23T19:00:22.347] [INFO] default - Updating cases...
[2023-03-23T19:00:27.357] [INFO] default - Updating cases...
[2023-03-23T19:00:32.370] [INFO] default - Updating cases...
[2023-03-23T19:00:37.377] [INFO] default - Updating cases...
[2023-03-23T19:00:42.392] [INFO] default - Updating cases...
[2023-03-23T19:00:47.404] [INFO] default - Updating cases...
[2023-03-23T19:00:52.408] [INFO] default - Updating cases...
[2023-03-23T19:00:57.411] [INFO] default - Updating cases...
[2023-03-23T19:01:02.419] [INFO] default - Updating cases...
[2023-03-23T19:01:07.422] [INFO] default - Updating cases...
[2023-03-23T19:01:12.436] [INFO] default - Updating cases...
[2023-03-23T19:01:17.438] [INFO] default - Updating cases...
[2023-03-23T19:01:22.444] [INFO] default - Updating cases...
[2023-03-23T19:01:27.463] [INFO] default - Updating cases...
[2023-03-23T19:01:32.471] [INFO] default - Updating cases...
[2023-03-23T19:01:37.486] [INFO] default - Updating cases...
[2023-03-23T19:01:42.489] [INFO] default - Updating cases...
[2023-03-23T19:01:47.498] [INFO] default - Updating cases...
[2023-03-23T19:01:52.504] [INFO] default - Updating cases...
[2023-03-23T19:01:57.507] [INFO] default - Updating cases...
[2023-03-23T19:02:02.518] [INFO] default - Updating cases...
[2023-03-23T19:02:07.532] [INFO] default - Updating cases...
[2023-03-23T19:02:12.541] [INFO] default - Updating cases...
[2023-03-23T19:02:17.547] [INFO] default - Updating cases...
[2023-03-23T19:02:22.549] [INFO] default - Updating cases...
[2023-03-23T19:02:27.555] [INFO] default - Updating cases...
[2023-03-23T19:02:32.561] [INFO] default - Updating cases...
[2023-03-23T19:02:37.573] [INFO] default - Updating cases...
[2023-03-23T19:02:42.590] [INFO] default - Updating cases...
[2023-03-23T19:02:47.601] [INFO] default - Updating cases...
[2023-03-23T19:02:52.603] [INFO] default - Updating cases...
[2023-03-23T19:02:57.608] [INFO] default - Updating cases...
[2023-03-23T19:03:02.625] [INFO] default - Updating cases...
[2023-03-23T19:03:07.631] [INFO] default - Updating cases...
[2023-03-23T19:03:12.641] [INFO] default - Updating cases...
[2023-03-23T19:03:17.656] [INFO] default - Updating cases...
[2023-03-23T19:03:22.658] [INFO] default - Updating cases...
[2023-03-23T19:03:27.666] [INFO] default - Updating cases...
[2023-03-23T19:03:32.669] [INFO] default - Updating cases...
[2023-03-23T19:03:37.671] [INFO] default - Updating cases...
[2023-03-23T19:03:42.684] [INFO] default - Updating cases...
[2023-03-23T19:03:47.695] [INFO] default - Updating cases...
[2023-03-23T19:03:52.700] [INFO] default - Updating cases...
[2023-03-23T19:03:57.708] [INFO] default - Updating cases...
[2023-03-23T19:04:02.715] [INFO] default - Updating cases...
[2023-03-23T19:04:07.718] [INFO] default - Updating cases...
[2023-03-23T19:04:12.724] [INFO] default - Updating cases...
[2023-03-23T19:04:17.741] [INFO] default - Updating cases...
[2023-03-23T19:04:22.748] [INFO] default - Updating cases...
[2023-03-23T19:04:27.762] [INFO] default - Updating cases...
[2023-03-23T19:04:32.775] [INFO] default - Updating cases...
[2023-03-23T19:04:37.789] [INFO] default - Updating cases...
[2023-03-23T19:04:42.791] [INFO] default - Updating cases...
[2023-03-23T19:04:47.796] [INFO] default - Updating cases...
[2023-03-23T19:04:52.806] [INFO] default - Updating cases...
[2023-03-23T19:04:57.821] [INFO] default - Updating cases...
[2023-03-23T19:05:02.823] [INFO] default - Updating cases...
[2023-03-23T19:05:07.826] [INFO] default - Updating cases...
[2023-03-23T19:05:12.831] [INFO] default - Updating cases...
[2023-03-23T19:05:17.835] [INFO] default - Updating cases...
[2023-03-23T19:05:22.837] [INFO] default - Updating cases...
[2023-03-23T19:05:27.848] [INFO] default - Updating cases...
[2023-03-23T19:05:32.850] [INFO] default - Updating cases...
[2023-03-23T19:05:37.866] [INFO] default - Updating cases...
[2023-03-23T19:05:42.882] [INFO] default - Updating cases...
[2023-03-23T19:05:47.885] [INFO] default - Updating cases...
[2023-03-23T19:05:52.894] [INFO] default - Updating cases...
[2023-03-23T19:05:57.908] [INFO] default - Updating cases...
[2023-03-23T19:06:02.923] [INFO] default - Updating cases...
[2023-03-23T19:06:07.936] [INFO] default - Updating cases...
[2023-03-23T19:06:12.947] [INFO] default - Updating cases...
[2023-03-23T19:06:17.953] [INFO] default - Updating cases...
[2023-03-23T19:06:22.960] [INFO] default - Updating cases...
[2023-03-23T19:06:27.984] [INFO] default - Updating cases...
[2023-03-23T19:06:32.996] [INFO] default - Updating cases...
[2023-03-23T19:06:38.001] [INFO] default - Updating cases...
[2023-03-23T19:06:43.010] [INFO] default - Updating cases...
[2023-03-23T19:06:48.023] [INFO] default - Updating cases...
[2023-03-23T19:06:53.031] [INFO] default - Updating cases...
[2023-03-23T19:06:58.045] [INFO] default - Updating cases...
[2023-03-23T19:07:03.052] [INFO] default - Updating cases...
[2023-03-23T19:07:08.067] [INFO] default - Updating cases...
[2023-03-23T19:07:13.072] [INFO] default - Updating cases...
[2023-03-23T19:07:18.084] [INFO] default - Updating cases...
[2023-03-23T19:07:23.087] [INFO] default - Updating cases...
[2023-03-23T19:07:28.095] [INFO] default - Updating cases...
[2023-03-23T19:07:33.109] [INFO] default - Updating cases...
[2023-03-23T19:07:38.115] [INFO] default - Updating cases...
[2023-03-23T19:07:43.120] [INFO] default - Updating cases...
[2023-03-23T19:07:48.135] [INFO] default - Updating cases...
[2023-03-23T19:07:53.146] [INFO] default - Updating cases...
[2023-03-23T19:07:58.148] [INFO] default - Updating cases...
[2023-03-23T19:08:03.153] [INFO] default - Updating cases...
[2023-03-23T19:08:08.157] [INFO] default - Updating cases...
[2023-03-23T19:08:13.161] [INFO] default - Updating cases...
[2023-03-23T19:08:18.174] [INFO] default - Updating cases...
[2023-03-23T19:08:23.187] [INFO] default - Updating cases...
[2023-03-23T19:08:28.196] [INFO] default - Updating cases...
[2023-03-23T19:08:33.213] [INFO] default - Updating cases...
[2023-03-23T19:08:38.225] [INFO] default - Updating cases...
[2023-03-23T19:08:43.240] [INFO] default - Updating cases...
[2023-03-23T19:08:48.250] [INFO] default - Updating cases...
[2023-03-23T19:08:53.253] [INFO] default - Updating cases...
[2023-03-23T19:08:58.260] [INFO] default - Updating cases...
[2023-03-23T19:09:03.266] [INFO] default - Updating cases...
[2023-03-23T19:09:08.275] [INFO] default - Updating cases...
[2023-03-23T19:09:13.289] [INFO] default - Updating cases...
[2023-03-23T19:09:18.295] [INFO] default - Updating cases...
[2023-03-23T19:09:23.304] [INFO] default - Updating cases...
[2023-03-23T19:09:28.316] [INFO] default - Updating cases...
[2023-03-23T19:09:33.318] [INFO] default - Updating cases...
[2023-03-23T19:09:38.335] [INFO] default - Updating cases...
[2023-03-23T19:09:43.341] [INFO] default - Updating cases...
[2023-03-23T19:09:48.355] [INFO] default - Updating cases...
[2023-03-23T19:09:53.356] [INFO] default - Updating cases...
[2023-03-23T19:09:58.363] [INFO] default - Updating cases...
[2023-03-23T19:10:03.379] [INFO] default - Updating cases...
[2023-03-23T19:10:08.386] [INFO] default - Updating cases...
[2023-03-23T19:10:13.391] [INFO] default - Updating cases...
[2023-03-23T19:10:18.411] [INFO] default - Updating cases...
[2023-03-23T19:10:23.452] [INFO] default - Updating cases...
[2023-03-23T19:10:28.470] [INFO] default - Updating cases...
[2023-03-23T19:10:33.481] [INFO] default - Updating cases...
[2023-03-23T19:10:38.486] [INFO] default - Updating cases...
[2023-03-23T19:10:43.489] [INFO] default - Updating cases...
[2023-03-23T19:10:48.499] [INFO] default - Updating cases...
[2023-03-23T19:10:53.542] [INFO] default - Updating cases...
[2023-03-23T19:10:58.548] [INFO] default - Updating cases...
[2023-03-23T19:11:03.558] [INFO] default - Updating cases...
[2023-03-23T19:11:08.571] [INFO] default - Updating cases...
[2023-03-23T19:11:13.582] [INFO] default - Updating cases...
[2023-03-23T19:11:18.598] [INFO] default - Updating cases...
[2023-03-23T19:11:23.600] [INFO] default - Updating cases...
[2023-03-23T19:11:28.616] [INFO] default - Updating cases...
[2023-03-23T19:11:33.627] [INFO] default - Updating cases...
[2023-03-23T19:11:38.640] [INFO] default - Updating cases...
[2023-03-23T19:11:43.649] [INFO] default - Updating cases...
[2023-03-23T19:11:48.659] [INFO] default - Updating cases...
[2023-03-23T19:11:53.660] [INFO] default - Updating cases...
[2023-03-23T19:11:58.673] [INFO] default - Updating cases...
[2023-03-23T19:12:03.678] [INFO] default - Updating cases...
[2023-03-23T19:12:08.684] [INFO] default - Updating cases...
[2023-03-23T19:12:13.692] [INFO] default - Updating cases...
[2023-03-23T19:12:18.710] [INFO] default - Updating cases...
[2023-03-23T19:12:23.720] [INFO] default - Updating cases...
[2023-03-23T19:12:28.722] [INFO] default - Updating cases...
[2023-03-23T19:12:33.736] [INFO] default - Updating cases...
[2023-03-23T19:12:38.755] [INFO] default - Updating cases...
[2023-03-23T19:12:43.765] [INFO] default - Updating cases...
[2023-03-23T19:12:48.780] [INFO] default - Updating cases...
[2023-03-23T19:12:53.788] [INFO] default - Updating cases...
[2023-03-23T19:12:58.804] [INFO] default - Updating cases...
[2023-03-23T19:13:03.816] [INFO] default - Updating cases...
[2023-03-23T19:13:08.823] [INFO] default - Updating cases...
[2023-03-23T19:13:13.834] [INFO] default - Updating cases...
[2023-03-23T19:13:18.849] [INFO] default - Updating cases...
[2023-03-23T19:13:23.852] [INFO] default - Updating cases...
[2023-03-23T19:13:28.865] [INFO] default - Updating cases...
[2023-03-23T19:13:33.868] [INFO] default - Updating cases...
[2023-03-23T19:13:38.876] [INFO] default - Updating cases...
[2023-03-23T19:13:43.903] [INFO] default - Updating cases...
