[2023-03-23T02:09:10.068] [INFO] default - Logged in as Academia#0862
[2023-03-23T02:09:10.072] [INFO] default - Loading module Ban.js
[2023-03-23T02:09:10.075] [INFO] default - Loading command Ban.command.js
[2023-03-23T02:09:10.089] [INFO] default - Loaded command CHAT_INPUT_ban
[2023-03-23T02:09:10.091] [INFO] default - Loading command Cases.command.js
[2023-03-23T02:09:10.096] [INFO] default - Loaded command CHAT_INPUT_cases
[2023-03-23T02:09:10.099] [INFO] default - Loading command Kick.command.js
[2023-03-23T02:09:10.104] [INFO] default - Loaded command CHAT_INPUT_kick
[2023-03-23T02:09:10.106] [INFO] default - Loading command Mute.command.js
[2023-03-23T02:09:10.111] [INFO] default - Loaded command CHAT_INPUT_mute
[2023-03-23T02:09:10.112] [INFO] default - Loading command Unban.command.js
[2023-03-23T02:09:10.114] [INFO] default - Loaded command CHAT_INPUT_unban
[2023-03-23T02:09:10.117] [INFO] default - Loading command Unmute.command.js
[2023-03-23T02:09:10.120] [INFO] default - Loaded command CHAT_INPUT_unmute
[2023-03-23T02:09:10.121] [INFO] default - Loading command Warn.command.js
[2023-03-23T02:09:10.126] [INFO] default - Loaded command CHAT_INPUT_warn
[2023-03-23T02:09:10.128] [INFO] default - Loading command Ban.command.js
[2023-03-23T02:09:10.133] [INFO] default - Loaded command MESSAGE_CONTEXT_Ban
[2023-03-23T02:09:10.135] [INFO] default - Loading command Kick.command.js
[2023-03-23T02:09:10.140] [INFO] default - Loaded command MESSAGE_CONTEXT_Kick
[2023-03-23T02:09:10.142] [INFO] default - Loading command Mute.command.js
[2023-03-23T02:09:10.146] [INFO] default - Loaded command MESSAGE_CONTEXT_Mute
[2023-03-23T02:09:10.147] [INFO] default - Loading command Warn.command.js
[2023-03-23T02:09:10.153] [INFO] default - Loaded command MESSAGE_CONTEXT_Warn
[2023-03-23T02:09:10.155] [INFO] default - Loading command Ban.command.js
[2023-03-23T02:09:10.162] [INFO] default - Loaded command USER_CONTEXT_Ban
[2023-03-23T02:09:10.163] [INFO] default - Loading command Kick.command.js
[2023-03-23T02:09:10.165] [INFO] default - Loaded command USER_CONTEXT_Kick
[2023-03-23T02:09:10.167] [INFO] default - Loading command Mute.command.js
[2023-03-23T02:09:10.170] [INFO] default - Loaded command USER_CONTEXT_Mute
[2023-03-23T02:09:10.171] [INFO] default - Loading command Warn.command.js
[2023-03-23T02:09:10.174] [INFO] default - Loaded command USER_CONTEXT_Warn
[2023-03-23T02:09:10.177] [INFO] default - All modules and commands loaded
[2023-03-23T02:09:10.188] [INFO] default - Loading module Kick.js
[2023-03-23T02:09:10.191] [INFO] default - Loading module Logging.js
[2023-03-23T02:09:10.194] [INFO] default - Loading module Mute.js
[2023-03-23T02:09:10.195] [INFO] default - Loading module UpdateCase.js
[2023-03-23T02:09:10.200] [INFO] default - Loading module Warn.js
[2023-03-23T02:09:11.698] [INFO] default - /cases run by Osmii#0076
[2023-03-23T02:09:13.216] [INFO] default - Updating cases...
[2023-03-23T02:09:18.230] [INFO] default - Updating cases...
[2023-03-23T02:09:23.248] [INFO] default - Updating cases...
[2023-03-23T02:09:28.254] [INFO] default - Updating cases...
[2023-03-23T02:09:33.273] [INFO] default - Updating cases...
[2023-03-23T02:09:38.281] [INFO] default - Updating cases...
[2023-03-23T02:09:43.294] [INFO] default - Updating cases...
[2023-03-23T02:09:48.302] [INFO] default - Updating cases...
[2023-03-23T02:09:53.322] [INFO] default - Updating cases...
[2023-03-23T02:09:58.328] [INFO] default - Updating cases...
[2023-03-23T02:10:03.336] [INFO] default - Updating cases...
[2023-03-23T02:10:08.348] [INFO] default - Updating cases...
[2023-03-23T02:10:13.365] [INFO] default - Updating cases...
[2023-03-23T02:10:18.375] [INFO] default - Updating cases...
[2023-03-23T02:10:23.387] [INFO] default - Updating cases...
[2023-03-23T02:10:28.397] [INFO] default - Updating cases...
[2023-03-23T02:10:33.415] [INFO] default - Updating cases...
[2023-03-23T02:10:38.431] [INFO] default - Updating cases...
[2023-03-23T02:10:43.437] [INFO] default - Updating cases...
[2023-03-23T02:10:48.453] [INFO] default - Updating cases...
[2023-03-23T02:10:53.463] [INFO] default - Updating cases...
[2023-03-23T02:10:58.469] [INFO] default - Updating cases...
[2023-03-23T02:11:03.480] [INFO] default - Updating cases...
[2023-03-23T02:11:08.497] [INFO] default - Updating cases...
[2023-03-23T02:11:13.516] [INFO] default - Updating cases...
[2023-03-23T02:11:18.532] [INFO] default - Updating cases...
[2023-03-23T02:11:23.539] [INFO] default - Updating cases...
[2023-03-23T02:11:28.548] [INFO] default - Updating cases...
[2023-03-23T02:11:33.564] [INFO] default - Updating cases...
[2023-03-23T02:11:38.572] [INFO] default - Updating cases...
[2023-03-23T02:11:43.586] [INFO] default - Updating cases...
[2023-03-23T02:11:48.590] [INFO] default - Updating cases...
[2023-03-23T02:11:53.592] [INFO] default - Updating cases...
[2023-03-23T02:11:58.602] [INFO] default - Updating cases...
[2023-03-23T02:12:03.606] [INFO] default - Updating cases...
[2023-03-23T02:12:08.612] [INFO] default - Updating cases...
[2023-03-23T02:12:13.625] [INFO] default - Updating cases...
[2023-03-23T02:12:18.638] [INFO] default - Updating cases...
[2023-03-23T02:12:23.644] [INFO] default - Updating cases...
[2023-03-23T02:12:28.649] [INFO] default - Updating cases...
[2023-03-23T02:12:33.652] [INFO] default - Updating cases...
[2023-03-23T02:12:38.670] [INFO] default - Updating cases...
[2023-03-23T02:12:43.675] [INFO] default - Updating cases...
[2023-03-23T02:12:48.679] [INFO] default - Updating cases...
[2023-03-23T02:12:53.687] [INFO] default - Updating cases...
[2023-03-23T02:12:58.700] [INFO] default - Updating cases...
[2023-03-23T02:13:03.730] [INFO] default - Updating cases...
[2023-03-23T02:13:08.751] [INFO] default - Updating cases...
[2023-03-23T02:13:13.762] [INFO] default - Updating cases...
[2023-03-23T02:13:18.770] [INFO] default - Updating cases...
[2023-03-23T02:13:23.786] [INFO] default - Updating cases...
[2023-03-23T02:13:28.795] [INFO] default - Updating cases...
[2023-03-23T02:13:33.803] [INFO] default - Updating cases...
[2023-03-23T02:13:38.811] [INFO] default - Updating cases...
[2023-03-23T02:13:43.824] [INFO] default - Updating cases...
[2023-03-23T02:13:48.837] [INFO] default - Updating cases...
[2023-03-23T02:13:53.845] [INFO] default - Updating cases...
[2023-03-23T02:13:58.848] [INFO] default - Updating cases...
[2023-03-23T02:14:03.864] [INFO] default - Updating cases...
[2023-03-23T02:14:08.869] [INFO] default - Updating cases...
[2023-03-23T02:14:13.883] [INFO] default - Updating cases...
[2023-03-23T02:14:18.895] [INFO] default - Updating cases...
[2023-03-23T02:14:23.902] [INFO] default - Updating cases...
[2023-03-23T02:14:28.908] [INFO] default - Updating cases...
[2023-03-23T02:14:33.930] [INFO] default - Updating cases...
[2023-03-23T02:14:38.949] [INFO] default - Updating cases...
[2023-03-23T02:14:43.957] [INFO] default - Updating cases...
[2023-03-23T02:14:48.974] [INFO] default - Updating cases...
[2023-03-23T02:14:53.989] [INFO] default - Updating cases...
[2023-03-23T02:14:58.998] [INFO] default - Updating cases...
[2023-03-23T02:15:04.016] [INFO] default - Updating cases...
[2023-03-23T02:15:09.034] [INFO] default - Updating cases...
[2023-03-23T02:15:14.052] [INFO] default - Updating cases...
[2023-03-23T02:15:19.069] [INFO] default - Updating cases...
[2023-03-23T02:15:24.074] [INFO] default - Updating cases...
[2023-03-23T02:15:29.080] [INFO] default - Updating cases...
[2023-03-23T02:15:34.090] [INFO] default - Updating cases...
[2023-03-23T02:15:39.096] [INFO] default - Updating cases...
[2023-03-23T02:15:44.104] [INFO] default - Updating cases...
[2023-03-23T02:15:49.118] [INFO] default - Updating cases...
[2023-03-23T02:15:54.122] [INFO] default - Updating cases...
[2023-03-23T02:15:59.126] [INFO] default - Updating cases...
[2023-03-23T02:16:04.139] [INFO] default - Updating cases...
[2023-03-23T02:16:09.154] [INFO] default - Updating cases...
[2023-03-23T02:16:14.166] [INFO] default - Updating cases...
[2023-03-23T02:16:19.172] [INFO] default - Updating cases...
[2023-03-23T02:16:24.189] [INFO] default - Updating cases...
[2023-03-23T02:16:29.198] [INFO] default - Updating cases...
[2023-03-23T02:16:34.212] [INFO] default - Updating cases...
[2023-03-23T02:16:39.229] [INFO] default - Updating cases...
[2023-03-23T02:16:44.231] [INFO] default - Updating cases...
[2023-03-23T02:16:49.235] [INFO] default - Updating cases...
[2023-03-23T02:16:54.252] [INFO] default - Updating cases...
[2023-03-23T02:16:59.258] [INFO] default - Updating cases...
[2023-03-23T02:17:04.281] [INFO] default - Updating cases...
[2023-03-23T02:17:09.300] [INFO] default - Updating cases...
[2023-03-23T02:17:14.307] [INFO] default - Updating cases...
[2023-03-23T02:17:19.320] [INFO] default - Updating cases...
[2023-03-23T02:17:24.330] [INFO] default - Updating cases...
[2023-03-23T02:17:29.339] [INFO] default - Updating cases...
[2023-03-23T02:17:34.345] [INFO] default - Updating cases...
[2023-03-23T02:17:39.359] [INFO] default - Updating cases...
[2023-03-23T02:17:44.376] [INFO] default - Updating cases...
[2023-03-23T02:17:49.392] [INFO] default - Updating cases...
[2023-03-23T02:17:54.404] [INFO] default - Updating cases...
[2023-03-23T02:17:59.409] [INFO] default - Updating cases...
[2023-03-23T02:18:04.412] [INFO] default - Updating cases...
[2023-03-23T02:18:09.414] [INFO] default - Updating cases...
[2023-03-23T02:18:14.424] [INFO] default - Updating cases...
[2023-03-23T02:18:19.431] [INFO] default - Updating cases...
[2023-03-23T02:18:24.449] [INFO] default - Updating cases...
[2023-03-23T02:18:29.454] [INFO] default - Updating cases...
[2023-03-23T02:18:34.466] [INFO] default - Updating cases...
[2023-03-23T02:18:39.468] [INFO] default - Updating cases...
[2023-03-23T02:18:44.476] [INFO] default - Updating cases...
[2023-03-23T02:18:49.486] [INFO] default - Updating cases...
[2023-03-23T02:18:54.493] [INFO] default - Updating cases...
[2023-03-23T02:18:59.511] [INFO] default - Updating cases...
[2023-03-23T02:19:04.522] [INFO] default - Updating cases...
[2023-03-23T02:19:09.527] [INFO] default - Updating cases...
[2023-03-23T02:19:14.537] [INFO] default - Updating cases...
[2023-03-23T02:19:19.546] [INFO] default - Updating cases...
[2023-03-23T02:19:24.562] [INFO] default - Updating cases...
[2023-03-23T02:19:29.577] [INFO] default - Updating cases...
[2023-03-23T02:19:34.596] [INFO] default - Updating cases...
[2023-03-23T02:19:39.613] [INFO] default - Updating cases...
[2023-03-23T02:19:44.619] [INFO] default - Updating cases...
[2023-03-23T02:19:49.632] [INFO] default - Updating cases...
[2023-03-23T02:19:54.643] [INFO] default - Updating cases...
[2023-03-23T02:19:59.648] [INFO] default - Updating cases...
[2023-03-23T02:20:04.658] [INFO] default - Updating cases...
[2023-03-23T02:20:09.673] [INFO] default - Updating cases...
