[2023-04-07T11:04:45.306] [INFO] default - Logged in as Jayfeather#0862
[2023-04-07T11:04:45.312] [INFO] default - Loading module WelcomeAndGoodbye.js
[2023-04-07T11:04:45.314] [INFO] default - Loading module Ban.js
[2023-04-07T11:04:45.316] [INFO] default - Loading module ReactRoles.js
[2023-04-07T11:04:45.317] [INFO] default - Loading module RelayHandler.js
[2023-04-07T11:04:45.321] [INFO] default - Loading module Verification.js
[2023-04-07T11:04:45.324] [INFO] default - Loading command Ban.command.js
[2023-04-07T11:04:45.343] [INFO] default - Loaded command CHAT_INPUT_ban
[2023-04-07T11:04:45.345] [INFO] default - Loading command Cases.command.js
[2023-04-07T11:04:45.350] [INFO] default - Loaded command CHAT_INPUT_cases
[2023-04-07T11:04:45.351] [INFO] default - Loading command Embed.command.js
[2023-04-07T11:04:45.358] [INFO] default - Loaded command CHAT_INPUT_embed
[2023-04-07T11:04:45.359] [INFO] default - Loading command Kick.command.js
[2023-04-07T11:04:45.362] [INFO] default - Loaded command CHAT_INPUT_kick
[2023-04-07T11:04:45.363] [INFO] default - Loading command Mute.command.js
[2023-04-07T11:04:45.370] [INFO] default - Loaded command CHAT_INPUT_mute
[2023-04-07T11:04:45.372] [INFO] default - Loading command ReactionRoles.command.js
[2023-04-07T11:04:45.379] [INFO] default - Loaded command CHAT_INPUT_reactroles
[2023-04-07T11:04:45.380] [INFO] default - Loading command Reason.command.js
[2023-04-07T11:04:45.384] [INFO] default - Loaded command CHAT_INPUT_reason
[2023-04-07T11:04:45.385] [INFO] default - Loading command Unban.command.js
[2023-04-07T11:04:45.388] [INFO] default - Loaded command CHAT_INPUT_unban
[2023-04-07T11:04:45.390] [INFO] default - Loading command Unmute.command.js
[2023-04-07T11:04:45.392] [INFO] default - Loaded command CHAT_INPUT_unmute
[2023-04-07T11:04:45.394] [INFO] default - Loading command Warn.command.js
[2023-04-07T11:04:45.398] [INFO] default - Loaded command CHAT_INPUT_warn
[2023-04-07T11:04:45.415] [INFO] default - Loading command Ban.command.js
[2023-04-07T11:04:45.424] [INFO] default - Loaded command MESSAGE_CONTEXT_Ban
[2023-04-07T11:04:45.425] [INFO] default - Loading command Kick.command.js
[2023-04-07T11:04:45.429] [INFO] default - Loaded command MESSAGE_CONTEXT_Kick
[2023-04-07T11:04:45.430] [INFO] default - Loading command Mute.command.js
[2023-04-07T11:04:45.434] [INFO] default - Loaded command MESSAGE_CONTEXT_Mute
[2023-04-07T11:04:45.434] [INFO] default - Loading command Warn.command.js
[2023-04-07T11:04:45.439] [INFO] default - Loaded command MESSAGE_CONTEXT_Warn
[2023-04-07T11:04:45.446] [INFO] default - Loading command Ban.command.js
[2023-04-07T11:04:45.449] [INFO] default - Loaded command USER_CONTEXT_Ban
[2023-04-07T11:04:45.450] [INFO] default - Loading command Kick.command.js
[2023-04-07T11:04:45.455] [INFO] default - Loaded command USER_CONTEXT_Kick
[2023-04-07T11:04:45.457] [INFO] default - Loading command Mute.command.js
[2023-04-07T11:04:45.461] [INFO] default - Loaded command USER_CONTEXT_Mute
[2023-04-07T11:04:45.462] [INFO] default - Loading command Warn.command.js
[2023-04-07T11:04:45.465] [INFO] default - Loaded command USER_CONTEXT_Warn
[2023-04-07T11:04:45.478] [INFO] default - All modules and commands loaded
[2023-04-07T11:04:45.506] [INFO] default - Loading module Kick.js
[2023-04-07T11:04:45.508] [INFO] default - Loading module TicketManager.js
[2023-04-07T11:04:45.511] [INFO] default - Loading module VerificationManager.js
[2023-04-07T11:04:45.514] [INFO] default - Loading module Logging.js
[2023-04-07T11:04:45.521] [INFO] default - Loading module Mute.js
[2023-04-07T11:04:45.525] [INFO] default - Loading module UpdateCase.js
[2023-04-07T11:04:45.533] [INFO] default - Loading module Warn.js
[2023-04-07T11:04:48.545] [INFO] default - Updating cases...
[2023-04-07T11:04:53.549] [INFO] default - Updating cases...
[2023-04-07T11:04:58.562] [INFO] default - Updating cases...
[2023-04-07T11:05:03.567] [INFO] default - Updating cases...
[2023-04-07T11:05:08.610] [INFO] default - Updating cases...
[2023-04-07T11:05:13.616] [INFO] default - Updating cases...
[2023-04-07T11:05:18.632] [INFO] default - Updating cases...
[2023-04-07T11:05:23.637] [INFO] default - Updating cases...
[2023-04-07T11:05:28.639] [INFO] default - Updating cases...
[2023-04-07T11:05:33.656] [INFO] default - Updating cases...
[2023-04-07T11:05:38.658] [INFO] default - Updating cases...
[2023-04-07T11:05:43.667] [INFO] default - Updating cases...
[2023-04-07T11:05:48.681] [INFO] default - Updating cases...
[2023-04-07T11:05:53.683] [INFO] default - Updating cases...
[2023-04-07T11:05:58.698] [INFO] default - Updating cases...
[2023-04-07T11:06:03.706] [INFO] default - Updating cases...
[2023-04-07T11:06:08.708] [INFO] default - Updating cases...
[2023-04-07T11:06:13.718] [INFO] default - Updating cases...
[2023-04-07T11:06:18.728] [INFO] default - Updating cases...
[2023-04-07T11:06:23.730] [INFO] default - Updating cases...
[2023-04-07T11:06:24.757] [ERROR] default - TypeError: channel.isTextBased is not a function
    at InteractionCreateAction.handle (C:\Users\Osmii\Desktop\Personal\discord bots\verification\node_modules\discord.js\src\client\actions\InteractionCreate.js:46:33)
    at module.exports [as INTERACTION_CREATE] (C:\Users\Osmii\Desktop\Personal\discord bots\verification\node_modules\discord.js\src\client\websocket\handlers\INTERACTION_CREATE.js:4:36)
    at WebSocketManager.handlePacket (C:\Users\Osmii\Desktop\Personal\discord bots\verification\node_modules\discord.js\src\client\websocket\WebSocketManager.js:352:31)
    at WebSocketShard.onPacket (C:\Users\Osmii\Desktop\Personal\discord bots\verification\node_modules\discord.js\src\client\websocket\WebSocketShard.js:480:22)
    at WebSocketShard.onMessage (C:\Users\Osmii\Desktop\Personal\discord bots\verification\node_modules\discord.js\src\client\websocket\WebSocketShard.js:320:10)
    at callListener (C:\Users\Osmii\Desktop\Personal\discord bots\verification\node_modules\ws\lib\event-target.js:290:14)
    at WebSocket.onMessage (C:\Users\Osmii\Desktop\Personal\discord bots\verification\node_modules\ws\lib\event-target.js:209:9)
    at WebSocket.emit (node:events:513:28)
    at Receiver.receiverOnMessage (C:\Users\Osmii\Desktop\Personal\discord bots\verification\node_modules\ws\lib\websocket.js:1178:20)
    at Receiver.emit (node:events:513:28)
[2023-04-07T11:06:28.741] [INFO] default - Updating cases...
[2023-04-07T11:06:33.745] [INFO] default - Updating cases...
[2023-04-07T11:06:38.751] [INFO] default - Updating cases...
[2023-04-07T11:06:43.756] [INFO] default - Updating cases...
[2023-04-07T11:06:48.769] [INFO] default - Updating cases...
[2023-04-07T11:06:53.779] [INFO] default - Updating cases...
[2023-04-07T11:06:58.786] [INFO] default - Updating cases...
[2023-04-07T11:07:03.851] [INFO] default - Updating cases...
[2023-04-07T11:07:08.866] [INFO] default - Updating cases...
[2023-04-07T11:07:13.882] [INFO] default - Updating cases...
[2023-04-07T11:07:18.885] [INFO] default - Updating cases...
[2023-04-07T11:07:23.890] [INFO] default - Updating cases...
[2023-04-07T11:07:28.897] [INFO] default - Updating cases...
[2023-04-07T11:07:33.910] [INFO] default - Updating cases...
[2023-04-07T11:07:38.917] [INFO] default - Updating cases...
[2023-04-07T11:07:43.934] [INFO] default - Updating cases...
[2023-04-07T11:07:48.949] [INFO] default - Updating cases...
[2023-04-07T11:07:53.960] [INFO] default - Updating cases...
[2023-04-07T11:07:58.965] [INFO] default - Updating cases...
[2023-04-07T11:08:03.976] [INFO] default - Updating cases...
[2023-04-07T11:08:08.987] [INFO] default - Updating cases...
[2023-04-07T11:08:14.007] [INFO] default - Updating cases...
[2023-04-07T11:08:19.023] [INFO] default - Updating cases...
[2023-04-07T11:08:24.037] [INFO] default - Updating cases...
[2023-04-07T11:08:29.042] [INFO] default - Updating cases...
[2023-04-07T11:08:34.050] [INFO] default - Updating cases...
[2023-04-07T11:08:39.053] [INFO] default - Updating cases...
[2023-04-07T11:08:44.069] [INFO] default - Updating cases...
[2023-04-07T11:08:49.089] [INFO] default - Updating cases...
[2023-04-07T11:08:54.092] [INFO] default - Updating cases...
[2023-04-07T11:08:59.099] [INFO] default - Updating cases...
[2023-04-07T11:09:04.114] [INFO] default - Updating cases...
[2023-04-07T11:09:09.123] [INFO] default - Updating cases...
[2023-04-07T11:09:14.129] [INFO] default - Updating cases...
[2023-04-07T11:09:19.133] [INFO] default - Updating cases...
[2023-04-07T11:09:24.211] [INFO] default - Updating cases...
[2023-04-07T11:09:29.228] [INFO] default - Updating cases...
[2023-04-07T11:09:34.235] [INFO] default - Updating cases...
[2023-04-07T11:09:39.238] [INFO] default - Updating cases...
[2023-04-07T11:09:44.253] [INFO] default - Updating cases...
[2023-04-07T11:09:49.264] [INFO] default - Updating cases...
[2023-04-07T11:09:54.271] [INFO] default - Updating cases...
[2023-04-07T11:09:59.287] [INFO] default - Updating cases...
[2023-04-07T11:10:04.305] [INFO] default - Updating cases...
[2023-04-07T11:10:09.309] [INFO] default - Updating cases...
[2023-04-07T11:10:09.753] [ERROR] default - TypeError: channel.isTextBased is not a function
    at InteractionCreateAction.handle (C:\Users\Osmii\Desktop\Personal\discord bots\verification\node_modules\discord.js\src\client\actions\InteractionCreate.js:46:33)
    at module.exports [as INTERACTION_CREATE] (C:\Users\Osmii\Desktop\Personal\discord bots\verification\node_modules\discord.js\src\client\websocket\handlers\INTERACTION_CREATE.js:4:36)
    at WebSocketManager.handlePacket (C:\Users\Osmii\Desktop\Personal\discord bots\verification\node_modules\discord.js\src\client\websocket\WebSocketManager.js:352:31)
    at WebSocketShard.onPacket (C:\Users\Osmii\Desktop\Personal\discord bots\verification\node_modules\discord.js\src\client\websocket\WebSocketShard.js:480:22)
    at WebSocketShard.onMessage (C:\Users\Osmii\Desktop\Personal\discord bots\verification\node_modules\discord.js\src\client\websocket\WebSocketShard.js:320:10)
    at callListener (C:\Users\Osmii\Desktop\Personal\discord bots\verification\node_modules\ws\lib\event-target.js:290:14)
    at WebSocket.onMessage (C:\Users\Osmii\Desktop\Personal\discord bots\verification\node_modules\ws\lib\event-target.js:209:9)
    at WebSocket.emit (node:events:513:28)
    at Receiver.receiverOnMessage (C:\Users\Osmii\Desktop\Personal\discord bots\verification\node_modules\ws\lib\websocket.js:1178:20)
    at Receiver.emit (node:events:513:28)
[2023-04-07T11:10:14.322] [INFO] default - Updating cases...
[2023-04-07T11:10:19.325] [INFO] default - Updating cases...
[2023-04-07T11:10:24.332] [INFO] default - Updating cases...
[2023-04-07T11:10:29.338] [INFO] default - Updating cases...
[2023-04-07T11:10:34.357] [INFO] default - Updating cases...
[2023-04-07T11:10:39.370] [INFO] default - Updating cases...
[2023-04-07T11:10:44.374] [INFO] default - Updating cases...
[2023-04-07T11:10:49.385] [INFO] default - Updating cases...
[2023-04-07T11:10:54.392] [INFO] default - Updating cases...
[2023-04-07T11:10:59.395] [INFO] default - Updating cases...
[2023-04-07T11:11:04.406] [INFO] default - Updating cases...
[2023-04-07T11:11:09.409] [INFO] default - Updating cases...
[2023-04-07T11:11:14.411] [INFO] default - Updating cases...
[2023-04-07T11:11:19.412] [INFO] default - Updating cases...
[2023-04-07T11:11:24.418] [INFO] default - Updating cases...
[2023-04-07T11:11:29.432] [INFO] default - Updating cases...
[2023-04-07T11:11:34.441] [INFO] default - Updating cases...
[2023-04-07T11:11:39.450] [INFO] default - Updating cases...
[2023-04-07T11:11:44.453] [INFO] default - Updating cases...
[2023-04-07T11:11:49.464] [INFO] default - Updating cases...
[2023-04-07T11:11:54.469] [INFO] default - Updating cases...
[2023-04-07T11:11:59.476] [INFO] default - Updating cases...
[2023-04-07T11:12:04.515] [INFO] default - Updating cases...
[2023-04-07T11:12:09.521] [INFO] default - Updating cases...
[2023-04-07T11:12:14.537] [INFO] default - Updating cases...
[2023-04-07T11:12:19.541] [INFO] default - Updating cases...
[2023-04-07T11:12:24.553] [INFO] default - Updating cases...
[2023-04-07T11:12:29.561] [INFO] default - Updating cases...
