[2023-03-22T14:08:27.403] [INFO] default - Logged in as Academia#0862
[2023-03-22T14:08:27.407] [INFO] default - Loading module Ban.js
[2023-03-22T14:08:27.409] [INFO] default - Loading command Ban.command.js
[2023-03-22T14:08:27.418] [INFO] default - Loaded command CHAT_INPUT_ban
[2023-03-22T14:08:27.419] [INFO] default - Loading command Cases.command.js
[2023-03-22T14:08:27.421] [INFO] default - Loaded command CHAT_INPUT_cases
[2023-03-22T14:08:27.423] [INFO] default - Loading command Kick.command.js
[2023-03-22T14:08:27.426] [INFO] default - Loaded command CHAT_INPUT_kick
[2023-03-22T14:08:27.427] [INFO] default - Loading command Mute.command.js
[2023-03-22T14:08:27.433] [INFO] default - Loaded command CHAT_INPUT_mute
[2023-03-22T14:08:27.435] [INFO] default - Loading command Unban.command.js
[2023-03-22T14:08:27.437] [INFO] default - Loaded command CHAT_INPUT_unban
[2023-03-22T14:08:27.438] [INFO] default - Loading command Unmute.command.js
[2023-03-22T14:08:27.440] [INFO] default - Loaded command CHAT_INPUT_unmute
[2023-03-22T14:08:27.441] [INFO] default - Loading command Warn.command.js
[2023-03-22T14:08:27.444] [INFO] default - Loaded command CHAT_INPUT_warn
[2023-03-22T14:08:27.446] [INFO] default - Loading command Ban.command.js
[2023-03-22T14:08:27.454] [INFO] default - Loaded command MESSAGE_CONTEXT_Ban
[2023-03-22T14:08:27.455] [INFO] default - Loading command Kick.command.js
[2023-03-22T14:08:27.459] [INFO] default - Loaded command MESSAGE_CONTEXT_Kick
[2023-03-22T14:08:27.460] [INFO] default - Loading command Mute.command.js
[2023-03-22T14:08:27.464] [INFO] default - Loaded command MESSAGE_CONTEXT_Mute
[2023-03-22T14:08:27.465] [INFO] default - Loading command Warn.command.js
[2023-03-22T14:08:27.468] [INFO] default - Loaded command MESSAGE_CONTEXT_Warn
[2023-03-22T14:08:27.469] [INFO] default - Loading command Ban.command.js
[2023-03-22T14:08:27.474] [INFO] default - Loaded command USER_CONTEXT_Ban
[2023-03-22T14:08:27.475] [INFO] default - Loading command Kick.command.js
[2023-03-22T14:08:27.477] [INFO] default - Loaded command USER_CONTEXT_Kick
[2023-03-22T14:08:27.478] [INFO] default - Loading command Mute.command.js
[2023-03-22T14:08:27.482] [INFO] default - Loaded command USER_CONTEXT_Mute
[2023-03-22T14:08:27.484] [INFO] default - Loading command Warn.command.js
[2023-03-22T14:08:27.487] [INFO] default - Loaded command USER_CONTEXT_Warn
[2023-03-22T14:08:27.488] [INFO] default - All modules and commands loaded
[2023-03-22T14:08:27.501] [INFO] default - Loading module Kick.js
[2023-03-22T14:08:27.503] [INFO] default - Loading module Logging.js
[2023-03-22T14:08:27.506] [INFO] default - Loading module Mute.js
[2023-03-22T14:08:27.509] [INFO] default - Loading module UpdateCase.js
[2023-03-22T14:08:27.515] [INFO] default - Loading module Warn.js
[2023-03-22T14:08:30.519] [INFO] default - Updating cases...
[2023-03-22T14:08:35.762] [INFO] default - Updating cases...
[2023-03-22T14:08:40.767] [INFO] default - Updating cases...
[2023-03-22T14:08:45.782] [INFO] default - Updating cases...
[2023-03-22T14:08:50.797] [INFO] default - Updating cases...
[2023-03-22T14:08:55.808] [INFO] default - Updating cases...
[2023-03-22T14:09:00.811] [INFO] default - Updating cases...
[2023-03-22T14:09:05.815] [INFO] default - Updating cases...
[2023-03-22T14:09:06.823] [INFO] default - /warn run by Osmii#0076
[2023-03-22T14:09:10.831] [INFO] default - Updating cases...
[2023-03-22T14:09:12.679] [INFO] default - /cases run by Osmii#0076
[2023-03-22T14:09:15.963] [INFO] default - Updating cases...
[2023-03-22T14:09:21.005] [INFO] default - Updating cases...
[2023-03-22T14:09:26.011] [INFO] default - Updating cases...
[2023-03-22T14:09:31.015] [INFO] default - Updating cases...
[2023-03-22T14:09:36.019] [INFO] default - Updating cases...
[2023-03-22T14:09:41.033] [INFO] default - Updating cases...
[2023-03-22T14:09:46.038] [INFO] default - Updating cases...
[2023-03-22T14:09:51.044] [INFO] default - Updating cases...
[2023-03-22T14:09:56.060] [INFO] default - Updating cases...
[2023-03-22T14:10:01.078] [INFO] default - Updating cases...
[2023-03-22T14:10:06.081] [INFO] default - Updating cases...
[2023-03-22T14:10:11.093] [INFO] default - Updating cases...
[2023-03-22T14:10:16.105] [INFO] default - Updating cases...
[2023-03-22T14:10:21.117] [INFO] default - Updating cases...
[2023-03-22T14:10:26.129] [INFO] default - Updating cases...
[2023-03-22T14:10:31.139] [INFO] default - Updating cases...
[2023-03-22T14:10:36.148] [INFO] default - Updating cases...
[2023-03-22T14:10:41.164] [INFO] default - Updating cases...
[2023-03-22T14:10:46.180] [INFO] default - Updating cases...
[2023-03-22T14:10:51.183] [INFO] default - Updating cases...
[2023-03-22T14:10:56.202] [INFO] default - Updating cases...
[2023-03-22T14:11:01.210] [INFO] default - Updating cases...
[2023-03-22T14:11:06.227] [INFO] default - Updating cases...
[2023-03-22T14:11:11.235] [INFO] default - Updating cases...
[2023-03-22T14:11:16.244] [INFO] default - Updating cases...
[2023-03-22T14:11:21.260] [INFO] default - Updating cases...
[2023-03-22T14:11:26.269] [INFO] default - Updating cases...
[2023-03-22T14:11:31.274] [INFO] default - Updating cases...
[2023-03-22T14:11:36.291] [INFO] default - Updating cases...
[2023-03-22T14:11:41.299] [INFO] default - Updating cases...
[2023-03-22T14:11:46.316] [INFO] default - Updating cases...
[2023-03-22T14:11:51.325] [INFO] default - Updating cases...
[2023-03-22T14:11:56.337] [INFO] default - Updating cases...
[2023-03-22T14:12:01.342] [INFO] default - Updating cases...
[2023-03-22T14:12:06.346] [INFO] default - Updating cases...
[2023-03-22T14:12:11.361] [INFO] default - Updating cases...
[2023-03-22T14:12:16.367] [INFO] default - Updating cases...
[2023-03-22T14:12:21.378] [INFO] default - Updating cases...
[2023-03-22T14:12:26.395] [INFO] default - Updating cases...
[2023-03-22T14:12:31.405] [INFO] default - Updating cases...
[2023-03-22T14:12:36.414] [INFO] default - Updating cases...
[2023-03-22T14:12:41.419] [INFO] default - Updating cases...
[2023-03-22T14:12:46.434] [INFO] default - Updating cases...
[2023-03-22T14:12:51.442] [INFO] default - Updating cases...
[2023-03-22T14:12:56.458] [INFO] default - Updating cases...
[2023-03-22T14:13:01.474] [INFO] default - Updating cases...
[2023-03-22T14:13:06.494] [INFO] default - Updating cases...
[2023-03-22T14:13:11.506] [INFO] default - Updating cases...
[2023-03-22T14:13:16.516] [INFO] default - Updating cases...
[2023-03-22T14:13:21.535] [INFO] default - Updating cases...
[2023-03-22T14:13:26.552] [INFO] default - Updating cases...
[2023-03-22T14:13:31.562] [INFO] default - Updating cases...
[2023-03-22T14:13:36.582] [INFO] default - Updating cases...
[2023-03-22T14:13:41.595] [INFO] default - Updating cases...
[2023-03-22T14:13:46.613] [INFO] default - Updating cases...
[2023-03-22T14:13:51.621] [INFO] default - Updating cases...
[2023-03-22T14:13:56.632] [INFO] default - Updating cases...
[2023-03-22T14:14:01.653] [INFO] default - Updating cases...
[2023-03-22T14:14:06.663] [INFO] default - Updating cases...
[2023-03-22T14:14:11.675] [INFO] default - Updating cases...
[2023-03-22T14:14:16.696] [INFO] default - Updating cases...
[2023-03-22T14:14:21.713] [INFO] default - Updating cases...
[2023-03-22T14:14:26.721] [INFO] default - Updating cases...
[2023-03-22T14:14:31.737] [INFO] default - Updating cases...
[2023-03-22T14:14:36.755] [INFO] default - Updating cases...
[2023-03-22T14:14:41.764] [INFO] default - Updating cases...
[2023-03-22T14:14:46.768] [INFO] default - Updating cases...
[2023-03-22T14:14:51.786] [INFO] default - Updating cases...
[2023-03-22T14:14:56.807] [INFO] default - Updating cases...
[2023-03-22T14:15:01.827] [INFO] default - Updating cases...
[2023-03-22T14:15:06.845] [INFO] default - Updating cases...
[2023-03-22T14:15:11.860] [INFO] default - Updating cases...
[2023-03-22T14:15:16.880] [INFO] default - Updating cases...
[2023-03-22T14:15:21.892] [INFO] default - Updating cases...
[2023-03-22T14:15:26.903] [INFO] default - Updating cases...
[2023-03-22T14:15:31.922] [INFO] default - Updating cases...
[2023-03-22T14:15:36.934] [INFO] default - Updating cases...
[2023-03-22T14:15:41.948] [INFO] default - Updating cases...
[2023-03-22T14:15:46.952] [INFO] default - Updating cases...
[2023-03-22T14:15:51.963] [INFO] default - Updating cases...
[2023-03-22T14:15:56.983] [INFO] default - Updating cases...
[2023-03-22T14:16:02.001] [INFO] default - Updating cases...
[2023-03-22T14:16:07.007] [INFO] default - Updating cases...
[2023-03-22T14:16:12.028] [INFO] default - Updating cases...
[2023-03-22T14:16:17.036] [INFO] default - Updating cases...
[2023-03-22T14:16:22.048] [INFO] default - Updating cases...
[2023-03-22T14:16:27.060] [INFO] default - Updating cases...
[2023-03-22T14:16:32.069] [INFO] default - Updating cases...
[2023-03-22T14:16:37.084] [INFO] default - Updating cases...
[2023-03-22T14:16:42.102] [INFO] default - Updating cases...
[2023-03-22T14:16:47.120] [INFO] default - Updating cases...
[2023-03-22T14:16:52.142] [INFO] default - Updating cases...
[2023-03-22T14:16:57.153] [INFO] default - Updating cases...
[2023-03-22T14:17:02.159] [INFO] default - Updating cases...
[2023-03-22T14:17:07.165] [INFO] default - Updating cases...
[2023-03-22T14:17:12.182] [INFO] default - Updating cases...
[2023-03-22T14:17:17.198] [INFO] default - Updating cases...
[2023-03-22T14:17:22.214] [INFO] default - Updating cases...
[2023-03-22T14:17:27.229] [INFO] default - Updating cases...
[2023-03-22T14:17:32.244] [INFO] default - Updating cases...
[2023-03-22T14:17:37.251] [INFO] default - Updating cases...
[2023-03-22T14:17:42.256] [INFO] default - Updating cases...
[2023-03-22T14:17:47.262] [INFO] default - Updating cases...
[2023-03-22T14:17:52.284] [INFO] default - Updating cases...
[2023-03-22T14:17:57.305] [INFO] default - Updating cases...
[2023-03-22T14:18:02.318] [INFO] default - Updating cases...
[2023-03-22T14:18:07.324] [INFO] default - Updating cases...
[2023-03-22T14:18:12.338] [INFO] default - Updating cases...
[2023-03-22T14:18:17.354] [INFO] default - Updating cases...
[2023-03-22T14:18:22.376] [INFO] default - Updating cases...
[2023-03-22T14:18:27.388] [INFO] default - Updating cases...
[2023-03-22T14:18:32.407] [INFO] default - Updating cases...
[2023-03-22T14:18:37.420] [INFO] default - Updating cases...
[2023-03-22T14:18:42.434] [INFO] default - Updating cases...
[2023-03-22T14:18:47.439] [INFO] default - Updating cases...
[2023-03-22T14:18:52.452] [INFO] default - Updating cases...
[2023-03-22T14:18:57.465] [INFO] default - Updating cases...
[2023-03-22T14:19:02.471] [INFO] default - Updating cases...
[2023-03-22T14:19:07.492] [INFO] default - Updating cases...
[2023-03-22T14:19:12.497] [INFO] default - Updating cases...
[2023-03-22T14:19:17.503] [INFO] default - Updating cases...
[2023-03-22T14:19:22.512] [INFO] default - Updating cases...
[2023-03-22T14:19:27.527] [INFO] default - Updating cases...
[2023-03-22T14:19:32.541] [INFO] default - Updating cases...
[2023-03-22T14:19:37.560] [INFO] default - Updating cases...
[2023-03-22T14:19:42.577] [INFO] default - Updating cases...
[2023-03-22T14:19:47.587] [INFO] default - Updating cases...
[2023-03-22T14:19:52.594] [INFO] default - Updating cases...
[2023-03-22T14:19:57.599] [INFO] default - Updating cases...
[2023-03-22T14:20:02.609] [INFO] default - Updating cases...
[2023-03-22T14:20:07.614] [INFO] default - Updating cases...
[2023-03-22T14:20:12.623] [INFO] default - Updating cases...
[2023-03-22T14:20:17.627] [INFO] default - Updating cases...
[2023-03-22T14:20:22.642] [INFO] default - Updating cases...
[2023-03-22T14:20:27.658] [INFO] default - Updating cases...
[2023-03-22T14:20:32.663] [INFO] default - Updating cases...
[2023-03-22T14:20:37.671] [INFO] default - Updating cases...
[2023-03-22T14:20:42.674] [INFO] default - Updating cases...
[2023-03-22T14:20:47.691] [INFO] default - Updating cases...
[2023-03-22T14:20:52.703] [INFO] default - Updating cases...
[2023-03-22T14:20:57.709] [INFO] default - Updating cases...
[2023-03-22T14:21:02.712] [INFO] default - Updating cases...
[2023-03-22T14:21:07.727] [INFO] default - Updating cases...
[2023-03-22T14:21:12.738] [INFO] default - Updating cases...
[2023-03-22T14:21:17.746] [INFO] default - Updating cases...
[2023-03-22T14:21:22.748] [INFO] default - Updating cases...
[2023-03-22T14:21:27.761] [INFO] default - Updating cases...
[2023-03-22T14:21:32.773] [INFO] default - Updating cases...
[2023-03-22T14:21:37.777] [INFO] default - Updating cases...
[2023-03-22T14:21:42.791] [INFO] default - Updating cases...
[2023-03-22T14:21:47.807] [INFO] default - Updating cases...
[2023-03-22T14:21:52.822] [INFO] default - Updating cases...
[2023-03-22T14:21:57.834] [INFO] default - Updating cases...
[2023-03-22T14:22:02.843] [INFO] default - Updating cases...
[2023-03-22T14:22:07.859] [INFO] default - Updating cases...
[2023-03-22T14:22:12.874] [INFO] default - Updating cases...
[2023-03-22T14:22:17.891] [INFO] default - Updating cases...
[2023-03-22T14:22:22.906] [INFO] default - Updating cases...
[2023-03-22T14:22:27.919] [INFO] default - Updating cases...
[2023-03-22T14:22:32.937] [INFO] default - Updating cases...
[2023-03-22T14:22:37.953] [INFO] default - Updating cases...
[2023-03-22T14:22:42.968] [INFO] default - Updating cases...
[2023-03-22T14:22:47.980] [INFO] default - Updating cases...
[2023-03-22T14:22:52.986] [INFO] default - Updating cases...
[2023-03-22T14:22:58.000] [INFO] default - Updating cases...
[2023-03-22T14:23:03.005] [INFO] default - Updating cases...
[2023-03-22T14:23:08.011] [INFO] default - Updating cases...
[2023-03-22T14:23:13.027] [INFO] default - Updating cases...
[2023-03-22T14:23:18.044] [INFO] default - Updating cases...
[2023-03-22T14:23:23.058] [INFO] default - Updating cases...
[2023-03-22T14:23:28.060] [INFO] default - Updating cases...
[2023-03-22T14:23:33.069] [INFO] default - Updating cases...
[2023-03-22T14:23:38.087] [INFO] default - Updating cases...
[2023-03-22T14:23:43.100] [INFO] default - Updating cases...
[2023-03-22T14:23:48.109] [INFO] default - Updating cases...
[2023-03-22T14:23:53.121] [INFO] default - Updating cases...
[2023-03-22T14:23:58.140] [INFO] default - Updating cases...
[2023-03-22T14:24:03.152] [INFO] default - Updating cases...
[2023-03-22T14:24:08.162] [INFO] default - Updating cases...
[2023-03-22T14:24:13.174] [INFO] default - Updating cases...
[2023-03-22T14:24:18.185] [INFO] default - Updating cases...
[2023-03-22T14:24:23.193] [INFO] default - Updating cases...
[2023-03-22T14:24:28.198] [INFO] default - Updating cases...
[2023-03-22T14:24:33.216] [INFO] default - Updating cases...
[2023-03-22T14:24:38.227] [INFO] default - Updating cases...
[2023-03-22T14:24:43.236] [INFO] default - Updating cases...
[2023-03-22T14:24:48.254] [INFO] default - Updating cases...
[2023-03-22T14:24:53.271] [INFO] default - Updating cases...
[2023-03-22T14:24:58.285] [INFO] default - Updating cases...
[2023-03-22T14:25:03.289] [INFO] default - Updating cases...
[2023-03-22T14:25:08.303] [INFO] default - Updating cases...
[2023-03-22T14:25:13.319] [INFO] default - Updating cases...
[2023-03-22T14:25:18.337] [INFO] default - Updating cases...
[2023-03-22T14:25:23.345] [INFO] default - Updating cases...
[2023-03-22T14:25:28.358] [INFO] default - Updating cases...
[2023-03-22T14:25:33.377] [INFO] default - Updating cases...
[2023-03-22T14:25:38.393] [INFO] default - Updating cases...
[2023-03-22T14:25:43.413] [INFO] default - Updating cases...
[2023-03-22T14:25:48.426] [INFO] default - Updating cases...
[2023-03-22T14:25:53.443] [INFO] default - Updating cases...
[2023-03-22T14:25:58.449] [INFO] default - Updating cases...
[2023-03-22T14:26:03.460] [INFO] default - Updating cases...
[2023-03-22T14:26:08.471] [INFO] default - Updating cases...
[2023-03-22T14:26:13.480] [INFO] default - Updating cases...
[2023-03-22T14:26:18.487] [INFO] default - Updating cases...
[2023-03-22T14:26:23.500] [INFO] default - Updating cases...
[2023-03-22T14:26:28.505] [INFO] default - Updating cases...
[2023-03-22T14:26:33.511] [INFO] default - Updating cases...
[2023-03-22T14:26:38.516] [INFO] default - Updating cases...
[2023-03-22T14:26:43.522] [INFO] default - Updating cases...
[2023-03-22T14:26:48.529] [INFO] default - Updating cases...
[2023-03-22T14:26:53.542] [INFO] default - Updating cases...
[2023-03-22T14:26:58.549] [INFO] default - Updating cases...
[2023-03-22T14:27:03.566] [INFO] default - Updating cases...
[2023-03-22T14:27:08.577] [INFO] default - Updating cases...
[2023-03-22T14:27:13.585] [INFO] default - Updating cases...
[2023-03-22T14:27:18.596] [INFO] default - Updating cases...
[2023-03-22T14:27:23.606] [INFO] default - Updating cases...
[2023-03-22T14:27:28.616] [INFO] default - Updating cases...
[2023-03-22T14:27:33.636] [INFO] default - Updating cases...
[2023-03-22T14:27:38.648] [INFO] default - Updating cases...
[2023-03-22T14:27:43.664] [INFO] default - Updating cases...
[2023-03-22T14:27:48.667] [INFO] default - Updating cases...
[2023-03-22T14:27:53.687] [INFO] default - Updating cases...
[2023-03-22T14:27:58.702] [INFO] default - Updating cases...
[2023-03-22T14:28:03.712] [INFO] default - Updating cases...
[2023-03-22T14:28:08.726] [INFO] default - Updating cases...
[2023-03-22T14:28:13.742] [INFO] default - Updating cases...
[2023-03-22T14:28:18.759] [INFO] default - Updating cases...
[2023-03-22T14:28:23.767] [INFO] default - Updating cases...
[2023-03-22T14:28:28.782] [INFO] default - Updating cases...
[2023-03-22T14:28:33.791] [INFO] default - Updating cases...
[2023-03-22T14:28:38.802] [INFO] default - Updating cases...
[2023-03-22T14:28:43.817] [INFO] default - Updating cases...
[2023-03-22T14:28:48.829] [INFO] default - Updating cases...
[2023-03-22T14:28:53.837] [INFO] default - Updating cases...
[2023-03-22T14:28:58.853] [INFO] default - Updating cases...
[2023-03-22T14:29:03.871] [INFO] default - Updating cases...
[2023-03-22T14:29:08.880] [INFO] default - Updating cases...
[2023-03-22T14:29:13.888] [INFO] default - Updating cases...
[2023-03-22T14:29:18.903] [INFO] default - Updating cases...
[2023-03-22T14:29:23.923] [INFO] default - Updating cases...
[2023-03-22T14:29:28.945] [INFO] default - Updating cases...
[2023-03-22T14:29:33.957] [INFO] default - Updating cases...
[2023-03-22T14:29:38.964] [INFO] default - Updating cases...
[2023-03-22T14:29:43.980] [INFO] default - Updating cases...
[2023-03-22T14:29:48.990] [INFO] default - Updating cases...
[2023-03-22T14:29:53.994] [INFO] default - Updating cases...
[2023-03-22T14:29:59.005] [INFO] default - Updating cases...
[2023-03-22T14:30:04.021] [INFO] default - Updating cases...
[2023-03-22T14:30:09.036] [INFO] default - Updating cases...
[2023-03-22T14:30:14.046] [INFO] default - Updating cases...
[2023-03-22T14:30:19.057] [INFO] default - Updating cases...
[2023-03-22T14:30:24.065] [INFO] default - Updating cases...
[2023-03-22T14:30:29.078] [INFO] default - Updating cases...
[2023-03-22T14:30:34.085] [INFO] default - Updating cases...
[2023-03-22T14:30:39.099] [INFO] default - Updating cases...
[2023-03-22T14:30:44.107] [INFO] default - Updating cases...
[2023-03-22T14:30:49.118] [INFO] default - Updating cases...
[2023-03-22T14:30:54.130] [INFO] default - Updating cases...
[2023-03-22T14:30:59.151] [INFO] default - Updating cases...
[2023-03-22T14:31:04.161] [INFO] default - Updating cases...
[2023-03-22T14:31:09.178] [INFO] default - Updating cases...
[2023-03-22T14:31:14.196] [INFO] default - Updating cases...
[2023-03-22T14:31:19.205] [INFO] default - Updating cases...
[2023-03-22T14:31:24.212] [INFO] default - Updating cases...
[2023-03-22T14:31:29.226] [INFO] default - Updating cases...
[2023-03-22T14:31:34.234] [INFO] default - Updating cases...
[2023-03-22T14:31:39.245] [INFO] default - Updating cases...
[2023-03-22T14:31:44.253] [INFO] default - Updating cases...
[2023-03-22T14:31:49.257] [INFO] default - Updating cases...
[2023-03-22T14:31:54.267] [INFO] default - Updating cases...
[2023-03-22T14:31:59.278] [INFO] default - Updating cases...
[2023-03-22T14:32:04.285] [INFO] default - Updating cases...
[2023-03-22T14:32:09.294] [INFO] default - Updating cases...
[2023-03-22T14:32:14.295] [INFO] default - Updating cases...
[2023-03-22T14:32:19.304] [INFO] default - Updating cases...
[2023-03-22T14:32:24.315] [INFO] default - Updating cases...
[2023-03-22T14:32:29.325] [INFO] default - Updating cases...
[2023-03-22T14:32:34.335] [INFO] default - Updating cases...
[2023-03-22T14:32:39.344] [INFO] default - Updating cases...
[2023-03-22T14:32:44.351] [INFO] default - Updating cases...
[2023-03-22T14:32:49.359] [INFO] default - Updating cases...
[2023-03-22T14:32:54.369] [INFO] default - Updating cases...
[2023-03-22T14:32:59.376] [INFO] default - Updating cases...
[2023-03-22T14:33:04.389] [INFO] default - Updating cases...
[2023-03-22T14:33:09.411] [INFO] default - Updating cases...
[2023-03-22T14:33:14.430] [INFO] default - Updating cases...
[2023-03-22T14:33:19.443] [INFO] default - Updating cases...
[2023-03-22T14:33:24.449] [INFO] default - Updating cases...
[2023-03-22T14:33:29.453] [INFO] default - Updating cases...
[2023-03-22T14:33:34.463] [INFO] default - Updating cases...
[2023-03-22T14:33:39.471] [INFO] default - Updating cases...
[2023-03-22T14:33:44.484] [INFO] default - Updating cases...
[2023-03-22T14:33:49.494] [INFO] default - Updating cases...
[2023-03-22T14:33:54.505] [INFO] default - Updating cases...
[2023-03-22T14:33:59.514] [INFO] default - Updating cases...
[2023-03-22T14:34:04.526] [INFO] default - Updating cases...
[2023-03-22T14:34:09.538] [INFO] default - Updating cases...
[2023-03-22T14:34:14.555] [INFO] default - Updating cases...
[2023-03-22T14:34:19.562] [INFO] default - Updating cases...
[2023-03-22T14:34:24.573] [INFO] default - Updating cases...
[2023-03-22T14:34:29.579] [INFO] default - Updating cases...
[2023-03-22T14:34:34.583] [INFO] default - Updating cases...
[2023-03-22T14:34:39.593] [INFO] default - Updating cases...
[2023-03-22T14:34:44.602] [INFO] default - Updating cases...
[2023-03-22T14:34:49.607] [INFO] default - Updating cases...
[2023-03-22T14:34:54.616] [INFO] default - Updating cases...
[2023-03-22T14:34:59.628] [INFO] default - Updating cases...
[2023-03-22T14:35:04.639] [INFO] default - Updating cases...
[2023-03-22T14:35:09.650] [INFO] default - Updating cases...
[2023-03-22T14:35:14.659] [INFO] default - Updating cases...
[2023-03-22T14:35:19.681] [INFO] default - Updating cases...
[2023-03-22T14:35:24.698] [INFO] default - Updating cases...
[2023-03-22T14:35:29.708] [INFO] default - Updating cases...
[2023-03-22T14:35:34.722] [INFO] default - Updating cases...
[2023-03-22T14:35:39.741] [INFO] default - Updating cases...
[2023-03-22T14:35:44.749] [INFO] default - Updating cases...
[2023-03-22T14:35:49.760] [INFO] default - Updating cases...
[2023-03-22T14:35:54.782] [INFO] default - Updating cases...
[2023-03-22T14:35:59.796] [INFO] default - Updating cases...
[2023-03-22T14:36:04.804] [INFO] default - Updating cases...
[2023-03-22T14:36:09.811] [INFO] default - Updating cases...
[2023-03-22T14:36:14.814] [INFO] default - Updating cases...
[2023-03-22T14:36:19.825] [INFO] default - Updating cases...
[2023-03-22T14:36:24.846] [INFO] default - Updating cases...
[2023-03-22T14:36:29.858] [INFO] default - Updating cases...
[2023-03-22T14:36:34.872] [INFO] default - Updating cases...
[2023-03-22T14:36:39.881] [INFO] default - Updating cases...
[2023-03-22T14:36:44.885] [INFO] default - Updating cases...
[2023-03-22T14:36:49.895] [INFO] default - Updating cases...
[2023-03-22T14:36:54.905] [INFO] default - Updating cases...
[2023-03-22T14:36:59.913] [INFO] default - Updating cases...
[2023-03-22T14:37:04.920] [INFO] default - Updating cases...
[2023-03-22T14:37:09.936] [INFO] default - Updating cases...
[2023-03-22T14:37:14.946] [INFO] default - Updating cases...
[2023-03-22T14:37:19.958] [INFO] default - Updating cases...
[2023-03-22T14:37:24.971] [INFO] default - Updating cases...
[2023-03-22T14:37:29.986] [INFO] default - Updating cases...
[2023-03-22T14:37:34.993] [INFO] default - Updating cases...
[2023-03-22T14:37:40.013] [INFO] default - Updating cases...
[2023-03-22T14:37:45.035] [INFO] default - Updating cases...
[2023-03-22T14:37:50.048] [INFO] default - Updating cases...
[2023-03-22T14:37:55.058] [INFO] default - Updating cases...
[2023-03-22T14:38:00.061] [INFO] default - Updating cases...
[2023-03-22T14:38:05.063] [INFO] default - Updating cases...
[2023-03-22T14:38:10.075] [INFO] default - Updating cases...
[2023-03-22T14:38:15.081] [INFO] default - Updating cases...
[2023-03-22T14:38:20.086] [INFO] default - Updating cases...
[2023-03-22T14:38:25.097] [INFO] default - Updating cases...
[2023-03-22T14:38:30.107] [INFO] default - Updating cases...
[2023-03-22T14:38:35.115] [INFO] default - Updating cases...
[2023-03-22T14:38:40.126] [INFO] default - Updating cases...
[2023-03-22T14:38:45.132] [INFO] default - Updating cases...
[2023-03-22T14:38:50.138] [INFO] default - Updating cases...
[2023-03-22T14:38:55.149] [INFO] default - Updating cases...
[2023-03-22T14:39:00.160] [INFO] default - Updating cases...
[2023-03-22T14:39:05.178] [INFO] default - Updating cases...
[2023-03-22T14:39:10.186] [INFO] default - Updating cases...
[2023-03-22T14:39:15.207] [INFO] default - Updating cases...
[2023-03-22T14:39:20.216] [INFO] default - Updating cases...
[2023-03-22T14:39:25.226] [INFO] default - Updating cases...
[2023-03-22T14:39:30.241] [INFO] default - Updating cases...
[2023-03-22T14:39:35.256] [INFO] default - Updating cases...
[2023-03-22T14:39:40.263] [INFO] default - Updating cases...
[2023-03-22T14:39:45.282] [INFO] default - Updating cases...
[2023-03-22T14:39:50.298] [INFO] default - Updating cases...
[2023-03-22T14:39:55.319] [INFO] default - Updating cases...
[2023-03-22T14:40:00.333] [INFO] default - Updating cases...
[2023-03-22T14:40:05.342] [INFO] default - Updating cases...
[2023-03-22T14:40:10.349] [INFO] default - Updating cases...
[2023-03-22T14:40:15.362] [INFO] default - Updating cases...
[2023-03-22T14:40:20.374] [INFO] default - Updating cases...
[2023-03-22T14:40:25.394] [INFO] default - Updating cases...
[2023-03-22T14:40:30.413] [INFO] default - Updating cases...
[2023-03-22T14:40:35.427] [INFO] default - Updating cases...
[2023-03-22T14:40:40.445] [INFO] default - Updating cases...
[2023-03-22T14:40:45.453] [INFO] default - Updating cases...
[2023-03-22T14:40:50.472] [INFO] default - Updating cases...
[2023-03-22T14:40:55.487] [INFO] default - Updating cases...
[2023-03-22T14:41:00.500] [INFO] default - Updating cases...
[2023-03-22T14:41:05.512] [INFO] default - Updating cases...
[2023-03-22T14:41:10.522] [INFO] default - Updating cases...
[2023-03-22T14:41:15.532] [INFO] default - Updating cases...
[2023-03-22T14:41:20.544] [INFO] default - Updating cases...
[2023-03-22T14:41:25.560] [INFO] default - Updating cases...
[2023-03-22T14:41:30.580] [INFO] default - Updating cases...
[2023-03-22T14:41:35.594] [INFO] default - Updating cases...
[2023-03-22T14:41:40.602] [INFO] default - Updating cases...
[2023-03-22T14:41:45.616] [INFO] default - Updating cases...
[2023-03-22T14:41:50.626] [INFO] default - Updating cases...
[2023-03-22T14:41:55.637] [INFO] default - Updating cases...
[2023-03-22T14:42:00.649] [INFO] default - Updating cases...
[2023-03-22T14:42:05.658] [INFO] default - Updating cases...
[2023-03-22T14:42:10.670] [INFO] default - Updating cases...
[2023-03-22T14:42:15.675] [INFO] default - Updating cases...
[2023-03-22T14:42:20.688] [INFO] default - Updating cases...
[2023-03-22T14:42:25.700] [INFO] default - Updating cases...
[2023-03-22T14:42:30.717] [INFO] default - Updating cases...
[2023-03-22T14:42:35.729] [INFO] default - Updating cases...
[2023-03-22T14:42:40.744] [INFO] default - Updating cases...
[2023-03-22T14:42:45.751] [INFO] default - Updating cases...
[2023-03-22T14:42:50.758] [INFO] default - Updating cases...
[2023-03-22T14:42:55.767] [INFO] default - Updating cases...
[2023-03-22T14:43:00.783] [INFO] default - Updating cases...
[2023-03-22T14:43:05.792] [INFO] default - Updating cases...
[2023-03-22T14:43:10.799] [INFO] default - Updating cases...
[2023-03-22T14:43:15.813] [INFO] default - Updating cases...
[2023-03-22T14:43:20.817] [INFO] default - Updating cases...
[2023-03-22T14:43:25.833] [INFO] default - Updating cases...
[2023-03-22T14:43:30.843] [INFO] default - Updating cases...
[2023-03-22T14:43:35.848] [INFO] default - Updating cases...
[2023-03-22T14:43:40.850] [INFO] default - Updating cases...
[2023-03-22T14:43:45.855] [INFO] default - Updating cases...
[2023-03-22T14:43:50.867] [INFO] default - Updating cases...
[2023-03-22T14:43:55.877] [INFO] default - Updating cases...
[2023-03-22T14:44:00.893] [INFO] default - Updating cases...
[2023-03-22T14:44:05.904] [INFO] default - Updating cases...
[2023-03-22T14:44:10.913] [INFO] default - Updating cases...
[2023-03-22T14:44:15.920] [INFO] default - Updating cases...
[2023-03-22T14:44:20.937] [INFO] default - Updating cases...
[2023-03-22T14:44:25.949] [INFO] default - Updating cases...
[2023-03-22T14:44:30.960] [INFO] default - Updating cases...
[2023-03-22T14:44:35.977] [INFO] default - Updating cases...
[2023-03-22T14:44:40.989] [INFO] default - Updating cases...
[2023-03-22T14:44:46.009] [INFO] default - Updating cases...
[2023-03-22T14:44:51.019] [INFO] default - Updating cases...
[2023-03-22T14:44:56.039] [INFO] default - Updating cases...
[2023-03-22T14:45:01.051] [INFO] default - Updating cases...
[2023-03-22T14:45:06.056] [INFO] default - Updating cases...
[2023-03-22T14:45:11.075] [INFO] default - Updating cases...
[2023-03-22T14:45:16.081] [INFO] default - Updating cases...
[2023-03-22T14:45:21.096] [INFO] default - Updating cases...
[2023-03-22T14:45:26.113] [INFO] default - Updating cases...
[2023-03-22T14:45:31.119] [INFO] default - Updating cases...
[2023-03-22T14:45:36.136] [INFO] default - Updating cases...
[2023-03-22T14:45:41.154] [INFO] default - Updating cases...
[2023-03-22T14:45:46.175] [INFO] default - Updating cases...
[2023-03-22T14:45:51.180] [INFO] default - Updating cases...
[2023-03-22T14:45:56.198] [INFO] default - Updating cases...
[2023-03-22T14:46:01.207] [INFO] default - Updating cases...
[2023-03-22T14:46:06.220] [INFO] default - Updating cases...
[2023-03-22T14:46:11.238] [INFO] default - Updating cases...
[2023-03-22T14:46:16.256] [INFO] default - Updating cases...
[2023-03-22T14:46:21.268] [INFO] default - Updating cases...
[2023-03-22T14:46:26.285] [INFO] default - Updating cases...
[2023-03-22T14:46:31.298] [INFO] default - Updating cases...
[2023-03-22T14:46:36.313] [INFO] default - Updating cases...
[2023-03-22T14:46:41.331] [INFO] default - Updating cases...
[2023-03-22T14:46:46.339] [INFO] default - Updating cases...
[2023-03-22T14:46:51.344] [INFO] default - Updating cases...
[2023-03-22T14:46:56.355] [INFO] default - Updating cases...
[2023-03-22T14:47:01.372] [INFO] default - Updating cases...
[2023-03-22T14:47:06.385] [INFO] default - Updating cases...
[2023-03-22T14:47:11.399] [INFO] default - Updating cases...
[2023-03-22T14:47:16.419] [INFO] default - Updating cases...
[2023-03-22T14:47:21.436] [INFO] default - Updating cases...
[2023-03-22T14:47:26.456] [INFO] default - Updating cases...
[2023-03-22T14:47:31.475] [INFO] default - Updating cases...
[2023-03-22T14:47:36.491] [INFO] default - Updating cases...
[2023-03-22T14:47:41.506] [INFO] default - Updating cases...
[2023-03-22T14:47:46.511] [INFO] default - Updating cases...
[2023-03-22T14:47:51.520] [INFO] default - Updating cases...
[2023-03-22T14:47:56.536] [INFO] default - Updating cases...
[2023-03-22T14:48:01.549] [INFO] default - Updating cases...
[2023-03-22T14:48:06.559] [INFO] default - Updating cases...
[2023-03-22T14:48:11.570] [INFO] default - Updating cases...
[2023-03-22T14:48:16.585] [INFO] default - Updating cases...
[2023-03-22T14:48:21.601] [INFO] default - Updating cases...
[2023-03-22T14:48:26.620] [INFO] default - Updating cases...
[2023-03-22T14:48:31.625] [INFO] default - Updating cases...
[2023-03-22T14:48:36.633] [INFO] default - Updating cases...
[2023-03-22T14:48:41.649] [INFO] default - Updating cases...
[2023-03-22T14:48:46.668] [INFO] default - Updating cases...
[2023-03-22T14:48:51.674] [INFO] default - Updating cases...
[2023-03-22T14:48:56.688] [INFO] default - Updating cases...
[2023-03-22T14:49:01.709] [INFO] default - Updating cases...
[2023-03-22T14:49:06.714] [INFO] default - Updating cases...
[2023-03-22T14:49:11.724] [INFO] default - Updating cases...
[2023-03-22T14:49:16.734] [INFO] default - Updating cases...
[2023-03-22T14:49:21.755] [INFO] default - Updating cases...
[2023-03-22T14:49:26.766] [INFO] default - Updating cases...
[2023-03-22T14:49:31.786] [INFO] default - Updating cases...
[2023-03-22T14:49:36.803] [INFO] default - Updating cases...
[2023-03-22T14:49:41.815] [INFO] default - Updating cases...
[2023-03-22T14:49:46.830] [INFO] default - Updating cases...
[2023-03-22T14:49:51.839] [INFO] default - Updating cases...
[2023-03-22T14:49:56.857] [INFO] default - Updating cases...
[2023-03-22T14:50:01.865] [INFO] default - Updating cases...
[2023-03-22T14:50:06.872] [INFO] default - Updating cases...
[2023-03-22T14:50:11.883] [INFO] default - Updating cases...
[2023-03-22T14:50:16.900] [INFO] default - Updating cases...
[2023-03-22T14:50:21.909] [INFO] default - Updating cases...
[2023-03-22T14:50:26.917] [INFO] default - Updating cases...
[2023-03-22T14:50:31.933] [INFO] default - Updating cases...
[2023-03-22T14:50:36.941] [INFO] default - Updating cases...
[2023-03-22T14:50:41.959] [INFO] default - Updating cases...
[2023-03-22T14:50:46.980] [INFO] default - Updating cases...
[2023-03-22T14:50:51.998] [INFO] default - Updating cases...
[2023-03-22T14:50:57.011] [INFO] default - Updating cases...
[2023-03-22T14:51:02.022] [INFO] default - Updating cases...
[2023-03-22T14:51:07.039] [INFO] default - Updating cases...
[2023-03-22T14:51:12.045] [INFO] default - Updating cases...
[2023-03-22T14:51:17.057] [INFO] default - Updating cases...
[2023-03-22T14:51:22.067] [INFO] default - Updating cases...
[2023-03-22T14:51:27.077] [INFO] default - Updating cases...
[2023-03-22T14:51:32.096] [INFO] default - Updating cases...
[2023-03-22T14:51:37.115] [INFO] default - Updating cases...
[2023-03-22T14:51:42.127] [INFO] default - Updating cases...
[2023-03-22T14:51:47.135] [INFO] default - Updating cases...
[2023-03-22T14:51:52.141] [INFO] default - Updating cases...
[2023-03-22T14:51:57.156] [INFO] default - Updating cases...
[2023-03-22T14:52:02.178] [INFO] default - Updating cases...
[2023-03-22T14:52:07.189] [INFO] default - Updating cases...
[2023-03-22T14:52:12.204] [INFO] default - Updating cases...
[2023-03-22T14:52:17.213] [INFO] default - Updating cases...
[2023-03-22T14:52:22.228] [INFO] default - Updating cases...
[2023-03-22T14:52:27.249] [INFO] default - Updating cases...
[2023-03-22T14:52:32.268] [INFO] default - Updating cases...
[2023-03-22T14:52:37.278] [INFO] default - Updating cases...
[2023-03-22T14:52:42.299] [INFO] default - Updating cases...
[2023-03-22T14:52:47.316] [INFO] default - Updating cases...
[2023-03-22T14:52:52.325] [INFO] default - Updating cases...
[2023-03-22T14:52:57.335] [INFO] default - Updating cases...
[2023-03-22T14:53:02.344] [INFO] default - Updating cases...
[2023-03-22T14:53:07.351] [INFO] default - Updating cases...
[2023-03-22T14:53:12.374] [INFO] default - Updating cases...
[2023-03-22T14:53:17.387] [INFO] default - Updating cases...
[2023-03-22T14:53:22.397] [INFO] default - Updating cases...
[2023-03-22T14:53:27.413] [INFO] default - Updating cases...
[2023-03-22T14:53:32.418] [INFO] default - Updating cases...
[2023-03-22T14:53:37.427] [INFO] default - Updating cases...
[2023-03-22T14:53:42.445] [INFO] default - Updating cases...
[2023-03-22T14:53:47.460] [INFO] default - Updating cases...
[2023-03-22T14:53:53.503] [INFO] default - Updating cases...
[2023-03-22T14:53:58.512] [INFO] default - Updating cases...
[2023-03-22T14:54:03.522] [INFO] default - Updating cases...
[2023-03-22T14:54:08.542] [INFO] default - Updating cases...
[2023-03-22T14:54:13.557] [INFO] default - Updating cases...
[2023-03-22T14:54:18.569] [INFO] default - Updating cases...
[2023-03-22T14:54:23.587] [INFO] default - Updating cases...
[2023-03-22T14:54:28.597] [INFO] default - Updating cases...
[2023-03-22T14:54:33.600] [INFO] default - Updating cases...
[2023-03-22T14:54:38.608] [INFO] default - Updating cases...
[2023-03-22T14:54:43.618] [INFO] default - Updating cases...
[2023-03-22T14:54:48.624] [INFO] default - Updating cases...
[2023-03-22T14:54:53.642] [INFO] default - Updating cases...
[2023-03-22T14:54:58.658] [INFO] default - Updating cases...
[2023-03-22T14:55:03.667] [INFO] default - Updating cases...
[2023-03-22T14:55:08.684] [INFO] default - Updating cases...
[2023-03-22T14:55:13.690] [INFO] default - Updating cases...
[2023-03-22T14:55:18.704] [INFO] default - Updating cases...
[2023-03-22T14:55:23.711] [INFO] default - Updating cases...
[2023-03-22T14:55:28.723] [INFO] default - Updating cases...
[2023-03-22T14:55:33.735] [INFO] default - Updating cases...
[2023-03-22T14:55:38.743] [INFO] default - Updating cases...
[2023-03-22T14:55:43.752] [INFO] default - Updating cases...
[2023-03-22T14:55:48.760] [INFO] default - Updating cases...
[2023-03-22T14:55:53.765] [INFO] default - Updating cases...
[2023-03-22T14:55:58.774] [INFO] default - Updating cases...
[2023-03-22T14:56:03.790] [INFO] default - Updating cases...
[2023-03-22T14:56:08.805] [INFO] default - Updating cases...
[2023-03-22T14:56:13.820] [INFO] default - Updating cases...
[2023-03-22T14:56:18.827] [INFO] default - Updating cases...
[2023-03-22T14:56:23.846] [INFO] default - Updating cases...
[2023-03-22T14:56:28.851] [INFO] default - Updating cases...
[2023-03-22T14:56:33.865] [INFO] default - Updating cases...
[2023-03-22T14:56:38.881] [INFO] default - Updating cases...
[2023-03-22T14:56:43.889] [INFO] default - Updating cases...
[2023-03-22T14:56:48.910] [INFO] default - Updating cases...
[2023-03-22T14:56:53.928] [INFO] default - Updating cases...
[2023-03-22T14:56:58.942] [INFO] default - Updating cases...
[2023-03-22T14:57:03.952] [INFO] default - Updating cases...
[2023-03-22T14:57:08.962] [INFO] default - Updating cases...
[2023-03-22T14:57:13.972] [INFO] default - Updating cases...
[2023-03-22T14:57:18.981] [INFO] default - Updating cases...
[2023-03-22T14:57:23.991] [INFO] default - Updating cases...
[2023-03-22T14:57:29.000] [INFO] default - Updating cases...
[2023-03-22T14:57:34.013] [INFO] default - Updating cases...
[2023-03-22T14:57:39.028] [INFO] default - Updating cases...
[2023-03-22T14:57:44.033] [INFO] default - Updating cases...
[2023-03-22T14:57:49.040] [INFO] default - Updating cases...
[2023-03-22T14:57:54.055] [INFO] default - Updating cases...
[2023-03-22T14:57:59.064] [INFO] default - Updating cases...
[2023-03-22T14:58:04.081] [INFO] default - Updating cases...
[2023-03-22T14:58:09.098] [INFO] default - Updating cases...
[2023-03-22T14:58:14.107] [INFO] default - Updating cases...
[2023-03-22T14:58:19.115] [INFO] default - Updating cases...
[2023-03-22T14:58:24.123] [INFO] default - Updating cases...
[2023-03-22T14:58:29.150] [INFO] default - Updating cases...
[2023-03-22T14:58:34.157] [INFO] default - Updating cases...
[2023-03-22T14:58:39.173] [INFO] default - Updating cases...
[2023-03-22T14:58:44.178] [INFO] default - Updating cases...
[2023-03-22T14:58:49.191] [INFO] default - Updating cases...
[2023-03-22T14:58:54.202] [INFO] default - Updating cases...
[2023-03-22T14:58:59.299] [INFO] default - Updating cases...
[2023-03-22T14:59:04.316] [INFO] default - Updating cases...
[2023-03-22T14:59:09.329] [INFO] default - Updating cases...
[2023-03-22T14:59:14.350] [INFO] default - Updating cases...
[2023-03-22T14:59:19.369] [INFO] default - Updating cases...
[2023-03-22T14:59:24.380] [INFO] default - Updating cases...
[2023-03-22T14:59:29.397] [INFO] default - Updating cases...
[2023-03-22T14:59:34.411] [INFO] default - Updating cases...
[2023-03-22T14:59:39.417] [INFO] default - Updating cases...
[2023-03-22T14:59:44.423] [INFO] default - Updating cases...
[2023-03-22T14:59:49.428] [INFO] default - Updating cases...
[2023-03-22T14:59:54.443] [INFO] default - Updating cases...
[2023-03-22T14:59:59.451] [INFO] default - Updating cases...
[2023-03-22T15:00:04.455] [INFO] default - Updating cases...
[2023-03-22T15:00:09.466] [INFO] default - Updating cases...
[2023-03-22T15:00:14.479] [INFO] default - Updating cases...
[2023-03-22T15:00:19.493] [INFO] default - Updating cases...
[2023-03-22T15:00:24.500] [INFO] default - Updating cases...
[2023-03-22T15:00:29.509] [INFO] default - Updating cases...
[2023-03-22T15:00:34.522] [INFO] default - Updating cases...
[2023-03-22T15:00:39.534] [INFO] default - Updating cases...
[2023-03-22T15:00:44.549] [INFO] default - Updating cases...
[2023-03-22T15:00:49.564] [INFO] default - Updating cases...
[2023-03-22T15:00:54.575] [INFO] default - Updating cases...
[2023-03-22T15:00:59.596] [INFO] default - Updating cases...
[2023-03-22T15:01:04.605] [INFO] default - Updating cases...
[2023-03-22T15:01:09.618] [INFO] default - Updating cases...
[2023-03-22T15:01:14.629] [INFO] default - Updating cases...
[2023-03-22T15:01:19.645] [INFO] default - Updating cases...
[2023-03-22T15:01:24.653] [INFO] default - Updating cases...
[2023-03-22T15:01:29.660] [INFO] default - Updating cases...
[2023-03-22T15:01:34.672] [INFO] default - Updating cases...
[2023-03-22T15:01:39.681] [INFO] default - Updating cases...
[2023-03-22T15:01:44.685] [INFO] default - Updating cases...
[2023-03-22T15:01:49.695] [INFO] default - Updating cases...
[2023-03-22T15:01:54.703] [INFO] default - Updating cases...
[2023-03-22T15:01:59.718] [INFO] default - Updating cases...
[2023-03-22T15:02:04.725] [INFO] default - Updating cases...
[2023-03-22T15:02:09.741] [INFO] default - Updating cases...
[2023-03-22T15:02:14.751] [INFO] default - Updating cases...
[2023-03-22T15:02:19.775] [INFO] default - Updating cases...
[2023-03-22T15:02:24.793] [INFO] default - Updating cases...
[2023-03-22T15:02:29.803] [INFO] default - Updating cases...
[2023-03-22T15:02:34.817] [INFO] default - Updating cases...
[2023-03-22T15:02:39.833] [INFO] default - Updating cases...
[2023-03-22T15:02:44.856] [INFO] default - Updating cases...
[2023-03-22T15:02:49.869] [INFO] default - Updating cases...
[2023-03-22T15:02:54.885] [INFO] default - Updating cases...
[2023-03-22T15:02:59.896] [INFO] default - Updating cases...
[2023-03-22T15:03:04.905] [INFO] default - Updating cases...
[2023-03-22T15:03:09.926] [INFO] default - Updating cases...
[2023-03-22T15:03:14.939] [INFO] default - Updating cases...
[2023-03-22T15:03:19.955] [INFO] default - Updating cases...
[2023-03-22T15:03:24.969] [INFO] default - Updating cases...
[2023-03-22T15:03:29.982] [INFO] default - Updating cases...
[2023-03-22T15:03:34.997] [INFO] default - Updating cases...
[2023-03-22T15:03:40.017] [INFO] default - Updating cases...
[2023-03-22T15:03:45.024] [INFO] default - Updating cases...
[2023-03-22T15:03:50.043] [INFO] default - Updating cases...
[2023-03-22T15:03:55.056] [INFO] default - Updating cases...
[2023-03-22T15:04:00.065] [INFO] default - Updating cases...
[2023-03-22T15:04:05.084] [INFO] default - Updating cases...
[2023-03-22T15:04:10.099] [INFO] default - Updating cases...
[2023-03-22T15:04:15.118] [INFO] default - Updating cases...
[2023-03-22T15:04:20.123] [INFO] default - Updating cases...
[2023-03-22T15:04:25.138] [INFO] default - Updating cases...
[2023-03-22T15:04:30.144] [INFO] default - Updating cases...
[2023-03-22T15:04:35.155] [INFO] default - Updating cases...
[2023-03-22T15:04:40.180] [INFO] default - Updating cases...
[2023-03-22T15:04:45.196] [INFO] default - Updating cases...
[2023-03-22T15:04:50.201] [INFO] default - Updating cases...
[2023-03-22T15:04:55.211] [INFO] default - Updating cases...
[2023-03-22T15:05:00.221] [INFO] default - Updating cases...
[2023-03-22T15:05:05.231] [INFO] default - Updating cases...
[2023-03-22T15:05:10.246] [INFO] default - Updating cases...
[2023-03-22T15:05:15.253] [INFO] default - Updating cases...
[2023-03-22T15:05:20.270] [INFO] default - Updating cases...
[2023-03-22T15:05:25.288] [INFO] default - Updating cases...
[2023-03-22T15:05:30.296] [INFO] default - Updating cases...
[2023-03-22T15:05:35.316] [INFO] default - Updating cases...
[2023-03-22T15:05:40.337] [INFO] default - Updating cases...
[2023-03-22T15:05:45.349] [INFO] default - Updating cases...
[2023-03-22T15:05:50.370] [INFO] default - Updating cases...
[2023-03-22T15:05:55.381] [INFO] default - Updating cases...
[2023-03-22T15:06:00.398] [INFO] default - Updating cases...
[2023-03-22T15:06:05.411] [INFO] default - Updating cases...
[2023-03-22T15:06:10.428] [INFO] default - Updating cases...
[2023-03-22T15:06:15.448] [INFO] default - Updating cases...
[2023-03-22T15:06:20.457] [INFO] default - Updating cases...
[2023-03-22T15:06:25.468] [INFO] default - Updating cases...
[2023-03-22T15:06:30.481] [INFO] default - Updating cases...
[2023-03-22T15:06:35.501] [INFO] default - Updating cases...
[2023-03-22T15:06:40.529] [INFO] default - Updating cases...
[2023-03-22T15:06:45.537] [INFO] default - Updating cases...
[2023-03-22T15:06:50.546] [INFO] default - Updating cases...
[2023-03-22T15:06:55.565] [INFO] default - Updating cases...
[2023-03-22T15:07:00.575] [INFO] default - Updating cases...
[2023-03-22T15:07:05.593] [INFO] default - Updating cases...
[2023-03-22T15:07:10.604] [INFO] default - Updating cases...
[2023-03-22T15:07:15.617] [INFO] default - Updating cases...
[2023-03-22T15:07:20.629] [INFO] default - Updating cases...
[2023-03-22T15:07:25.638] [INFO] default - Updating cases...
[2023-03-22T15:07:30.650] [INFO] default - Updating cases...
[2023-03-22T15:07:35.662] [INFO] default - Updating cases...
[2023-03-22T15:07:40.682] [INFO] default - Updating cases...
[2023-03-22T15:07:45.688] [INFO] default - Updating cases...
[2023-03-22T15:07:50.708] [INFO] default - Updating cases...
[2023-03-22T15:07:55.723] [INFO] default - Updating cases...
[2023-03-22T15:08:00.738] [INFO] default - Updating cases...
[2023-03-22T15:08:05.744] [INFO] default - Updating cases...
[2023-03-22T15:08:10.758] [INFO] default - Updating cases...
[2023-03-22T15:08:15.768] [INFO] default - Updating cases...
[2023-03-22T15:08:20.781] [INFO] default - Updating cases...
[2023-03-22T15:08:25.800] [INFO] default - Updating cases...
[2023-03-22T15:08:30.817] [INFO] default - Updating cases...
[2023-03-22T15:08:35.828] [INFO] default - Updating cases...
[2023-03-22T15:08:40.850] [INFO] default - Updating cases...
[2023-03-22T15:08:45.863] [INFO] default - Updating cases...
[2023-03-22T15:08:50.872] [INFO] default - Updating cases...
[2023-03-22T15:08:55.883] [INFO] default - Updating cases...
[2023-03-22T15:09:00.902] [INFO] default - Updating cases...
[2023-03-22T15:09:05.918] [INFO] default - Updating cases...
[2023-03-22T15:09:10.934] [INFO] default - Updating cases...
[2023-03-22T15:09:15.944] [INFO] default - Updating cases...
[2023-03-22T15:09:20.963] [INFO] default - Updating cases...
[2023-03-22T15:09:25.982] [INFO] default - Updating cases...
[2023-03-22T15:09:30.987] [INFO] default - Updating cases...
[2023-03-22T15:09:35.997] [INFO] default - Updating cases...
[2023-03-22T15:09:41.018] [INFO] default - Updating cases...
[2023-03-22T15:09:46.025] [INFO] default - Updating cases...
[2023-03-22T15:09:51.039] [INFO] default - Updating cases...
[2023-03-22T15:09:56.046] [INFO] default - Updating cases...
[2023-03-22T15:10:01.051] [INFO] default - Updating cases...
[2023-03-22T15:10:06.070] [INFO] default - Updating cases...
[2023-03-22T15:10:11.085] [INFO] default - Updating cases...
[2023-03-22T15:10:16.098] [INFO] default - Updating cases...
[2023-03-22T15:10:21.108] [INFO] default - Updating cases...
[2023-03-22T15:10:26.116] [INFO] default - Updating cases...
[2023-03-22T15:10:31.124] [INFO] default - Updating cases...
[2023-03-22T15:10:36.130] [INFO] default - Updating cases...
[2023-03-22T15:10:41.156] [INFO] default - Updating cases...
[2023-03-22T15:10:46.164] [INFO] default - Updating cases...
[2023-03-22T15:10:51.171] [INFO] default - Updating cases...
[2023-03-22T15:10:56.179] [INFO] default - Updating cases...
[2023-03-22T15:11:01.187] [INFO] default - Updating cases...
[2023-03-22T15:11:06.205] [INFO] default - Updating cases...
[2023-03-22T15:11:11.211] [INFO] default - Updating cases...
[2023-03-22T15:11:16.221] [INFO] default - Updating cases...
[2023-03-22T15:11:21.228] [INFO] default - Updating cases...
[2023-03-22T15:11:26.242] [INFO] default - Updating cases...
[2023-03-22T15:11:31.254] [INFO] default - Updating cases...
[2023-03-22T15:11:36.264] [INFO] default - Updating cases...
[2023-03-22T15:11:41.281] [INFO] default - Updating cases...
[2023-03-22T15:11:46.292] [INFO] default - Updating cases...
[2023-03-22T15:11:51.302] [INFO] default - Updating cases...
[2023-03-22T15:11:56.321] [INFO] default - Updating cases...
[2023-03-22T15:12:01.334] [INFO] default - Updating cases...
[2023-03-22T15:12:06.341] [INFO] default - Updating cases...
[2023-03-22T15:12:11.352] [INFO] default - Updating cases...
[2023-03-22T15:12:16.368] [INFO] default - Updating cases...
[2023-03-22T15:12:21.380] [INFO] default - Updating cases...
[2023-03-22T15:12:26.394] [INFO] default - Updating cases...
[2023-03-22T15:12:31.404] [INFO] default - Updating cases...
[2023-03-22T15:12:36.411] [INFO] default - Updating cases...
[2023-03-22T15:12:41.430] [INFO] default - Updating cases...
[2023-03-22T15:12:46.450] [INFO] default - Updating cases...
[2023-03-22T15:12:51.464] [INFO] default - Updating cases...
[2023-03-22T15:12:56.485] [INFO] default - Updating cases...
[2023-03-22T15:13:01.502] [INFO] default - Updating cases...
[2023-03-22T15:13:06.510] [INFO] default - Updating cases...
[2023-03-22T15:13:11.530] [INFO] default - Updating cases...
[2023-03-22T15:13:16.538] [INFO] default - Updating cases...
[2023-03-22T15:13:21.552] [INFO] default - Updating cases...
[2023-03-22T15:13:26.562] [INFO] default - Updating cases...
[2023-03-22T15:13:31.575] [INFO] default - Updating cases...
[2023-03-22T15:13:36.582] [INFO] default - Updating cases...
[2023-03-22T15:13:41.597] [INFO] default - Updating cases...
[2023-03-22T15:13:46.609] [INFO] default - Updating cases...
[2023-03-22T15:13:51.621] [INFO] default - Updating cases...
[2023-03-22T15:13:56.641] [INFO] default - Updating cases...
[2023-03-22T15:14:01.658] [INFO] default - Updating cases...
[2023-03-22T15:14:06.666] [INFO] default - Updating cases...
[2023-03-22T15:14:11.679] [INFO] default - Updating cases...
[2023-03-22T15:14:16.688] [INFO] default - Updating cases...
[2023-03-22T15:14:21.698] [INFO] default - Updating cases...
[2023-03-22T15:14:26.714] [INFO] default - Updating cases...
[2023-03-22T15:14:31.728] [INFO] default - Updating cases...
[2023-03-22T15:14:36.739] [INFO] default - Updating cases...
[2023-03-22T15:14:41.764] [INFO] default - Updating cases...
[2023-03-22T15:14:46.785] [INFO] default - Updating cases...
[2023-03-22T15:14:51.802] [INFO] default - Updating cases...
[2023-03-22T15:14:56.812] [INFO] default - Updating cases...
[2023-03-22T15:15:01.828] [INFO] default - Updating cases...
[2023-03-22T15:15:06.842] [INFO] default - Updating cases...
[2023-03-22T15:15:11.861] [INFO] default - Updating cases...
[2023-03-22T15:15:16.869] [INFO] default - Updating cases...
[2023-03-22T15:15:21.880] [INFO] default - Updating cases...
[2023-03-22T15:15:26.901] [INFO] default - Updating cases...
[2023-03-22T15:15:31.909] [INFO] default - Updating cases...
[2023-03-22T15:15:36.920] [INFO] default - Updating cases...
[2023-03-22T15:15:41.950] [INFO] default - Updating cases...
[2023-03-22T15:15:46.957] [INFO] default - Updating cases...
[2023-03-22T15:15:51.971] [INFO] default - Updating cases...
[2023-03-22T15:15:56.979] [INFO] default - Updating cases...
[2023-03-22T15:16:01.994] [INFO] default - Updating cases...
[2023-03-22T15:16:07.004] [INFO] default - Updating cases...
[2023-03-22T15:16:12.011] [INFO] default - Updating cases...
[2023-03-22T15:16:17.031] [INFO] default - Updating cases...
[2023-03-22T15:16:22.043] [INFO] default - Updating cases...
[2023-03-22T15:16:27.050] [INFO] default - Updating cases...
[2023-03-22T15:16:32.056] [INFO] default - Updating cases...
[2023-03-22T15:16:37.062] [INFO] default - Updating cases...
[2023-03-22T15:16:42.078] [INFO] default - Updating cases...
[2023-03-22T15:16:47.100] [INFO] default - Updating cases...
[2023-03-22T15:16:52.114] [INFO] default - Updating cases...
[2023-03-22T15:16:57.121] [INFO] default - Updating cases...
[2023-03-22T15:17:02.135] [INFO] default - Updating cases...
[2023-03-22T15:17:07.144] [INFO] default - Updating cases...
[2023-03-22T15:17:12.155] [INFO] default - Updating cases...
[2023-03-22T15:17:17.159] [INFO] default - Updating cases...
[2023-03-22T15:17:22.165] [INFO] default - Updating cases...
[2023-03-22T15:17:27.179] [INFO] default - Updating cases...
[2023-03-22T15:17:32.198] [INFO] default - Updating cases...
[2023-03-22T15:17:37.208] [INFO] default - Updating cases...
[2023-03-22T15:17:42.235] [INFO] default - Updating cases...
[2023-03-22T15:17:47.255] [INFO] default - Updating cases...
[2023-03-22T15:17:52.266] [INFO] default - Updating cases...
[2023-03-22T15:17:57.272] [INFO] default - Updating cases...
[2023-03-22T15:18:02.281] [INFO] default - Updating cases...
[2023-03-22T15:18:07.301] [INFO] default - Updating cases...
[2023-03-22T15:18:12.313] [INFO] default - Updating cases...
[2023-03-22T15:18:17.331] [INFO] default - Updating cases...
[2023-03-22T15:18:22.349] [INFO] default - Updating cases...
[2023-03-22T15:18:27.367] [INFO] default - Updating cases...
[2023-03-22T15:18:32.373] [INFO] default - Updating cases...
[2023-03-22T15:18:37.384] [INFO] default - Updating cases...
[2023-03-22T15:18:42.400] [INFO] default - Updating cases...
[2023-03-22T15:18:47.416] [INFO] default - Updating cases...
[2023-03-22T15:18:52.433] [INFO] default - Updating cases...
[2023-03-22T15:18:57.448] [INFO] default - Updating cases...
[2023-03-22T15:19:02.455] [INFO] default - Updating cases...
[2023-03-22T15:19:07.461] [INFO] default - Updating cases...
[2023-03-22T15:19:12.466] [INFO] default - Updating cases...
[2023-03-22T15:19:17.481] [INFO] default - Updating cases...
[2023-03-22T15:19:22.494] [INFO] default - Updating cases...
[2023-03-22T15:19:27.504] [INFO] default - Updating cases...
[2023-03-22T15:19:32.514] [INFO] default - Updating cases...
[2023-03-22T15:19:37.521] [INFO] default - Updating cases...
[2023-03-22T15:19:42.539] [INFO] default - Updating cases...
[2023-03-22T15:19:47.549] [INFO] default - Updating cases...
[2023-03-22T15:19:52.553] [INFO] default - Updating cases...
[2023-03-22T15:19:57.561] [INFO] default - Updating cases...
[2023-03-22T15:20:02.571] [INFO] default - Updating cases...
[2023-03-22T15:20:07.584] [INFO] default - Updating cases...
[2023-03-22T15:20:12.604] [INFO] default - Updating cases...
[2023-03-22T15:20:17.618] [INFO] default - Updating cases...
[2023-03-22T15:20:22.636] [INFO] default - Updating cases...
[2023-03-22T15:20:27.652] [INFO] default - Updating cases...
[2023-03-22T15:20:32.676] [INFO] default - Updating cases...
[2023-03-22T15:20:37.701] [INFO] default - Updating cases...
[2023-03-22T15:20:42.716] [INFO] default - Updating cases...
[2023-03-22T15:20:47.722] [INFO] default - Updating cases...
[2023-03-22T15:20:52.733] [INFO] default - Updating cases...
[2023-03-22T15:20:57.751] [INFO] default - Updating cases...
[2023-03-22T15:21:02.765] [INFO] default - Updating cases...
[2023-03-22T15:21:07.776] [INFO] default - Updating cases...
[2023-03-22T15:21:12.795] [INFO] default - Updating cases...
[2023-03-22T15:21:17.807] [INFO] default - Updating cases...
[2023-03-22T15:21:22.821] [INFO] default - Updating cases...
[2023-03-22T15:21:27.836] [INFO] default - Updating cases...
[2023-03-22T15:21:32.847] [INFO] default - Updating cases...
[2023-03-22T15:21:37.855] [INFO] default - Updating cases...
[2023-03-22T15:21:42.875] [INFO] default - Updating cases...
[2023-03-22T15:21:47.891] [INFO] default - Updating cases...
[2023-03-22T15:21:52.900] [INFO] default - Updating cases...
[2023-03-22T15:21:57.909] [INFO] default - Updating cases...
[2023-03-22T15:22:02.913] [INFO] default - Updating cases...
[2023-03-22T15:22:07.918] [INFO] default - Updating cases...
[2023-03-22T15:22:12.929] [INFO] default - Updating cases...
[2023-03-22T15:22:17.947] [INFO] default - Updating cases...
[2023-03-22T15:22:23.118] [INFO] default - Updating cases...
[2023-03-22T15:22:28.139] [INFO] default - Updating cases...
[2023-03-22T15:22:33.153] [INFO] default - Updating cases...
[2023-03-22T15:22:38.166] [INFO] default - Updating cases...
[2023-03-22T15:22:43.185] [INFO] default - Updating cases...
[2023-03-22T15:22:48.188] [INFO] default - Updating cases...
[2023-03-22T15:22:53.204] [INFO] default - Updating cases...
[2023-03-22T15:22:58.214] [INFO] default - Updating cases...
[2023-03-22T15:23:03.226] [INFO] default - Updating cases...
[2023-03-22T15:23:08.234] [INFO] default - Updating cases...
[2023-03-22T15:23:13.244] [INFO] default - Updating cases...
[2023-03-22T15:23:18.258] [INFO] default - Updating cases...
[2023-03-22T15:23:23.275] [INFO] default - Updating cases...
[2023-03-22T15:23:28.294] [INFO] default - Updating cases...
[2023-03-22T15:23:33.308] [INFO] default - Updating cases...
[2023-03-22T15:23:38.321] [INFO] default - Updating cases...
[2023-03-22T15:23:43.340] [INFO] default - Updating cases...
[2023-03-22T15:23:48.414] [INFO] default - Updating cases...
[2023-03-22T15:23:53.438] [INFO] default - Updating cases...
[2023-03-22T15:23:58.443] [INFO] default - Updating cases...
[2023-03-22T15:24:03.455] [INFO] default - Updating cases...
[2023-03-22T15:24:08.461] [INFO] default - Updating cases...
[2023-03-22T15:24:13.477] [INFO] default - Updating cases...
[2023-03-22T15:24:18.497] [INFO] default - Updating cases...
[2023-03-22T15:24:23.516] [INFO] default - Updating cases...
[2023-03-22T15:24:28.525] [INFO] default - Updating cases...
[2023-03-22T15:24:33.536] [INFO] default - Updating cases...
[2023-03-22T15:24:38.542] [INFO] default - Updating cases...
[2023-03-22T15:24:43.571] [INFO] default - Updating cases...
[2023-03-22T15:24:48.580] [INFO] default - Updating cases...
[2023-03-22T15:24:53.588] [INFO] default - Updating cases...
[2023-03-22T15:24:58.602] [INFO] default - Updating cases...
[2023-03-22T15:25:03.623] [INFO] default - Updating cases...
[2023-03-22T15:25:08.633] [INFO] default - Updating cases...
[2023-03-22T15:25:13.642] [INFO] default - Updating cases...
[2023-03-22T15:25:18.655] [INFO] default - Updating cases...
[2023-03-22T15:25:23.678] [INFO] default - Updating cases...
[2023-03-22T15:25:28.685] [INFO] default - Updating cases...
[2023-03-22T15:25:33.704] [INFO] default - Updating cases...
[2023-03-22T15:25:38.726] [INFO] default - Updating cases...
[2023-03-22T15:25:43.747] [INFO] default - Updating cases...
[2023-03-22T15:25:48.755] [INFO] default - Updating cases...
[2023-03-22T15:25:53.774] [INFO] default - Updating cases...
[2023-03-22T15:25:58.792] [INFO] default - Updating cases...
[2023-03-22T15:26:03.819] [INFO] default - Updating cases...
[2023-03-22T15:26:08.829] [INFO] default - Updating cases...
[2023-03-22T15:26:13.841] [INFO] default - Updating cases...
[2023-03-22T15:26:18.855] [INFO] default - Updating cases...
[2023-03-22T15:26:23.871] [INFO] default - Updating cases...
[2023-03-22T15:26:28.880] [INFO] default - Updating cases...
[2023-03-22T15:26:33.904] [INFO] default - Updating cases...
[2023-03-22T15:26:39.132] [INFO] default - Updating cases...
[2023-03-22T15:26:44.161] [INFO] default - Updating cases...
[2023-03-22T15:26:49.166] [INFO] default - Updating cases...
[2023-03-22T15:26:54.353] [INFO] default - Updating cases...
[2023-03-22T15:26:59.443] [INFO] default - Updating cases...
[2023-03-22T15:27:04.460] [INFO] default - Updating cases...
[2023-03-22T15:27:09.467] [INFO] default - Updating cases...
[2023-03-22T15:27:14.480] [INFO] default - Updating cases...
[2023-03-22T15:27:19.494] [INFO] default - Updating cases...
[2023-03-22T15:27:24.507] [INFO] default - Updating cases...
[2023-03-22T15:27:29.515] [INFO] default - Updating cases...
[2023-03-22T15:27:34.523] [INFO] default - Updating cases...
[2023-03-22T15:27:39.538] [INFO] default - Updating cases...
[2023-03-22T15:27:44.553] [INFO] default - Updating cases...
[2023-03-22T15:27:49.565] [INFO] default - Updating cases...
[2023-03-22T15:27:54.573] [INFO] default - Updating cases...
[2023-03-22T15:27:59.581] [INFO] default - Updating cases...
[2023-03-22T15:28:04.589] [INFO] default - Updating cases...
[2023-03-22T15:28:09.607] [INFO] default - Updating cases...
[2023-03-22T15:28:14.624] [INFO] default - Updating cases...
[2023-03-22T15:28:19.633] [INFO] default - Updating cases...
[2023-03-22T15:28:24.649] [INFO] default - Updating cases...
[2023-03-22T15:28:29.664] [INFO] default - Updating cases...
[2023-03-22T15:28:34.676] [INFO] default - Updating cases...
[2023-03-22T15:28:39.681] [INFO] default - Updating cases...
[2023-03-22T15:28:44.703] [INFO] default - Updating cases...
[2023-03-22T15:28:49.709] [INFO] default - Updating cases...
[2023-03-22T15:28:54.715] [INFO] default - Updating cases...
[2023-03-22T15:28:59.721] [INFO] default - Updating cases...
[2023-03-22T15:29:04.736] [INFO] default - Updating cases...
[2023-03-22T15:29:09.747] [INFO] default - Updating cases...
[2023-03-22T15:29:14.757] [INFO] default - Updating cases...
[2023-03-22T15:29:19.778] [INFO] default - Updating cases...
[2023-03-22T15:29:24.785] [INFO] default - Updating cases...
[2023-03-22T15:29:29.792] [INFO] default - Updating cases...
[2023-03-22T15:29:34.808] [INFO] default - Updating cases...
[2023-03-22T15:29:39.829] [INFO] default - Updating cases...
[2023-03-22T15:29:44.857] [INFO] default - Updating cases...
[2023-03-22T15:29:49.871] [INFO] default - Updating cases...
[2023-03-22T15:29:54.879] [INFO] default - Updating cases...
[2023-03-22T15:29:59.887] [INFO] default - Updating cases...
[2023-03-22T15:30:04.900] [INFO] default - Updating cases...
[2023-03-22T15:30:09.926] [INFO] default - Updating cases...
[2023-03-22T15:30:14.933] [INFO] default - Updating cases...
[2023-03-22T15:30:19.993] [INFO] default - Updating cases...
[2023-03-22T15:30:25.007] [INFO] default - Updating cases...
[2023-03-22T15:30:30.022] [INFO] default - Updating cases...
[2023-03-22T15:30:35.034] [INFO] default - Updating cases...
[2023-03-22T15:30:40.055] [INFO] default - Updating cases...
[2023-03-22T15:30:45.071] [INFO] default - Updating cases...
[2023-03-22T15:30:50.078] [INFO] default - Updating cases...
[2023-03-22T15:30:55.095] [INFO] default - Updating cases...
[2023-03-22T15:31:00.104] [INFO] default - Updating cases...
[2023-03-22T15:31:05.110] [INFO] default - Updating cases...
[2023-03-22T15:31:10.119] [INFO] default - Updating cases...
[2023-03-22T15:31:15.133] [INFO] default - Updating cases...
[2023-03-22T15:31:20.138] [INFO] default - Updating cases...
[2023-03-22T15:31:25.151] [INFO] default - Updating cases...
[2023-03-22T15:31:30.165] [INFO] default - Updating cases...
[2023-03-22T15:31:35.181] [INFO] default - Updating cases...
[2023-03-22T15:31:40.201] [INFO] default - Updating cases...
[2023-03-22T15:31:45.226] [INFO] default - Updating cases...
[2023-03-22T15:31:50.249] [INFO] default - Updating cases...
[2023-03-22T15:31:55.254] [INFO] default - Updating cases...
[2023-03-22T15:32:00.271] [INFO] default - Updating cases...
[2023-03-22T15:32:05.278] [INFO] default - Updating cases...
[2023-03-22T15:32:10.296] [INFO] default - Updating cases...
[2023-03-22T15:32:15.312] [INFO] default - Updating cases...
[2023-03-22T15:32:20.333] [INFO] default - Updating cases...
[2023-03-22T15:32:25.345] [INFO] default - Updating cases...
[2023-03-22T15:32:30.358] [INFO] default - Updating cases...
[2023-03-22T15:32:35.386] [INFO] default - Updating cases...
[2023-03-22T15:32:40.397] [INFO] default - Updating cases...
[2023-03-22T15:32:45.425] [INFO] default - Updating cases...
[2023-03-22T15:32:50.448] [INFO] default - Updating cases...
[2023-03-22T15:32:55.462] [INFO] default - Updating cases...
[2023-03-22T15:33:00.488] [INFO] default - Updating cases...
[2023-03-22T15:33:05.508] [INFO] default - Updating cases...
[2023-03-22T15:33:10.520] [INFO] default - Updating cases...
[2023-03-22T15:33:15.539] [INFO] default - Updating cases...
[2023-03-22T15:33:20.549] [INFO] default - Updating cases...
[2023-03-22T15:33:25.562] [INFO] default - Updating cases...
[2023-03-22T15:33:30.575] [INFO] default - Updating cases...
[2023-03-22T15:33:35.595] [INFO] default - Updating cases...
[2023-03-22T15:33:40.606] [INFO] default - Updating cases...
[2023-03-22T15:33:45.625] [INFO] default - Updating cases...
[2023-03-22T15:33:50.641] [INFO] default - Updating cases...
[2023-03-22T15:33:55.648] [INFO] default - Updating cases...
[2023-03-22T15:34:00.655] [INFO] default - Updating cases...
[2023-03-22T15:34:05.668] [INFO] default - Updating cases...
[2023-03-22T15:34:10.684] [INFO] default - Updating cases...
[2023-03-22T15:34:15.930] [INFO] default - Updating cases...
[2023-03-22T15:34:20.948] [INFO] default - Updating cases...
[2023-03-22T15:34:25.969] [INFO] default - Updating cases...
[2023-03-22T15:34:31.039] [INFO] default - Updating cases...
[2023-03-22T15:34:36.289] [INFO] default - Updating cases...
[2023-03-22T15:34:41.418] [INFO] default - Updating cases...
[2023-03-22T15:34:46.510] [INFO] default - Updating cases...
[2023-03-22T15:34:51.802] [INFO] default - Updating cases...
[2023-03-22T15:34:56.884] [INFO] default - Updating cases...
[2023-03-22T15:35:01.891] [INFO] default - Updating cases...
[2023-03-22T15:35:06.910] [INFO] default - Updating cases...
[2023-03-22T15:35:11.920] [INFO] default - Updating cases...
[2023-03-22T15:35:16.930] [INFO] default - Updating cases...
[2023-03-22T15:35:21.945] [INFO] default - Updating cases...
[2023-03-22T15:35:26.960] [INFO] default - Updating cases...
[2023-03-22T15:35:31.979] [INFO] default - Updating cases...
[2023-03-22T15:35:36.990] [INFO] default - Updating cases...
[2023-03-22T15:35:42.001] [INFO] default - Updating cases...
[2023-03-22T15:35:47.020] [INFO] default - Updating cases...
[2023-03-22T15:35:52.035] [INFO] default - Updating cases...
[2023-03-22T15:35:57.045] [INFO] default - Updating cases...
[2023-03-22T15:36:02.063] [INFO] default - Updating cases...
[2023-03-22T15:36:07.077] [INFO] default - Updating cases...
[2023-03-22T15:36:12.083] [INFO] default - Updating cases...
[2023-03-22T15:36:17.091] [INFO] default - Updating cases...
[2023-03-22T15:36:22.097] [INFO] default - Updating cases...
[2023-03-22T15:36:27.114] [INFO] default - Updating cases...
[2023-03-22T15:36:32.120] [INFO] default - Updating cases...
[2023-03-22T15:36:37.125] [INFO] default - Updating cases...
[2023-03-22T15:36:42.135] [INFO] default - Updating cases...
[2023-03-22T15:36:47.155] [INFO] default - Updating cases...
[2023-03-22T15:36:52.175] [INFO] default - Updating cases...
[2023-03-22T15:36:57.193] [INFO] default - Updating cases...
[2023-03-22T15:37:02.202] [INFO] default - Updating cases...
[2023-03-22T15:37:07.211] [INFO] default - Updating cases...
[2023-03-22T15:37:12.226] [INFO] default - Updating cases...
[2023-03-22T15:37:17.249] [INFO] default - Updating cases...
[2023-03-22T15:37:22.270] [INFO] default - Updating cases...
[2023-03-22T15:37:27.290] [INFO] default - Updating cases...
[2023-03-22T15:37:32.334] [INFO] default - Updating cases...
[2023-03-22T15:37:37.408] [INFO] default - Updating cases...
[2023-03-22T15:37:42.432] [INFO] default - Updating cases...
[2023-03-22T15:37:47.455] [INFO] default - Updating cases...
[2023-03-22T15:37:52.499] [INFO] default - Updating cases...
[2023-03-22T15:37:57.521] [INFO] default - Updating cases...
[2023-03-22T15:38:02.541] [INFO] default - Updating cases...
[2023-03-22T15:38:07.595] [INFO] default - Updating cases...
[2023-03-22T15:38:12.635] [INFO] default - Updating cases...
[2023-03-22T15:38:17.687] [INFO] default - Updating cases...
[2023-03-22T15:38:22.724] [INFO] default - Updating cases...
[2023-03-22T15:38:27.761] [INFO] default - Updating cases...
[2023-03-22T15:38:32.787] [INFO] default - Updating cases...
[2023-03-22T15:38:37.820] [INFO] default - Updating cases...
[2023-03-22T15:38:42.880] [INFO] default - Updating cases...
[2023-03-22T15:38:47.902] [INFO] default - Updating cases...
[2023-03-22T15:38:53.022] [INFO] default - Updating cases...
[2023-03-22T15:38:58.041] [INFO] default - Updating cases...
[2023-03-22T15:39:03.060] [INFO] default - Updating cases...
[2023-03-22T15:39:08.105] [INFO] default - Updating cases...
[2023-03-22T15:39:13.143] [INFO] default - Updating cases...
[2023-03-22T15:39:18.166] [INFO] default - Updating cases...
[2023-03-22T15:39:23.250] [INFO] default - Updating cases...
[2023-03-22T15:39:28.330] [INFO] default - Updating cases...
[2023-03-22T15:39:33.411] [INFO] default - Updating cases...
[2023-03-22T15:39:38.430] [INFO] default - Updating cases...
[2023-03-22T15:39:43.447] [INFO] default - Updating cases...
[2023-03-22T15:39:48.534] [INFO] default - Updating cases...
[2023-03-22T15:39:53.565] [INFO] default - Updating cases...
[2023-03-22T15:39:58.620] [INFO] default - Updating cases...
[2023-03-22T15:40:03.650] [INFO] default - Updating cases...
[2023-03-22T15:40:08.686] [INFO] default - Updating cases...
[2023-03-22T15:40:13.708] [INFO] default - Updating cases...
[2023-03-22T15:40:18.767] [INFO] default - Updating cases...
[2023-03-22T15:40:23.923] [INFO] default - Updating cases...
[2023-03-22T15:40:28.958] [INFO] default - Updating cases...
[2023-03-22T15:40:34.006] [INFO] default - Updating cases...
[2023-03-22T15:40:39.037] [INFO] default - Updating cases...
[2023-03-22T15:40:44.085] [INFO] default - Updating cases...
[2023-03-22T15:40:49.212] [INFO] default - Updating cases...
[2023-03-22T15:40:54.270] [INFO] default - Updating cases...
[2023-03-22T15:40:59.326] [INFO] default - Updating cases...
[2023-03-22T15:41:04.365] [INFO] default - Updating cases...
[2023-03-22T15:41:09.407] [INFO] default - Updating cases...
[2023-03-22T15:41:14.443] [INFO] default - Updating cases...
[2023-03-22T15:41:19.462] [INFO] default - Updating cases...
[2023-03-22T15:41:24.482] [INFO] default - Updating cases...
[2023-03-22T15:41:29.500] [INFO] default - Updating cases...
[2023-03-22T15:41:34.523] [INFO] default - Updating cases...
[2023-03-22T15:41:39.529] [INFO] default - Updating cases...
[2023-03-22T15:41:44.550] [INFO] default - Updating cases...
[2023-03-22T15:41:49.568] [INFO] default - Updating cases...
[2023-03-22T15:41:54.581] [INFO] default - Updating cases...
[2023-03-22T15:41:59.606] [INFO] default - Updating cases...
[2023-03-22T15:42:04.635] [INFO] default - Updating cases...
[2023-03-22T15:42:09.652] [INFO] default - Updating cases...
[2023-03-22T15:42:14.674] [INFO] default - Updating cases...
[2023-03-22T15:42:19.694] [INFO] default - Updating cases...
[2023-03-22T15:42:24.711] [INFO] default - Updating cases...
[2023-03-22T15:42:29.719] [INFO] default - Updating cases...
[2023-03-22T15:42:34.733] [INFO] default - Updating cases...
[2023-03-22T15:42:39.751] [INFO] default - Updating cases...
[2023-03-22T15:42:44.774] [INFO] default - Updating cases...
[2023-03-22T15:42:49.795] [INFO] default - Updating cases...
[2023-03-22T15:42:54.804] [INFO] default - Updating cases...
[2023-03-22T15:42:59.824] [INFO] default - Updating cases...
[2023-03-22T15:43:04.850] [INFO] default - Updating cases...
[2023-03-22T15:43:09.857] [INFO] default - Updating cases...
[2023-03-22T15:43:14.877] [INFO] default - Updating cases...
[2023-03-22T15:43:19.896] [INFO] default - Updating cases...
[2023-03-22T15:43:24.909] [INFO] default - Updating cases...
[2023-03-22T15:43:29.923] [INFO] default - Updating cases...
[2023-03-22T15:43:34.927] [INFO] default - Updating cases...
[2023-03-22T15:43:39.943] [INFO] default - Updating cases...
[2023-03-22T15:43:44.949] [INFO] default - Updating cases...
[2023-03-22T15:43:49.967] [INFO] default - Updating cases...
[2023-03-22T15:43:54.974] [INFO] default - Updating cases...
[2023-03-22T15:43:59.990] [INFO] default - Updating cases...
[2023-03-22T15:44:04.995] [INFO] default - Updating cases...
[2023-03-22T15:44:10.009] [INFO] default - Updating cases...
[2023-03-22T15:44:15.025] [INFO] default - Updating cases...
[2023-03-22T15:44:20.029] [INFO] default - Updating cases...
[2023-03-22T15:44:25.032] [INFO] default - Updating cases...
[2023-03-22T15:44:30.046] [INFO] default - Updating cases...
[2023-03-22T15:44:35.063] [INFO] default - Updating cases...
[2023-03-22T15:44:40.078] [INFO] default - Updating cases...
[2023-03-22T15:44:45.088] [INFO] default - Updating cases...
[2023-03-22T15:44:50.099] [INFO] default - Updating cases...
[2023-03-22T15:44:55.112] [INFO] default - Updating cases...
[2023-03-22T15:45:00.123] [INFO] default - Updating cases...
[2023-03-22T15:45:05.132] [INFO] default - Updating cases...
[2023-03-22T15:45:10.141] [INFO] default - Updating cases...
[2023-03-22T15:45:15.144] [INFO] default - Updating cases...
[2023-03-22T15:45:20.148] [INFO] default - Updating cases...
[2023-03-22T15:45:25.156] [INFO] default - Updating cases...
[2023-03-22T15:45:30.162] [INFO] default - Updating cases...
[2023-03-22T15:45:35.166] [INFO] default - Updating cases...
