[2023-03-23T15:37:16.965] [INFO] default - Logged in as Academia#0862
[2023-03-23T15:37:16.969] [INFO] default - Loading module WelcomeAndGoodbye.js
[2023-03-23T15:37:16.970] [INFO] default - Loading module Ban.js
[2023-03-23T15:37:16.972] [INFO] default - Loading module RelayHandler.js
[2023-03-23T15:37:16.973] [INFO] default - Loading module VerificationManager.js
[2023-03-23T15:37:16.975] [INFO] default - Loading command Ban.command.js
[2023-03-23T15:37:16.985] [INFO] default - Loaded command CHAT_INPUT_ban
[2023-03-23T15:37:16.987] [INFO] default - Loading command Cases.command.js
[2023-03-23T15:37:16.990] [INFO] default - Loaded command CHAT_INPUT_cases
[2023-03-23T15:37:16.991] [INFO] default - Loading command Kick.command.js
[2023-03-23T15:37:16.995] [INFO] default - Loaded command CHAT_INPUT_kick
[2023-03-23T15:37:16.996] [INFO] default - Loading command Mute.command.js
[2023-03-23T15:37:16.999] [INFO] default - Loaded command CHAT_INPUT_mute
[2023-03-23T15:37:17.000] [INFO] default - Loading command Reason.command.js
[2023-03-23T15:37:17.002] [INFO] default - Loaded command CHAT_INPUT_reason
[2023-03-23T15:37:17.003] [INFO] default - Loading command Unban.command.js
[2023-03-23T15:37:17.005] [INFO] default - Loaded command CHAT_INPUT_unban
[2023-03-23T15:37:17.006] [INFO] default - Loading command Unmute.command.js
[2023-03-23T15:37:17.009] [INFO] default - Loaded command CHAT_INPUT_unmute
[2023-03-23T15:37:17.011] [INFO] default - Loading command Warn.command.js
[2023-03-23T15:37:17.015] [INFO] default - Loaded command CHAT_INPUT_warn
[2023-03-23T15:37:17.017] [INFO] default - Loading command Ban.command.js
[2023-03-23T15:37:17.022] [INFO] default - Loaded command MESSAGE_CONTEXT_Ban
[2023-03-23T15:37:17.023] [INFO] default - Loading command Kick.command.js
[2023-03-23T15:37:17.028] [INFO] default - Loaded command MESSAGE_CONTEXT_Kick
[2023-03-23T15:37:17.029] [INFO] default - Loading command Mute.command.js
[2023-03-23T15:37:17.033] [INFO] default - Loaded command MESSAGE_CONTEXT_Mute
[2023-03-23T15:37:17.034] [INFO] default - Loading command Warn.command.js
[2023-03-23T15:37:17.036] [INFO] default - Loaded command MESSAGE_CONTEXT_Warn
[2023-03-23T15:37:17.038] [INFO] default - Loading command Ban.command.js
[2023-03-23T15:37:17.043] [INFO] default - Loaded command USER_CONTEXT_Ban
[2023-03-23T15:37:17.045] [INFO] default - Loading command Kick.command.js
[2023-03-23T15:37:17.048] [INFO] default - Loaded command USER_CONTEXT_Kick
[2023-03-23T15:37:17.049] [INFO] default - Loading command Mute.command.js
[2023-03-23T15:37:17.055] [INFO] default - Loaded command USER_CONTEXT_Mute
[2023-03-23T15:37:17.056] [INFO] default - Loading command Warn.command.js
[2023-03-23T15:37:17.058] [INFO] default - Loaded command USER_CONTEXT_Warn
[2023-03-23T15:37:17.059] [INFO] default - All modules and commands loaded
[2023-03-23T15:37:17.085] [INFO] default - Loading module Kick.js
[2023-03-23T15:37:17.085] [INFO] default - Loading module TicketManager.js
[2023-03-23T15:37:17.087] [INFO] default - Loading module Logging.js
[2023-03-23T15:37:17.089] [INFO] default - Loading module Mute.js
[2023-03-23T15:37:17.090] [INFO] default - Loading module UpdateCase.js
[2023-03-23T15:37:17.095] [INFO] default - Loading module Warn.js
[2023-03-23T15:37:20.099] [INFO] default - Updating cases...
[2023-03-23T15:37:25.127] [INFO] default - Updating cases...
[2023-03-23T15:37:28.571] [INFO] default - /kick run by Osmii#0076
