[2023-04-08T13:09:51.445] [INFO] default - Logged in as Jayfeather#0862
[2023-04-08T13:09:51.448] [INFO] default - Loading module WelcomeAndGoodbye.js
[2023-04-08T13:09:51.449] [INFO] default - Loading module Ban.js
[2023-04-08T13:09:51.450] [INFO] default - Loading module ReactRoles.js
[2023-04-08T13:09:51.451] [INFO] default - Loading module RelayHandler.js
[2023-04-08T13:09:51.452] [INFO] default - Loading module Verification.js
[2023-04-08T13:09:51.453] [INFO] default - Loading command Ban.command.js
[2023-04-08T13:09:51.460] [INFO] default - Loaded command CHAT_INPUT_ban
[2023-04-08T13:09:51.461] [INFO] default - Loading command Cases.command.js
[2023-04-08T13:09:51.463] [INFO] default - Loaded command CHAT_INPUT_cases
[2023-04-08T13:09:51.465] [INFO] default - Loading command Embed.command.js
[2023-04-08T13:09:51.469] [INFO] default - Loaded command CHAT_INPUT_embed
[2023-04-08T13:09:51.469] [INFO] default - Loading command Kick.command.js
[2023-04-08T13:09:51.473] [INFO] default - Loaded command CHAT_INPUT_kick
[2023-04-08T13:09:51.473] [INFO] default - Loading command Mute.command.js
[2023-04-08T13:09:51.477] [INFO] default - Loaded command CHAT_INPUT_mute
[2023-04-08T13:09:51.478] [INFO] default - Loading command ReactionRoles.command.js
[2023-04-08T13:09:51.483] [INFO] default - Loaded command CHAT_INPUT_reactroles
[2023-04-08T13:09:51.485] [INFO] default - Loading command Reason.command.js
[2023-04-08T13:09:51.489] [INFO] default - Loaded command CHAT_INPUT_reason
[2023-04-08T13:09:51.490] [INFO] default - Loading command Unban.command.js
[2023-04-08T13:09:51.492] [INFO] default - Loaded command CHAT_INPUT_unban
[2023-04-08T13:09:51.493] [INFO] default - Loading command Unmute.command.js
[2023-04-08T13:09:51.496] [INFO] default - Loaded command CHAT_INPUT_unmute
[2023-04-08T13:09:51.498] [INFO] default - Loading command Warn.command.js
[2023-04-08T13:09:51.501] [INFO] default - Loaded command CHAT_INPUT_warn
[2023-04-08T13:09:51.511] [INFO] default - Loading command Ban.command.js
[2023-04-08T13:09:51.517] [INFO] default - Loaded command MESSAGE_CONTEXT_Ban
[2023-04-08T13:09:51.518] [INFO] default - Loading command Kick.command.js
[2023-04-08T13:09:51.522] [INFO] default - Loaded command MESSAGE_CONTEXT_Kick
[2023-04-08T13:09:51.523] [INFO] default - Loading command Mute.command.js
[2023-04-08T13:09:51.528] [INFO] default - Loaded command MESSAGE_CONTEXT_Mute
[2023-04-08T13:09:51.528] [INFO] default - Loading command Warn.command.js
[2023-04-08T13:09:51.532] [INFO] default - Loaded command MESSAGE_CONTEXT_Warn
[2023-04-08T13:09:51.536] [INFO] default - Loading command Ban.command.js
[2023-04-08T13:09:51.542] [INFO] default - Loaded command USER_CONTEXT_Ban
[2023-04-08T13:09:51.543] [INFO] default - Loading command Kick.command.js
[2023-04-08T13:09:51.548] [INFO] default - Loaded command USER_CONTEXT_Kick
[2023-04-08T13:09:51.549] [INFO] default - Loading command Mute.command.js
[2023-04-08T13:09:51.553] [INFO] default - Loaded command USER_CONTEXT_Mute
[2023-04-08T13:09:51.554] [INFO] default - Loading command Warn.command.js
[2023-04-08T13:09:51.557] [INFO] default - Loaded command USER_CONTEXT_Warn
[2023-04-08T13:09:51.567] [INFO] default - All modules and commands loaded
[2023-04-08T13:09:51.611] [INFO] default - Loading module Kick.js
[2023-04-08T13:09:51.612] [INFO] default - Loading module TicketManager.js
[2023-04-08T13:09:51.613] [INFO] default - Loading module VerificationManager.js
[2023-04-08T13:09:51.618] [INFO] default - Loading module Logging.js
[2023-04-08T13:09:51.623] [INFO] default - Loading module Mute.js
[2023-04-08T13:09:51.624] [INFO] default - Loading module UpdateCase.js
[2023-04-08T13:09:51.627] [INFO] default - Loading module Warn.js
[2023-04-08T13:09:54.629] [INFO] default - Updating cases...
[2023-04-08T13:09:59.641] [INFO] default - Updating cases...
[2023-04-08T13:10:04.653] [INFO] default - Updating cases...
[2023-04-08T13:10:09.667] [INFO] default - Updating cases...
[2023-04-08T13:10:14.676] [INFO] default - Updating cases...
[2023-04-08T13:10:19.684] [INFO] default - Updating cases...
[2023-04-08T13:10:24.696] [INFO] default - Updating cases...
[2023-04-08T13:10:29.701] [INFO] default - Updating cases...
[2023-04-08T13:10:34.703] [INFO] default - Updating cases...
[2023-04-08T13:10:39.713] [INFO] default - Updating cases...
[2023-04-08T13:10:44.717] [INFO] default - Updating cases...
[2023-04-08T13:10:49.756] [INFO] default - Updating cases...
[2023-04-08T13:10:54.764] [INFO] default - Updating cases...
[2023-04-08T13:10:59.765] [INFO] default - Updating cases...
[2023-04-08T13:11:04.779] [INFO] default - Updating cases...
[2023-04-08T13:11:09.788] [INFO] default - Updating cases...
[2023-04-08T13:11:14.797] [INFO] default - Updating cases...
[2023-04-08T13:11:19.801] [INFO] default - Updating cases...
[2023-04-08T13:11:24.813] [INFO] default - Updating cases...
[2023-04-08T13:11:29.819] [INFO] default - Updating cases...
[2023-04-08T13:11:34.822] [INFO] default - Updating cases...
[2023-04-08T13:11:39.827] [INFO] default - Updating cases...
[2023-04-08T13:11:44.840] [INFO] default - Updating cases...
[2023-04-08T13:11:49.853] [INFO] default - Updating cases...
[2023-04-08T13:11:54.865] [INFO] default - Updating cases...
[2023-04-08T13:11:59.867] [INFO] default - Updating cases...
[2023-04-08T13:12:04.872] [INFO] default - Updating cases...
[2023-04-08T13:12:09.877] [INFO] default - Updating cases...
[2023-04-08T13:12:14.887] [INFO] default - Updating cases...
[2023-04-08T13:12:19.902] [INFO] default - Updating cases...
[2023-04-08T13:12:24.918] [INFO] default - Updating cases...
[2023-04-08T13:12:29.924] [INFO] default - Updating cases...
[2023-04-08T13:12:34.928] [INFO] default - Updating cases...
[2023-04-08T13:12:39.932] [INFO] default - Updating cases...
[2023-04-08T13:12:44.940] [INFO] default - Updating cases...
[2023-04-08T13:12:49.957] [INFO] default - Updating cases...
[2023-04-08T13:12:54.969] [INFO] default - Updating cases...
[2023-04-08T13:12:59.984] [INFO] default - Updating cases...
[2023-04-08T13:13:04.988] [INFO] default - Updating cases...
[2023-04-08T13:13:09.991] [INFO] default - Updating cases...
[2023-04-08T13:13:15.006] [INFO] default - Updating cases...
[2023-04-08T13:13:20.016] [INFO] default - Updating cases...
[2023-04-08T13:13:25.030] [INFO] default - Updating cases...
[2023-04-08T13:13:30.032] [INFO] default - Updating cases...
[2023-04-08T13:13:35.038] [INFO] default - Updating cases...
[2023-04-08T13:13:40.042] [INFO] default - Updating cases...
[2023-04-08T13:13:45.055] [INFO] default - Updating cases...
[2023-04-08T13:13:50.075] [INFO] default - Updating cases...
[2023-04-08T13:13:55.078] [INFO] default - Updating cases...
[2023-04-08T13:14:00.090] [INFO] default - Updating cases...
[2023-04-08T13:14:05.101] [INFO] default - Updating cases...
[2023-04-08T13:14:10.147] [INFO] default - Updating cases...
[2023-04-08T13:14:15.149] [INFO] default - Updating cases...
[2023-04-08T13:14:20.152] [INFO] default - Updating cases...
[2023-04-08T13:14:25.158] [INFO] default - Updating cases...
[2023-04-08T13:14:30.171] [INFO] default - Updating cases...
[2023-04-08T13:14:35.181] [INFO] default - Updating cases...
[2023-04-08T13:14:40.184] [INFO] default - Updating cases...
[2023-04-08T13:14:45.196] [INFO] default - Updating cases...
[2023-04-08T13:14:50.202] [INFO] default - Updating cases...
[2023-04-08T13:14:55.206] [INFO] default - Updating cases...
[2023-04-08T13:15:00.211] [INFO] default - Updating cases...
[2023-04-08T13:15:05.223] [INFO] default - Updating cases...
[2023-04-08T13:15:10.232] [INFO] default - Updating cases...
[2023-04-08T13:15:15.248] [INFO] default - Updating cases...
[2023-04-08T13:15:20.260] [INFO] default - Updating cases...
[2023-04-08T13:15:25.267] [INFO] default - Updating cases...
[2023-04-08T13:15:30.276] [INFO] default - Updating cases...
[2023-04-08T13:15:35.292] [INFO] default - Updating cases...
[2023-04-08T13:15:40.305] [INFO] default - Updating cases...
[2023-04-08T13:15:45.310] [INFO] default - Updating cases...
[2023-04-08T13:15:50.312] [INFO] default - Updating cases...
[2023-04-08T13:15:55.316] [INFO] default - Updating cases...
[2023-04-08T13:16:00.328] [INFO] default - Updating cases...
[2023-04-08T13:16:05.333] [INFO] default - Updating cases...
[2023-04-08T13:16:10.347] [INFO] default - Updating cases...
[2023-04-08T13:16:15.356] [INFO] default - Updating cases...
[2023-04-08T13:16:20.409] [INFO] default - Updating cases...
[2023-04-08T13:16:25.414] [INFO] default - Updating cases...
[2023-04-08T13:16:30.428] [INFO] default - Updating cases...
[2023-04-08T13:16:35.434] [INFO] default - Updating cases...
[2023-04-08T13:16:40.442] [INFO] default - Updating cases...
[2023-04-08T13:16:45.448] [INFO] default - Updating cases...
[2023-04-08T13:16:50.454] [INFO] default - Updating cases...
[2023-04-08T13:16:55.459] [INFO] default - Updating cases...
[2023-04-08T13:17:00.464] [INFO] default - Updating cases...
[2023-04-08T13:17:05.477] [INFO] default - Updating cases...
[2023-04-08T13:17:10.491] [INFO] default - Updating cases...
[2023-04-08T13:17:15.507] [INFO] default - Updating cases...
[2023-04-08T13:17:20.514] [INFO] default - Updating cases...
[2023-04-08T13:17:25.521] [INFO] default - Updating cases...
[2023-04-08T13:17:30.532] [INFO] default - Updating cases...
[2023-04-08T13:17:35.546] [INFO] default - Updating cases...
[2023-04-08T13:17:40.549] [INFO] default - Updating cases...
[2023-04-08T13:17:45.566] [INFO] default - Updating cases...
[2023-04-08T13:17:50.569] [INFO] default - Updating cases...
[2023-04-08T13:17:55.571] [INFO] default - Updating cases...
[2023-04-08T13:18:00.582] [INFO] default - Updating cases...
[2023-04-08T13:18:05.584] [INFO] default - Updating cases...
[2023-04-08T13:18:10.601] [INFO] default - Updating cases...
[2023-04-08T13:18:15.603] [INFO] default - Updating cases...
[2023-04-08T13:18:20.606] [INFO] default - Updating cases...
[2023-04-08T13:18:25.617] [INFO] default - Updating cases...
[2023-04-08T13:18:30.630] [INFO] default - Updating cases...
[2023-04-08T13:18:35.638] [INFO] default - Updating cases...
[2023-04-08T13:18:40.640] [INFO] default - Updating cases...
[2023-04-08T13:18:45.647] [INFO] default - Updating cases...
[2023-04-08T13:18:50.658] [INFO] default - Updating cases...
[2023-04-08T13:18:55.671] [INFO] default - Updating cases...
[2023-04-08T13:19:00.676] [INFO] default - Updating cases...
[2023-04-08T13:19:05.686] [INFO] default - Updating cases...
[2023-04-08T13:19:10.688] [INFO] default - Updating cases...
[2023-04-08T13:19:15.695] [INFO] default - Updating cases...
[2023-04-08T13:19:20.711] [INFO] default - Updating cases...
[2023-04-08T13:19:25.713] [INFO] default - Updating cases...
[2023-04-08T13:19:30.717] [INFO] default - Updating cases...
[2023-04-08T13:19:35.734] [INFO] default - Updating cases...
[2023-04-08T13:19:40.748] [INFO] default - Updating cases...
[2023-04-08T13:19:45.755] [INFO] default - Updating cases...
[2023-04-08T13:19:50.769] [INFO] default - Updating cases...
[2023-04-08T13:19:55.772] [INFO] default - Updating cases...
[2023-04-08T13:20:00.782] [INFO] default - Updating cases...
[2023-04-08T13:20:05.785] [INFO] default - Updating cases...
[2023-04-08T13:20:10.789] [INFO] default - Updating cases...
[2023-04-08T13:20:15.797] [INFO] default - Updating cases...
[2023-04-08T13:20:20.812] [INFO] default - Updating cases...
[2023-04-08T13:20:25.827] [INFO] default - Updating cases...
[2023-04-08T13:20:30.841] [INFO] default - Updating cases...
[2023-04-08T13:20:35.853] [INFO] default - Updating cases...
[2023-04-08T13:20:40.866] [INFO] default - Updating cases...
[2023-04-08T13:20:45.874] [INFO] default - Updating cases...
[2023-04-08T13:20:50.882] [INFO] default - Updating cases...
[2023-04-08T13:20:55.884] [INFO] default - Updating cases...
[2023-04-08T13:21:00.898] [INFO] default - Updating cases...
[2023-04-08T13:21:05.903] [INFO] default - Updating cases...
[2023-04-08T13:21:10.918] [INFO] default - Updating cases...
[2023-04-08T13:21:15.935] [INFO] default - Updating cases...
[2023-04-08T13:21:20.944] [INFO] default - Updating cases...
[2023-04-08T13:21:25.947] [INFO] default - Updating cases...
[2023-04-08T13:21:30.951] [INFO] default - Updating cases...
[2023-04-08T13:21:35.968] [INFO] default - Updating cases...
[2023-04-08T13:21:40.978] [INFO] default - Updating cases...
[2023-04-08T13:21:45.984] [INFO] default - Updating cases...
[2023-04-08T13:21:50.990] [INFO] default - Updating cases...
[2023-04-08T13:21:56.007] [INFO] default - Updating cases...
[2023-04-08T13:22:01.009] [INFO] default - Updating cases...
[2023-04-08T13:22:06.013] [INFO] default - Updating cases...
[2023-04-08T13:22:11.029] [INFO] default - Updating cases...
[2023-04-08T13:22:16.031] [INFO] default - Updating cases...
[2023-04-08T13:22:21.044] [INFO] default - Updating cases...
[2023-04-08T13:22:26.057] [INFO] default - Updating cases...
[2023-04-08T13:22:31.070] [INFO] default - Updating cases...
[2023-04-08T13:22:36.082] [INFO] default - Updating cases...
[2023-04-08T13:22:41.087] [INFO] default - Updating cases...
[2023-04-08T13:22:46.093] [INFO] default - Updating cases...
[2023-04-08T13:22:51.109] [INFO] default - Updating cases...
[2023-04-08T13:22:56.114] [INFO] default - Updating cases...
[2023-04-08T13:23:01.127] [INFO] default - Updating cases...
[2023-04-08T13:23:06.138] [INFO] default - Updating cases...
[2023-04-08T13:23:11.149] [INFO] default - Updating cases...
[2023-04-08T13:23:16.165] [INFO] default - Updating cases...
[2023-04-08T13:23:21.167] [INFO] default - Updating cases...
[2023-04-08T13:23:26.182] [INFO] default - Updating cases...
[2023-04-08T13:23:31.195] [INFO] default - Updating cases...
[2023-04-08T13:23:36.211] [INFO] default - Updating cases...
[2023-04-08T13:23:41.221] [INFO] default - Updating cases...
[2023-04-08T13:23:46.235] [INFO] default - Updating cases...
[2023-04-08T13:23:51.237] [INFO] default - Updating cases...
[2023-04-08T13:23:56.246] [INFO] default - Updating cases...
[2023-04-08T13:24:01.261] [INFO] default - Updating cases...
[2023-04-08T13:24:06.268] [INFO] default - Updating cases...
[2023-04-08T13:24:11.271] [INFO] default - Updating cases...
[2023-04-08T13:24:16.286] [INFO] default - Updating cases...
[2023-04-08T13:24:21.288] [INFO] default - Updating cases...
[2023-04-08T13:24:26.302] [INFO] default - Updating cases...
[2023-04-08T13:24:31.305] [INFO] default - Updating cases...
[2023-04-08T13:24:36.314] [INFO] default - Updating cases...
[2023-04-08T13:24:41.328] [INFO] default - Updating cases...
[2023-04-08T13:24:46.337] [INFO] default - Updating cases...
[2023-04-08T13:24:51.345] [INFO] default - Updating cases...
[2023-04-08T13:24:56.357] [INFO] default - Updating cases...
[2023-04-08T13:25:01.364] [INFO] default - Updating cases...
[2023-04-08T13:25:06.369] [INFO] default - Updating cases...
[2023-04-08T13:25:11.379] [INFO] default - Updating cases...
[2023-04-08T13:25:16.391] [INFO] default - Updating cases...
[2023-04-08T13:25:21.404] [INFO] default - Updating cases...
[2023-04-08T13:25:26.414] [INFO] default - Updating cases...
[2023-04-08T13:25:31.433] [INFO] default - Updating cases...
[2023-04-08T13:25:36.439] [INFO] default - Updating cases...
[2023-04-08T13:25:41.455] [INFO] default - Updating cases...
[2023-04-08T13:25:46.466] [INFO] default - Updating cases...
[2023-04-08T13:25:51.472] [INFO] default - Updating cases...
[2023-04-08T13:25:56.489] [INFO] default - Updating cases...
[2023-04-08T13:26:01.504] [INFO] default - Updating cases...
[2023-04-08T13:26:06.518] [INFO] default - Updating cases...
[2023-04-08T13:26:11.521] [INFO] default - Updating cases...
[2023-04-08T13:26:16.531] [INFO] default - Updating cases...
[2023-04-08T13:26:21.547] [INFO] default - Updating cases...
[2023-04-08T13:26:26.549] [INFO] default - Updating cases...
[2023-04-08T13:26:31.558] [INFO] default - Updating cases...
[2023-04-08T13:26:36.572] [INFO] default - Updating cases...
[2023-04-08T13:26:41.574] [INFO] default - Updating cases...
[2023-04-08T13:26:46.581] [INFO] default - Updating cases...
[2023-04-08T13:26:51.584] [INFO] default - Updating cases...
[2023-04-08T13:26:56.595] [INFO] default - Updating cases...
[2023-04-08T13:27:01.600] [INFO] default - Updating cases...
[2023-04-08T13:27:06.604] [INFO] default - Updating cases...
[2023-04-08T13:27:11.622] [INFO] default - Updating cases...
[2023-04-08T13:27:16.632] [INFO] default - Updating cases...
[2023-04-08T13:27:21.642] [INFO] default - Updating cases...
[2023-04-08T13:27:26.650] [INFO] default - Updating cases...
[2023-04-08T13:27:31.652] [INFO] default - Updating cases...
[2023-04-08T13:27:36.667] [INFO] default - Updating cases...
[2023-04-08T13:27:41.683] [INFO] default - Updating cases...
[2023-04-08T13:27:46.700] [INFO] default - Updating cases...
[2023-04-08T13:27:51.703] [INFO] default - Updating cases...
[2023-04-08T13:27:56.709] [INFO] default - Updating cases...
[2023-04-08T13:28:01.721] [INFO] default - Updating cases...
[2023-04-08T13:28:06.735] [INFO] default - Updating cases...
[2023-04-08T13:28:11.742] [INFO] default - Updating cases...
[2023-04-08T13:28:16.756] [INFO] default - Updating cases...
[2023-04-08T13:28:21.762] [INFO] default - Updating cases...
[2023-04-08T13:28:26.775] [INFO] default - Updating cases...
[2023-04-08T13:28:31.788] [INFO] default - Updating cases...
[2023-04-08T13:28:36.791] [INFO] default - Updating cases...
[2023-04-08T13:28:41.806] [INFO] default - Updating cases...
[2023-04-08T13:28:46.813] [INFO] default - Updating cases...
[2023-04-08T13:28:51.833] [INFO] default - Updating cases...
[2023-04-08T13:28:56.837] [INFO] default - Updating cases...
[2023-04-08T13:29:01.844] [INFO] default - Updating cases...
[2023-04-08T13:29:06.861] [INFO] default - Updating cases...
[2023-04-08T13:29:11.864] [INFO] default - Updating cases...
[2023-04-08T13:29:16.871] [INFO] default - Updating cases...
[2023-04-08T13:29:21.877] [INFO] default - Updating cases...
[2023-04-08T13:29:26.881] [INFO] default - Updating cases...
[2023-04-08T13:29:31.894] [INFO] default - Updating cases...
[2023-04-08T13:29:36.906] [INFO] default - Updating cases...
[2023-04-08T13:29:41.908] [INFO] default - Updating cases...
[2023-04-08T13:29:46.921] [INFO] default - Updating cases...
[2023-04-08T13:29:51.949] [INFO] default - Updating cases...
[2023-04-08T13:29:56.955] [INFO] default - Updating cases...
[2023-04-08T13:29:58.799] [INFO] default - messageCreate
[2023-04-08T13:29:58.800] [INFO] default - messageCreate
[2023-04-08T13:30:01.961] [INFO] default - Updating cases...
[2023-04-08T13:30:06.970] [INFO] default - Updating cases...
[2023-04-08T13:30:11.980] [INFO] default - Updating cases...
[2023-04-08T13:30:16.987] [INFO] default - Updating cases...
[2023-04-08T13:30:21.997] [INFO] default - Updating cases...
[2023-04-08T13:30:27.011] [INFO] default - Updating cases...
[2023-04-08T13:30:32.021] [INFO] default - Updating cases...
[2023-04-08T13:30:37.030] [INFO] default - Updating cases...
[2023-04-08T13:30:42.035] [INFO] default - Updating cases...
[2023-04-08T13:30:47.039] [INFO] default - Updating cases...
[2023-04-08T13:30:52.048] [INFO] default - Updating cases...
[2023-04-08T13:30:57.049] [INFO] default - Updating cases...
[2023-04-08T13:31:02.052] [INFO] default - Updating cases...
[2023-04-08T13:31:07.064] [INFO] default - Updating cases...
[2023-04-08T13:31:12.071] [INFO] default - Updating cases...
[2023-04-08T13:31:17.082] [INFO] default - Updating cases...
[2023-04-08T13:31:22.085] [INFO] default - Updating cases...
[2023-04-08T13:31:27.089] [INFO] default - Updating cases...
[2023-04-08T13:31:32.097] [INFO] default - Updating cases...
[2023-04-08T13:31:37.104] [INFO] default - Updating cases...
[2023-04-08T13:31:42.106] [INFO] default - Updating cases...
[2023-04-08T13:31:47.113] [INFO] default - Updating cases...
[2023-04-08T13:31:52.119] [INFO] default - Updating cases...
[2023-04-08T13:31:57.132] [INFO] default - Updating cases...
[2023-04-08T13:32:02.134] [INFO] default - Updating cases...
[2023-04-08T13:32:07.136] [INFO] default - Updating cases...
[2023-04-08T13:32:12.148] [INFO] default - Updating cases...
[2023-04-08T13:32:17.152] [INFO] default - Updating cases...
[2023-04-08T13:32:22.155] [INFO] default - Updating cases...
[2023-04-08T13:32:27.172] [INFO] default - Updating cases...
[2023-04-08T13:32:32.175] [INFO] default - Updating cases...
[2023-04-08T13:32:37.186] [INFO] default - Updating cases...
[2023-04-08T13:32:42.199] [INFO] default - Updating cases...
[2023-04-08T13:32:47.206] [INFO] default - Updating cases...
[2023-04-08T13:32:52.217] [INFO] default - Updating cases...
[2023-04-08T13:32:57.220] [INFO] default - Updating cases...
[2023-04-08T13:33:02.223] [INFO] default - Updating cases...
[2023-04-08T13:33:07.227] [INFO] default - Updating cases...
[2023-04-08T13:33:12.233] [INFO] default - Updating cases...
[2023-04-08T13:33:17.242] [INFO] default - Updating cases...
[2023-04-08T13:33:22.249] [INFO] default - Updating cases...
[2023-04-08T13:33:27.263] [INFO] default - Updating cases...
[2023-04-08T13:33:32.276] [INFO] default - Updating cases...
[2023-04-08T13:33:37.281] [INFO] default - Updating cases...
[2023-04-08T13:33:42.285] [INFO] default - Updating cases...
[2023-04-08T13:33:47.288] [INFO] default - Updating cases...
[2023-04-08T13:33:52.290] [INFO] default - Updating cases...
[2023-04-08T13:33:57.294] [INFO] default - Updating cases...
[2023-04-08T13:34:02.296] [INFO] default - Updating cases...
[2023-04-08T13:34:07.302] [INFO] default - Updating cases...
[2023-04-08T13:34:12.303] [INFO] default - Updating cases...
[2023-04-08T13:34:17.314] [INFO] default - Updating cases...
[2023-04-08T13:34:22.320] [INFO] default - Updating cases...
[2023-04-08T13:34:27.333] [INFO] default - Updating cases...
[2023-04-08T13:34:32.348] [INFO] default - Updating cases...
[2023-04-08T13:34:37.364] [INFO] default - Updating cases...
[2023-04-08T13:34:42.368] [INFO] default - Updating cases...
[2023-04-08T13:34:47.383] [INFO] default - Updating cases...
[2023-04-08T13:34:52.387] [INFO] default - Updating cases...
[2023-04-08T13:34:57.390] [INFO] default - Updating cases...
[2023-04-08T13:35:02.394] [INFO] default - Updating cases...
[2023-04-08T13:35:07.405] [INFO] default - Updating cases...
[2023-04-08T13:35:12.414] [INFO] default - Updating cases...
[2023-04-08T13:35:17.418] [INFO] default - Updating cases...
[2023-04-08T13:35:22.430] [INFO] default - Updating cases...
[2023-04-08T13:35:27.437] [INFO] default - Updating cases...
[2023-04-08T13:35:32.452] [INFO] default - Updating cases...
[2023-04-08T13:35:37.469] [INFO] default - Updating cases...
[2023-04-08T13:35:42.476] [INFO] default - Updating cases...
[2023-04-08T13:35:47.484] [INFO] default - Updating cases...
[2023-04-08T13:35:52.491] [INFO] default - Updating cases...
[2023-04-08T13:35:57.502] [INFO] default - Updating cases...
[2023-04-08T13:36:02.517] [INFO] default - Updating cases...
[2023-04-08T13:36:07.527] [INFO] default - Updating cases...
[2023-04-08T13:36:12.538] [INFO] default - Updating cases...
[2023-04-08T13:36:17.552] [INFO] default - Updating cases...
[2023-04-08T13:36:22.554] [INFO] default - Updating cases...
[2023-04-08T13:36:27.563] [INFO] default - Updating cases...
[2023-04-08T13:36:32.579] [INFO] default - Updating cases...
[2023-04-08T13:36:37.585] [INFO] default - Updating cases...
[2023-04-08T13:36:42.598] [INFO] default - Updating cases...
[2023-04-08T13:36:47.613] [INFO] default - Updating cases...
[2023-04-08T13:36:52.617] [INFO] default - Updating cases...
[2023-04-08T13:36:57.619] [INFO] default - Updating cases...
[2023-04-08T13:37:02.630] [INFO] default - Updating cases...
[2023-04-08T13:37:07.641] [INFO] default - Updating cases...
[2023-04-08T13:37:12.644] [INFO] default - Updating cases...
[2023-04-08T13:37:17.651] [INFO] default - Updating cases...
[2023-04-08T13:37:22.656] [INFO] default - Updating cases...
[2023-04-08T13:37:27.659] [INFO] default - Updating cases...
[2023-04-08T13:37:32.666] [INFO] default - Updating cases...
[2023-04-08T13:37:37.670] [INFO] default - Updating cases...
[2023-04-08T13:37:42.679] [INFO] default - Updating cases...
[2023-04-08T13:37:47.681] [INFO] default - Updating cases...
[2023-04-08T13:37:52.690] [INFO] default - Updating cases...
[2023-04-08T13:37:57.698] [INFO] default - Updating cases...
[2023-04-08T13:38:02.712] [INFO] default - Updating cases...
[2023-04-08T13:38:07.716] [INFO] default - Updating cases...
[2023-04-08T13:38:12.725] [INFO] default - Updating cases...
[2023-04-08T13:38:17.732] [INFO] default - Updating cases...
[2023-04-08T13:38:22.739] [INFO] default - Updating cases...
[2023-04-08T13:38:27.749] [INFO] default - Updating cases...
[2023-04-08T13:38:32.764] [INFO] default - Updating cases...
[2023-04-08T13:38:37.777] [INFO] default - Updating cases...
[2023-04-08T13:38:42.784] [INFO] default - Updating cases...
[2023-04-08T13:38:47.791] [INFO] default - Updating cases...
[2023-04-08T13:38:52.794] [INFO] default - Updating cases...
[2023-04-08T13:38:57.799] [INFO] default - Updating cases...
[2023-04-08T13:39:02.806] [INFO] default - Updating cases...
[2023-04-08T13:39:07.808] [INFO] default - Updating cases...
[2023-04-08T13:39:12.813] [INFO] default - Updating cases...
[2023-04-08T13:39:17.826] [INFO] default - Updating cases...
[2023-04-08T13:39:22.845] [INFO] default - Updating cases...
[2023-04-08T13:39:27.858] [INFO] default - Updating cases...
[2023-04-08T13:39:32.870] [INFO] default - Updating cases...
[2023-04-08T13:39:37.880] [INFO] default - Updating cases...
[2023-04-08T13:39:42.888] [INFO] default - Updating cases...
[2023-04-08T13:39:47.894] [INFO] default - Updating cases...
[2023-04-08T13:39:52.908] [INFO] default - Updating cases...
[2023-04-08T13:39:57.922] [INFO] default - Updating cases...
[2023-04-08T13:40:02.924] [INFO] default - Updating cases...
[2023-04-08T13:40:07.944] [INFO] default - Updating cases...
[2023-04-08T13:40:12.952] [INFO] default - Updating cases...
[2023-04-08T13:40:17.967] [INFO] default - Updating cases...
[2023-04-08T13:40:22.982] [INFO] default - Updating cases...
[2023-04-08T13:40:27.992] [INFO] default - Updating cases...
[2023-04-08T13:40:32.994] [INFO] default - Updating cases...
[2023-04-08T13:40:38.000] [INFO] default - Updating cases...
[2023-04-08T13:40:43.002] [INFO] default - Updating cases...
[2023-04-08T13:40:48.005] [INFO] default - Updating cases...
[2023-04-08T13:40:53.015] [INFO] default - Updating cases...
[2023-04-08T13:40:58.019] [INFO] default - Updating cases...
[2023-04-08T13:41:03.025] [INFO] default - Updating cases...
[2023-04-08T13:41:08.036] [INFO] default - Updating cases...
[2023-04-08T13:41:13.054] [INFO] default - Updating cases...
[2023-04-08T13:41:18.059] [INFO] default - Updating cases...
[2023-04-08T13:41:23.083] [INFO] default - Updating cases...
[2023-04-08T13:41:28.098] [INFO] default - Updating cases...
[2023-04-08T13:41:33.111] [INFO] default - Updating cases...
[2023-04-08T13:41:38.118] [INFO] default - Updating cases...
[2023-04-08T13:41:43.121] [INFO] default - Updating cases...
[2023-04-08T13:41:48.122] [INFO] default - Updating cases...
[2023-04-08T13:41:53.126] [INFO] default - Updating cases...
[2023-04-08T13:41:58.140] [INFO] default - Updating cases...
[2023-04-08T13:42:03.150] [INFO] default - Updating cases...
[2023-04-08T13:42:08.153] [INFO] default - Updating cases...
[2023-04-08T13:42:13.171] [INFO] default - Updating cases...
[2023-04-08T13:42:18.174] [INFO] default - Updating cases...
[2023-04-08T13:42:23.195] [INFO] default - Updating cases...
[2023-04-08T13:42:28.199] [INFO] default - Updating cases...
[2023-04-08T13:42:33.215] [INFO] default - Updating cases...
[2023-04-08T13:42:38.224] [INFO] default - Updating cases...
[2023-04-08T13:42:43.240] [INFO] default - Updating cases...
[2023-04-08T13:42:47.404] [INFO] default - messageCreate
[2023-04-08T13:42:47.405] [INFO] default - messageCreate
[2023-04-08T13:42:48.248] [INFO] default - Updating cases...
[2023-04-08T13:42:53.260] [INFO] default - Updating cases...
[2023-04-08T13:42:58.266] [INFO] default - Updating cases...
[2023-04-08T13:43:03.271] [INFO] default - Updating cases...
[2023-04-08T13:43:08.284] [INFO] default - Updating cases...
[2023-04-08T13:43:13.290] [INFO] default - Updating cases...
[2023-04-08T13:43:18.298] [INFO] default - Updating cases...
[2023-04-08T13:43:23.306] [INFO] default - Updating cases...
[2023-04-08T13:43:28.312] [INFO] default - Updating cases...
[2023-04-08T13:43:33.324] [INFO] default - Updating cases...
[2023-04-08T13:43:38.336] [INFO] default - Updating cases...
[2023-04-08T13:43:43.464] [INFO] default - Updating cases...
[2023-04-08T13:43:48.480] [INFO] default - Updating cases...
[2023-04-08T13:43:53.488] [INFO] default - Updating cases...
[2023-04-08T13:43:58.503] [INFO] default - Updating cases...
[2023-04-08T13:44:03.511] [INFO] default - Updating cases...
[2023-04-08T13:44:08.517] [INFO] default - Updating cases...
[2023-04-08T13:44:13.524] [INFO] default - Updating cases...
[2023-04-08T13:44:18.532] [INFO] default - Updating cases...
[2023-04-08T13:44:23.534] [INFO] default - Updating cases...
[2023-04-08T13:44:28.545] [INFO] default - Updating cases...
[2023-04-08T13:44:33.556] [INFO] default - Updating cases...
[2023-04-08T13:44:38.570] [INFO] default - Updating cases...
[2023-04-08T13:44:43.581] [INFO] default - Updating cases...
[2023-04-08T13:44:48.583] [INFO] default - Updating cases...
[2023-04-08T13:44:53.595] [INFO] default - Updating cases...
[2023-04-08T13:44:58.609] [INFO] default - Updating cases...
[2023-04-08T13:45:03.622] [INFO] default - Updating cases...
[2023-04-08T13:45:08.625] [INFO] default - Updating cases...
[2023-04-08T13:45:13.641] [INFO] default - Updating cases...
[2023-04-08T13:45:18.645] [INFO] default - Updating cases...
[2023-04-08T13:45:23.653] [INFO] default - Updating cases...
[2023-04-08T13:45:28.662] [INFO] default - Updating cases...
[2023-04-08T13:45:33.668] [INFO] default - Updating cases...
[2023-04-08T13:45:38.671] [INFO] default - Updating cases...
[2023-04-08T13:45:43.678] [INFO] default - Updating cases...
[2023-04-08T13:45:48.681] [INFO] default - Updating cases...
[2023-04-08T13:45:53.691] [INFO] default - Updating cases...
[2023-04-08T13:45:58.697] [INFO] default - Updating cases...
[2023-04-08T13:46:03.705] [INFO] default - Updating cases...
[2023-04-08T13:46:08.710] [INFO] default - Updating cases...
[2023-04-08T13:46:13.712] [INFO] default - Updating cases...
[2023-04-08T13:46:18.723] [INFO] default - Updating cases...
[2023-04-08T13:46:23.737] [INFO] default - Updating cases...
[2023-04-08T13:46:28.752] [INFO] default - Updating cases...
[2023-04-08T13:46:33.763] [INFO] default - Updating cases...
[2023-04-08T13:46:38.772] [INFO] default - Updating cases...
[2023-04-08T13:46:43.787] [INFO] default - Updating cases...
[2023-04-08T13:46:48.802] [INFO] default - Updating cases...
[2023-04-08T13:46:53.824] [INFO] default - Updating cases...
[2023-04-08T13:46:58.833] [INFO] default - Updating cases...
[2023-04-08T13:47:03.843] [INFO] default - Updating cases...
[2023-04-08T13:47:08.860] [INFO] default - Updating cases...
[2023-04-08T13:47:13.862] [INFO] default - Updating cases...
[2023-04-08T13:47:18.868] [INFO] default - Updating cases...
[2023-04-08T13:47:23.880] [INFO] default - Updating cases...
[2023-04-08T13:47:28.893] [INFO] default - Updating cases...
[2023-04-08T13:47:33.898] [INFO] default - Updating cases...
[2023-04-08T13:47:38.911] [INFO] default - Updating cases...
[2023-04-08T13:47:43.923] [INFO] default - Updating cases...
[2023-04-08T13:47:48.941] [INFO] default - Updating cases...
[2023-04-08T13:47:53.945] [INFO] default - Updating cases...
[2023-04-08T13:47:58.956] [INFO] default - Updating cases...
[2023-04-08T13:48:03.961] [INFO] default - Updating cases...
[2023-04-08T13:48:08.964] [INFO] default - Updating cases...
[2023-04-08T13:48:13.982] [INFO] default - Updating cases...
[2023-04-08T13:48:18.984] [INFO] default - Updating cases...
[2023-04-08T13:48:24.002] [INFO] default - Updating cases...
[2023-04-08T13:48:29.006] [INFO] default - Updating cases...
[2023-04-08T13:48:34.009] [INFO] default - Updating cases...
[2023-04-08T13:48:39.022] [INFO] default - Updating cases...
[2023-04-08T13:48:44.036] [INFO] default - Updating cases...
[2023-04-08T13:48:49.050] [INFO] default - Updating cases...
[2023-04-08T13:48:54.067] [INFO] default - Updating cases...
[2023-04-08T13:48:59.069] [INFO] default - Updating cases...
[2023-04-08T13:49:04.072] [INFO] default - Updating cases...
[2023-04-08T13:49:09.081] [INFO] default - Updating cases...
[2023-04-08T13:49:14.097] [INFO] default - Updating cases...
[2023-04-08T13:49:19.103] [INFO] default - Updating cases...
[2023-04-08T13:49:24.115] [INFO] default - Updating cases...
