[2023-03-23T19:34:50.994] [INFO] default - Logged in as Academia#0862
[2023-03-23T19:34:50.998] [INFO] default - Loading module WelcomeAndGoodbye.js
[2023-03-23T19:34:51.001] [INFO] default - Loading module Ban.js
[2023-03-23T19:34:51.004] [INFO] default - Loading module ReactRoles.js
[2023-03-23T19:34:51.005] [INFO] default - Loading module RelayHandler.js
[2023-03-23T19:34:51.008] [INFO] default - Loading module Verification.js
[2023-03-23T19:34:51.012] [INFO] default - Loading command Ban.command.js
[2023-03-23T19:34:51.027] [INFO] default - Loaded command CHAT_INPUT_ban
[2023-03-23T19:34:51.030] [INFO] default - Loading command Cases.command.js
[2023-03-23T19:34:51.040] [INFO] default - Loaded command CHAT_INPUT_cases
[2023-03-23T19:34:51.045] [INFO] default - Loading command Kick.command.js
[2023-03-23T19:34:51.052] [INFO] default - Loaded command CHAT_INPUT_kick
[2023-03-23T19:34:51.057] [INFO] default - Loading command Mute.command.js
[2023-03-23T19:34:51.072] [INFO] default - Loaded command CHAT_INPUT_mute
[2023-03-23T19:34:51.074] [INFO] default - Loading command ReactionRoles.command.js
[2023-03-23T19:34:51.087] [INFO] default - Loaded command CHAT_INPUT_reactroles
[2023-03-23T19:34:51.090] [INFO] default - Loading command Reason.command.js
[2023-03-23T19:34:51.093] [INFO] default - Loaded command CHAT_INPUT_reason
[2023-03-23T19:34:51.099] [INFO] default - Loading command Unban.command.js
[2023-03-23T19:34:51.110] [INFO] default - Loaded command CHAT_INPUT_unban
[2023-03-23T19:34:51.117] [INFO] default - Loading command Unmute.command.js
[2023-03-23T19:34:51.132] [INFO] default - Loaded command CHAT_INPUT_unmute
[2023-03-23T19:34:51.139] [INFO] default - Loading command Warn.command.js
[2023-03-23T19:34:51.151] [INFO] default - Loaded command CHAT_INPUT_warn
[2023-03-23T19:34:51.178] [INFO] default - Loading command Ban.command.js
[2023-03-23T19:34:51.205] [INFO] default - Loaded command MESSAGE_CONTEXT_Ban
[2023-03-23T19:34:51.211] [INFO] default - Loading command Kick.command.js
[2023-03-23T19:34:51.238] [INFO] default - Loaded command MESSAGE_CONTEXT_Kick
[2023-03-23T19:34:51.246] [INFO] default - Loading command Mute.command.js
[2023-03-23T19:34:51.256] [INFO] default - Loaded command MESSAGE_CONTEXT_Mute
[2023-03-23T19:34:51.259] [INFO] default - Loading command Warn.command.js
[2023-03-23T19:34:51.265] [INFO] default - Loaded command MESSAGE_CONTEXT_Warn
[2023-03-23T19:34:51.275] [INFO] default - Loading command Ban.command.js
[2023-03-23T19:34:51.283] [INFO] default - Loaded command USER_CONTEXT_Ban
[2023-03-23T19:34:51.316] [INFO] default - Loading command Kick.command.js
[2023-03-23T19:34:51.335] [INFO] default - Loaded command USER_CONTEXT_Kick
[2023-03-23T19:34:51.361] [INFO] default - Loading command Mute.command.js
[2023-03-23T19:34:51.378] [INFO] default - Loaded command USER_CONTEXT_Mute
[2023-03-23T19:34:51.383] [INFO] default - Loading command Warn.command.js
[2023-03-23T19:34:51.390] [INFO] default - Loaded command USER_CONTEXT_Warn
[2023-03-23T19:34:51.390] [INFO] default - All modules and commands loaded
[2023-03-23T19:34:51.559] [INFO] default - Loading module Kick.js
[2023-03-23T19:34:51.591] [INFO] default - Loading module TicketManager.js
[2023-03-23T19:34:51.597] [INFO] default - Loading module VerificationManager.js
[2023-03-23T19:34:51.614] [INFO] default - Loading module Logging.js
[2023-03-23T19:34:51.635] [INFO] default - Loading module Mute.js
[2023-03-23T19:34:51.642] [INFO] default - Loading module UpdateCase.js
[2023-03-23T19:34:51.659] [INFO] default - Loading module Warn.js
[2023-03-23T19:34:54.664] [INFO] default - Updating cases...
[2023-03-23T19:34:59.675] [INFO] default - Updating cases...
[2023-03-23T19:35:02.598] [INFO] default - /reactroles run by Osmii#0076
[2023-03-23T19:35:04.677] [INFO] default - Updating cases...
[2023-03-23T19:35:09.690] [INFO] default - Updating cases...
[2023-03-23T19:35:14.700] [INFO] default - Updating cases...
[2023-03-23T19:35:19.710] [INFO] default - Updating cases...
[2023-03-23T19:35:24.718] [INFO] default - Updating cases...
[2023-03-23T19:35:29.725] [INFO] default - Updating cases...
[2023-03-23T19:35:34.730] [INFO] default - Updating cases...
[2023-03-23T19:35:39.750] [INFO] default - Updating cases...
[2023-03-23T19:35:44.758] [INFO] default - Updating cases...
[2023-03-23T19:35:49.767] [INFO] default - Updating cases...
[2023-03-23T19:35:54.769] [INFO] default - Updating cases...
[2023-03-23T19:35:59.779] [INFO] default - Updating cases...
[2023-03-23T19:36:04.786] [INFO] default - Updating cases...
[2023-03-23T19:36:09.800] [INFO] default - Updating cases...
[2023-03-23T19:36:14.803] [INFO] default - Updating cases...
[2023-03-23T19:36:19.815] [INFO] default - Updating cases...
[2023-03-23T19:36:24.818] [INFO] default - Updating cases...
[2023-03-23T19:36:29.821] [INFO] default - Updating cases...
[2023-03-23T19:36:34.825] [INFO] default - Updating cases...
[2023-03-23T19:36:39.830] [INFO] default - Updating cases...
[2023-03-23T19:36:44.834] [INFO] default - Updating cases...
[2023-03-23T19:36:49.853] [INFO] default - Updating cases...
[2023-03-23T19:36:54.859] [INFO] default - Updating cases...
[2023-03-23T19:36:59.873] [INFO] default - Updating cases...
[2023-03-23T19:37:04.886] [INFO] default - Updating cases...
[2023-03-23T19:37:09.889] [INFO] default - Updating cases...
[2023-03-23T19:37:14.900] [INFO] default - Updating cases...
[2023-03-23T19:37:19.915] [INFO] default - Updating cases...
[2023-03-23T19:37:24.930] [INFO] default - Updating cases...
[2023-03-23T19:37:29.944] [INFO] default - Updating cases...
[2023-03-23T19:37:34.959] [INFO] default - Updating cases...
[2023-03-23T19:37:39.966] [INFO] default - Updating cases...
[2023-03-23T19:37:44.974] [INFO] default - Updating cases...
[2023-03-23T19:37:49.981] [INFO] default - Updating cases...
[2023-03-23T19:37:54.993] [INFO] default - Updating cases...
[2023-03-23T19:37:59.996] [INFO] default - Updating cases...
[2023-03-23T19:38:05.002] [INFO] default - Updating cases...
[2023-03-23T19:38:10.012] [INFO] default - Updating cases...
[2023-03-23T19:38:15.020] [INFO] default - Updating cases...
[2023-03-23T19:38:20.027] [INFO] default - Updating cases...
[2023-03-23T19:38:25.057] [INFO] default - Updating cases...
[2023-03-23T19:38:30.071] [INFO] default - Updating cases...
[2023-03-23T19:38:35.081] [INFO] default - Updating cases...
[2023-03-23T19:38:40.089] [INFO] default - Updating cases...
[2023-03-23T19:38:45.091] [INFO] default - Updating cases...
[2023-03-23T19:38:50.097] [INFO] default - Updating cases...
[2023-03-23T19:38:55.106] [INFO] default - Updating cases...
[2023-03-23T19:39:00.122] [INFO] default - Updating cases...
[2023-03-23T19:39:05.128] [INFO] default - Updating cases...
[2023-03-23T19:39:10.140] [INFO] default - Updating cases...
[2023-03-23T19:39:15.148] [INFO] default - Updating cases...
[2023-03-23T19:39:20.152] [INFO] default - Updating cases...
[2023-03-23T19:39:25.164] [INFO] default - Updating cases...
[2023-03-23T19:39:30.175] [INFO] default - Updating cases...
[2023-03-23T19:39:35.186] [INFO] default - Updating cases...
[2023-03-23T19:39:40.192] [INFO] default - Updating cases...
[2023-03-23T19:39:45.199] [INFO] default - Updating cases...
[2023-03-23T19:39:50.204] [INFO] default - Updating cases...
[2023-03-23T19:39:55.209] [INFO] default - Updating cases...
[2023-03-23T19:40:00.220] [INFO] default - Updating cases...
[2023-03-23T19:40:05.224] [INFO] default - Updating cases...
[2023-03-23T19:40:10.231] [INFO] default - Updating cases...
[2023-03-23T19:40:15.242] [INFO] default - Updating cases...
[2023-03-23T19:40:20.259] [INFO] default - Updating cases...
[2023-03-23T19:40:25.264] [INFO] default - Updating cases...
[2023-03-23T19:40:30.279] [INFO] default - Updating cases...
[2023-03-23T19:40:35.288] [INFO] default - Updating cases...
[2023-03-23T19:40:40.299] [INFO] default - Updating cases...
[2023-03-23T19:40:45.301] [INFO] default - Updating cases...
