[2023-03-23T17:19:49.679] [INFO] default - Logged in as Academia#0862
[2023-03-23T17:19:49.684] [INFO] default - Loading module WelcomeAndGoodbye.js
[2023-03-23T17:19:49.686] [INFO] default - Loading module Ban.js
[2023-03-23T17:19:49.688] [INFO] default - Loading module RelayHandler.js
[2023-03-23T17:19:49.689] [INFO] default - Loading module Verification.js
[2023-03-23T17:19:49.692] [INFO] default - Loading command Ban.command.js
[2023-03-23T17:19:49.704] [INFO] default - Loaded command CHAT_INPUT_ban
[2023-03-23T17:19:49.705] [INFO] default - Loading command Cases.command.js
[2023-03-23T17:19:49.709] [INFO] default - Loaded command CHAT_INPUT_cases
[2023-03-23T17:19:49.710] [INFO] default - Loading command Kick.command.js
[2023-03-23T17:19:49.714] [INFO] default - Loaded command CHAT_INPUT_kick
[2023-03-23T17:19:49.715] [INFO] default - Loading command Mute.command.js
[2023-03-23T17:19:49.720] [INFO] default - Loaded command CHAT_INPUT_mute
[2023-03-23T17:19:49.722] [INFO] default - Loading command Reason.command.js
[2023-03-23T17:19:49.726] [INFO] default - Loaded command CHAT_INPUT_reason
[2023-03-23T17:19:49.728] [INFO] default - Loading command Unban.command.js
[2023-03-23T17:19:49.732] [INFO] default - Loaded command CHAT_INPUT_unban
[2023-03-23T17:19:49.734] [INFO] default - Loading command Unmute.command.js
[2023-03-23T17:19:49.737] [INFO] default - Loaded command CHAT_INPUT_unmute
[2023-03-23T17:19:49.739] [INFO] default - Loading command Warn.command.js
[2023-03-23T17:19:49.746] [INFO] default - Loaded command CHAT_INPUT_warn
[2023-03-23T17:19:49.749] [INFO] default - Loading command Ban.command.js
[2023-03-23T17:19:49.758] [INFO] default - Loaded command MESSAGE_CONTEXT_Ban
[2023-03-23T17:19:49.759] [INFO] default - Loading command Kick.command.js
[2023-03-23T17:19:49.764] [INFO] default - Loaded command MESSAGE_CONTEXT_Kick
[2023-03-23T17:19:49.765] [INFO] default - Loading command Mute.command.js
[2023-03-23T17:19:49.769] [INFO] default - Loaded command MESSAGE_CONTEXT_Mute
[2023-03-23T17:19:49.772] [INFO] default - Loading command Warn.command.js
[2023-03-23T17:19:49.776] [INFO] default - Loaded command MESSAGE_CONTEXT_Warn
[2023-03-23T17:19:49.778] [INFO] default - Loading command Ban.command.js
[2023-03-23T17:19:49.782] [INFO] default - Loaded command USER_CONTEXT_Ban
[2023-03-23T17:19:49.783] [INFO] default - Loading command Kick.command.js
[2023-03-23T17:19:49.786] [INFO] default - Loaded command USER_CONTEXT_Kick
[2023-03-23T17:19:49.788] [INFO] default - Loading command Mute.command.js
[2023-03-23T17:19:49.792] [INFO] default - Loaded command USER_CONTEXT_Mute
[2023-03-23T17:19:49.793] [INFO] default - Loading command Warn.command.js
[2023-03-23T17:19:49.798] [INFO] default - Loaded command USER_CONTEXT_Warn
[2023-03-23T17:19:49.798] [INFO] default - All modules and commands loaded
[2023-03-23T17:19:49.831] [INFO] default - Loading module Kick.js
[2023-03-23T17:19:49.832] [INFO] default - Loading module TicketManager.js
[2023-03-23T17:19:49.833] [INFO] default - Loading module VerificationManager.js
[2023-03-23T17:19:49.836] [INFO] default - Loading module Logging.js
[2023-03-23T17:19:49.840] [INFO] default - Loading module Mute.js
[2023-03-23T17:19:49.842] [INFO] default - Loading module UpdateCase.js
[2023-03-23T17:19:49.848] [INFO] default - Loading module Warn.js
[2023-03-23T17:19:52.857] [INFO] default - Updating cases...
[2023-03-23T17:19:57.874] [INFO] default - Updating cases...
[2023-03-23T17:20:02.876] [INFO] default - Updating cases...
[2023-03-23T17:20:07.891] [INFO] default - Updating cases...
[2023-03-23T17:20:12.894] [INFO] default - Updating cases...
[2023-03-23T17:20:17.898] [INFO] default - Updating cases...
[2023-03-23T17:20:22.905] [INFO] default - Updating cases...
[2023-03-23T17:20:27.909] [INFO] default - Updating cases...
[2023-03-23T17:20:32.912] [INFO] default - Updating cases...
[2023-03-23T17:20:37.930] [INFO] default - Updating cases...
[2023-03-23T17:20:42.934] [INFO] default - Updating cases...
[2023-03-23T17:20:47.950] [INFO] default - Updating cases...
[2023-03-23T17:20:52.974] [INFO] default - Updating cases...
[2023-03-23T17:20:57.980] [INFO] default - Updating cases...
[2023-03-23T17:21:02.988] [INFO] default - Updating cases...
[2023-03-23T17:21:07.995] [INFO] default - Updating cases...
[2023-03-23T17:21:13.006] [INFO] default - Updating cases...
[2023-03-23T17:21:18.010] [INFO] default - Updating cases...
[2023-03-23T17:21:23.012] [INFO] default - Updating cases...
[2023-03-23T17:21:28.029] [INFO] default - Updating cases...
[2023-03-23T17:21:33.042] [INFO] default - Updating cases...
[2023-03-23T17:21:38.049] [INFO] default - Updating cases...
[2023-03-23T17:21:43.064] [INFO] default - Updating cases...
[2023-03-23T17:21:48.071] [INFO] default - Updating cases...
[2023-03-23T17:21:53.080] [INFO] default - Updating cases...
[2023-03-23T17:21:58.086] [INFO] default - Updating cases...
[2023-03-23T17:22:03.102] [INFO] default - Updating cases...
[2023-03-23T17:22:08.110] [INFO] default - Updating cases...
[2023-03-23T17:22:13.126] [INFO] default - Updating cases...
[2023-03-23T17:22:18.129] [INFO] default - Updating cases...
[2023-03-23T17:22:23.142] [INFO] default - Updating cases...
[2023-03-23T17:22:28.150] [INFO] default - Updating cases...
[2023-03-23T17:22:33.153] [INFO] default - Updating cases...
[2023-03-23T17:22:38.157] [INFO] default - Updating cases...
[2023-03-23T17:22:43.162] [INFO] default - Updating cases...
[2023-03-23T17:22:48.171] [INFO] default - Updating cases...
[2023-03-23T17:22:53.176] [INFO] default - Updating cases...
[2023-03-23T17:22:58.181] [INFO] default - Updating cases...
[2023-03-23T17:23:03.186] [INFO] default - Updating cases...
[2023-03-23T17:23:08.191] [INFO] default - Updating cases...
[2023-03-23T17:23:13.204] [INFO] default - Updating cases...
[2023-03-23T17:23:18.219] [INFO] default - Updating cases...
[2023-03-23T17:23:23.225] [INFO] default - Updating cases...
[2023-03-23T17:23:28.239] [INFO] default - Updating cases...
[2023-03-23T17:23:33.242] [INFO] default - Updating cases...
[2023-03-23T17:23:38.247] [INFO] default - Updating cases...
[2023-03-23T17:23:43.260] [INFO] default - Updating cases...
[2023-03-23T17:23:48.275] [INFO] default - Updating cases...
[2023-03-23T17:23:53.277] [INFO] default - Updating cases...
[2023-03-23T17:23:58.291] [INFO] default - Updating cases...
[2023-03-23T17:24:03.294] [INFO] default - Updating cases...
[2023-03-23T17:24:08.310] [INFO] default - Updating cases...
[2023-03-23T17:24:13.327] [INFO] default - Updating cases...
[2023-03-23T17:24:18.330] [INFO] default - Updating cases...
[2023-03-23T17:24:23.343] [INFO] default - Updating cases...
[2023-03-23T17:24:28.346] [INFO] default - Updating cases...
[2023-03-23T17:24:33.357] [INFO] default - Updating cases...
[2023-03-23T17:24:38.370] [INFO] default - Updating cases...
[2023-03-23T17:24:43.375] [INFO] default - Updating cases...
[2023-03-23T17:24:48.385] [INFO] default - Updating cases...
[2023-03-23T17:24:53.402] [INFO] default - Updating cases...
[2023-03-23T17:24:58.419] [INFO] default - Updating cases...
[2023-03-23T17:25:03.433] [INFO] default - Updating cases...
[2023-03-23T17:25:08.450] [INFO] default - Updating cases...
[2023-03-23T17:25:13.452] [INFO] default - Updating cases...
[2023-03-23T17:25:18.466] [INFO] default - Updating cases...
[2023-03-23T17:25:23.474] [INFO] default - Updating cases...
[2023-03-23T17:25:28.485] [INFO] default - Updating cases...
[2023-03-23T17:25:33.504] [INFO] default - Updating cases...
[2023-03-23T17:25:38.513] [INFO] default - Updating cases...
[2023-03-23T17:25:43.528] [INFO] default - Updating cases...
[2023-03-23T17:25:48.531] [INFO] default - Updating cases...
[2023-03-23T17:25:53.536] [INFO] default - Updating cases...
[2023-03-23T17:25:58.543] [INFO] default - Updating cases...
[2023-03-23T17:26:03.555] [INFO] default - Updating cases...
[2023-03-23T17:26:08.556] [INFO] default - Updating cases...
[2023-03-23T17:26:13.566] [INFO] default - Updating cases...
[2023-03-23T17:26:18.570] [INFO] default - Updating cases...
[2023-03-23T17:26:23.573] [INFO] default - Updating cases...
[2023-03-23T17:26:28.577] [INFO] default - Updating cases...
[2023-03-23T17:26:33.586] [INFO] default - Updating cases...
[2023-03-23T17:26:38.597] [INFO] default - Updating cases...
[2023-03-23T17:26:43.612] [INFO] default - Updating cases...
[2023-03-23T17:26:48.614] [INFO] default - Updating cases...
[2023-03-23T17:26:53.622] [INFO] default - Updating cases...
[2023-03-23T17:26:58.627] [INFO] default - Updating cases...
[2023-03-23T17:27:03.636] [INFO] default - Updating cases...
[2023-03-23T17:27:08.645] [INFO] default - Updating cases...
[2023-03-23T17:27:13.647] [INFO] default - Updating cases...
[2023-03-23T17:27:18.659] [INFO] default - Updating cases...
[2023-03-23T17:27:23.673] [INFO] default - Updating cases...
[2023-03-23T17:27:28.681] [INFO] default - Updating cases...
[2023-03-23T17:27:33.686] [INFO] default - Updating cases...
[2023-03-23T17:27:38.694] [INFO] default - Updating cases...
[2023-03-23T17:27:43.703] [INFO] default - Updating cases...
[2023-03-23T17:27:48.707] [INFO] default - Updating cases...
[2023-03-23T17:27:53.714] [INFO] default - Updating cases...
[2023-03-23T17:27:58.723] [INFO] default - Updating cases...
[2023-03-23T17:28:03.736] [INFO] default - Updating cases...
[2023-03-23T17:28:08.742] [INFO] default - Updating cases...
[2023-03-23T17:28:13.749] [INFO] default - Updating cases...
[2023-03-23T17:28:18.763] [INFO] default - Updating cases...
[2023-03-23T17:28:23.770] [INFO] default - Updating cases...
[2023-03-23T17:28:28.776] [INFO] default - Updating cases...
[2023-03-23T17:28:33.791] [INFO] default - Updating cases...
[2023-03-23T17:28:38.800] [INFO] default - Updating cases...
[2023-03-23T17:28:43.829] [INFO] default - Updating cases...
[2023-03-23T17:28:48.840] [INFO] default - Updating cases...
[2023-03-23T17:28:53.842] [INFO] default - Updating cases...
[2023-03-23T17:28:58.847] [INFO] default - Updating cases...
[2023-03-23T17:29:03.866] [INFO] default - Updating cases...
[2023-03-23T17:29:08.870] [INFO] default - Updating cases...
[2023-03-23T17:29:13.879] [INFO] default - Updating cases...
[2023-03-23T17:29:18.897] [INFO] default - Updating cases...
[2023-03-23T17:29:23.899] [INFO] default - Updating cases...
[2023-03-23T17:29:28.906] [INFO] default - Updating cases...
[2023-03-23T17:29:33.913] [INFO] default - Updating cases...
[2023-03-23T17:29:38.923] [INFO] default - Updating cases...
[2023-03-23T17:29:43.930] [INFO] default - Updating cases...
[2023-03-23T17:29:48.938] [INFO] default - Updating cases...
[2023-03-23T17:29:53.952] [INFO] default - Updating cases...
[2023-03-23T17:29:58.955] [INFO] default - Updating cases...
[2023-03-23T17:30:03.967] [INFO] default - Updating cases...
[2023-03-23T17:30:08.971] [INFO] default - Updating cases...
[2023-03-23T17:30:13.981] [INFO] default - Updating cases...
[2023-03-23T17:30:18.986] [INFO] default - Updating cases...
[2023-03-23T17:30:23.990] [INFO] default - Updating cases...
[2023-03-23T17:30:28.995] [INFO] default - Updating cases...
[2023-03-23T17:30:34.009] [INFO] default - Updating cases...
[2023-03-23T17:30:39.023] [INFO] default - Updating cases...
[2023-03-23T17:30:44.026] [INFO] default - Updating cases...
[2023-03-23T17:30:49.039] [INFO] default - Updating cases...
[2023-03-23T17:30:54.051] [INFO] default - Updating cases...
[2023-03-23T17:30:59.057] [INFO] default - Updating cases...
[2023-03-23T17:31:04.059] [INFO] default - Updating cases...
[2023-03-23T17:31:09.068] [INFO] default - Updating cases...
[2023-03-23T17:31:14.070] [INFO] default - Updating cases...
[2023-03-23T17:31:19.080] [INFO] default - Updating cases...
[2023-03-23T17:31:24.092] [INFO] default - Updating cases...
[2023-03-23T17:31:29.100] [INFO] default - Updating cases...
[2023-03-23T17:31:34.102] [INFO] default - Updating cases...
[2023-03-23T17:31:39.107] [INFO] default - Updating cases...
[2023-03-23T17:31:44.110] [INFO] default - Updating cases...
[2023-03-23T17:31:49.123] [INFO] default - Updating cases...
[2023-03-23T17:31:54.138] [INFO] default - Updating cases...
[2023-03-23T17:31:59.139] [INFO] default - Updating cases...
[2023-03-23T17:32:04.142] [INFO] default - Updating cases...
[2023-03-23T17:32:09.148] [INFO] default - Updating cases...
[2023-03-23T17:32:14.155] [INFO] default - Updating cases...
[2023-03-23T17:32:19.167] [INFO] default - Updating cases...
[2023-03-23T17:32:24.176] [INFO] default - Updating cases...
[2023-03-23T17:32:29.182] [INFO] default - Updating cases...
[2023-03-23T17:32:34.190] [INFO] default - Updating cases...
[2023-03-23T17:32:39.201] [INFO] default - Updating cases...
[2023-03-23T17:32:44.218] [INFO] default - Updating cases...
[2023-03-23T17:32:49.234] [INFO] default - Updating cases...
[2023-03-23T17:32:54.244] [INFO] default - Updating cases...
[2023-03-23T17:32:59.248] [INFO] default - Updating cases...
[2023-03-23T17:33:04.255] [INFO] default - Updating cases...
[2023-03-23T17:33:09.262] [INFO] default - Updating cases...
[2023-03-23T17:33:14.267] [INFO] default - Updating cases...
[2023-03-23T17:33:19.271] [INFO] default - Updating cases...
[2023-03-23T17:33:24.283] [INFO] default - Updating cases...
[2023-03-23T17:33:29.299] [INFO] default - Updating cases...
[2023-03-23T17:33:34.305] [INFO] default - Updating cases...
[2023-03-23T17:33:39.307] [INFO] default - Updating cases...
[2023-03-23T17:33:44.319] [INFO] default - Updating cases...
[2023-03-23T17:33:49.335] [INFO] default - Updating cases...
[2023-03-23T17:33:54.338] [INFO] default - Updating cases...
[2023-03-23T17:33:59.344] [INFO] default - Updating cases...
[2023-03-23T17:34:04.347] [INFO] default - Updating cases...
[2023-03-23T17:34:09.363] [INFO] default - Updating cases...
[2023-03-23T17:34:14.373] [INFO] default - Updating cases...
[2023-03-23T17:34:19.383] [INFO] default - Updating cases...
[2023-03-23T17:34:24.392] [INFO] default - Updating cases...
[2023-03-23T17:34:29.404] [INFO] default - Updating cases...
[2023-03-23T17:34:34.406] [INFO] default - Updating cases...
[2023-03-23T17:34:39.428] [INFO] default - Updating cases...
[2023-03-23T17:34:44.453] [INFO] default - Updating cases...
[2023-03-23T17:34:49.460] [INFO] default - Updating cases...
[2023-03-23T17:34:54.472] [INFO] default - Updating cases...
[2023-03-23T17:34:59.475] [INFO] default - Updating cases...
[2023-03-23T17:35:04.485] [INFO] default - Updating cases...
[2023-03-23T17:35:09.490] [INFO] default - Updating cases...
[2023-03-23T17:35:14.501] [INFO] default - Updating cases...
[2023-03-23T17:35:19.504] [INFO] default - Updating cases...
[2023-03-23T17:35:24.517] [INFO] default - Updating cases...
[2023-03-23T17:35:29.552] [INFO] default - Updating cases...
[2023-03-23T17:35:34.591] [INFO] default - Updating cases...
[2023-03-23T17:35:39.593] [INFO] default - Updating cases...
[2023-03-23T17:35:44.602] [INFO] default - Updating cases...
[2023-03-23T17:35:49.605] [INFO] default - Updating cases...
[2023-03-23T17:35:54.618] [INFO] default - Updating cases...
[2023-03-23T17:35:59.628] [INFO] default - Updating cases...
[2023-03-23T17:36:04.643] [INFO] default - Updating cases...
[2023-03-23T17:36:09.658] [INFO] default - Updating cases...
[2023-03-23T17:36:14.660] [INFO] default - Updating cases...
[2023-03-23T17:36:19.665] [INFO] default - Updating cases...
[2023-03-23T17:36:24.667] [INFO] default - Updating cases...
[2023-03-23T17:36:29.669] [INFO] default - Updating cases...
[2023-03-23T17:36:34.678] [INFO] default - Updating cases...
[2023-03-23T17:36:39.683] [INFO] default - Updating cases...
[2023-03-23T17:36:44.699] [INFO] default - Updating cases...
[2023-03-23T17:36:49.703] [INFO] default - Updating cases...
[2023-03-23T17:36:54.718] [INFO] default - Updating cases...
[2023-03-23T17:36:59.723] [INFO] default - Updating cases...
[2023-03-23T17:37:04.734] [INFO] default - Updating cases...
[2023-03-23T17:37:09.746] [INFO] default - Updating cases...
[2023-03-23T17:37:14.752] [INFO] default - Updating cases...
[2023-03-23T17:37:19.764] [INFO] default - Updating cases...
[2023-03-23T17:37:24.768] [INFO] default - Updating cases...
[2023-03-23T17:37:29.770] [INFO] default - Updating cases...
