[2023-03-23T20:37:38.935] [INFO] default - Logged in as Academia#0862
[2023-03-23T20:37:38.940] [INFO] default - Loading module WelcomeAndGoodbye.js
[2023-03-23T20:37:38.941] [INFO] default - Loading module Ban.js
[2023-03-23T20:37:38.943] [INFO] default - Loading module ReactRoles.js
[2023-03-23T20:37:38.946] [INFO] default - Loading module RelayHandler.js
[2023-03-23T20:37:38.948] [INFO] default - Loading module Verification.js
[2023-03-23T20:37:38.950] [INFO] default - Loading command Ban.command.js
[2023-03-23T20:37:38.966] [INFO] default - Loaded command CHAT_INPUT_ban
[2023-03-23T20:37:38.968] [INFO] default - Loading command Cases.command.js
[2023-03-23T20:37:38.971] [INFO] default - Loaded command CHAT_INPUT_cases
[2023-03-23T20:37:38.972] [INFO] default - Loading command Embed.command.js
[2023-03-23T20:37:38.976] [INFO] default - Loaded command CHAT_INPUT_embed
[2023-03-23T20:37:38.978] [INFO] default - Loading command Kick.command.js
[2023-03-23T20:37:38.983] [INFO] default - Loaded command CHAT_INPUT_kick
[2023-03-23T20:37:38.984] [INFO] default - Loading command Mute.command.js
[2023-03-23T20:37:38.988] [INFO] default - Loaded command CHAT_INPUT_mute
[2023-03-23T20:37:38.989] [INFO] default - Loading command ReactionRoles.command.js
[2023-03-23T20:37:38.999] [INFO] default - Loaded command CHAT_INPUT_reactroles
[2023-03-23T20:37:39.000] [INFO] default - Loading command Reason.command.js
[2023-03-23T20:37:39.003] [INFO] default - Loaded command CHAT_INPUT_reason
[2023-03-23T20:37:39.004] [INFO] default - Loading command Unban.command.js
[2023-03-23T20:37:39.006] [INFO] default - Loaded command CHAT_INPUT_unban
[2023-03-23T20:37:39.007] [INFO] default - Loading command Unmute.command.js
[2023-03-23T20:37:39.013] [INFO] default - Loaded command CHAT_INPUT_unmute
[2023-03-23T20:37:39.014] [INFO] default - Loading command Warn.command.js
[2023-03-23T20:37:39.021] [INFO] default - Loaded command CHAT_INPUT_warn
[2023-03-23T20:37:39.023] [INFO] default - Loading command Ban.command.js
[2023-03-23T20:37:39.031] [INFO] default - Loaded command MESSAGE_CONTEXT_Ban
[2023-03-23T20:37:39.032] [INFO] default - Loading command Kick.command.js
[2023-03-23T20:37:39.036] [INFO] default - Loaded command MESSAGE_CONTEXT_Kick
[2023-03-23T20:37:39.037] [INFO] default - Loading command Mute.command.js
[2023-03-23T20:37:39.040] [INFO] default - Loaded command MESSAGE_CONTEXT_Mute
[2023-03-23T20:37:39.041] [INFO] default - Loading command Warn.command.js
[2023-03-23T20:37:39.046] [INFO] default - Loaded command MESSAGE_CONTEXT_Warn
[2023-03-23T20:37:39.048] [INFO] default - Loading command Ban.command.js
[2023-03-23T20:37:39.052] [INFO] default - Loaded command USER_CONTEXT_Ban
[2023-03-23T20:37:39.053] [INFO] default - Loading command Kick.command.js
[2023-03-23T20:37:39.055] [INFO] default - Loaded command USER_CONTEXT_Kick
[2023-03-23T20:37:39.056] [INFO] default - Loading command Mute.command.js
[2023-03-23T20:37:39.059] [INFO] default - Loaded command USER_CONTEXT_Mute
[2023-03-23T20:37:39.061] [INFO] default - Loading command Warn.command.js
[2023-03-23T20:37:39.066] [INFO] default - Loaded command USER_CONTEXT_Warn
[2023-03-23T20:37:39.067] [INFO] default - All modules and commands loaded
[2023-03-23T20:37:39.109] [INFO] default - Loading module Kick.js
[2023-03-23T20:37:39.115] [INFO] default - Loading module TicketManager.js
[2023-03-23T20:37:39.116] [INFO] default - Loading module VerificationManager.js
[2023-03-23T20:37:39.120] [INFO] default - Loading module Logging.js
[2023-03-23T20:37:39.123] [INFO] default - Loading module Mute.js
[2023-03-23T20:37:39.126] [INFO] default - Loading module UpdateCase.js
[2023-03-23T20:37:39.136] [INFO] default - Loading module Warn.js
[2023-03-23T20:37:42.136] [INFO] default - Updating cases...
[2023-03-23T20:37:47.141] [INFO] default - Updating cases...
[2023-03-23T20:37:52.147] [INFO] default - Updating cases...
[2023-03-23T20:37:57.159] [INFO] default - Updating cases...
[2023-03-23T20:38:02.169] [INFO] default - Updating cases...
[2023-03-23T20:38:07.177] [INFO] default - Updating cases...
[2023-03-23T20:38:12.187] [INFO] default - Updating cases...
[2023-03-23T20:38:17.192] [INFO] default - Updating cases...
[2023-03-23T20:38:22.198] [INFO] default - Updating cases...
[2023-03-23T20:38:27.202] [INFO] default - Updating cases...
[2023-03-23T20:38:32.214] [INFO] default - Updating cases...
[2023-03-23T20:38:37.229] [INFO] default - Updating cases...
[2023-03-23T20:38:42.251] [INFO] default - Updating cases...
[2023-03-23T20:38:47.260] [INFO] default - Updating cases...
[2023-03-23T20:38:52.272] [INFO] default - Updating cases...
[2023-03-23T20:38:57.280] [INFO] default - Updating cases...
[2023-03-23T20:39:02.289] [INFO] default - Updating cases...
[2023-03-23T20:39:07.295] [INFO] default - Updating cases...
[2023-03-23T20:39:12.300] [INFO] default - Updating cases...
[2023-03-23T20:39:17.319] [INFO] default - Updating cases...
[2023-03-23T20:39:22.325] [INFO] default - Updating cases...
[2023-03-23T20:39:27.341] [INFO] default - Updating cases...
[2023-03-23T20:39:32.347] [INFO] default - Updating cases...
[2023-03-23T20:39:37.359] [INFO] default - Updating cases...
[2023-03-23T20:39:42.364] [INFO] default - Updating cases...
[2023-03-23T20:39:47.381] [INFO] default - Updating cases...
[2023-03-23T20:39:52.395] [INFO] default - Updating cases...
[2023-03-23T20:39:57.398] [INFO] default - Updating cases...
[2023-03-23T20:40:02.407] [INFO] default - Updating cases...
[2023-03-23T20:40:07.420] [INFO] default - Updating cases...
[2023-03-23T20:40:12.423] [INFO] default - Updating cases...
[2023-03-23T20:40:17.434] [INFO] default - Updating cases...
[2023-03-23T20:40:22.441] [INFO] default - Updating cases...
[2023-03-23T20:40:27.447] [INFO] default - Updating cases...
[2023-03-23T20:40:32.449] [INFO] default - Updating cases...
[2023-03-23T20:40:37.465] [INFO] default - Updating cases...
[2023-03-23T20:40:42.464] [INFO] default - Updating cases...
[2023-03-23T20:40:47.481] [INFO] default - Updating cases...
[2023-03-23T20:40:52.484] [INFO] default - Updating cases...
[2023-03-23T20:40:57.493] [INFO] default - Updating cases...
[2023-03-23T20:41:02.498] [INFO] default - Updating cases...
[2023-03-23T20:41:07.603] [INFO] default - Updating cases...
