[2023-03-22T13:36:32.009] [INFO] default - Logged in as Academia#0862
[2023-03-22T13:36:32.016] [INFO] default - Loading module Ban.js
[2023-03-22T13:36:32.021] [INFO] default - Loading command Ban.command.js
[2023-03-22T13:36:32.043] [INFO] default - Loaded command CHAT_INPUT_ban
[2023-03-22T13:36:32.045] [INFO] default - Loading command Cases.command.js
[2023-03-22T13:36:32.052] [INFO] default - Loaded command CHAT_INPUT_cases
[2023-03-22T13:36:32.055] [INFO] default - Loading command Kick.command.js
[2023-03-22T13:36:32.063] [INFO] default - Loaded command CHAT_INPUT_kick
[2023-03-22T13:36:32.065] [INFO] default - Loading command Mute.command.js
[2023-03-22T13:36:32.078] [INFO] default - Loaded command CHAT_INPUT_mute
[2023-03-22T13:36:32.080] [INFO] default - Loading command Unban.command.js
[2023-03-22T13:36:32.083] [INFO] default - Loaded command CHAT_INPUT_unban
[2023-03-22T13:36:32.085] [INFO] default - Loading command Unmute.command.js
[2023-03-22T13:36:32.089] [INFO] default - Loaded command CHAT_INPUT_unmute
[2023-03-22T13:36:32.090] [INFO] default - Loading command Warn.command.js
[2023-03-22T13:36:32.098] [INFO] default - Loaded command CHAT_INPUT_warn
[2023-03-22T13:36:32.101] [INFO] default - Loading command Ban.command.js
[2023-03-22T13:36:32.113] [INFO] default - Loaded command MESSAGE_CONTEXT_Ban
[2023-03-22T13:36:32.115] [INFO] default - Loading command Kick.command.js
[2023-03-22T13:36:32.119] [INFO] default - Loaded command MESSAGE_CONTEXT_Kick
[2023-03-22T13:36:32.121] [INFO] default - Loading command Mute.command.js
[2023-03-22T13:36:32.127] [INFO] default - Loaded command MESSAGE_CONTEXT_Mute
[2023-03-22T13:36:32.128] [INFO] default - Loading command Warn.command.js
[2023-03-22T13:36:32.132] [INFO] default - Loaded command MESSAGE_CONTEXT_Warn
[2023-03-22T13:36:32.134] [INFO] default - Loading command Ban.command.js
[2023-03-22T13:36:32.139] [INFO] default - Loaded command USER_CONTEXT_Ban
[2023-03-22T13:36:32.142] [INFO] default - Loading command Kick.command.js
[2023-03-22T13:36:32.147] [INFO] default - Loaded command USER_CONTEXT_Kick
[2023-03-22T13:36:32.148] [INFO] default - Loading command Mute.command.js
[2023-03-22T13:36:32.152] [INFO] default - Loaded command USER_CONTEXT_Mute
[2023-03-22T13:36:32.153] [INFO] default - Loading command Warn.command.js
[2023-03-22T13:36:32.159] [INFO] default - Loaded command USER_CONTEXT_Warn
[2023-03-22T13:36:32.160] [INFO] default - All modules and commands loaded
[2023-03-22T13:36:32.179] [INFO] default - Loading module Kick.js
[2023-03-22T13:36:32.181] [INFO] default - Loading module Logging.js
[2023-03-22T13:36:32.184] [INFO] default - Loading module Mute.js
[2023-03-22T13:36:32.187] [INFO] default - Loading module UpdateCase.js
[2023-03-22T13:36:32.196] [INFO] default - Loading module Warn.js
[2023-03-22T13:36:35.202] [INFO] default - Updating cases...
[2023-03-22T13:36:40.213] [INFO] default - Updating cases...
[2023-03-22T13:36:45.216] [INFO] default - Updating cases...
[2023-03-22T13:36:50.221] [INFO] default - Updating cases...
[2023-03-22T13:36:55.237] [INFO] default - Updating cases...
[2023-03-22T13:37:00.247] [INFO] default - Updating cases...
[2023-03-22T13:37:05.250] [INFO] default - Updating cases...
[2023-03-22T13:37:10.264] [INFO] default - Updating cases...
[2023-03-22T13:37:15.277] [INFO] default - Updating cases...
[2023-03-22T13:37:20.290] [INFO] default - Updating cases...
[2023-03-22T13:37:25.319] [INFO] default - Updating cases...
[2023-03-22T13:37:30.323] [INFO] default - Updating cases...
[2023-03-22T13:37:35.331] [INFO] default - Updating cases...
[2023-03-22T13:37:40.337] [INFO] default - Updating cases...
[2023-03-22T13:37:45.344] [INFO] default - Updating cases...
[2023-03-22T13:37:50.353] [INFO] default - Updating cases...
[2023-03-22T13:37:55.372] [INFO] default - Updating cases...
[2023-03-22T13:38:00.378] [INFO] default - Updating cases...
[2023-03-22T13:38:05.394] [INFO] default - Updating cases...
[2023-03-22T13:38:10.413] [INFO] default - Updating cases...
[2023-03-22T13:38:15.423] [INFO] default - Updating cases...
[2023-03-22T13:38:20.431] [INFO] default - Updating cases...
[2023-03-22T13:38:25.442] [INFO] default - Updating cases...
[2023-03-22T13:38:30.449] [INFO] default - Updating cases...
[2023-03-22T13:38:35.461] [INFO] default - Updating cases...
[2023-03-22T13:38:40.477] [INFO] default - Updating cases...
[2023-03-22T13:38:45.481] [INFO] default - Updating cases...
[2023-03-22T13:38:50.490] [INFO] default - Updating cases...
[2023-03-22T13:38:55.494] [INFO] default - Updating cases...
[2023-03-22T13:39:00.499] [INFO] default - Updating cases...
[2023-03-22T13:39:05.507] [INFO] default - Updating cases...
[2023-03-22T13:39:10.518] [INFO] default - Updating cases...
[2023-03-22T13:39:15.528] [INFO] default - Updating cases...
[2023-03-22T13:39:20.542] [INFO] default - Updating cases...
[2023-03-22T13:39:25.555] [INFO] default - Updating cases...
[2023-03-22T13:39:30.561] [INFO] default - Updating cases...
[2023-03-22T13:39:35.574] [INFO] default - Updating cases...
[2023-03-22T13:39:40.584] [INFO] default - Updating cases...
[2023-03-22T13:39:45.594] [INFO] default - Updating cases...
[2023-03-22T13:39:50.605] [INFO] default - Updating cases...
[2023-03-22T13:39:55.665] [INFO] default - Updating cases...
[2023-03-22T13:40:00.679] [INFO] default - Updating cases...
[2023-03-22T13:40:05.697] [INFO] default - Updating cases...
[2023-03-22T13:40:10.704] [INFO] default - Updating cases...
[2023-03-22T13:40:15.717] [INFO] default - Updating cases...
[2023-03-22T13:40:20.729] [INFO] default - Updating cases...
[2023-03-22T13:40:25.748] [INFO] default - Updating cases...
[2023-03-22T13:40:30.769] [INFO] default - Updating cases...
[2023-03-22T13:40:35.783] [INFO] default - Updating cases...
[2023-03-22T13:40:40.808] [INFO] default - Updating cases...
