[2023-03-23T15:31:59.058] [INFO] default - Logged in as Academia#0862
[2023-03-23T15:31:59.066] [INFO] default - Loading module WelcomeAndGoodbye.js
[2023-03-23T15:31:59.069] [INFO] default - Loading module Ban.js
[2023-03-23T15:31:59.071] [INFO] default - Loading module RelayHandler.js
[2023-03-23T15:31:59.073] [INFO] default - Loading module VerificationManager.js
[2023-03-23T15:31:59.076] [INFO] default - Loading command Ban.command.js
[2023-03-23T15:31:59.097] [INFO] default - Loaded command CHAT_INPUT_ban
[2023-03-23T15:31:59.102] [INFO] default - Loading command Cases.command.js
[2023-03-23T15:31:59.112] [INFO] default - Loaded command CHAT_INPUT_cases
[2023-03-23T15:31:59.117] [INFO] default - Loading command Kick.command.js
[2023-03-23T15:31:59.130] [INFO] default - Loaded command CHAT_INPUT_kick
[2023-03-23T15:31:59.133] [INFO] default - Loading command Mute.command.js
[2023-03-23T15:31:59.149] [INFO] default - Loaded command CHAT_INPUT_mute
[2023-03-23T15:31:59.153] [INFO] default - Loading command Reason.command.js
[2023-03-23T15:31:59.159] [INFO] default - Loaded command CHAT_INPUT_reason
[2023-03-23T15:31:59.162] [INFO] default - Loading command Unban.command.js
[2023-03-23T15:31:59.170] [INFO] default - Loaded command CHAT_INPUT_unban
[2023-03-23T15:31:59.175] [INFO] default - Loading command Unmute.command.js
[2023-03-23T15:31:59.183] [INFO] default - Loaded command CHAT_INPUT_unmute
[2023-03-23T15:31:59.186] [INFO] default - Loading command Warn.command.js
[2023-03-23T15:31:59.194] [INFO] default - Loaded command CHAT_INPUT_warn
[2023-03-23T15:31:59.200] [INFO] default - Loading command Ban.command.js
[2023-03-23T15:31:59.212] [INFO] default - Loaded command MESSAGE_CONTEXT_Ban
[2023-03-23T15:31:59.216] [INFO] default - Loading command Kick.command.js
[2023-03-23T15:31:59.221] [INFO] default - Loaded command MESSAGE_CONTEXT_Kick
[2023-03-23T15:31:59.222] [INFO] default - Loading command Mute.command.js
[2023-03-23T15:31:59.235] [INFO] default - Loaded command MESSAGE_CONTEXT_Mute
[2023-03-23T15:31:59.237] [INFO] default - Loading command Warn.command.js
[2023-03-23T15:31:59.242] [INFO] default - Loaded command MESSAGE_CONTEXT_Warn
[2023-03-23T15:31:59.248] [INFO] default - Loading command Ban.command.js
[2023-03-23T15:31:59.255] [INFO] default - Loaded command USER_CONTEXT_Ban
[2023-03-23T15:31:59.257] [INFO] default - Loading command Kick.command.js
[2023-03-23T15:31:59.265] [INFO] default - Loaded command USER_CONTEXT_Kick
[2023-03-23T15:31:59.267] [INFO] default - Loading command Mute.command.js
[2023-03-23T15:31:59.274] [INFO] default - Loaded command USER_CONTEXT_Mute
[2023-03-23T15:31:59.279] [INFO] default - Loading command Warn.command.js
[2023-03-23T15:31:59.349] [INFO] default - Loaded command USER_CONTEXT_Warn
[2023-03-23T15:31:59.402] [INFO] default - All modules and commands loaded
[2023-03-23T15:31:59.485] [INFO] default - Loading module Kick.js
[2023-03-23T15:31:59.519] [INFO] default - Loading module TicketManager.js
[2023-03-23T15:31:59.541] [INFO] default - Loading module Logging.js
[2023-03-23T15:31:59.555] [INFO] default - Loading module Mute.js
[2023-03-23T15:31:59.560] [INFO] default - Loading module UpdateCase.js
[2023-03-23T15:31:59.571] [INFO] default - Loading module Warn.js
[2023-03-23T15:32:02.570] [INFO] default - Updating cases...
[2023-03-23T15:32:07.575] [INFO] default - Updating cases...
[2023-03-23T15:32:12.585] [INFO] default - Updating cases...
[2023-03-23T15:32:17.590] [INFO] default - Updating cases...
[2023-03-23T15:32:22.609] [INFO] default - Updating cases...
[2023-03-23T15:32:27.628] [INFO] default - Updating cases...
[2023-03-23T15:32:32.630] [INFO] default - Updating cases...
[2023-03-23T15:32:37.647] [INFO] default - Updating cases...
[2023-03-23T15:32:42.659] [INFO] default - Updating cases...
[2023-03-23T15:32:47.664] [INFO] default - Updating cases...
[2023-03-23T15:32:52.676] [INFO] default - Updating cases...
[2023-03-23T15:32:57.687] [INFO] default - Updating cases...
[2023-03-23T15:33:02.702] [INFO] default - Updating cases...
[2023-03-23T15:33:07.705] [INFO] default - Updating cases...
[2023-03-23T15:33:12.711] [INFO] default - Updating cases...
[2023-03-23T15:33:17.714] [INFO] default - Updating cases...
[2023-03-23T15:33:22.718] [INFO] default - Updating cases...
[2023-03-23T15:33:27.729] [INFO] default - Updating cases...
