[2023-03-22T15:49:36.929] [INFO] default - Logged in as Academia#0862
[2023-03-22T15:49:36.938] [INFO] default - Loading module Ban.js
[2023-03-22T15:49:36.942] [INFO] default - Loading command Ban.command.js
[2023-03-22T15:49:36.962] [INFO] default - Loaded command CHAT_INPUT_ban
[2023-03-22T15:49:36.965] [INFO] default - Loading command Cases.command.js
[2023-03-22T15:49:36.973] [INFO] default - Loaded command CHAT_INPUT_cases
[2023-03-22T15:49:36.975] [INFO] default - Loading command Kick.command.js
[2023-03-22T15:49:36.981] [INFO] default - Loaded command CHAT_INPUT_kick
[2023-03-22T15:49:36.985] [INFO] default - Loading command Mute.command.js
[2023-03-22T15:49:36.993] [INFO] default - Loaded command CHAT_INPUT_mute
[2023-03-22T15:49:36.997] [INFO] default - Loading command Unban.command.js
[2023-03-22T15:49:37.004] [INFO] default - Loaded command CHAT_INPUT_unban
[2023-03-22T15:49:37.007] [INFO] default - Loading command Unmute.command.js
[2023-03-22T15:49:37.020] [INFO] default - Loaded command CHAT_INPUT_unmute
[2023-03-22T15:49:37.023] [INFO] default - Loading command Warn.command.js
[2023-03-22T15:49:37.046] [INFO] default - Loaded command CHAT_INPUT_warn
[2023-03-22T15:49:37.049] [INFO] default - Loading command Ban.command.js
[2023-03-22T15:49:37.062] [INFO] default - Loaded command MESSAGE_CONTEXT_Ban
[2023-03-22T15:49:37.064] [INFO] default - Loading command Kick.command.js
[2023-03-22T15:49:37.069] [INFO] default - Loaded command MESSAGE_CONTEXT_Kick
[2023-03-22T15:49:37.071] [INFO] default - Loading command Mute.command.js
[2023-03-22T15:49:37.078] [INFO] default - Loaded command MESSAGE_CONTEXT_Mute
[2023-03-22T15:49:37.079] [INFO] default - Loading command Warn.command.js
[2023-03-22T15:49:37.084] [INFO] default - Loaded command MESSAGE_CONTEXT_Warn
[2023-03-22T15:49:37.086] [INFO] default - Loading command Ban.command.js
[2023-03-22T15:49:37.092] [INFO] default - Loaded command USER_CONTEXT_Ban
[2023-03-22T15:49:37.093] [INFO] default - Loading command Kick.command.js
[2023-03-22T15:49:37.096] [INFO] default - Loaded command USER_CONTEXT_Kick
[2023-03-22T15:49:37.097] [INFO] default - Loading command Mute.command.js
[2023-03-22T15:49:37.100] [INFO] default - Loaded command USER_CONTEXT_Mute
[2023-03-22T15:49:37.102] [INFO] default - Loading command Warn.command.js
[2023-03-22T15:49:37.104] [INFO] default - Loaded command USER_CONTEXT_Warn
[2023-03-22T15:49:37.105] [INFO] default - All modules and commands loaded
[2023-03-22T15:49:37.128] [INFO] default - Loading module Kick.js
[2023-03-22T15:49:37.134] [INFO] default - Loading module Logging.js
[2023-03-22T15:49:37.145] [INFO] default - Loading module Mute.js
[2023-03-22T15:49:37.148] [INFO] default - Loading module UpdateCase.js
[2023-03-22T15:49:37.156] [INFO] default - Loading module Warn.js
[2023-03-22T15:49:40.168] [INFO] default - Updating cases...
[2023-03-22T15:49:45.177] [INFO] default - Updating cases...
[2023-03-22T15:49:50.196] [INFO] default - Updating cases...
[2023-03-22T15:49:55.207] [INFO] default - Updating cases...
[2023-03-22T15:50:00.217] [INFO] default - Updating cases...
[2023-03-22T15:50:05.228] [INFO] default - Updating cases...
[2023-03-22T15:50:10.236] [INFO] default - Updating cases...
[2023-03-22T15:50:15.242] [INFO] default - Updating cases...
[2023-03-22T15:50:20.256] [INFO] default - Updating cases...
[2023-03-22T15:50:25.272] [INFO] default - Updating cases...
[2023-03-22T15:50:30.286] [INFO] default - Updating cases...
[2023-03-22T15:50:35.300] [INFO] default - Updating cases...
[2023-03-22T15:50:40.313] [INFO] default - Updating cases...
[2023-03-22T15:50:45.320] [INFO] default - Updating cases...
[2023-03-22T15:50:50.326] [INFO] default - Updating cases...
[2023-03-22T15:50:55.340] [INFO] default - Updating cases...
[2023-03-22T15:51:00.353] [INFO] default - Updating cases...
[2023-03-22T15:51:05.366] [INFO] default - Updating cases...
[2023-03-22T15:51:10.381] [INFO] default - Updating cases...
[2023-03-22T15:51:15.398] [INFO] default - Updating cases...
[2023-03-22T15:51:20.416] [INFO] default - Updating cases...
[2023-03-22T15:51:25.428] [INFO] default - Updating cases...
[2023-03-22T15:51:30.440] [INFO] default - Updating cases...
[2023-03-22T15:51:35.456] [INFO] default - Updating cases...
[2023-03-22T15:51:40.466] [INFO] default - Updating cases...
[2023-03-22T15:51:45.481] [INFO] default - Updating cases...
[2023-03-22T15:51:50.488] [INFO] default - Updating cases...
[2023-03-22T15:51:55.507] [INFO] default - Updating cases...
