[2023-03-22T00:10:33.389] [INFO] default - Logged in as Academia#0862
[2023-03-22T00:10:33.392] [INFO] default - Loading module Ban.js
[2023-03-22T00:10:33.393] [INFO] default - Loading command Ban.command.js
[2023-03-22T00:10:33.402] [INFO] default - Loaded command CHAT_INPUT_ban
[2023-03-22T00:10:33.404] [INFO] default - Loading command Kick.command.js
[2023-03-22T00:10:33.408] [INFO] default - Loaded command CHAT_INPUT_kick
[2023-03-22T00:10:33.409] [INFO] default - Loading command Mute.command.js
[2023-03-22T00:10:33.413] [INFO] default - Loaded command CHAT_INPUT_mute
[2023-03-22T00:10:33.414] [INFO] default - Loading command Unban.command.js
[2023-03-22T00:10:33.417] [INFO] default - Loaded command CHAT_INPUT_unban
[2023-03-22T00:10:33.418] [INFO] default - Loading command Unmute.command.js
[2023-03-22T00:10:33.421] [INFO] default - Loaded command CHAT_INPUT_unmute
[2023-03-22T00:10:33.423] [INFO] default - Loading command Warn.command.js
[2023-03-22T00:10:33.427] [INFO] default - Loaded command CHAT_INPUT_warn
[2023-03-22T00:10:33.430] [INFO] default - Loading command Ban.command.js
[2023-03-22T00:10:33.441] [INFO] default - Loaded command MESSAGE_CONTEXT_Ban
[2023-03-22T00:10:33.443] [INFO] default - Loading command Kick.command.js
[2023-03-22T00:10:33.448] [INFO] default - Loaded command MESSAGE_CONTEXT_Kick
[2023-03-22T00:10:33.451] [INFO] default - Loading command Mute.command.js
[2023-03-22T00:10:33.456] [INFO] default - Loaded command MESSAGE_CONTEXT_Mute
[2023-03-22T00:10:33.458] [INFO] default - Loading command Warn.command.js
[2023-03-22T00:10:33.462] [INFO] default - Loaded command MESSAGE_CONTEXT_Warn
[2023-03-22T00:10:33.464] [INFO] default - Loading command Ban.command.js
[2023-03-22T00:10:33.470] [INFO] default - Loaded command USER_CONTEXT_Ban
[2023-03-22T00:10:33.472] [INFO] default - Loading command Kick.command.js
[2023-03-22T00:10:33.475] [INFO] default - Loaded command USER_CONTEXT_Kick
[2023-03-22T00:10:33.476] [INFO] default - Loading command Mute.command.js
[2023-03-22T00:10:33.479] [INFO] default - Loaded command USER_CONTEXT_Mute
[2023-03-22T00:10:33.480] [INFO] default - Loading command Warn.command.js
[2023-03-22T00:10:33.488] [INFO] default - Loaded command USER_CONTEXT_Warn
[2023-03-22T00:10:33.490] [INFO] default - All modules and commands loaded
[2023-03-22T00:10:33.506] [INFO] default - Loading module Kick.js
[2023-03-22T00:10:33.509] [INFO] default - Loading module Logging.js
[2023-03-22T00:10:33.512] [INFO] default - Loading module Mute.js
[2023-03-22T00:10:33.514] [INFO] default - Loading module UpdateCase.js
[2023-03-22T00:10:33.527] [INFO] default - Loading module Warn.js
[2023-03-22T00:10:36.537] [INFO] default - Updating cases...
[2023-03-22T00:10:38.930] [INFO] default - /warn run by Osmii#0076
[2023-03-22T00:10:41.551] [INFO] default - Updating cases...
[2023-03-22T00:10:46.554] [INFO] default - Updating cases...
[2023-03-22T00:10:51.564] [INFO] default - Updating cases...
[2023-03-22T00:10:55.236] [INFO] default - /mute run by Osmii#0076
[2023-03-22T00:10:56.576] [INFO] default - Updating cases...
[2023-03-22T00:11:01.587] [INFO] default - Updating cases...
[2023-03-22T00:11:03.322] [INFO] default - /unmute run by Osmii#0076
[2023-03-22T00:11:06.600] [INFO] default - Updating cases...
[2023-03-22T00:11:11.616] [INFO] default - Updating cases...
[2023-03-22T00:11:16.631] [INFO] default - Updating cases...
[2023-03-22T00:11:16.749] [INFO] default - /kick run by Osmii#0076
[2023-03-22T00:11:21.642] [INFO] default - Updating cases...
[2023-03-22T00:11:26.897] [INFO] default - Updating cases...
[2023-03-22T00:11:31.909] [INFO] default - Updating cases...
[2023-03-22T00:11:36.913] [INFO] default - Updating cases...
[2023-03-22T00:11:41.920] [INFO] default - Updating cases...
[2023-03-22T00:11:45.002] [INFO] default - /ban run by Osmii#0076
[2023-03-22T00:11:46.925] [INFO] default - Updating cases...
[2023-03-22T00:11:51.931] [INFO] default - Updating cases...
[2023-03-22T00:11:56.943] [INFO] default - Updating cases...
[2023-03-22T00:11:58.942] [INFO] default - /unban run by Osmii#0076
[2023-03-22T00:12:01.959] [INFO] default - Updating cases...
[2023-03-22T00:12:06.972] [INFO] default - Updating cases...
[2023-03-22T00:12:11.991] [INFO] default - Updating cases...
[2023-03-22T00:12:17.003] [INFO] default - Updating cases...
[2023-03-22T00:12:22.013] [INFO] default - Updating cases...
[2023-03-22T00:12:27.019] [INFO] default - Updating cases...
[2023-03-22T00:12:32.033] [INFO] default - Updating cases...
[2023-03-22T00:12:37.054] [INFO] default - Updating cases...
[2023-03-22T00:12:42.068] [INFO] default - Updating cases...
[2023-03-22T00:12:47.071] [INFO] default - Updating cases...
[2023-03-22T00:12:52.078] [INFO] default - Updating cases...
[2023-03-22T00:12:57.083] [INFO] default - Updating cases...
[2023-03-22T00:13:02.097] [INFO] default - Updating cases...
[2023-03-22T00:13:07.110] [INFO] default - Updating cases...
[2023-03-22T00:13:12.116] [INFO] default - Updating cases...
[2023-03-22T00:13:17.124] [INFO] default - Updating cases...
[2023-03-22T00:13:22.136] [INFO] default - Updating cases...
[2023-03-22T00:13:27.149] [INFO] default - Updating cases...
[2023-03-22T00:13:32.159] [INFO] default - Updating cases...
[2023-03-22T00:13:37.170] [INFO] default - Updating cases...
[2023-03-22T00:13:42.190] [INFO] default - Updating cases...
[2023-03-22T00:13:47.196] [INFO] default - Updating cases...
[2023-03-22T00:13:52.214] [INFO] default - Updating cases...
[2023-03-22T00:13:57.224] [INFO] default - Updating cases...
[2023-03-22T00:14:02.231] [INFO] default - Updating cases...
[2023-03-22T00:14:07.242] [INFO] default - Updating cases...
[2023-03-22T00:14:12.252] [INFO] default - Updating cases...
[2023-03-22T00:14:17.269] [INFO] default - Updating cases...
[2023-03-22T00:14:22.278] [INFO] default - Updating cases...
[2023-03-22T00:14:27.282] [INFO] default - Updating cases...
[2023-03-22T00:14:32.289] [INFO] default - Updating cases...
[2023-03-22T00:14:37.304] [INFO] default - Updating cases...
