[2023-03-22T14:01:01.148] [INFO] default - Logged in as Academia#0862
[2023-03-22T14:01:01.154] [INFO] default - Loading module Ban.js
[2023-03-22T14:01:01.156] [INFO] default - Loading command Ban.command.js
[2023-03-22T14:01:01.169] [INFO] default - Loaded command CHAT_INPUT_ban
[2023-03-22T14:01:01.170] [INFO] default - Loading command Cases.command.js
[2023-03-22T14:01:01.173] [INFO] default - Loaded command CHAT_INPUT_cases
[2023-03-22T14:01:01.174] [INFO] default - Loading command Kick.command.js
[2023-03-22T14:01:01.179] [INFO] default - Loaded command CHAT_INPUT_kick
[2023-03-22T14:01:01.181] [INFO] default - Loading command Mute.command.js
[2023-03-22T14:01:01.186] [INFO] default - Loaded command CHAT_INPUT_mute
[2023-03-22T14:01:01.187] [INFO] default - Loading command Unban.command.js
[2023-03-22T14:01:01.190] [INFO] default - Loaded command CHAT_INPUT_unban
[2023-03-22T14:01:01.192] [INFO] default - Loading command Unmute.command.js
[2023-03-22T14:01:01.195] [INFO] default - Loaded command CHAT_INPUT_unmute
[2023-03-22T14:01:01.197] [INFO] default - Loading command Warn.command.js
[2023-03-22T14:01:01.204] [INFO] default - Loaded command CHAT_INPUT_warn
[2023-03-22T14:01:01.206] [INFO] default - Loading command Ban.command.js
[2023-03-22T14:01:01.220] [INFO] default - Loaded command MESSAGE_CONTEXT_Ban
[2023-03-22T14:01:01.223] [INFO] default - Loading command Kick.command.js
[2023-03-22T14:01:01.227] [INFO] default - Loaded command MESSAGE_CONTEXT_Kick
[2023-03-22T14:01:01.229] [INFO] default - Loading command Mute.command.js
[2023-03-22T14:01:01.233] [INFO] default - Loaded command MESSAGE_CONTEXT_Mute
[2023-03-22T14:01:01.234] [INFO] default - Loading command Warn.command.js
[2023-03-22T14:01:01.238] [INFO] default - Loaded command MESSAGE_CONTEXT_Warn
[2023-03-22T14:01:01.240] [INFO] default - Loading command Ban.command.js
[2023-03-22T14:01:01.244] [INFO] default - Loaded command USER_CONTEXT_Ban
[2023-03-22T14:01:01.245] [INFO] default - Loading command Kick.command.js
[2023-03-22T14:01:01.248] [INFO] default - Loaded command USER_CONTEXT_Kick
[2023-03-22T14:01:01.250] [INFO] default - Loading command Mute.command.js
[2023-03-22T14:01:01.255] [INFO] default - Loaded command USER_CONTEXT_Mute
[2023-03-22T14:01:01.257] [INFO] default - Loading command Warn.command.js
[2023-03-22T14:01:01.260] [INFO] default - Loaded command USER_CONTEXT_Warn
[2023-03-22T14:01:01.261] [INFO] default - All modules and commands loaded
[2023-03-22T14:01:01.274] [INFO] default - Loading module Kick.js
[2023-03-22T14:01:01.276] [INFO] default - Loading module Logging.js
[2023-03-22T14:01:01.279] [INFO] default - Loading module Mute.js
[2023-03-22T14:01:01.281] [INFO] default - Loading module UpdateCase.js
[2023-03-22T14:01:01.286] [INFO] default - Loading module Warn.js
[2023-03-22T14:01:04.293] [INFO] default - Updating cases...
[2023-03-22T14:01:09.465] [INFO] default - Updating cases...
[2023-03-22T14:01:14.469] [INFO] default - Updating cases...
[2023-03-22T14:01:19.475] [INFO] default - Updating cases...
[2023-03-22T14:01:24.490] [INFO] default - Updating cases...
[2023-03-22T14:01:29.506] [INFO] default - Updating cases...
[2023-03-22T14:01:34.514] [INFO] default - Updating cases...
[2023-03-22T14:01:39.520] [INFO] default - Updating cases...
[2023-03-22T14:01:44.258] [INFO] default - /mute run by Osmii#0076
[2023-03-22T14:01:44.532] [INFO] default - Updating cases...
[2023-03-22T14:01:49.549] [INFO] default - Updating cases...
[2023-03-22T14:01:54.563] [INFO] default - Updating cases...
[2023-03-22T14:01:59.281] [INFO] default - /warn run by Osmii#0076
[2023-03-22T14:01:59.572] [INFO] default - Updating cases...
[2023-03-22T14:02:04.586] [INFO] default - Updating cases...
[2023-03-22T14:02:09.597] [INFO] default - Updating cases...
[2023-03-22T14:02:14.608] [INFO] default - Updating cases...
[2023-03-22T14:02:19.615] [INFO] default - Updating cases...
[2023-03-22T14:02:24.622] [INFO] default - Updating cases...
[2023-03-22T14:02:29.627] [INFO] default - Updating cases...
[2023-03-22T14:02:34.636] [INFO] default - Updating cases...
[2023-03-22T14:02:39.642] [INFO] default - Updating cases...
[2023-03-22T14:02:44.654] [INFO] default - Updating cases...
[2023-03-22T14:02:49.674] [INFO] default - Updating cases...
[2023-03-22T14:02:54.691] [INFO] default - Updating cases...
[2023-03-22T14:02:59.701] [INFO] default - Updating cases...
[2023-03-22T14:03:04.713] [INFO] default - Updating cases...
[2023-03-22T14:03:09.726] [INFO] default - Updating cases...
[2023-03-22T14:03:14.747] [INFO] default - Updating cases...
[2023-03-22T14:03:19.768] [INFO] default - Updating cases...
[2023-03-22T14:03:24.781] [INFO] default - Updating cases...
[2023-03-22T14:03:29.787] [INFO] default - Updating cases...
[2023-03-22T14:03:34.796] [INFO] default - Updating cases...
[2023-03-22T14:03:39.816] [INFO] default - Updating cases...
[2023-03-22T14:03:44.827] [INFO] default - Updating cases...
[2023-03-22T14:03:49.832] [INFO] default - Updating cases...
[2023-03-22T14:03:54.852] [INFO] default - Updating cases...
[2023-03-22T14:03:59.860] [INFO] default - Updating cases...
[2023-03-22T14:04:04.872] [INFO] default - Updating cases...
[2023-03-22T14:04:09.889] [INFO] default - Updating cases...
[2023-03-22T14:04:14.894] [INFO] default - Updating cases...
[2023-03-22T14:04:19.906] [INFO] default - Updating cases...
[2023-03-22T14:04:24.913] [INFO] default - Updating cases...
[2023-03-22T14:04:29.922] [INFO] default - Updating cases...
[2023-03-22T14:04:34.930] [INFO] default - Updating cases...
[2023-03-22T14:04:39.940] [INFO] default - Updating cases...
[2023-03-22T14:04:44.947] [INFO] default - Updating cases...
[2023-03-22T14:04:49.968] [INFO] default - Updating cases...
[2023-03-22T14:04:54.981] [INFO] default - Updating cases...
[2023-03-22T14:04:59.993] [INFO] default - Updating cases...
[2023-03-22T14:05:05.005] [INFO] default - Updating cases...
[2023-03-22T14:05:10.022] [INFO] default - Updating cases...
[2023-03-22T14:05:15.030] [INFO] default - Updating cases...
[2023-03-22T14:05:20.036] [INFO] default - Updating cases...
[2023-03-22T14:05:25.054] [INFO] default - Updating cases...
[2023-03-22T14:05:30.063] [INFO] default - Updating cases...
[2023-03-22T14:05:35.075] [INFO] default - Updating cases...
[2023-03-22T14:05:40.109] [INFO] default - Updating cases...
[2023-03-22T14:05:45.131] [INFO] default - Updating cases...
[2023-03-22T14:05:50.135] [INFO] default - Updating cases...
[2023-03-22T14:05:55.146] [INFO] default - Updating cases...
[2023-03-22T14:06:00.163] [INFO] default - Updating cases...
[2023-03-22T14:06:05.175] [INFO] default - Updating cases...
[2023-03-22T14:06:10.192] [INFO] default - Updating cases...
[2023-03-22T14:06:15.205] [INFO] default - Updating cases...
[2023-03-22T14:06:20.212] [INFO] default - Updating cases...
[2023-03-22T14:06:25.223] [INFO] default - Updating cases...
[2023-03-22T14:06:30.232] [INFO] default - Updating cases...
[2023-03-22T14:06:35.250] [INFO] default - Updating cases...
[2023-03-22T14:06:40.267] [INFO] default - Updating cases...
[2023-03-22T14:06:45.279] [INFO] default - Updating cases...
[2023-03-22T14:06:50.288] [INFO] default - Updating cases...
[2023-03-22T14:06:55.300] [INFO] default - Updating cases...
[2023-03-22T14:07:00.307] [INFO] default - Updating cases...
[2023-03-22T14:07:05.325] [INFO] default - Updating cases...
[2023-03-22T14:07:10.338] [INFO] default - Updating cases...
[2023-03-22T14:07:15.348] [INFO] default - Updating cases...
[2023-03-22T14:07:20.362] [INFO] default - Updating cases...
[2023-03-22T14:07:25.368] [INFO] default - Updating cases...
[2023-03-22T14:07:30.377] [INFO] default - Updating cases...
[2023-03-22T14:07:35.386] [INFO] default - Updating cases...
[2023-03-22T14:07:40.395] [INFO] default - Updating cases...
[2023-03-22T14:07:45.409] [INFO] default - Updating cases...
[2023-03-22T14:07:50.424] [INFO] default - Updating cases...
[2023-03-22T14:07:55.437] [INFO] default - Updating cases...
[2023-03-22T14:08:00.448] [INFO] default - Updating cases...
[2023-03-22T14:08:05.463] [INFO] default - Updating cases...
[2023-03-22T14:08:10.481] [INFO] default - Updating cases...
[2023-03-22T14:08:15.490] [INFO] default - Updating cases...
