[2023-03-23T19:26:18.042] [INFO] default - Logged in as Academia#0862
[2023-03-23T19:26:18.046] [INFO] default - Loading module WelcomeAndGoodbye.js
[2023-03-23T19:26:18.048] [INFO] default - Loading module Ban.js
[2023-03-23T19:26:18.049] [INFO] default - Loading module ReactRoles.js
[2023-03-23T19:26:18.051] [INFO] default - Loading module RelayHandler.js
[2023-03-23T19:26:18.052] [INFO] default - Loading module Verification.js
[2023-03-23T19:26:18.054] [INFO] default - Loading command Ban.command.js
[2023-03-23T19:26:18.064] [INFO] default - Loaded command CHAT_INPUT_ban
[2023-03-23T19:26:18.066] [INFO] default - Loading command Cases.command.js
[2023-03-23T19:26:18.069] [INFO] default - Loaded command CHAT_INPUT_cases
[2023-03-23T19:26:18.071] [INFO] default - Loading command Kick.command.js
[2023-03-23T19:26:18.074] [INFO] default - Loaded command CHAT_INPUT_kick
[2023-03-23T19:26:18.075] [INFO] default - Loading command Mute.command.js
[2023-03-23T19:26:18.081] [INFO] default - Loaded command CHAT_INPUT_mute
[2023-03-23T19:26:18.082] [INFO] default - Loading command ReactionRoles.command.js
[2023-03-23T19:26:18.089] [INFO] default - Loaded command CHAT_INPUT_reactroles
[2023-03-23T19:26:18.092] [INFO] default - Loading command Reason.command.js
[2023-03-23T19:26:18.095] [INFO] default - Loaded command CHAT_INPUT_reason
[2023-03-23T19:26:18.096] [INFO] default - Loading command Unban.command.js
[2023-03-23T19:26:18.099] [INFO] default - Loaded command CHAT_INPUT_unban
[2023-03-23T19:26:18.101] [INFO] default - Loading command Unmute.command.js
[2023-03-23T19:26:18.104] [INFO] default - Loaded command CHAT_INPUT_unmute
[2023-03-23T19:26:18.107] [INFO] default - Loading command Warn.command.js
[2023-03-23T19:26:18.111] [INFO] default - Loaded command CHAT_INPUT_warn
[2023-03-23T19:26:18.113] [INFO] default - Loading command Ban.command.js
[2023-03-23T19:26:18.121] [INFO] default - Loaded command MESSAGE_CONTEXT_Ban
[2023-03-23T19:26:18.123] [INFO] default - Loading command Kick.command.js
[2023-03-23T19:26:18.128] [INFO] default - Loaded command MESSAGE_CONTEXT_Kick
[2023-03-23T19:26:18.129] [INFO] default - Loading command Mute.command.js
[2023-03-23T19:26:18.133] [INFO] default - Loaded command MESSAGE_CONTEXT_Mute
[2023-03-23T19:26:18.135] [INFO] default - Loading command Warn.command.js
[2023-03-23T19:26:18.140] [INFO] default - Loaded command MESSAGE_CONTEXT_Warn
[2023-03-23T19:26:18.141] [INFO] default - Loading command Ban.command.js
[2023-03-23T19:26:18.145] [INFO] default - Loaded command USER_CONTEXT_Ban
[2023-03-23T19:26:18.147] [INFO] default - Loading command Kick.command.js
[2023-03-23T19:26:18.154] [INFO] default - Loaded command USER_CONTEXT_Kick
[2023-03-23T19:26:18.155] [INFO] default - Loading command Mute.command.js
[2023-03-23T19:26:18.158] [INFO] default - Loaded command USER_CONTEXT_Mute
[2023-03-23T19:26:18.160] [INFO] default - Loading command Warn.command.js
[2023-03-23T19:26:18.164] [INFO] default - Loaded command USER_CONTEXT_Warn
[2023-03-23T19:26:18.165] [INFO] default - All modules and commands loaded
[2023-03-23T19:26:18.210] [INFO] default - Loading module Kick.js
[2023-03-23T19:26:18.212] [INFO] default - Loading module TicketManager.js
[2023-03-23T19:26:18.213] [INFO] default - Loading module VerificationManager.js
[2023-03-23T19:26:18.219] [INFO] default - Loading module Logging.js
[2023-03-23T19:26:18.223] [INFO] default - Loading module Mute.js
[2023-03-23T19:26:18.225] [INFO] default - Loading module UpdateCase.js
[2023-03-23T19:26:18.229] [INFO] default - Loading module Warn.js
[2023-03-23T19:26:21.232] [INFO] default - Updating cases...
[2023-03-23T19:26:26.240] [INFO] default - Updating cases...
[2023-03-23T19:26:26.866] [INFO] default - /reactroles run by Osmii#0076
[2023-03-23T19:26:27.614] [ERROR] default - DiscordAPIError[10014]: Unknown Emoji
    at SequentialHandler.runRequest (C:\Users\Osmii\Desktop\Personal\discord bots\verification\node_modules\@discordjs\rest\dist\index.js:659:15)
    at process.processTicksAndRejections (node:internal/process/task_queues:95:5)
    at async SequentialHandler.queueRequest (C:\Users\Osmii\Desktop\Personal\discord bots\verification\node_modules\@discordjs\rest\dist\index.js:458:14)
    at async REST.request (C:\Users\Osmii\Desktop\Personal\discord bots\verification\node_modules\@discordjs\rest\dist\index.js:902:22)
    at async MessageManager.react (C:\Users\Osmii\Desktop\Personal\discord bots\verification\node_modules\discord.js\src\managers\MessageManager.js:242:5)
    at async Message.react (C:\Users\Osmii\Desktop\Personal\discord bots\verification\node_modules\discord.js\src\structures\Message.js:741:5) {
  requestBody: { files: undefined, json: undefined },
  rawError: { message: 'Unknown Emoji', code: 10014 },
  code: 10014,
  status: 400,
  method: 'PUT',
  url: 'https://discord.com/api/v10/channels/1087810208941744219/messages/1088618566489747607/reactions/undefined:1081024328285573220/@me'
}
[2023-03-23T19:26:31.249] [INFO] default - Updating cases...
[2023-03-23T19:26:36.549] [INFO] default - Updating cases...
[2023-03-23T19:26:41.574] [INFO] default - Updating cases...
[2023-03-23T19:26:46.583] [INFO] default - Updating cases...
[2023-03-23T19:26:51.595] [INFO] default - Updating cases...
[2023-03-23T19:26:56.610] [INFO] default - Updating cases...
[2023-03-23T19:27:01.618] [INFO] default - Updating cases...
[2023-03-23T19:27:06.635] [INFO] default - Updating cases...
[2023-03-23T19:27:11.650] [INFO] default - Updating cases...
[2023-03-23T19:27:16.669] [INFO] default - Updating cases...
[2023-03-23T19:27:21.676] [INFO] default - Updating cases...
[2023-03-23T19:27:26.686] [INFO] default - Updating cases...
[2023-03-23T19:27:31.701] [INFO] default - Updating cases...
[2023-03-23T19:27:36.714] [INFO] default - Updating cases...
[2023-03-23T19:27:37.699] [INFO] default - /reactroles run by Osmii#0076
[2023-03-23T19:27:41.717] [INFO] default - Updating cases...
[2023-03-23T19:27:46.719] [INFO] default - Updating cases...
[2023-03-23T19:27:51.726] [INFO] default - Updating cases...
[2023-03-23T19:27:56.730] [INFO] default - Updating cases...
[2023-03-23T19:28:01.745] [INFO] default - Updating cases...
[2023-03-23T19:28:06.763] [INFO] default - Updating cases...
[2023-03-23T19:28:11.779] [INFO] default - Updating cases...
[2023-03-23T19:28:16.793] [INFO] default - Updating cases...
[2023-03-23T19:28:21.797] [INFO] default - Updating cases...
[2023-03-23T19:28:26.808] [INFO] default - Updating cases...
[2023-03-23T19:28:31.815] [INFO] default - Updating cases...
[2023-03-23T19:28:36.828] [INFO] default - Updating cases...
[2023-03-23T19:28:41.836] [INFO] default - Updating cases...
[2023-03-23T19:28:46.838] [INFO] default - Updating cases...
[2023-03-23T19:28:51.844] [INFO] default - Updating cases...
[2023-03-23T19:28:56.853] [INFO] default - Updating cases...
[2023-03-23T19:29:01.861] [INFO] default - Updating cases...
[2023-03-23T19:29:06.871] [INFO] default - Updating cases...
[2023-03-23T19:29:11.888] [INFO] default - Updating cases...
[2023-03-23T19:29:16.890] [INFO] default - Updating cases...
[2023-03-23T19:29:21.896] [INFO] default - Updating cases...
[2023-03-23T19:29:26.908] [INFO] default - Updating cases...
