[2023-03-23T15:18:11.181] [INFO] default - Logged in as Academia#0862
[2023-03-23T15:18:11.185] [INFO] default - Loading module Welcome.js
[2023-03-23T15:18:11.186] [INFO] default - Loading module Ban.js
[2023-03-23T15:18:11.187] [INFO] default - Loading module RelayHandler.js
[2023-03-23T15:18:11.188] [INFO] default - Loading module VerificationManager.js
[2023-03-23T15:18:11.189] [INFO] default - Loading command Ban.command.js
[2023-03-23T15:18:11.204] [INFO] default - Loaded command CHAT_INPUT_ban
[2023-03-23T15:18:11.206] [INFO] default - Loading command Cases.command.js
[2023-03-23T15:18:11.212] [INFO] default - Loaded command CHAT_INPUT_cases
[2023-03-23T15:18:11.213] [INFO] default - Loading command Kick.command.js
[2023-03-23T15:18:11.228] [INFO] default - Loaded command CHAT_INPUT_kick
[2023-03-23T15:18:11.230] [INFO] default - Loading command Mute.command.js
[2023-03-23T15:18:11.249] [INFO] default - Loaded command CHAT_INPUT_mute
[2023-03-23T15:18:11.251] [INFO] default - Loading command Reason.command.js
[2023-03-23T15:18:11.259] [INFO] default - Loaded command CHAT_INPUT_reason
[2023-03-23T15:18:11.262] [INFO] default - Loading command Unban.command.js
[2023-03-23T15:18:11.278] [INFO] default - Loaded command CHAT_INPUT_unban
[2023-03-23T15:18:11.280] [INFO] default - Loading command Unmute.command.js
[2023-03-23T15:18:11.285] [INFO] default - Loaded command CHAT_INPUT_unmute
[2023-03-23T15:18:11.287] [INFO] default - Loading command Warn.command.js
[2023-03-23T15:18:11.293] [INFO] default - Loaded command CHAT_INPUT_warn
[2023-03-23T15:18:11.296] [INFO] default - Loading command Ban.command.js
[2023-03-23T15:18:11.316] [INFO] default - Loaded command MESSAGE_CONTEXT_Ban
[2023-03-23T15:18:11.319] [INFO] default - Loading command Kick.command.js
[2023-03-23T15:18:11.327] [INFO] default - Loaded command MESSAGE_CONTEXT_Kick
[2023-03-23T15:18:11.329] [INFO] default - Loading command Mute.command.js
[2023-03-23T15:18:11.338] [INFO] default - Loaded command MESSAGE_CONTEXT_Mute
[2023-03-23T15:18:11.339] [INFO] default - Loading command Warn.command.js
[2023-03-23T15:18:11.346] [INFO] default - Loaded command MESSAGE_CONTEXT_Warn
[2023-03-23T15:18:11.349] [INFO] default - Loading command Ban.command.js
[2023-03-23T15:18:11.355] [INFO] default - Loaded command USER_CONTEXT_Ban
[2023-03-23T15:18:11.357] [INFO] default - Loading command Kick.command.js
[2023-03-23T15:18:11.361] [INFO] default - Loaded command USER_CONTEXT_Kick
[2023-03-23T15:18:11.369] [INFO] default - Loading command Mute.command.js
[2023-03-23T15:18:11.377] [INFO] default - Loaded command USER_CONTEXT_Mute
[2023-03-23T15:18:11.382] [INFO] default - Loading command Warn.command.js
[2023-03-23T15:18:11.389] [INFO] default - Loaded command USER_CONTEXT_Warn
[2023-03-23T15:18:11.390] [INFO] default - All modules and commands loaded
[2023-03-23T15:18:11.458] [INFO] default - Loading module Kick.js
[2023-03-23T15:18:11.463] [INFO] default - Loading module TicketManager.js
[2023-03-23T15:18:11.471] [INFO] default - Loading module Logging.js
[2023-03-23T15:18:11.474] [INFO] default - Loading module Mute.js
[2023-03-23T15:18:11.477] [INFO] default - Loading module UpdateCase.js
[2023-03-23T15:18:11.489] [INFO] default - Loading module Warn.js
