[2023-03-23T19:45:21.693] [INFO] default - Logged in as Academia#0862
[2023-03-23T19:45:21.697] [INFO] default - Loading module WelcomeAndGoodbye.js
[2023-03-23T19:45:21.699] [INFO] default - Loading module Ban.js
[2023-03-23T19:45:21.700] [INFO] default - Loading module ReactRoles.js
[2023-03-23T19:45:21.702] [INFO] default - Loading module RelayHandler.js
[2023-03-23T19:45:21.703] [INFO] default - Loading module Verification.js
[2023-03-23T19:45:21.705] [INFO] default - Loading command Ban.command.js
[2023-03-23T19:45:21.717] [INFO] default - Loaded command CHAT_INPUT_ban
[2023-03-23T19:45:21.718] [INFO] default - Loading command Cases.command.js
[2023-03-23T19:45:21.720] [INFO] default - Loaded command CHAT_INPUT_cases
[2023-03-23T19:45:21.721] [INFO] default - Loading command Kick.command.js
[2023-03-23T19:45:21.726] [INFO] default - Loaded command CHAT_INPUT_kick
[2023-03-23T19:45:21.728] [INFO] default - Loading command Mute.command.js
[2023-03-23T19:45:21.732] [INFO] default - Loaded command CHAT_INPUT_mute
[2023-03-23T19:45:21.734] [INFO] default - Loading command ReactionRoles.command.js
[2023-03-23T19:45:21.739] [INFO] default - Loaded command CHAT_INPUT_reactroles
[2023-03-23T19:45:21.740] [INFO] default - Loading command Reason.command.js
[2023-03-23T19:45:21.744] [INFO] default - Loaded command CHAT_INPUT_reason
[2023-03-23T19:45:21.746] [INFO] default - Loading command Unban.command.js
[2023-03-23T19:45:21.748] [INFO] default - Loaded command CHAT_INPUT_unban
[2023-03-23T19:45:21.750] [INFO] default - Loading command Unmute.command.js
[2023-03-23T19:45:21.753] [INFO] default - Loaded command CHAT_INPUT_unmute
[2023-03-23T19:45:21.754] [INFO] default - Loading command Warn.command.js
[2023-03-23T19:45:21.760] [INFO] default - Loaded command CHAT_INPUT_warn
[2023-03-23T19:45:21.763] [INFO] default - Loading command Ban.command.js
[2023-03-23T19:45:21.769] [INFO] default - Loaded command MESSAGE_CONTEXT_Ban
[2023-03-23T19:45:21.770] [INFO] default - Loading command Kick.command.js
[2023-03-23T19:45:21.776] [INFO] default - Loaded command MESSAGE_CONTEXT_Kick
[2023-03-23T19:45:21.777] [INFO] default - Loading command Mute.command.js
[2023-03-23T19:45:21.781] [INFO] default - Loaded command MESSAGE_CONTEXT_Mute
[2023-03-23T19:45:21.782] [INFO] default - Loading command Warn.command.js
[2023-03-23T19:45:21.784] [INFO] default - Loaded command MESSAGE_CONTEXT_Warn
[2023-03-23T19:45:21.786] [INFO] default - Loading command Ban.command.js
[2023-03-23T19:45:21.790] [INFO] default - Loaded command USER_CONTEXT_Ban
[2023-03-23T19:45:21.793] [INFO] default - Loading command Kick.command.js
[2023-03-23T19:45:21.798] [INFO] default - Loaded command USER_CONTEXT_Kick
[2023-03-23T19:45:21.800] [INFO] default - Loading command Mute.command.js
[2023-03-23T19:45:21.803] [INFO] default - Loaded command USER_CONTEXT_Mute
[2023-03-23T19:45:21.804] [INFO] default - Loading command Warn.command.js
[2023-03-23T19:45:21.811] [INFO] default - Loaded command USER_CONTEXT_Warn
[2023-03-23T19:45:21.812] [INFO] default - All modules and commands loaded
[2023-03-23T19:45:21.860] [INFO] default - Loading module Kick.js
[2023-03-23T19:45:21.862] [INFO] default - Loading module TicketManager.js
[2023-03-23T19:45:21.863] [INFO] default - Loading module VerificationManager.js
[2023-03-23T19:45:21.865] [INFO] default - Loading module Logging.js
[2023-03-23T19:45:21.868] [INFO] default - Loading module Mute.js
[2023-03-23T19:45:21.869] [INFO] default - Loading module UpdateCase.js
[2023-03-23T19:45:21.874] [INFO] default - Loading module Warn.js
[2023-03-23T19:45:24.887] [INFO] default - Updating cases...
[2023-03-23T19:45:29.893] [INFO] default - Updating cases...
[2023-03-23T19:45:34.621] [INFO] default - /reactroles run by Osmii#0076
[2023-03-23T19:45:34.908] [INFO] default - Updating cases...
[2023-03-23T19:45:39.920] [INFO] default - Updating cases...
[2023-03-23T19:45:44.936] [INFO] default - Updating cases...
[2023-03-23T19:45:48.239] [INFO] default - /reactroles run by Osmii#0076
[2023-03-23T19:45:49.952] [INFO] default - Updating cases...
[2023-03-23T19:45:54.961] [INFO] default - Updating cases...
[2023-03-23T19:45:59.975] [INFO] default - Updating cases...
[2023-03-23T19:46:04.982] [INFO] default - Updating cases...
[2023-03-23T19:46:09.988] [INFO] default - Updating cases...
[2023-03-23T19:46:12.887] [INFO] default - /reactroles run by Osmii#0076
[2023-03-23T19:46:14.993] [INFO] default - Updating cases...
[2023-03-23T19:46:19.994] [INFO] default - Updating cases...
[2023-03-23T19:46:24.999] [INFO] default - Updating cases...
[2023-03-23T19:46:30.005] [INFO] default - Updating cases...
[2023-03-23T19:46:35.011] [INFO] default - Updating cases...
[2023-03-23T19:46:40.029] [INFO] default - Updating cases...
[2023-03-23T19:46:45.032] [INFO] default - Updating cases...
[2023-03-23T19:46:50.047] [INFO] default - Updating cases...
[2023-03-23T19:46:55.050] [INFO] default - Updating cases...
[2023-03-23T19:47:00.054] [INFO] default - Updating cases...
[2023-03-23T19:47:05.064] [INFO] default - Updating cases...
[2023-03-23T19:47:10.069] [INFO] default - Updating cases...
[2023-03-23T19:47:15.086] [INFO] default - Updating cases...
[2023-03-23T19:47:20.132] [INFO] default - Updating cases...
[2023-03-23T19:47:25.148] [INFO] default - Updating cases...
[2023-03-23T19:47:30.153] [INFO] default - Updating cases...
[2023-03-23T19:47:35.163] [INFO] default - Updating cases...
[2023-03-23T19:47:40.167] [INFO] default - Updating cases...
[2023-03-23T19:47:45.174] [INFO] default - Updating cases...
[2023-03-23T19:47:50.178] [INFO] default - Updating cases...
[2023-03-23T19:47:55.179] [INFO] default - Updating cases...
[2023-03-23T19:48:00.183] [INFO] default - Updating cases...
[2023-03-23T19:48:05.190] [INFO] default - Updating cases...
[2023-03-23T19:48:10.202] [INFO] default - Updating cases...
[2023-03-23T19:48:15.204] [INFO] default - Updating cases...
[2023-03-23T19:48:20.218] [INFO] default - Updating cases...
[2023-03-23T19:48:25.219] [INFO] default - Updating cases...
[2023-03-23T19:48:30.222] [INFO] default - Updating cases...
[2023-03-23T19:48:35.224] [INFO] default - Updating cases...
[2023-03-23T19:48:40.241] [INFO] default - Updating cases...
[2023-03-23T19:48:45.246] [INFO] default - Updating cases...
[2023-03-23T19:48:50.248] [INFO] default - Updating cases...
[2023-03-23T19:48:55.250] [INFO] default - Updating cases...
[2023-03-23T19:49:00.256] [INFO] default - Updating cases...
[2023-03-23T19:49:05.259] [INFO] default - Updating cases...
[2023-03-23T19:49:10.261] [INFO] default - Updating cases...
[2023-03-23T19:49:15.272] [INFO] default - Updating cases...
[2023-03-23T19:49:20.286] [INFO] default - Updating cases...
[2023-03-23T19:49:25.295] [INFO] default - Updating cases...
[2023-03-23T19:49:30.299] [INFO] default - Updating cases...
[2023-03-23T19:49:35.317] [INFO] default - Updating cases...
[2023-03-23T19:49:40.320] [INFO] default - Updating cases...
[2023-03-23T19:49:45.333] [INFO] default - Updating cases...
[2023-03-23T19:49:50.347] [INFO] default - Updating cases...
[2023-03-23T19:49:55.351] [INFO] default - Updating cases...
[2023-03-23T19:50:00.364] [INFO] default - Updating cases...
[2023-03-23T19:50:05.374] [INFO] default - Updating cases...
[2023-03-23T19:50:10.390] [INFO] default - Updating cases...
[2023-03-23T19:50:15.393] [INFO] default - Updating cases...
[2023-03-23T19:50:20.406] [INFO] default - Updating cases...
[2023-03-23T19:50:25.411] [INFO] default - Updating cases...
[2023-03-23T19:50:30.424] [INFO] default - Updating cases...
[2023-03-23T19:50:35.441] [INFO] default - Updating cases...
[2023-03-23T19:50:40.449] [INFO] default - Updating cases...
[2023-03-23T19:50:45.451] [INFO] default - Updating cases...
[2023-03-23T19:50:50.456] [INFO] default - Updating cases...
[2023-03-23T19:50:55.460] [INFO] default - Updating cases...
[2023-03-23T19:51:00.462] [INFO] default - Updating cases...
[2023-03-23T19:51:05.469] [INFO] default - Updating cases...
[2023-03-23T19:51:10.475] [INFO] default - Updating cases...
[2023-03-23T19:51:15.486] [INFO] default - Updating cases...
[2023-03-23T19:51:20.491] [INFO] default - Updating cases...
[2023-03-23T19:51:25.513] [INFO] default - Updating cases...
[2023-03-23T19:51:30.530] [INFO] default - Updating cases...
[2023-03-23T19:51:35.534] [INFO] default - Updating cases...
[2023-03-23T19:51:40.550] [INFO] default - Updating cases...
[2023-03-23T19:51:45.564] [INFO] default - Updating cases...
[2023-03-23T19:51:50.580] [INFO] default - Updating cases...
[2023-03-23T19:51:55.589] [INFO] default - Updating cases...
[2023-03-23T19:52:00.592] [INFO] default - Updating cases...
[2023-03-23T19:52:05.604] [INFO] default - Updating cases...
[2023-03-23T19:52:10.619] [INFO] default - Updating cases...
[2023-03-23T19:52:15.623] [INFO] default - Updating cases...
[2023-03-23T19:52:20.638] [INFO] default - Updating cases...
[2023-03-23T19:52:25.653] [INFO] default - Updating cases...
[2023-03-23T19:52:30.669] [INFO] default - Updating cases...
[2023-03-23T19:52:35.675] [INFO] default - Updating cases...
[2023-03-23T19:52:40.690] [INFO] default - Updating cases...
[2023-03-23T19:52:45.694] [INFO] default - Updating cases...
[2023-03-23T19:52:50.702] [INFO] default - Updating cases...
[2023-03-23T19:52:55.716] [INFO] default - Updating cases...
[2023-03-23T19:53:00.724] [INFO] default - Updating cases...
[2023-03-23T19:53:05.730] [INFO] default - Updating cases...
[2023-03-23T19:53:10.736] [INFO] default - Updating cases...
[2023-03-23T19:53:15.739] [INFO] default - Updating cases...
[2023-03-23T19:53:20.747] [INFO] default - Updating cases...
[2023-03-23T19:53:25.746] [INFO] default - Updating cases...
[2023-03-23T19:53:30.757] [INFO] default - Updating cases...
[2023-03-23T19:53:35.760] [INFO] default - Updating cases...
[2023-03-23T19:53:40.763] [INFO] default - Updating cases...
[2023-03-23T19:53:45.766] [INFO] default - Updating cases...
[2023-03-23T19:53:50.772] [INFO] default - Updating cases...
[2023-03-23T19:53:55.786] [INFO] default - Updating cases...
[2023-03-23T19:54:00.791] [INFO] default - Updating cases...
[2023-03-23T19:54:05.808] [INFO] default - Updating cases...
[2023-03-23T19:54:10.822] [INFO] default - Updating cases...
[2023-03-23T19:54:15.837] [INFO] default - Updating cases...
[2023-03-23T19:54:20.840] [INFO] default - Updating cases...
[2023-03-23T19:54:25.846] [INFO] default - Updating cases...
[2023-03-23T19:54:30.855] [INFO] default - Updating cases...
[2023-03-23T19:54:35.867] [INFO] default - Updating cases...
[2023-03-23T19:54:40.874] [INFO] default - Updating cases...
[2023-03-23T19:54:45.876] [INFO] default - Updating cases...
[2023-03-23T19:54:50.893] [INFO] default - Updating cases...
[2023-03-23T19:54:55.908] [INFO] default - Updating cases...
[2023-03-23T19:55:00.923] [INFO] default - Updating cases...
[2023-03-23T19:55:05.930] [INFO] default - Updating cases...
[2023-03-23T19:55:10.943] [INFO] default - Updating cases...
[2023-03-23T19:55:15.950] [INFO] default - Updating cases...
[2023-03-23T19:55:20.957] [INFO] default - Updating cases...
[2023-03-23T19:55:25.971] [INFO] default - Updating cases...
[2023-03-23T19:55:30.982] [INFO] default - Updating cases...
[2023-03-23T19:55:35.997] [INFO] default - Updating cases...
[2023-03-23T19:55:41.009] [INFO] default - Updating cases...
[2023-03-23T19:55:46.018] [INFO] default - Updating cases...
[2023-03-23T19:55:51.021] [INFO] default - Updating cases...
[2023-03-23T19:55:56.030] [INFO] default - Updating cases...
[2023-03-23T19:56:01.036] [INFO] default - Updating cases...
[2023-03-23T19:56:06.051] [INFO] default - Updating cases...
[2023-03-23T19:56:11.064] [INFO] default - Updating cases...
[2023-03-23T19:56:16.067] [INFO] default - Updating cases...
[2023-03-23T19:56:21.070] [INFO] default - Updating cases...
[2023-03-23T19:56:26.092] [INFO] default - Updating cases...
[2023-03-23T19:56:31.094] [INFO] default - Updating cases...
[2023-03-23T19:56:36.109] [INFO] default - Updating cases...
[2023-03-23T19:56:41.121] [INFO] default - Updating cases...
[2023-03-23T19:56:46.128] [INFO] default - Updating cases...
[2023-03-23T19:56:51.131] [INFO] default - Updating cases...
[2023-03-23T19:56:56.136] [INFO] default - Updating cases...
[2023-03-23T19:57:01.141] [INFO] default - Updating cases...
[2023-03-23T19:57:06.153] [INFO] default - Updating cases...
[2023-03-23T19:57:11.157] [INFO] default - Updating cases...
[2023-03-23T19:57:16.170] [INFO] default - Updating cases...
[2023-03-23T19:57:21.173] [INFO] default - Updating cases...
[2023-03-23T19:57:26.178] [INFO] default - Updating cases...
[2023-03-23T19:57:31.180] [INFO] default - Updating cases...
[2023-03-23T19:57:36.189] [INFO] default - Updating cases...
[2023-03-23T19:57:41.193] [INFO] default - Updating cases...
[2023-03-23T19:57:46.232] [INFO] default - Updating cases...
[2023-03-23T19:57:51.234] [INFO] default - Updating cases...
[2023-03-23T19:57:56.244] [INFO] default - Updating cases...
[2023-03-23T19:58:01.246] [INFO] default - Updating cases...
[2023-03-23T19:58:06.281] [INFO] default - Updating cases...
[2023-03-23T19:58:11.296] [INFO] default - Updating cases...
[2023-03-23T19:58:16.310] [INFO] default - Updating cases...
[2023-03-23T19:58:21.322] [INFO] default - Updating cases...
[2023-03-23T19:58:26.324] [INFO] default - Updating cases...
[2023-03-23T19:58:31.327] [INFO] default - Updating cases...
[2023-03-23T19:58:36.343] [INFO] default - Updating cases...
[2023-03-23T19:58:41.350] [INFO] default - Updating cases...
[2023-03-23T19:58:46.355] [INFO] default - Updating cases...
[2023-03-23T19:58:51.358] [INFO] default - Updating cases...
[2023-03-23T19:58:56.375] [INFO] default - Updating cases...
[2023-03-23T19:59:01.392] [INFO] default - Updating cases...
[2023-03-23T19:59:06.398] [INFO] default - Updating cases...
[2023-03-23T19:59:11.402] [INFO] default - Updating cases...
[2023-03-23T19:59:16.410] [INFO] default - Updating cases...
[2023-03-23T19:59:21.426] [INFO] default - Updating cases...
[2023-03-23T19:59:26.440] [INFO] default - Updating cases...
[2023-03-23T19:59:31.447] [INFO] default - Updating cases...
[2023-03-23T19:59:36.459] [INFO] default - Updating cases...
[2023-03-23T19:59:41.464] [INFO] default - Updating cases...
[2023-03-23T19:59:46.467] [INFO] default - Updating cases...
[2023-03-23T19:59:51.477] [INFO] default - Updating cases...
[2023-03-23T19:59:56.482] [INFO] default - Updating cases...
[2023-03-23T20:00:01.489] [INFO] default - Updating cases...
[2023-03-23T20:00:06.494] [INFO] default - Updating cases...
[2023-03-23T20:00:11.506] [INFO] default - Updating cases...
[2023-03-23T20:00:16.509] [INFO] default - Updating cases...
[2023-03-23T20:00:21.541] [INFO] default - Updating cases...
[2023-03-23T20:00:26.547] [INFO] default - Updating cases...
[2023-03-23T20:00:31.562] [INFO] default - Updating cases...
[2023-03-23T20:00:36.575] [INFO] default - Updating cases...
[2023-03-23T20:00:41.582] [INFO] default - Updating cases...
[2023-03-23T20:00:46.596] [INFO] default - Updating cases...
[2023-03-23T20:00:51.598] [INFO] default - Updating cases...
[2023-03-23T20:00:56.602] [INFO] default - Updating cases...
[2023-03-23T20:01:01.606] [INFO] default - Updating cases...
[2023-03-23T20:01:06.613] [INFO] default - Updating cases...
[2023-03-23T20:01:11.620] [INFO] default - Updating cases...
[2023-03-23T20:01:16.633] [INFO] default - Updating cases...
[2023-03-23T20:01:21.641] [INFO] default - Updating cases...
[2023-03-23T20:01:26.643] [INFO] default - Updating cases...
[2023-03-23T20:01:31.653] [INFO] default - Updating cases...
[2023-03-23T20:01:36.673] [INFO] default - Updating cases...
[2023-03-23T20:01:41.679] [INFO] default - Updating cases...
[2023-03-23T20:01:46.685] [INFO] default - Updating cases...
[2023-03-23T20:01:51.701] [INFO] default - Updating cases...
[2023-03-23T20:01:56.713] [INFO] default - Updating cases...
[2023-03-23T20:02:01.731] [INFO] default - Updating cases...
[2023-03-23T20:02:06.736] [INFO] default - Updating cases...
[2023-03-23T20:02:11.751] [INFO] default - Updating cases...
[2023-03-23T20:02:16.757] [INFO] default - Updating cases...
[2023-03-23T20:02:21.769] [INFO] default - Updating cases...
[2023-03-23T20:02:26.779] [INFO] default - Updating cases...
[2023-03-23T20:02:31.783] [INFO] default - Updating cases...
[2023-03-23T20:02:36.796] [INFO] default - Updating cases...
[2023-03-23T20:02:41.803] [INFO] default - Updating cases...
[2023-03-23T20:02:46.816] [INFO] default - Updating cases...
[2023-03-23T20:02:51.823] [INFO] default - Updating cases...
[2023-03-23T20:02:56.828] [INFO] default - Updating cases...
[2023-03-23T20:03:01.844] [INFO] default - Updating cases...
[2023-03-23T20:03:06.859] [INFO] default - Updating cases...
[2023-03-23T20:03:11.866] [INFO] default - Updating cases...
[2023-03-23T20:03:16.882] [INFO] default - Updating cases...
[2023-03-23T20:03:21.898] [INFO] default - Updating cases...
[2023-03-23T20:03:26.901] [INFO] default - Updating cases...
[2023-03-23T20:03:31.909] [INFO] default - Updating cases...
[2023-03-23T20:03:36.913] [INFO] default - Updating cases...
[2023-03-23T20:03:41.928] [INFO] default - Updating cases...
[2023-03-23T20:03:46.934] [INFO] default - Updating cases...
[2023-03-23T20:03:51.946] [INFO] default - Updating cases...
[2023-03-23T20:03:56.961] [INFO] default - Updating cases...
[2023-03-23T20:04:01.976] [INFO] default - Updating cases...
[2023-03-23T20:04:06.993] [INFO] default - Updating cases...
[2023-03-23T20:04:12.011] [INFO] default - Updating cases...
[2023-03-23T20:04:17.024] [INFO] default - Updating cases...
[2023-03-23T20:04:22.029] [INFO] default - Updating cases...
[2023-03-23T20:04:27.054] [INFO] default - Updating cases...
[2023-03-23T20:04:32.055] [INFO] default - Updating cases...
[2023-03-23T20:04:37.065] [INFO] default - Updating cases...
[2023-03-23T20:04:42.068] [INFO] default - Updating cases...
[2023-03-23T20:04:47.078] [INFO] default - Updating cases...
[2023-03-23T20:04:52.090] [INFO] default - Updating cases...
[2023-03-23T20:04:57.092] [INFO] default - Updating cases...
[2023-03-23T20:05:02.100] [INFO] default - Updating cases...
[2023-03-23T20:05:07.124] [INFO] default - Updating cases...
[2023-03-23T20:05:12.139] [INFO] default - Updating cases...
[2023-03-23T20:05:17.153] [INFO] default - Updating cases...
[2023-03-23T20:05:22.157] [INFO] default - Updating cases...
[2023-03-23T20:05:27.158] [INFO] default - Updating cases...
[2023-03-23T20:05:32.169] [INFO] default - Updating cases...
[2023-03-23T20:05:37.179] [INFO] default - Updating cases...
[2023-03-23T20:05:42.183] [INFO] default - Updating cases...
[2023-03-23T20:05:47.198] [INFO] default - Updating cases...
[2023-03-23T20:05:52.214] [INFO] default - Updating cases...
[2023-03-23T20:05:57.228] [INFO] default - Updating cases...
[2023-03-23T20:06:02.242] [INFO] default - Updating cases...
[2023-03-23T20:06:07.244] [INFO] default - Updating cases...
[2023-03-23T20:06:12.247] [INFO] default - Updating cases...
[2023-03-23T20:06:17.252] [INFO] default - Updating cases...
[2023-03-23T20:06:22.265] [INFO] default - Updating cases...
[2023-03-23T20:06:27.267] [INFO] default - Updating cases...
[2023-03-23T20:06:32.276] [INFO] default - Updating cases...
[2023-03-23T20:06:37.284] [INFO] default - Updating cases...
[2023-03-23T20:06:42.298] [INFO] default - Updating cases...
[2023-03-23T20:06:47.315] [INFO] default - Updating cases...
[2023-03-23T20:06:52.318] [INFO] default - Updating cases...
[2023-03-23T20:06:57.329] [INFO] default - Updating cases...
