[2023-03-22T13:57:57.542] [INFO] default - Logged in as Academia#0862
[2023-03-22T13:57:57.550] [INFO] default - Loading module Ban.js
[2023-03-22T13:57:57.552] [INFO] default - Loading command Ban.command.js
[2023-03-22T13:57:57.567] [INFO] default - Loaded command CHAT_INPUT_ban
[2023-03-22T13:57:57.569] [INFO] default - Loading command Cases.command.js
[2023-03-22T13:57:57.572] [INFO] default - Loaded command CHAT_INPUT_cases
[2023-03-22T13:57:57.574] [INFO] default - Loading command Kick.command.js
[2023-03-22T13:57:57.580] [INFO] default - Loaded command CHAT_INPUT_kick
[2023-03-22T13:57:57.582] [INFO] default - Loading command Mute.command.js
[2023-03-22T13:57:57.590] [INFO] default - Loaded command CHAT_INPUT_mute
[2023-03-22T13:57:57.593] [INFO] default - Loading command Unban.command.js
[2023-03-22T13:57:57.599] [INFO] default - Loaded command CHAT_INPUT_unban
[2023-03-22T13:57:57.601] [INFO] default - Loading command Unmute.command.js
[2023-03-22T13:57:57.604] [INFO] default - Loaded command CHAT_INPUT_unmute
[2023-03-22T13:57:57.607] [INFO] default - Loading command Warn.command.js
[2023-03-22T13:57:57.619] [INFO] default - Loaded command CHAT_INPUT_warn
[2023-03-22T13:57:57.623] [INFO] default - Loading command Ban.command.js
[2023-03-22T13:57:57.638] [INFO] default - Loaded command MESSAGE_CONTEXT_Ban
[2023-03-22T13:57:57.642] [INFO] default - Loading command Kick.command.js
[2023-03-22T13:57:57.649] [INFO] default - Loaded command MESSAGE_CONTEXT_Kick
[2023-03-22T13:57:57.651] [INFO] default - Loading command Mute.command.js
[2023-03-22T13:57:57.657] [INFO] default - Loaded command MESSAGE_CONTEXT_Mute
[2023-03-22T13:57:57.660] [INFO] default - Loading command Warn.command.js
[2023-03-22T13:57:57.664] [INFO] default - Loaded command MESSAGE_CONTEXT_Warn
[2023-03-22T13:57:57.667] [INFO] default - Loading command Ban.command.js
[2023-03-22T13:57:57.677] [INFO] default - Loaded command USER_CONTEXT_Ban
[2023-03-22T13:57:57.678] [INFO] default - Loading command Kick.command.js
[2023-03-22T13:57:57.683] [INFO] default - Loaded command USER_CONTEXT_Kick
[2023-03-22T13:57:57.685] [INFO] default - Loading command Mute.command.js
[2023-03-22T13:57:57.691] [INFO] default - Loaded command USER_CONTEXT_Mute
[2023-03-22T13:57:57.692] [INFO] default - Loading command Warn.command.js
[2023-03-22T13:57:57.698] [INFO] default - Loaded command USER_CONTEXT_Warn
[2023-03-22T13:57:57.700] [INFO] default - All modules and commands loaded
[2023-03-22T13:57:57.721] [INFO] default - Loading module Kick.js
[2023-03-22T13:57:57.726] [INFO] default - Loading module Logging.js
[2023-03-22T13:57:57.734] [INFO] default - Loading module Mute.js
[2023-03-22T13:57:57.735] [INFO] default - Loading module UpdateCase.js
[2023-03-22T13:57:57.744] [INFO] default - Loading module Warn.js
[2023-03-22T13:58:00.748] [INFO] default - Updating cases...
[2023-03-22T13:58:05.755] [INFO] default - Updating cases...
[2023-03-22T13:58:10.768] [INFO] default - Updating cases...
[2023-03-22T13:58:15.777] [INFO] default - Updating cases...
[2023-03-22T13:58:20.338] [INFO] default - /mute run by Osmii#0076
[2023-03-22T13:58:20.792] [INFO] default - Updating cases...
[2023-03-22T13:58:25.802] [INFO] default - Updating cases...
[2023-03-22T13:58:30.814] [INFO] default - Updating cases...
[2023-03-22T13:58:35.834] [INFO] default - Updating cases...
[2023-03-22T13:58:40.852] [INFO] default - Updating cases...
[2023-03-22T13:58:45.869] [INFO] default - Updating cases...
[2023-03-22T13:58:50.877] [INFO] default - Updating cases...
[2023-03-22T13:58:55.895] [INFO] default - Updating cases...
[2023-03-22T13:59:00.898] [INFO] default - Updating cases...
[2023-03-22T13:59:05.903] [INFO] default - Updating cases...
[2023-03-22T13:59:10.922] [INFO] default - Updating cases...
[2023-03-22T13:59:15.938] [INFO] default - Updating cases...
[2023-03-22T13:59:20.950] [INFO] default - Updating cases...
[2023-03-22T13:59:25.962] [INFO] default - Updating cases...
[2023-03-22T13:59:30.967] [INFO] default - Updating cases...
[2023-03-22T13:59:35.983] [INFO] default - Updating cases...
[2023-03-22T13:59:40.989] [INFO] default - Updating cases...
[2023-03-22T13:59:46.007] [INFO] default - Updating cases...
[2023-03-22T13:59:51.022] [INFO] default - Updating cases...
