[2023-03-23T02:51:09.714] [INFO] default - Logged in as Academia#0862
[2023-03-23T02:51:09.719] [INFO] default - Loading module Ban.js
[2023-03-23T02:51:09.720] [INFO] default - Loading module CreateTicketHandler.js
[2023-03-23T02:51:09.723] [INFO] default - Loading command Ban.command.js
[2023-03-23T02:51:09.738] [INFO] default - Loaded command CHAT_INPUT_ban
[2023-03-23T02:51:09.740] [INFO] default - Loading command Cases.command.js
[2023-03-23T02:51:09.744] [INFO] default - Loaded command CHAT_INPUT_cases
[2023-03-23T02:51:09.745] [INFO] default - Loading command Kick.command.js
[2023-03-23T02:51:09.753] [INFO] default - Loaded command CHAT_INPUT_kick
[2023-03-23T02:51:09.754] [INFO] default - Loading command Mute.command.js
[2023-03-23T02:51:09.765] [INFO] default - Loaded command CHAT_INPUT_mute
[2023-03-23T02:51:09.768] [INFO] default - Loading command Reason.command.js
[2023-03-23T02:51:09.774] [INFO] default - Loaded command CHAT_INPUT_reason
[2023-03-23T02:51:09.776] [INFO] default - Loading command Unban.command.js
[2023-03-23T02:51:09.783] [INFO] default - Loaded command CHAT_INPUT_unban
[2023-03-23T02:51:09.785] [INFO] default - Loading command Unmute.command.js
[2023-03-23T02:51:09.789] [INFO] default - Loaded command CHAT_INPUT_unmute
[2023-03-23T02:51:09.791] [INFO] default - Loading command Warn.command.js
[2023-03-23T02:51:09.796] [INFO] default - Loaded command CHAT_INPUT_warn
[2023-03-23T02:51:09.801] [INFO] default - Loading command Ban.command.js
[2023-03-23T02:51:09.809] [INFO] default - Loaded command MESSAGE_CONTEXT_Ban
[2023-03-23T02:51:09.813] [INFO] default - Loading command Kick.command.js
[2023-03-23T02:51:09.820] [INFO] default - Loaded command MESSAGE_CONTEXT_Kick
[2023-03-23T02:51:09.823] [INFO] default - Loading command Mute.command.js
[2023-03-23T02:51:09.829] [INFO] default - Loaded command MESSAGE_CONTEXT_Mute
[2023-03-23T02:51:09.835] [INFO] default - Loading command Warn.command.js
[2023-03-23T02:51:09.840] [INFO] default - Loaded command MESSAGE_CONTEXT_Warn
[2023-03-23T02:51:09.842] [INFO] default - Loading command Ban.command.js
[2023-03-23T02:51:09.847] [INFO] default - Loaded command USER_CONTEXT_Ban
[2023-03-23T02:51:09.851] [INFO] default - Loading command Kick.command.js
[2023-03-23T02:51:09.860] [INFO] default - Loaded command USER_CONTEXT_Kick
[2023-03-23T02:51:09.861] [INFO] default - Loading command Mute.command.js
[2023-03-23T02:51:09.870] [INFO] default - Loaded command USER_CONTEXT_Mute
[2023-03-23T02:51:09.872] [INFO] default - Loading command Warn.command.js
[2023-03-23T02:51:09.876] [INFO] default - Loaded command USER_CONTEXT_Warn
[2023-03-23T02:51:09.882] [INFO] default - All modules and commands loaded
[2023-03-23T02:51:09.908] [INFO] default - Loading module Kick.js
[2023-03-23T02:51:09.935] [INFO] default - Loading module TicketManager.js
[2023-03-23T02:51:09.943] [INFO] default - Loading module Logging.js
[2023-03-23T02:51:09.951] [INFO] default - Loading module Mute.js
[2023-03-23T02:51:09.958] [INFO] default - Loading module UpdateCase.js
[2023-03-23T02:51:09.976] [INFO] default - Loading module Warn.js
