[2023-03-23T19:29:45.261] [INFO] default - Logged in as Academia#0862
[2023-03-23T19:29:45.265] [INFO] default - Loading module WelcomeAndGoodbye.js
[2023-03-23T19:29:45.266] [INFO] default - Loading module Ban.js
[2023-03-23T19:29:45.268] [INFO] default - Loading module ReactRoles.js
[2023-03-23T19:29:45.269] [INFO] default - Loading module RelayHandler.js
[2023-03-23T19:29:45.270] [INFO] default - Loading module Verification.js
[2023-03-23T19:29:45.272] [INFO] default - Loading command Ban.command.js
[2023-03-23T19:29:45.288] [INFO] default - Loaded command CHAT_INPUT_ban
[2023-03-23T19:29:45.290] [INFO] default - Loading command Cases.command.js
[2023-03-23T19:29:45.294] [INFO] default - Loaded command CHAT_INPUT_cases
[2023-03-23T19:29:45.295] [INFO] default - Loading command Kick.command.js
[2023-03-23T19:29:45.302] [INFO] default - Loaded command CHAT_INPUT_kick
[2023-03-23T19:29:45.303] [INFO] default - Loading command Mute.command.js
[2023-03-23T19:29:45.306] [INFO] default - Loaded command CHAT_INPUT_mute
[2023-03-23T19:29:45.308] [INFO] default - Loading command ReactionRoles.command.js
[2023-03-23T19:29:45.320] [INFO] default - Loaded command CHAT_INPUT_reactroles
[2023-03-23T19:29:45.321] [INFO] default - Loading command Reason.command.js
[2023-03-23T19:29:45.325] [INFO] default - Loaded command CHAT_INPUT_reason
[2023-03-23T19:29:45.326] [INFO] default - Loading command Unban.command.js
[2023-03-23T19:29:45.328] [INFO] default - Loaded command CHAT_INPUT_unban
[2023-03-23T19:29:45.331] [INFO] default - Loading command Unmute.command.js
[2023-03-23T19:29:45.339] [INFO] default - Loaded command CHAT_INPUT_unmute
[2023-03-23T19:29:45.341] [INFO] default - Loading command Warn.command.js
[2023-03-23T19:29:45.348] [INFO] default - Loaded command CHAT_INPUT_warn
[2023-03-23T19:29:45.353] [INFO] default - Loading command Ban.command.js
[2023-03-23T19:29:45.360] [INFO] default - Loaded command MESSAGE_CONTEXT_Ban
[2023-03-23T19:29:45.361] [INFO] default - Loading command Kick.command.js
[2023-03-23T19:29:45.370] [INFO] default - Loaded command MESSAGE_CONTEXT_Kick
[2023-03-23T19:29:45.371] [INFO] default - Loading command Mute.command.js
[2023-03-23T19:29:45.377] [INFO] default - Loaded command MESSAGE_CONTEXT_Mute
[2023-03-23T19:29:45.378] [INFO] default - Loading command Warn.command.js
[2023-03-23T19:29:45.385] [INFO] default - Loaded command MESSAGE_CONTEXT_Warn
[2023-03-23T19:29:45.389] [INFO] default - Loading command Ban.command.js
[2023-03-23T19:29:45.399] [INFO] default - Loaded command USER_CONTEXT_Ban
[2023-03-23T19:29:45.402] [INFO] default - Loading command Kick.command.js
[2023-03-23T19:29:45.407] [INFO] default - Loaded command USER_CONTEXT_Kick
[2023-03-23T19:29:45.408] [INFO] default - Loading command Mute.command.js
[2023-03-23T19:29:45.411] [INFO] default - Loaded command USER_CONTEXT_Mute
[2023-03-23T19:29:45.413] [INFO] default - Loading command Warn.command.js
[2023-03-23T19:29:45.419] [INFO] default - Loaded command USER_CONTEXT_Warn
[2023-03-23T19:29:45.420] [INFO] default - All modules and commands loaded
[2023-03-23T19:29:45.465] [INFO] default - Loading module Kick.js
[2023-03-23T19:29:45.469] [INFO] default - Loading module TicketManager.js
[2023-03-23T19:29:45.470] [INFO] default - Loading module VerificationManager.js
[2023-03-23T19:29:45.473] [INFO] default - Loading module Logging.js
[2023-03-23T19:29:45.477] [INFO] default - Loading module Mute.js
[2023-03-23T19:29:45.478] [INFO] default - Loading module UpdateCase.js
[2023-03-23T19:29:45.485] [INFO] default - Loading module Warn.js
[2023-03-23T19:29:48.488] [INFO] default - Updating cases...
[2023-03-23T19:29:53.491] [INFO] default - Updating cases...
[2023-03-23T19:29:58.506] [INFO] default - Updating cases...
[2023-03-23T19:30:03.516] [INFO] default - Updating cases...
[2023-03-23T19:30:08.529] [INFO] default - Updating cases...
[2023-03-23T19:30:13.545] [INFO] default - Updating cases...
[2023-03-23T19:30:18.554] [INFO] default - Updating cases...
[2023-03-23T19:30:23.563] [INFO] default - Updating cases...
[2023-03-23T19:30:24.098] [INFO] default - /reactroles run by Osmii#0076
[2023-03-23T19:30:28.580] [INFO] default - Updating cases...
[2023-03-23T19:30:33.589] [INFO] default - Updating cases...
[2023-03-23T19:30:38.600] [INFO] default - Updating cases...
[2023-03-23T19:30:43.617] [INFO] default - Updating cases...
[2023-03-23T19:30:48.640] [INFO] default - Updating cases...
[2023-03-23T19:30:53.646] [INFO] default - Updating cases...
[2023-03-23T19:30:58.664] [INFO] default - Updating cases...
[2023-03-23T19:31:03.667] [INFO] default - Updating cases...
[2023-03-23T19:31:08.673] [INFO] default - Updating cases...
[2023-03-23T19:31:13.677] [INFO] default - Updating cases...
[2023-03-23T19:31:18.683] [INFO] default - Updating cases...
[2023-03-23T19:31:23.691] [INFO] default - Updating cases...
[2023-03-23T19:31:28.697] [INFO] default - Updating cases...
[2023-03-23T19:31:33.700] [INFO] default - Updating cases...
[2023-03-23T19:31:38.705] [INFO] default - Updating cases...
[2023-03-23T19:31:43.718] [INFO] default - Updating cases...
[2023-03-23T19:31:48.724] [INFO] default - Updating cases...
[2023-03-23T19:31:53.730] [INFO] default - Updating cases...
[2023-03-23T19:31:58.741] [INFO] default - Updating cases...
[2023-03-23T19:32:03.750] [INFO] default - Updating cases...
[2023-03-23T19:32:08.767] [INFO] default - Updating cases...
[2023-03-23T19:32:13.773] [INFO] default - Updating cases...
[2023-03-23T19:32:18.793] [INFO] default - Updating cases...
[2023-03-23T19:32:23.805] [INFO] default - Updating cases...
[2023-03-23T19:32:28.817] [INFO] default - Updating cases...
[2023-03-23T19:32:33.827] [INFO] default - Updating cases...
[2023-03-23T19:32:38.830] [INFO] default - Updating cases...
[2023-03-23T19:32:43.834] [INFO] default - Updating cases...
[2023-03-23T19:32:48.853] [INFO] default - Updating cases...
[2023-03-23T19:32:53.856] [INFO] default - Updating cases...
[2023-03-23T19:32:58.865] [INFO] default - Updating cases...
[2023-03-23T19:33:03.867] [INFO] default - Updating cases...
[2023-03-23T19:33:08.870] [INFO] default - Updating cases...
[2023-03-23T19:33:13.879] [INFO] default - Updating cases...
[2023-03-23T19:33:18.889] [INFO] default - Updating cases...
[2023-03-23T19:33:23.903] [INFO] default - Updating cases...
[2023-03-23T19:33:28.906] [INFO] default - Updating cases...
[2023-03-23T19:33:33.919] [INFO] default - Updating cases...
[2023-03-23T19:33:38.932] [INFO] default - Updating cases...
[2023-03-23T19:33:43.940] [INFO] default - Updating cases...
[2023-03-23T19:33:48.947] [INFO] default - Updating cases...
[2023-03-23T19:33:53.955] [INFO] default - Updating cases...
[2023-03-23T19:33:58.970] [INFO] default - Updating cases...
[2023-03-23T19:34:03.975] [INFO] default - Updating cases...
[2023-03-23T19:34:08.983] [INFO] default - Updating cases...
[2023-03-23T19:34:14.000] [INFO] default - Updating cases...
[2023-03-23T19:34:19.009] [INFO] default - Updating cases...
[2023-03-23T19:34:24.018] [INFO] default - Updating cases...
[2023-03-23T19:34:29.023] [INFO] default - Updating cases...
[2023-03-23T19:34:34.027] [INFO] default - Updating cases...
