[2023-03-22T13:49:26.693] [INFO] default - Logged in as Academia#0862
[2023-03-22T13:49:26.705] [INFO] default - Loading module Ban.js
[2023-03-22T13:49:26.711] [INFO] default - Loading command Ban.command.js
[2023-03-22T13:49:26.732] [INFO] default - Loaded command CHAT_INPUT_ban
[2023-03-22T13:49:26.735] [INFO] default - Loading command Cases.command.js
[2023-03-22T13:49:26.741] [INFO] default - Loaded command CHAT_INPUT_cases
[2023-03-22T13:49:26.744] [INFO] default - Loading command Kick.command.js
[2023-03-22T13:49:26.754] [INFO] default - Loaded command CHAT_INPUT_kick
[2023-03-22T13:49:26.768] [INFO] default - Loading command Mute.command.js
[2023-03-22T13:49:26.782] [INFO] default - Loaded command CHAT_INPUT_mute
[2023-03-22T13:49:26.784] [INFO] default - Loading command Unban.command.js
[2023-03-22T13:49:26.788] [INFO] default - Loaded command CHAT_INPUT_unban
[2023-03-22T13:49:26.794] [INFO] default - Loading command Unmute.command.js
[2023-03-22T13:49:26.805] [INFO] default - Loaded command CHAT_INPUT_unmute
[2023-03-22T13:49:26.808] [INFO] default - Loading command Warn.command.js
[2023-03-22T13:49:26.820] [INFO] default - Loaded command CHAT_INPUT_warn
[2023-03-22T13:49:26.824] [INFO] default - Loading command Ban.command.js
[2023-03-22T13:49:26.843] [INFO] default - Loaded command MESSAGE_CONTEXT_Ban
[2023-03-22T13:49:26.847] [INFO] default - Loading command Kick.command.js
[2023-03-22T13:49:26.852] [INFO] default - Loaded command MESSAGE_CONTEXT_Kick
[2023-03-22T13:49:26.853] [INFO] default - Loading command Mute.command.js
[2023-03-22T13:49:26.867] [INFO] default - Loaded command MESSAGE_CONTEXT_Mute
[2023-03-22T13:49:26.873] [INFO] default - Loading command Warn.command.js
[2023-03-22T13:49:26.895] [INFO] default - Loaded command MESSAGE_CONTEXT_Warn
[2023-03-22T13:49:26.900] [INFO] default - Loading command Ban.command.js
[2023-03-22T13:49:26.906] [INFO] default - Loaded command USER_CONTEXT_Ban
[2023-03-22T13:49:26.909] [INFO] default - Loading command Kick.command.js
[2023-03-22T13:49:26.920] [INFO] default - Loaded command USER_CONTEXT_Kick
[2023-03-22T13:49:26.930] [INFO] default - Loading command Mute.command.js
[2023-03-22T13:49:26.936] [INFO] default - Loaded command USER_CONTEXT_Mute
[2023-03-22T13:49:26.937] [INFO] default - Loading command Warn.command.js
[2023-03-22T13:49:26.944] [INFO] default - Loaded command USER_CONTEXT_Warn
[2023-03-22T13:49:26.948] [INFO] default - All modules and commands loaded
[2023-03-22T13:49:26.979] [INFO] default - Loading module Kick.js
[2023-03-22T13:49:26.983] [INFO] default - Loading module Logging.js
[2023-03-22T13:49:26.986] [INFO] default - Loading module Mute.js
[2023-03-22T13:49:26.988] [INFO] default - Loading module UpdateCase.js
[2023-03-22T13:49:27.000] [INFO] default - Loading module Warn.js
[2023-03-22T13:49:30.015] [INFO] default - Updating cases...
[2023-03-22T13:49:35.028] [INFO] default - /cases run by Osmii#0076
[2023-03-22T13:49:35.225] [INFO] default - Updating cases...
[2023-03-22T13:49:40.244] [INFO] default - Updating cases...
[2023-03-22T13:49:45.260] [INFO] default - Updating cases...
[2023-03-22T13:49:50.280] [INFO] default - Updating cases...
[2023-03-22T13:49:55.302] [INFO] default - Updating cases...
[2023-03-22T13:50:00.310] [INFO] default - Updating cases...
[2023-03-22T13:50:05.327] [INFO] default - Updating cases...
[2023-03-22T13:50:10.346] [INFO] default - Updating cases...
[2023-03-22T13:50:15.367] [INFO] default - Updating cases...
[2023-03-22T13:50:20.390] [INFO] default - Updating cases...
[2023-03-22T13:50:25.410] [INFO] default - Updating cases...
[2023-03-22T13:50:30.429] [INFO] default - Updating cases...
[2023-03-22T13:50:35.452] [INFO] default - Updating cases...
[2023-03-22T13:50:40.473] [INFO] default - Updating cases...
[2023-03-22T13:50:45.484] [INFO] default - Updating cases...
[2023-03-22T13:50:50.500] [INFO] default - Updating cases...
[2023-03-22T13:50:55.520] [INFO] default - Updating cases...
[2023-03-22T13:51:00.536] [INFO] default - Updating cases...
[2023-03-22T13:51:05.544] [INFO] default - Updating cases...
[2023-03-22T13:51:10.565] [INFO] default - Updating cases...
[2023-03-22T13:51:15.583] [INFO] default - Updating cases...
[2023-03-22T13:51:20.594] [INFO] default - Updating cases...
[2023-03-22T13:51:25.614] [INFO] default - Updating cases...
[2023-03-22T13:51:30.642] [INFO] default - Updating cases...
[2023-03-22T13:51:35.658] [INFO] default - Updating cases...
[2023-03-22T13:51:42.012] [INFO] default - Updating cases...
[2023-03-22T13:51:47.024] [INFO] default - Updating cases...
[2023-03-22T13:51:52.042] [INFO] default - Updating cases...
[2023-03-22T13:51:57.050] [INFO] default - Updating cases...
[2023-03-22T13:52:02.059] [INFO] default - Updating cases...
[2023-03-22T13:52:07.072] [INFO] default - Updating cases...
[2023-03-22T13:52:12.084] [INFO] default - Updating cases...
[2023-03-22T13:52:17.098] [INFO] default - Updating cases...
[2023-03-22T13:52:22.120] [INFO] default - Updating cases...
[2023-03-22T13:52:27.138] [INFO] default - Updating cases...
[2023-03-22T13:52:32.155] [INFO] default - Updating cases...
[2023-03-22T13:52:37.179] [INFO] default - Updating cases...
[2023-03-22T13:52:42.202] [INFO] default - Updating cases...
[2023-03-22T13:52:47.214] [INFO] default - Updating cases...
[2023-03-22T13:52:52.224] [INFO] default - Updating cases...
[2023-03-22T13:52:57.232] [INFO] default - Updating cases...
[2023-03-22T13:53:02.236] [INFO] default - Updating cases...
[2023-03-22T13:53:07.296] [INFO] default - Updating cases...
[2023-03-22T13:53:12.355] [INFO] default - Updating cases...
[2023-03-22T13:53:17.363] [INFO] default - Updating cases...
[2023-03-22T13:53:22.385] [INFO] default - Updating cases...
[2023-03-22T13:53:27.400] [INFO] default - Updating cases...
[2023-03-22T13:53:32.411] [INFO] default - Updating cases...
[2023-03-22T13:53:37.428] [INFO] default - Updating cases...
[2023-03-22T13:53:42.436] [INFO] default - Updating cases...
[2023-03-22T13:53:47.459] [INFO] default - Updating cases...
[2023-03-22T13:53:52.469] [INFO] default - Updating cases...
[2023-03-22T13:53:57.472] [INFO] default - Updating cases...
[2023-03-22T13:54:02.489] [INFO] default - Updating cases...
[2023-03-22T13:54:07.496] [INFO] default - Updating cases...
[2023-03-22T13:54:12.502] [INFO] default - Updating cases...
[2023-03-22T13:54:17.509] [INFO] default - Updating cases...
[2023-03-22T13:54:22.515] [INFO] default - Updating cases...
[2023-03-22T13:54:27.524] [INFO] default - Updating cases...
[2023-03-22T13:54:32.535] [INFO] default - Updating cases...
[2023-03-22T13:54:37.554] [INFO] default - Updating cases...
[2023-03-22T13:54:42.571] [INFO] default - Updating cases...
[2023-03-22T13:54:47.588] [INFO] default - Updating cases...
[2023-03-22T13:54:52.603] [INFO] default - Updating cases...
[2023-03-22T13:54:57.619] [INFO] default - Updating cases...
[2023-03-22T13:55:02.628] [INFO] default - Updating cases...
[2023-03-22T13:55:07.645] [INFO] default - Updating cases...
[2023-03-22T13:55:12.661] [INFO] default - Updating cases...
[2023-03-22T13:55:17.666] [INFO] default - Updating cases...
[2023-03-22T13:55:22.682] [INFO] default - Updating cases...
[2023-03-22T13:55:27.693] [INFO] default - Updating cases...
[2023-03-22T13:55:32.701] [INFO] default - Updating cases...
[2023-03-22T13:55:37.709] [INFO] default - Updating cases...
[2023-03-22T13:55:42.727] [INFO] default - Updating cases...
[2023-03-22T13:55:47.738] [INFO] default - Updating cases...
[2023-03-22T13:55:52.751] [INFO] default - Updating cases...
[2023-03-22T13:55:57.761] [INFO] default - Updating cases...
[2023-03-22T13:56:02.777] [INFO] default - Updating cases...
[2023-03-22T13:56:07.789] [INFO] default - Updating cases...
[2023-03-22T13:56:12.804] [INFO] default - Updating cases...
[2023-03-22T13:56:17.809] [INFO] default - Updating cases...
[2023-03-22T13:56:22.814] [INFO] default - Updating cases...
[2023-03-22T13:56:27.824] [INFO] default - Updating cases...
[2023-03-22T13:56:32.841] [INFO] default - Updating cases...
[2023-03-22T13:56:37.861] [INFO] default - Updating cases...
[2023-03-22T13:56:42.875] [INFO] default - Updating cases...
[2023-03-22T13:56:47.883] [INFO] default - Updating cases...
[2023-03-22T13:56:52.898] [INFO] default - Updating cases...
[2023-03-22T13:56:57.921] [INFO] default - Updating cases...
[2023-03-22T13:57:02.928] [INFO] default - Updating cases...
[2023-03-22T13:57:07.945] [INFO] default - Updating cases...
[2023-03-22T13:57:12.961] [INFO] default - Updating cases...
[2023-03-22T13:57:17.967] [INFO] default - Updating cases...
[2023-03-22T13:57:22.983] [INFO] default - Updating cases...
[2023-03-22T13:57:28.008] [INFO] default - Updating cases...
[2023-03-22T13:57:33.019] [INFO] default - Updating cases...
[2023-03-22T13:57:38.038] [INFO] default - Updating cases...
