[2023-03-23T20:49:26.044] [INFO] default - Logged in as UnnamedBot#0862
[2023-03-23T20:49:26.050] [INFO] default - Loading module WelcomeAndGoodbye.js
[2023-03-23T20:49:26.052] [INFO] default - Loading module Ban.js
[2023-03-23T20:49:26.053] [INFO] default - Loading module ReactRoles.js
[2023-03-23T20:49:26.054] [INFO] default - Loading module RelayHandler.js
[2023-03-23T20:49:26.056] [INFO] default - Loading module Verification.js
[2023-03-23T20:49:26.061] [INFO] default - Loading command Ban.command.js
[2023-03-23T20:49:26.079] [INFO] default - Loaded command CHAT_INPUT_ban
[2023-03-23T20:49:26.081] [INFO] default - Loading command Cases.command.js
[2023-03-23T20:49:26.085] [INFO] default - Loaded command CHAT_INPUT_cases
[2023-03-23T20:49:26.086] [INFO] default - Loading command Embed.command.js
[2023-03-23T20:49:26.094] [INFO] default - Loaded command CHAT_INPUT_embed
[2023-03-23T20:49:26.095] [INFO] default - Loading command Kick.command.js
[2023-03-23T20:49:26.100] [INFO] default - Loaded command CHAT_INPUT_kick
[2023-03-23T20:49:26.102] [INFO] default - Loading command Mute.command.js
[2023-03-23T20:49:26.110] [INFO] default - Loaded command CHAT_INPUT_mute
[2023-03-23T20:49:26.112] [INFO] default - Loading command ReactionRoles.command.js
[2023-03-23T20:49:26.121] [INFO] default - Loaded command CHAT_INPUT_reactroles
[2023-03-23T20:49:26.125] [INFO] default - Loading command Reason.command.js
[2023-03-23T20:49:26.130] [INFO] default - Loaded command CHAT_INPUT_reason
[2023-03-23T20:49:26.131] [INFO] default - Loading command Unban.command.js
[2023-03-23T20:49:26.134] [INFO] default - Loaded command CHAT_INPUT_unban
[2023-03-23T20:49:26.136] [INFO] default - Loading command Unmute.command.js
[2023-03-23T20:49:26.142] [INFO] default - Loaded command CHAT_INPUT_unmute
[2023-03-23T20:49:26.144] [INFO] default - Loading command Warn.command.js
[2023-03-23T20:49:26.149] [INFO] default - Loaded command CHAT_INPUT_warn
[2023-03-23T20:49:26.151] [INFO] default - Loading command Ban.command.js
[2023-03-23T20:49:26.163] [INFO] default - Loaded command MESSAGE_CONTEXT_Ban
[2023-03-23T20:49:26.164] [INFO] default - Loading command Kick.command.js
[2023-03-23T20:49:26.168] [INFO] default - Loaded command MESSAGE_CONTEXT_Kick
[2023-03-23T20:49:26.169] [INFO] default - Loading command Mute.command.js
[2023-03-23T20:49:26.180] [INFO] default - Loaded command MESSAGE_CONTEXT_Mute
[2023-03-23T20:49:26.181] [INFO] default - Loading command Warn.command.js
[2023-03-23T20:49:26.184] [INFO] default - Loaded command MESSAGE_CONTEXT_Warn
[2023-03-23T20:49:26.186] [INFO] default - Loading command Ban.command.js
[2023-03-23T20:49:26.195] [INFO] default - Loaded command USER_CONTEXT_Ban
[2023-03-23T20:49:26.196] [INFO] default - Loading command Kick.command.js
[2023-03-23T20:49:26.199] [INFO] default - Loaded command USER_CONTEXT_Kick
[2023-03-23T20:49:26.200] [INFO] default - Loading command Mute.command.js
[2023-03-23T20:49:26.204] [INFO] default - Loaded command USER_CONTEXT_Mute
[2023-03-23T20:49:26.208] [INFO] default - Loading command Warn.command.js
[2023-03-23T20:49:26.214] [INFO] default - Loaded command USER_CONTEXT_Warn
[2023-03-23T20:49:26.215] [INFO] default - All modules and commands loaded
[2023-03-23T20:49:26.282] [INFO] default - Loading module Kick.js
[2023-03-23T20:49:26.283] [INFO] default - Loading module TicketManager.js
[2023-03-23T20:49:26.284] [INFO] default - Loading module VerificationManager.js
[2023-03-23T20:49:26.286] [INFO] default - Loading module Logging.js
[2023-03-23T20:49:26.292] [INFO] default - Loading module Mute.js
[2023-03-23T20:49:26.294] [INFO] default - Loading module UpdateCase.js
[2023-03-23T20:49:26.304] [INFO] default - Loading module Warn.js
[2023-03-23T20:49:29.316] [INFO] default - Updating cases...
[2023-03-23T20:49:34.327] [INFO] default - Updating cases...
[2023-03-23T20:49:39.340] [INFO] default - Updating cases...
[2023-03-23T20:49:44.357] [INFO] default - Updating cases...
[2023-03-23T20:49:49.364] [INFO] default - Updating cases...
[2023-03-23T20:49:54.380] [INFO] default - Updating cases...
[2023-03-23T20:49:59.391] [INFO] default - Updating cases...
[2023-03-23T20:50:04.398] [INFO] default - Updating cases...
[2023-03-23T20:50:09.402] [INFO] default - Updating cases...
[2023-03-23T20:50:14.405] [INFO] default - Updating cases...
[2023-03-23T20:50:19.417] [INFO] default - Updating cases...
[2023-03-23T20:50:24.428] [INFO] default - Updating cases...
[2023-03-23T20:50:29.435] [INFO] default - Updating cases...
[2023-03-23T20:50:34.450] [INFO] default - Updating cases...
[2023-03-23T20:50:39.460] [INFO] default - Updating cases...
[2023-03-23T20:50:44.473] [INFO] default - Updating cases...
[2023-03-23T20:50:49.482] [INFO] default - Updating cases...
[2023-03-23T20:50:54.493] [INFO] default - Updating cases...
[2023-03-23T20:50:59.501] [INFO] default - Updating cases...
[2023-03-23T20:51:04.505] [INFO] default - Updating cases...
[2023-03-23T20:51:09.518] [INFO] default - Updating cases...
[2023-03-23T20:51:14.527] [INFO] default - Updating cases...
[2023-03-23T20:51:19.543] [INFO] default - Updating cases...
[2023-03-23T20:51:24.549] [INFO] default - Updating cases...
[2023-03-23T20:51:29.554] [INFO] default - Updating cases...
[2023-03-23T20:51:34.565] [INFO] default - Updating cases...
[2023-03-23T20:51:39.583] [INFO] default - Updating cases...
[2023-03-23T20:51:44.594] [INFO] default - Updating cases...
