[2023-03-23T18:17:37.120] [INFO] default - Logged in as Academia#0862
[2023-03-23T18:17:37.124] [INFO] default - Loading module WelcomeAndGoodbye.js
[2023-03-23T18:17:37.126] [INFO] default - Loading module Ban.js
[2023-03-23T18:17:37.127] [INFO] default - Loading module RelayHandler.js
[2023-03-23T18:17:37.129] [INFO] default - Loading module Verification.js
[2023-03-23T18:17:37.130] [INFO] default - Loading command Ban.command.js
[2023-03-23T18:17:37.141] [INFO] default - Loaded command CHAT_INPUT_ban
[2023-03-23T18:17:37.142] [INFO] default - Loading command Cases.command.js
[2023-03-23T18:17:37.146] [INFO] default - Loaded command CHAT_INPUT_cases
[2023-03-23T18:17:37.148] [INFO] default - Loading command Kick.command.js
[2023-03-23T18:17:37.152] [INFO] default - Loaded command CHAT_INPUT_kick
[2023-03-23T18:17:37.153] [INFO] default - Loading command Mute.command.js
[2023-03-23T18:17:37.158] [INFO] default - Loaded command CHAT_INPUT_mute
[2023-03-23T18:17:37.159] [INFO] default - Loading command Reason.command.js
[2023-03-23T18:17:37.164] [INFO] default - Loaded command CHAT_INPUT_reason
[2023-03-23T18:17:37.166] [INFO] default - Loading command Unban.command.js
[2023-03-23T18:17:37.168] [INFO] default - Loaded command CHAT_INPUT_unban
[2023-03-23T18:17:37.170] [INFO] default - Loading command Unmute.command.js
[2023-03-23T18:17:37.173] [INFO] default - Loaded command CHAT_INPUT_unmute
[2023-03-23T18:17:37.174] [INFO] default - Loading command Warn.command.js
[2023-03-23T18:17:37.179] [INFO] default - Loaded command CHAT_INPUT_warn
[2023-03-23T18:17:37.182] [INFO] default - Loading command Ban.command.js
[2023-03-23T18:17:37.187] [INFO] default - Loaded command MESSAGE_CONTEXT_Ban
[2023-03-23T18:17:37.188] [INFO] default - Loading command Kick.command.js
[2023-03-23T18:17:37.193] [INFO] default - Loaded command MESSAGE_CONTEXT_Kick
[2023-03-23T18:17:37.196] [INFO] default - Loading command Mute.command.js
[2023-03-23T18:17:37.200] [INFO] default - Loaded command MESSAGE_CONTEXT_Mute
[2023-03-23T18:17:37.201] [INFO] default - Loading command Warn.command.js
[2023-03-23T18:17:37.204] [INFO] default - Loaded command MESSAGE_CONTEXT_Warn
[2023-03-23T18:17:37.206] [INFO] default - Loading command Ban.command.js
[2023-03-23T18:17:37.212] [INFO] default - Loaded command USER_CONTEXT_Ban
[2023-03-23T18:17:37.213] [INFO] default - Loading command Kick.command.js
[2023-03-23T18:17:37.216] [INFO] default - Loaded command USER_CONTEXT_Kick
[2023-03-23T18:17:37.217] [INFO] default - Loading command Mute.command.js
[2023-03-23T18:17:37.221] [INFO] default - Loaded command USER_CONTEXT_Mute
[2023-03-23T18:17:37.222] [INFO] default - Loading command Warn.command.js
[2023-03-23T18:17:37.227] [INFO] default - Loaded command USER_CONTEXT_Warn
[2023-03-23T18:17:37.228] [INFO] default - All modules and commands loaded
[2023-03-23T18:17:37.257] [INFO] default - Loading module Kick.js
[2023-03-23T18:17:37.259] [INFO] default - Loading module TicketManager.js
[2023-03-23T18:17:37.260] [INFO] default - Loading module VerificationManager.js
[2023-03-23T18:17:37.263] [INFO] default - Loading module Logging.js
[2023-03-23T18:17:37.267] [INFO] default - Loading module Mute.js
[2023-03-23T18:17:37.268] [INFO] default - Loading module UpdateCase.js
[2023-03-23T18:17:37.272] [INFO] default - Loading module Warn.js
[2023-03-23T18:17:40.282] [INFO] default - Updating cases...
[2023-03-23T18:17:41.068] [ERROR] default - ValidationError > s.string
  Expected a string primitive

  Received:
  | undefined

    at StringValidator.handle (C:\Users\Osmii\Desktop\Personal\discord bots\verification\node_modules\@sapphire\shapeshift\dist\index.js:1672:70)
    at StringValidator.parse (C:\Users\Osmii\Desktop\Personal\discord bots\verification\node_modules\@sapphire\shapeshift\dist\index.js:113:88)
    at validateRequiredParameters (C:\Users\Osmii\Desktop\Personal\discord bots\verification\node_modules\@discordjs\builders\dist\index.js:643:18)
    at TextInputBuilder.toJSON (C:\Users\Osmii\Desktop\Personal\discord bots\verification\node_modules\@discordjs\builders\dist\index.js:685:5)
    at C:\Users\Osmii\Desktop\Personal\discord bots\verification\node_modules\@discordjs\builders\dist\index.js:737:64
    at Array.map (<anonymous>)
    at ActionRowBuilder.toJSON (C:\Users\Osmii\Desktop\Personal\discord bots\verification\node_modules\@discordjs\builders\dist\index.js:737:35)
    at C:\Users\Osmii\Desktop\Personal\discord bots\verification\node_modules\@discordjs\builders\dist\index.js:792:64
    at Array.map (<anonymous>)
    at ModalBuilder.toJSON (C:\Users\Osmii\Desktop\Personal\discord bots\verification\node_modules\@discordjs\builders\dist\index.js:792:35)
[2023-03-23T18:17:45.291] [INFO] default - Updating cases...
[2023-03-23T18:17:50.299] [INFO] default - Updating cases...
[2023-03-23T18:17:55.302] [INFO] default - Updating cases...
[2023-03-23T18:18:00.321] [INFO] default - Updating cases...
[2023-03-23T18:18:05.326] [INFO] default - Updating cases...
[2023-03-23T18:18:10.331] [INFO] default - Updating cases...
[2023-03-23T18:18:15.343] [INFO] default - Updating cases...
[2023-03-23T18:18:20.352] [INFO] default - Updating cases...
[2023-03-23T18:18:25.366] [INFO] default - Updating cases...
[2023-03-23T18:18:30.367] [INFO] default - Updating cases...
[2023-03-23T18:18:35.371] [INFO] default - Updating cases...
[2023-03-23T18:18:40.384] [INFO] default - Updating cases...
[2023-03-23T18:18:45.389] [INFO] default - Updating cases...
[2023-03-23T18:18:50.398] [INFO] default - Updating cases...
[2023-03-23T18:18:55.403] [INFO] default - Updating cases...
[2023-03-23T18:19:00.411] [INFO] default - Updating cases...
[2023-03-23T18:19:05.412] [INFO] default - Updating cases...
[2023-03-23T18:19:10.418] [INFO] default - Updating cases...
[2023-03-23T18:19:15.419] [INFO] default - Updating cases...
[2023-03-23T18:19:20.433] [INFO] default - Updating cases...
[2023-03-23T18:19:25.446] [INFO] default - Updating cases...
[2023-03-23T18:19:30.460] [INFO] default - Updating cases...
[2023-03-23T18:19:35.472] [INFO] default - Updating cases...
[2023-03-23T18:19:40.483] [INFO] default - Updating cases...
[2023-03-23T18:19:45.495] [INFO] default - Updating cases...
[2023-03-23T18:19:50.504] [INFO] default - Updating cases...
[2023-03-23T18:19:55.508] [INFO] default - Updating cases...
