[2023-03-23T09:12:35.829] [INFO] default - Logged in as Academia#0862
[2023-03-23T09:12:35.838] [INFO] default - Loading module Ban.js
[2023-03-23T09:12:35.840] [INFO] default - Loading module CreateTicketHandler.js
[2023-03-23T09:12:35.845] [INFO] default - Loading command Ban.command.js
[2023-03-23T09:12:35.865] [INFO] default - Loaded command CHAT_INPUT_ban
[2023-03-23T09:12:35.867] [INFO] default - Loading command Cases.command.js
[2023-03-23T09:12:35.870] [INFO] default - Loaded command CHAT_INPUT_cases
[2023-03-23T09:12:35.872] [INFO] default - Loading command Kick.command.js
[2023-03-23T09:12:35.884] [INFO] default - Loaded command CHAT_INPUT_kick
[2023-03-23T09:12:35.886] [INFO] default - Loading command Mute.command.js
[2023-03-23T09:12:35.891] [INFO] default - Loaded command CHAT_INPUT_mute
[2023-03-23T09:12:35.893] [INFO] default - Loading command Reason.command.js
[2023-03-23T09:12:35.897] [INFO] default - Loaded command CHAT_INPUT_reason
[2023-03-23T09:12:35.899] [INFO] default - Loading command Unban.command.js
[2023-03-23T09:12:35.903] [INFO] default - Loaded command CHAT_INPUT_unban
[2023-03-23T09:12:35.905] [INFO] default - Loading command Unmute.command.js
[2023-03-23T09:12:35.912] [INFO] default - Loaded command CHAT_INPUT_unmute
[2023-03-23T09:12:35.914] [INFO] default - Loading command Warn.command.js
[2023-03-23T09:12:35.922] [INFO] default - Loaded command CHAT_INPUT_warn
[2023-03-23T09:12:35.926] [INFO] default - Loading command Ban.command.js
[2023-03-23T09:12:35.939] [INFO] default - Loaded command MESSAGE_CONTEXT_Ban
[2023-03-23T09:12:35.941] [INFO] default - Loading command Kick.command.js
[2023-03-23T09:12:35.948] [INFO] default - Loaded command MESSAGE_CONTEXT_Kick
[2023-03-23T09:12:35.950] [INFO] default - Loading command Mute.command.js
[2023-03-23T09:12:35.957] [INFO] default - Loaded command MESSAGE_CONTEXT_Mute
[2023-03-23T09:12:35.961] [INFO] default - Loading command Warn.command.js
[2023-03-23T09:12:35.966] [INFO] default - Loaded command MESSAGE_CONTEXT_Warn
[2023-03-23T09:12:35.970] [INFO] default - Loading command Ban.command.js
[2023-03-23T09:12:35.976] [INFO] default - Loaded command USER_CONTEXT_Ban
[2023-03-23T09:12:35.978] [INFO] default - Loading command Kick.command.js
[2023-03-23T09:12:35.983] [INFO] default - Loaded command USER_CONTEXT_Kick
[2023-03-23T09:12:35.987] [INFO] default - Loading command Mute.command.js
[2023-03-23T09:12:35.993] [INFO] default - Loaded command USER_CONTEXT_Mute
[2023-03-23T09:12:35.997] [INFO] default - Loading command Warn.command.js
[2023-03-23T09:12:36.004] [INFO] default - Loaded command USER_CONTEXT_Warn
[2023-03-23T09:12:36.005] [INFO] default - All modules and commands loaded
[2023-03-23T09:12:36.043] [INFO] default - Loading module Kick.js
[2023-03-23T09:12:36.046] [INFO] default - Loading module TicketManager.js
[2023-03-23T09:12:36.057] [INFO] default - Loading module Logging.js
[2023-03-23T09:12:36.064] [INFO] default - Loading module Mute.js
[2023-03-23T09:12:36.069] [INFO] default - Loading module UpdateCase.js
[2023-03-23T09:12:36.075] [INFO] default - Loading module Warn.js
[2023-03-23T09:12:39.078] [INFO] default - Updating cases...
[2023-03-23T09:12:44.087] [INFO] default - Updating cases...
[2023-03-23T09:12:49.102] [INFO] default - Updating cases...
[2023-03-23T09:12:54.126] [INFO] default - Updating cases...
[2023-03-23T09:12:59.147] [INFO] default - Updating cases...
[2023-03-23T09:13:04.158] [INFO] default - Updating cases...
[2023-03-23T09:13:09.166] [INFO] default - Updating cases...
[2023-03-23T09:13:14.172] [INFO] default - Updating cases...
[2023-03-23T09:13:19.183] [INFO] default - Updating cases...
[2023-03-23T09:13:24.190] [INFO] default - Updating cases...
[2023-03-23T09:13:29.206] [INFO] default - Updating cases...
[2023-03-23T09:13:34.224] [INFO] default - Updating cases...
[2023-03-23T09:13:39.245] [INFO] default - Updating cases...
[2023-03-23T09:13:44.265] [INFO] default - Updating cases...
[2023-03-23T09:13:49.281] [INFO] default - Updating cases...
[2023-03-23T09:13:54.298] [INFO] default - Updating cases...
[2023-03-23T09:13:59.307] [INFO] default - Updating cases...
[2023-03-23T09:14:04.327] [INFO] default - Updating cases...
[2023-03-23T09:14:09.341] [INFO] default - Updating cases...
[2023-03-23T09:14:14.351] [INFO] default - Updating cases...
[2023-03-23T09:14:19.356] [INFO] default - Updating cases...
[2023-03-23T09:14:24.368] [INFO] default - Updating cases...
[2023-03-23T09:14:29.379] [INFO] default - Updating cases...
[2023-03-23T09:14:34.389] [INFO] default - Updating cases...
[2023-03-23T09:14:39.409] [INFO] default - Updating cases...
[2023-03-23T09:14:44.416] [INFO] default - Updating cases...
[2023-03-23T09:14:49.428] [INFO] default - Updating cases...
[2023-03-23T09:14:54.444] [INFO] default - Updating cases...
[2023-03-23T09:14:59.453] [INFO] default - Updating cases...
[2023-03-23T09:15:04.474] [INFO] default - Updating cases...
[2023-03-23T09:15:09.481] [INFO] default - Updating cases...
[2023-03-23T09:15:14.496] [INFO] default - Updating cases...
[2023-03-23T09:15:19.511] [INFO] default - Updating cases...
[2023-03-23T09:15:24.518] [INFO] default - Updating cases...
[2023-03-23T09:15:29.530] [INFO] default - Updating cases...
[2023-03-23T09:15:34.546] [INFO] default - Updating cases...
[2023-03-23T09:15:39.559] [INFO] default - Updating cases...
[2023-03-23T09:15:44.578] [INFO] default - Updating cases...
[2023-03-23T09:15:49.589] [INFO] default - Updating cases...
[2023-03-23T09:15:54.599] [INFO] default - Updating cases...
[2023-03-23T09:15:59.604] [INFO] default - Updating cases...
[2023-03-23T09:16:04.618] [INFO] default - Updating cases...
[2023-03-23T09:16:09.628] [INFO] default - Updating cases...
[2023-03-23T09:16:14.639] [INFO] default - Updating cases...
[2023-03-23T09:16:19.649] [INFO] default - Updating cases...
[2023-03-23T09:16:24.659] [INFO] default - Updating cases...
[2023-03-23T09:16:29.668] [INFO] default - Updating cases...
[2023-03-23T09:16:34.684] [INFO] default - Updating cases...
[2023-03-23T09:16:39.692] [INFO] default - Updating cases...
[2023-03-23T09:16:44.712] [INFO] default - Updating cases...
[2023-03-23T09:16:49.732] [INFO] default - Updating cases...
[2023-03-23T09:16:54.752] [INFO] default - Updating cases...
[2023-03-23T09:16:59.767] [INFO] default - Updating cases...
[2023-03-23T09:17:04.781] [INFO] default - Updating cases...
[2023-03-23T09:17:09.798] [INFO] default - Updating cases...
[2023-03-23T09:17:14.819] [INFO] default - Updating cases...
[2023-03-23T09:17:19.840] [INFO] default - Updating cases...
[2023-03-23T09:17:24.857] [INFO] default - Updating cases...
[2023-03-23T09:17:29.873] [INFO] default - Updating cases...
[2023-03-23T09:17:34.885] [INFO] default - Updating cases...
[2023-03-23T09:17:39.900] [INFO] default - Updating cases...
[2023-03-23T09:17:44.920] [INFO] default - Updating cases...
[2023-03-23T09:17:49.934] [INFO] default - Updating cases...
[2023-03-23T09:17:54.949] [INFO] default - Updating cases...
[2023-03-23T09:17:59.968] [INFO] default - Updating cases...
[2023-03-23T09:18:04.987] [INFO] default - Updating cases...
[2023-03-23T09:18:10.001] [INFO] default - Updating cases...
[2023-03-23T09:18:15.011] [INFO] default - Updating cases...
[2023-03-23T09:18:20.024] [INFO] default - Updating cases...
[2023-03-23T09:18:25.039] [INFO] default - Updating cases...
[2023-03-23T09:18:30.060] [INFO] default - Updating cases...
[2023-03-23T09:18:35.073] [INFO] default - Updating cases...
[2023-03-23T09:18:40.087] [INFO] default - Updating cases...
[2023-03-23T09:18:45.098] [INFO] default - Updating cases...
[2023-03-23T09:18:50.120] [INFO] default - Updating cases...
[2023-03-23T09:18:55.139] [INFO] default - Updating cases...
[2023-03-23T09:19:00.155] [INFO] default - Updating cases...
[2023-03-23T09:19:05.169] [INFO] default - Updating cases...
[2023-03-23T09:19:10.189] [INFO] default - Updating cases...
[2023-03-23T09:19:15.207] [INFO] default - Updating cases...
[2023-03-23T09:19:20.226] [INFO] default - Updating cases...
[2023-03-23T09:19:25.237] [INFO] default - Updating cases...
[2023-03-23T09:19:30.258] [INFO] default - Updating cases...
[2023-03-23T09:19:35.269] [INFO] default - Updating cases...
[2023-03-23T09:19:40.291] [INFO] default - Updating cases...
[2023-03-23T09:19:45.297] [INFO] default - Updating cases...
[2023-03-23T09:19:50.307] [INFO] default - Updating cases...
[2023-03-23T09:19:55.317] [INFO] default - Updating cases...
[2023-03-23T09:20:00.329] [INFO] default - Updating cases...
[2023-03-23T09:20:05.347] [INFO] default - Updating cases...
[2023-03-23T09:20:10.361] [INFO] default - Updating cases...
[2023-03-23T09:20:15.384] [INFO] default - Updating cases...
[2023-03-23T09:20:20.401] [INFO] default - Updating cases...
[2023-03-23T09:20:25.420] [INFO] default - Updating cases...
[2023-03-23T09:20:30.434] [INFO] default - Updating cases...
[2023-03-23T09:20:35.449] [INFO] default - Updating cases...
[2023-03-23T09:20:40.467] [INFO] default - Updating cases...
[2023-03-23T09:20:45.478] [INFO] default - Updating cases...
[2023-03-23T09:20:50.491] [INFO] default - Updating cases...
[2023-03-23T09:20:55.511] [INFO] default - Updating cases...
[2023-03-23T09:21:00.530] [INFO] default - Updating cases...
[2023-03-23T09:21:05.538] [INFO] default - Updating cases...
[2023-03-23T09:21:10.556] [INFO] default - Updating cases...
[2023-03-23T09:21:15.568] [INFO] default - Updating cases...
[2023-03-23T09:21:20.589] [INFO] default - Updating cases...
[2023-03-23T09:21:25.609] [INFO] default - Updating cases...
[2023-03-23T09:21:30.619] [INFO] default - Updating cases...
[2023-03-23T09:21:35.638] [INFO] default - Updating cases...
[2023-03-23T09:21:40.652] [INFO] default - Updating cases...
[2023-03-23T09:21:45.666] [INFO] default - Updating cases...
[2023-03-23T09:21:50.681] [INFO] default - Updating cases...
[2023-03-23T09:21:55.695] [INFO] default - Updating cases...
[2023-03-23T09:22:00.714] [INFO] default - Updating cases...
[2023-03-23T09:22:05.725] [INFO] default - Updating cases...
[2023-03-23T09:22:10.738] [INFO] default - Updating cases...
[2023-03-23T09:22:15.745] [INFO] default - Updating cases...
[2023-03-23T09:22:20.753] [INFO] default - Updating cases...
[2023-03-23T09:22:25.769] [INFO] default - Updating cases...
[2023-03-23T09:22:30.794] [INFO] default - Updating cases...
[2023-03-23T09:22:35.815] [INFO] default - Updating cases...
[2023-03-23T09:22:40.822] [INFO] default - Updating cases...
[2023-03-23T09:22:45.841] [INFO] default - Updating cases...
[2023-03-23T09:22:50.859] [INFO] default - Updating cases...
[2023-03-23T09:22:55.873] [INFO] default - Updating cases...
[2023-03-23T09:23:00.887] [INFO] default - Updating cases...
[2023-03-23T09:23:05.905] [INFO] default - Updating cases...
[2023-03-23T09:23:10.923] [INFO] default - Updating cases...
[2023-03-23T09:23:15.941] [INFO] default - Updating cases...
[2023-03-23T09:23:20.957] [INFO] default - Updating cases...
[2023-03-23T09:23:25.977] [INFO] default - Updating cases...
[2023-03-23T09:23:30.988] [INFO] default - Updating cases...
[2023-03-23T09:23:35.996] [INFO] default - Updating cases...
[2023-03-23T09:23:41.003] [INFO] default - Updating cases...
[2023-03-23T09:23:46.024] [INFO] default - Updating cases...
[2023-03-23T09:23:51.038] [INFO] default - Updating cases...
[2023-03-23T09:23:56.054] [INFO] default - Updating cases...
[2023-03-23T09:24:01.074] [INFO] default - Updating cases...
[2023-03-23T09:24:06.094] [INFO] default - Updating cases...
[2023-03-23T09:24:11.115] [INFO] default - Updating cases...
[2023-03-23T09:24:16.127] [INFO] default - Updating cases...
[2023-03-23T09:24:21.148] [INFO] default - Updating cases...
[2023-03-23T09:24:26.169] [INFO] default - Updating cases...
[2023-03-23T09:24:31.196] [INFO] default - Updating cases...
[2023-03-23T09:24:36.205] [INFO] default - Updating cases...
[2023-03-23T09:24:41.227] [INFO] default - Updating cases...
[2023-03-23T09:24:46.236] [INFO] default - Updating cases...
[2023-03-23T09:24:51.250] [INFO] default - Updating cases...
[2023-03-23T09:24:56.260] [INFO] default - Updating cases...
[2023-03-23T09:25:01.280] [INFO] default - Updating cases...
[2023-03-23T09:25:06.294] [INFO] default - Updating cases...
[2023-03-23T09:25:11.310] [INFO] default - Updating cases...
[2023-03-23T09:25:16.328] [INFO] default - Updating cases...
[2023-03-23T09:25:21.337] [INFO] default - Updating cases...
[2023-03-23T09:25:26.359] [INFO] default - Updating cases...
[2023-03-23T09:55:31.377] [INFO] default - Updating cases...
[2023-03-23T09:55:36.625] [INFO] default - Updating cases...
[2023-03-23T09:55:41.653] [INFO] default - Updating cases...
[2023-03-23T09:55:46.664] [INFO] default - Updating cases...
[2023-03-23T09:55:51.671] [INFO] default - Updating cases...
[2023-03-23T12:08:05.958] [INFO] default - Updating cases...
[2023-03-23T12:08:11.043] [INFO] default - Updating cases...
[2023-03-23T12:08:16.098] [INFO] default - Updating cases...
[2023-03-23T12:08:21.261] [INFO] default - Updating cases...
[2023-03-23T12:08:26.277] [INFO] default - Updating cases...
[2023-03-23T12:08:31.290] [INFO] default - Updating cases...
[2023-03-23T12:08:36.307] [INFO] default - Updating cases...
[2023-03-23T12:08:41.314] [INFO] default - Updating cases...
[2023-03-23T12:08:46.320] [INFO] default - Updating cases...
[2023-03-23T12:08:51.334] [INFO] default - Updating cases...
[2023-03-23T12:08:56.347] [INFO] default - Updating cases...
[2023-03-23T12:09:01.350] [INFO] default - Updating cases...
[2023-03-23T12:09:06.358] [INFO] default - Updating cases...
[2023-03-23T12:09:11.377] [INFO] default - Updating cases...
[2023-03-23T12:09:16.387] [INFO] default - Updating cases...
[2023-03-23T12:09:21.391] [INFO] default - Updating cases...
[2023-03-23T12:09:26.409] [INFO] default - Updating cases...
[2023-03-23T12:09:31.418] [INFO] default - Updating cases...
[2023-03-23T12:09:36.434] [INFO] default - Updating cases...
[2023-03-23T12:09:41.452] [INFO] default - Updating cases...
[2023-03-23T12:09:46.463] [INFO] default - Updating cases...
[2023-03-23T12:09:51.476] [INFO] default - Updating cases...
[2023-03-23T12:09:56.497] [INFO] default - Updating cases...
[2023-03-23T12:10:01.513] [INFO] default - Updating cases...
[2023-03-23T12:10:06.530] [INFO] default - Updating cases...
[2023-03-23T12:10:11.546] [INFO] default - Updating cases...
[2023-03-23T12:10:16.557] [INFO] default - Updating cases...
[2023-03-23T12:10:21.561] [INFO] default - Updating cases...
[2023-03-23T12:10:26.570] [INFO] default - Updating cases...
[2023-03-23T12:10:31.578] [INFO] default - Updating cases...
[2023-03-23T12:10:36.588] [INFO] default - Updating cases...
[2023-03-23T12:10:41.606] [INFO] default - Updating cases...
[2023-03-23T12:10:46.627] [INFO] default - Updating cases...
[2023-03-23T12:10:51.638] [INFO] default - Updating cases...
[2023-03-23T12:10:56.650] [INFO] default - Updating cases...
[2023-03-23T12:11:01.668] [INFO] default - Updating cases...
[2023-03-23T12:11:06.672] [INFO] default - Updating cases...
[2023-03-23T12:11:11.687] [INFO] default - Updating cases...
[2023-03-23T12:11:16.695] [INFO] default - Updating cases...
[2023-03-23T12:11:21.703] [INFO] default - Updating cases...
[2023-03-23T12:11:26.712] [INFO] default - Updating cases...
[2023-03-23T12:11:31.722] [INFO] default - Updating cases...
[2023-03-23T12:11:36.737] [INFO] default - Updating cases...
[2023-03-23T12:11:41.754] [INFO] default - Updating cases...
[2023-03-23T12:11:46.768] [INFO] default - Updating cases...
[2023-03-23T12:11:51.789] [INFO] default - Updating cases...
[2023-03-23T12:11:56.799] [INFO] default - Updating cases...
[2023-03-23T12:12:01.803] [INFO] default - Updating cases...
[2023-03-23T12:12:06.811] [INFO] default - Updating cases...
[2023-03-23T12:12:11.816] [INFO] default - Updating cases...
[2023-03-23T12:12:16.827] [INFO] default - Updating cases...
[2023-03-23T12:12:21.832] [INFO] default - Updating cases...
[2023-03-23T12:12:26.841] [INFO] default - Updating cases...
[2023-03-23T12:12:31.859] [INFO] default - Updating cases...
[2023-03-23T12:12:36.867] [INFO] default - Updating cases...
[2023-03-23T12:12:41.882] [INFO] default - Updating cases...
[2023-03-23T12:12:46.893] [INFO] default - Updating cases...
[2023-03-23T12:12:51.974] [INFO] default - Updating cases...
[2023-03-23T12:12:56.984] [INFO] default - Updating cases...
[2023-03-23T12:13:01.992] [INFO] default - Updating cases...
[2023-03-23T12:13:07.016] [INFO] default - Updating cases...
[2023-03-23T12:13:12.027] [INFO] default - Updating cases...
[2023-03-23T12:13:17.043] [INFO] default - Updating cases...
[2023-03-23T12:13:22.054] [INFO] default - Updating cases...
[2023-03-23T12:13:27.063] [INFO] default - Updating cases...
[2023-03-23T12:13:32.078] [INFO] default - Updating cases...
[2023-03-23T12:13:37.095] [INFO] default - Updating cases...
[2023-03-23T12:13:42.107] [INFO] default - Updating cases...
[2023-03-23T12:13:47.125] [INFO] default - Updating cases...
[2023-03-23T12:13:52.143] [INFO] default - Updating cases...
[2023-03-23T12:13:57.161] [INFO] default - Updating cases...
[2023-03-23T12:14:02.181] [INFO] default - Updating cases...
[2023-03-23T12:14:07.190] [INFO] default - Updating cases...
[2023-03-23T12:14:12.197] [INFO] default - Updating cases...
[2023-03-23T12:14:17.212] [INFO] default - Updating cases...
[2023-03-23T12:14:22.231] [INFO] default - Updating cases...
[2023-03-23T12:14:27.243] [INFO] default - Updating cases...
[2023-03-23T12:14:32.253] [INFO] default - Updating cases...
[2023-03-23T12:14:37.263] [INFO] default - Updating cases...
[2023-03-23T12:14:42.269] [INFO] default - Updating cases...
[2023-03-23T12:14:47.273] [INFO] default - Updating cases...
[2023-03-23T12:14:52.278] [INFO] default - Updating cases...
[2023-03-23T12:14:57.325] [INFO] default - Updating cases...
[2023-03-23T12:15:02.353] [INFO] default - Updating cases...
[2023-03-23T12:15:07.360] [INFO] default - Updating cases...
[2023-03-23T12:15:12.370] [INFO] default - Updating cases...
[2023-03-23T12:15:17.384] [INFO] default - Updating cases...
[2023-03-23T12:15:22.394] [INFO] default - Updating cases...
[2023-03-23T12:15:27.404] [INFO] default - Updating cases...
[2023-03-23T12:15:32.418] [INFO] default - Updating cases...
[2023-03-23T12:15:37.434] [INFO] default - Updating cases...
[2023-03-23T12:15:42.441] [INFO] default - Updating cases...
[2023-03-23T12:15:47.455] [INFO] default - Updating cases...
[2023-03-23T12:15:52.460] [INFO] default - Updating cases...
[2023-03-23T12:15:57.473] [INFO] default - Updating cases...
[2023-03-23T12:16:02.482] [INFO] default - Updating cases...
[2023-03-23T12:16:07.495] [INFO] default - Updating cases...
[2023-03-23T12:16:12.504] [INFO] default - Updating cases...
[2023-03-23T12:16:17.511] [INFO] default - Updating cases...
[2023-03-23T12:16:22.522] [INFO] default - Updating cases...
[2023-03-23T12:16:27.533] [INFO] default - Updating cases...
[2023-03-23T12:16:32.553] [INFO] default - Updating cases...
[2023-03-23T12:16:37.568] [INFO] default - Updating cases...
[2023-03-23T12:16:42.574] [INFO] default - Updating cases...
[2023-03-23T12:16:47.581] [INFO] default - Updating cases...
[2023-03-23T12:16:52.593] [INFO] default - Updating cases...
[2023-03-23T12:16:57.606] [INFO] default - Updating cases...
[2023-03-23T12:17:02.633] [INFO] default - Updating cases...
[2023-03-23T12:17:07.641] [INFO] default - Updating cases...
[2023-03-23T12:17:12.650] [INFO] default - Updating cases...
[2023-03-23T12:17:17.664] [INFO] default - Updating cases...
[2023-03-23T12:17:22.669] [INFO] default - Updating cases...
[2023-03-23T12:17:27.679] [INFO] default - Updating cases...
[2023-03-23T12:17:32.687] [INFO] default - Updating cases...
[2023-03-23T12:17:37.694] [INFO] default - Updating cases...
[2023-03-23T12:17:42.700] [INFO] default - Updating cases...
[2023-03-23T12:17:47.711] [INFO] default - Updating cases...
