[2023-03-21T22:08:44.400] [INFO] default - Logged in as Academia#0862
[2023-03-21T22:08:44.405] [INFO] default - Loading module Ban.js
[2023-03-21T22:08:44.408] [INFO] default - Loading command Ban.command.js
[2023-03-21T22:08:44.418] [INFO] default - Loaded command MESSAGE_CONTEXT_Ban
[2023-03-21T22:08:44.419] [INFO] default - Loading command Kick.command.js
[2023-03-21T22:08:44.425] [INFO] default - Loaded command MESSAGE_CONTEXT_Kick
[2023-03-21T22:08:44.426] [INFO] default - Loading command Mute.command.js
[2023-03-21T22:08:44.431] [INFO] default - Loaded command MESSAGE_CONTEXT_Mute
[2023-03-21T22:08:44.433] [INFO] default - Loading command Warn.command.js
[2023-03-21T22:08:44.437] [INFO] default - Loaded command MESSAGE_CONTEXT_Warn
[2023-03-21T22:08:44.439] [INFO] default - All modules and commands loaded
[2023-03-21T22:08:44.446] [INFO] default - Loading module Kick.js
[2023-03-21T22:08:44.448] [INFO] default - Loading module Logging.js
[2023-03-21T22:08:44.450] [INFO] default - Loading module Mute.js
[2023-03-21T22:08:44.452] [INFO] default - Loading module UpdateCase.js
[2023-03-21T22:08:44.456] [INFO] default - Loading module Warn.js
[2023-03-21T22:08:47.469] [INFO] default - Updating cases...
[2023-03-21T22:08:52.480] [INFO] default - Updating cases...
[2023-03-21T22:08:57.497] [INFO] default - Updating cases...
[2023-03-21T22:09:02.510] [INFO] default - Updating cases...
[2023-03-21T22:09:07.528] [INFO] default - Updating cases...
[2023-03-21T22:09:12.089] [INFO] default - [Mute] run by Osmii#0076
[2023-03-21T22:09:12.546] [INFO] default - Updating cases...
[2023-03-21T22:09:17.562] [INFO] default - Updating cases...
[2023-03-21T22:09:22.573] [INFO] default - Updating cases...
[2023-03-21T22:09:27.583] [INFO] default - Updating cases...
[2023-03-21T22:09:32.600] [INFO] default - Updating cases...
[2023-03-21T22:09:37.619] [INFO] default - Updating cases...
[2023-03-21T22:09:42.627] [INFO] default - Updating cases...
[2023-03-21T22:09:47.647] [INFO] default - Updating cases...
[2023-03-21T22:09:52.663] [INFO] default - Updating cases...
[2023-03-21T22:09:57.677] [INFO] default - Updating cases...
[2023-03-21T22:10:02.687] [INFO] default - Updating cases...
[2023-03-21T22:10:07.690] [INFO] default - Updating cases...
[2023-03-21T22:10:12.698] [INFO] default - Updating cases...
[2023-03-21T22:10:17.704] [INFO] default - Updating cases...
[2023-03-21T22:10:22.716] [INFO] default - Updating cases...
[2023-03-21T22:10:27.737] [INFO] default - Updating cases...
[2023-03-21T22:10:32.744] [INFO] default - Updating cases...
[2023-03-21T22:10:37.759] [INFO] default - Updating cases...
[2023-03-21T22:10:42.779] [INFO] default - Updating cases...
[2023-03-21T22:10:47.796] [INFO] default - Updating cases...
[2023-03-21T22:10:52.807] [INFO] default - Updating cases...
[2023-03-21T22:10:57.814] [INFO] default - Updating cases...
[2023-03-21T22:11:02.827] [INFO] default - Updating cases...
[2023-03-21T22:11:07.839] [INFO] default - Updating cases...
[2023-03-21T22:11:12.856] [INFO] default - Updating cases...
[2023-03-21T22:11:17.864] [INFO] default - Updating cases...
[2023-03-21T22:11:22.869] [INFO] default - Updating cases...
[2023-03-21T22:11:27.885] [INFO] default - Updating cases...
[2023-03-21T22:11:32.890] [INFO] default - Updating cases...
[2023-03-21T22:11:37.902] [INFO] default - Updating cases...
[2023-03-21T22:11:42.905] [INFO] default - Updating cases...
[2023-03-21T22:11:47.916] [INFO] default - Updating cases...
[2023-03-21T22:11:52.932] [INFO] default - Updating cases...
[2023-03-21T22:11:57.941] [INFO] default - Updating cases...
[2023-03-21T22:12:02.955] [INFO] default - Updating cases...
[2023-03-21T22:12:07.965] [INFO] default - Updating cases...
[2023-03-21T22:12:12.972] [INFO] default - Updating cases...
[2023-03-21T22:12:17.982] [INFO] default - Updating cases...
[2023-03-21T22:12:22.998] [INFO] default - Updating cases...
[2023-03-21T22:12:28.010] [INFO] default - Updating cases...
[2023-03-21T22:12:33.021] [INFO] default - Updating cases...
[2023-03-21T22:12:38.026] [INFO] default - Updating cases...
[2023-03-21T22:12:43.034] [INFO] default - Updating cases...
[2023-03-21T22:12:48.049] [INFO] default - Updating cases...
[2023-03-21T22:12:53.063] [INFO] default - Updating cases...
[2023-03-21T22:12:58.079] [INFO] default - Updating cases...
[2023-03-21T22:13:03.090] [INFO] default - Updating cases...
[2023-03-21T22:13:08.103] [INFO] default - Updating cases...
[2023-03-21T22:13:13.110] [INFO] default - Updating cases...
[2023-03-21T22:13:18.116] [INFO] default - Updating cases...
[2023-03-21T22:13:23.128] [INFO] default - Updating cases...
[2023-03-21T22:13:28.136] [INFO] default - Updating cases...
[2023-03-21T22:13:33.142] [INFO] default - Updating cases...
[2023-03-21T22:13:38.150] [INFO] default - Updating cases...
[2023-03-21T22:13:43.155] [INFO] default - Updating cases...
[2023-03-21T22:13:48.175] [INFO] default - Updating cases...
[2023-03-21T22:13:53.190] [INFO] default - Updating cases...
[2023-03-21T22:13:58.208] [INFO] default - Updating cases...
[2023-03-21T22:14:03.224] [INFO] default - Updating cases...
[2023-03-21T22:14:08.237] [INFO] default - Updating cases...
[2023-03-21T22:14:13.256] [INFO] default - Updating cases...
[2023-03-21T22:14:18.265] [INFO] default - Updating cases...
[2023-03-21T22:14:23.281] [INFO] default - Updating cases...
[2023-03-21T22:14:28.299] [INFO] default - Updating cases...
[2023-03-21T22:14:33.312] [INFO] default - Updating cases...
[2023-03-21T22:14:38.325] [INFO] default - Updating cases...
[2023-03-21T22:14:43.336] [INFO] default - Updating cases...
[2023-03-21T22:14:48.345] [INFO] default - Updating cases...
[2023-03-21T22:14:53.363] [INFO] default - Updating cases...
[2023-03-21T22:14:58.374] [INFO] default - Updating cases...
[2023-03-21T22:15:03.385] [INFO] default - Updating cases...
[2023-03-21T22:15:08.398] [INFO] default - Updating cases...
[2023-03-21T22:15:13.403] [INFO] default - Updating cases...
[2023-03-21T22:15:18.412] [INFO] default - Updating cases...
[2023-03-21T22:15:23.428] [INFO] default - Updating cases...
[2023-03-21T22:15:28.441] [INFO] default - Updating cases...
[2023-03-21T22:15:33.456] [INFO] default - Updating cases...
[2023-03-21T22:15:38.459] [INFO] default - Updating cases...
[2023-03-21T22:15:43.473] [INFO] default - Updating cases...
[2023-03-21T22:15:48.493] [INFO] default - Updating cases...
[2023-03-21T22:15:53.508] [INFO] default - Updating cases...
[2023-03-21T22:15:58.523] [INFO] default - Updating cases...
[2023-03-21T22:16:03.580] [INFO] default - Updating cases...
[2023-03-21T22:16:08.600] [INFO] default - Updating cases...
[2023-03-21T22:16:13.621] [INFO] default - Updating cases...
[2023-03-21T22:16:18.635] [INFO] default - Updating cases...
[2023-03-21T22:16:23.646] [INFO] default - Updating cases...
[2023-03-21T22:16:28.649] [INFO] default - Updating cases...
[2023-03-21T22:16:33.660] [INFO] default - Updating cases...
[2023-03-21T22:16:38.673] [INFO] default - Updating cases...
[2023-03-21T22:16:43.683] [INFO] default - Updating cases...
[2023-03-21T22:16:48.700] [INFO] default - Updating cases...
[2023-03-21T22:16:53.709] [INFO] default - Updating cases...
[2023-03-21T22:16:58.723] [INFO] default - Updating cases...
[2023-03-21T22:17:03.730] [INFO] default - Updating cases...
[2023-03-21T22:17:08.743] [INFO] default - Updating cases...
[2023-03-21T22:17:13.761] [INFO] default - Updating cases...
[2023-03-21T22:17:18.770] [INFO] default - Updating cases...
[2023-03-21T22:17:23.785] [INFO] default - Updating cases...
[2023-03-21T22:17:28.793] [INFO] default - Updating cases...
[2023-03-21T22:17:33.812] [INFO] default - Updating cases...
[2023-03-21T22:17:38.821] [INFO] default - Updating cases...
[2023-03-21T22:17:43.838] [INFO] default - Updating cases...
[2023-03-21T22:17:48.847] [INFO] default - Updating cases...
[2023-03-21T22:17:53.863] [INFO] default - Updating cases...
[2023-03-21T22:17:58.880] [INFO] default - Updating cases...
[2023-03-21T22:18:03.895] [INFO] default - Updating cases...
[2023-03-21T22:18:08.909] [INFO] default - Updating cases...
[2023-03-21T22:18:13.920] [INFO] default - Updating cases...
[2023-03-21T22:18:18.934] [INFO] default - Updating cases...
[2023-03-21T22:18:23.940] [INFO] default - Updating cases...
[2023-03-21T22:18:28.955] [INFO] default - Updating cases...
[2023-03-21T22:18:33.969] [INFO] default - Updating cases...
[2023-03-21T22:18:38.982] [INFO] default - Updating cases...
[2023-03-21T22:18:43.992] [INFO] default - Updating cases...
[2023-03-21T22:18:49.015] [INFO] default - Updating cases...
[2023-03-21T22:18:54.025] [INFO] default - Updating cases...
[2023-03-21T22:18:59.045] [INFO] default - Updating cases...
[2023-03-21T22:19:04.096] [INFO] default - Updating cases...
[2023-03-21T22:19:09.108] [INFO] default - Updating cases...
[2023-03-21T22:19:14.112] [INFO] default - Updating cases...
[2023-03-21T22:19:19.125] [INFO] default - Updating cases...
[2023-03-21T22:19:24.145] [INFO] default - Updating cases...
[2023-03-21T22:19:29.159] [INFO] default - Updating cases...
[2023-03-21T22:19:34.172] [INFO] default - Updating cases...
[2023-03-21T22:19:39.182] [INFO] default - Updating cases...
[2023-03-21T22:19:44.199] [INFO] default - Updating cases...
[2023-03-21T22:19:49.210] [INFO] default - Updating cases...
[2023-03-21T22:19:54.220] [INFO] default - Updating cases...
[2023-03-21T22:19:59.237] [INFO] default - Updating cases...
[2023-03-21T22:20:04.255] [INFO] default - Updating cases...
[2023-03-21T22:20:09.273] [INFO] default - Updating cases...
[2023-03-21T22:20:14.294] [INFO] default - Updating cases...
[2023-03-21T22:20:19.392] [INFO] default - Updating cases...
[2023-03-21T22:20:24.401] [INFO] default - Updating cases...
[2023-03-21T22:20:29.410] [INFO] default - Updating cases...
[2023-03-21T22:20:34.429] [INFO] default - Updating cases...
[2023-03-21T22:20:39.440] [INFO] default - Updating cases...
[2023-03-21T22:20:44.446] [INFO] default - Updating cases...
[2023-03-21T22:20:49.453] [INFO] default - Updating cases...
[2023-03-21T22:20:54.465] [INFO] default - Updating cases...
[2023-03-21T22:20:59.483] [INFO] default - Updating cases...
[2023-03-21T22:21:04.489] [INFO] default - Updating cases...
[2023-03-21T22:21:09.497] [INFO] default - Updating cases...
[2023-03-21T22:21:14.506] [INFO] default - Updating cases...
[2023-03-21T22:21:19.513] [INFO] default - Updating cases...
[2023-03-21T22:21:24.524] [INFO] default - Updating cases...
[2023-03-21T22:21:29.531] [INFO] default - Updating cases...
[2023-03-21T22:21:34.549] [INFO] default - Updating cases...
[2023-03-21T22:21:39.556] [INFO] default - Updating cases...
[2023-03-21T22:21:44.573] [INFO] default - Updating cases...
[2023-03-21T22:21:49.597] [INFO] default - Updating cases...
[2023-03-21T22:21:54.607] [INFO] default - Updating cases...
[2023-03-21T22:21:59.611] [INFO] default - Updating cases...
[2023-03-21T22:22:04.624] [INFO] default - Updating cases...
[2023-03-21T22:22:09.627] [INFO] default - Updating cases...
[2023-03-21T22:22:14.633] [INFO] default - Updating cases...
[2023-03-21T22:22:19.651] [INFO] default - Updating cases...
[2023-03-21T22:22:24.661] [INFO] default - Updating cases...
[2023-03-21T22:22:29.678] [INFO] default - Updating cases...
[2023-03-21T22:22:34.687] [INFO] default - Updating cases...
[2023-03-21T22:22:39.700] [INFO] default - Updating cases...
[2023-03-21T22:22:44.718] [INFO] default - Updating cases...
[2023-03-21T22:22:49.738] [INFO] default - Updating cases...
[2023-03-21T22:22:54.756] [INFO] default - Updating cases...
[2023-03-21T22:22:59.775] [INFO] default - Updating cases...
[2023-03-21T22:23:04.780] [INFO] default - Updating cases...
[2023-03-21T22:23:09.784] [INFO] default - Updating cases...
[2023-03-21T22:23:14.801] [INFO] default - Updating cases...
[2023-03-21T22:23:19.811] [INFO] default - Updating cases...
[2023-03-21T22:23:24.826] [INFO] default - Updating cases...
[2023-03-21T22:23:29.843] [INFO] default - Updating cases...
[2023-03-21T22:23:34.852] [INFO] default - Updating cases...
[2023-03-21T22:23:39.855] [INFO] default - Updating cases...
[2023-03-21T22:23:44.857] [INFO] default - Updating cases...
[2023-03-21T22:23:49.863] [INFO] default - Updating cases...
[2023-03-21T22:23:54.876] [INFO] default - Updating cases...
[2023-03-21T22:23:59.892] [INFO] default - Updating cases...
[2023-03-21T22:24:04.900] [INFO] default - Updating cases...
[2023-03-21T22:24:09.906] [INFO] default - Updating cases...
[2023-03-21T22:24:14.917] [INFO] default - Updating cases...
[2023-03-21T22:24:19.933] [INFO] default - Updating cases...
[2023-03-21T22:24:24.943] [INFO] default - Updating cases...
[2023-03-21T22:24:29.960] [INFO] default - Updating cases...
[2023-03-21T22:24:34.973] [INFO] default - Updating cases...
[2023-03-21T22:24:39.983] [INFO] default - Updating cases...
[2023-03-21T22:24:44.991] [INFO] default - Updating cases...
[2023-03-21T22:24:50.008] [INFO] default - Updating cases...
[2023-03-21T22:24:55.027] [INFO] default - Updating cases...
[2023-03-21T22:25:00.042] [INFO] default - Updating cases...
[2023-03-21T22:25:05.049] [INFO] default - Updating cases...
[2023-03-21T22:25:10.064] [INFO] default - Updating cases...
[2023-03-21T22:25:15.070] [INFO] default - Updating cases...
[2023-03-21T22:25:20.088] [INFO] default - Updating cases...
[2023-03-21T22:25:25.095] [INFO] default - Updating cases...
[2023-03-21T22:25:30.108] [INFO] default - Updating cases...
[2023-03-21T22:25:35.126] [INFO] default - Updating cases...
[2023-03-21T22:25:40.140] [INFO] default - Updating cases...
[2023-03-21T22:25:45.155] [INFO] default - Updating cases...
[2023-03-21T22:25:50.231] [INFO] default - Updating cases...
[2023-03-21T22:25:55.249] [INFO] default - Updating cases...
[2023-03-21T22:26:00.256] [INFO] default - Updating cases...
[2023-03-21T22:26:05.272] [INFO] default - Updating cases...
[2023-03-21T22:26:10.281] [INFO] default - Updating cases...
[2023-03-21T22:26:15.293] [INFO] default - Updating cases...
[2023-03-21T22:26:20.310] [INFO] default - Updating cases...
[2023-03-21T22:26:25.324] [INFO] default - Updating cases...
[2023-03-21T22:26:30.335] [INFO] default - Updating cases...
[2023-03-21T22:26:35.356] [INFO] default - Updating cases...
[2023-03-21T22:26:40.365] [INFO] default - Updating cases...
[2023-03-21T22:26:45.379] [INFO] default - Updating cases...
[2023-03-21T22:26:50.386] [INFO] default - Updating cases...
[2023-03-21T22:26:55.392] [INFO] default - Updating cases...
[2023-03-21T22:27:00.412] [INFO] default - Updating cases...
[2023-03-21T22:27:05.428] [INFO] default - Updating cases...
[2023-03-21T22:27:10.432] [INFO] default - Updating cases...
[2023-03-21T22:27:15.436] [INFO] default - Updating cases...
[2023-03-21T22:27:20.443] [INFO] default - Updating cases...
[2023-03-21T22:27:25.456] [INFO] default - Updating cases...
[2023-03-21T22:27:30.471] [INFO] default - Updating cases...
[2023-03-21T22:27:35.480] [INFO] default - Updating cases...
[2023-03-21T22:27:40.496] [INFO] default - Updating cases...
[2023-03-21T22:27:45.499] [INFO] default - Updating cases...
[2023-03-21T22:27:50.510] [INFO] default - Updating cases...
[2023-03-21T22:27:55.522] [INFO] default - Updating cases...
[2023-03-21T22:28:00.527] [INFO] default - Updating cases...
[2023-03-21T22:28:05.544] [INFO] default - Updating cases...
[2023-03-21T22:28:10.550] [INFO] default - Updating cases...
[2023-03-21T22:28:15.562] [INFO] default - Updating cases...
[2023-03-21T22:28:20.570] [INFO] default - Updating cases...
[2023-03-21T22:28:25.582] [INFO] default - Updating cases...
[2023-03-21T22:28:30.600] [INFO] default - Updating cases...
[2023-03-21T22:28:35.617] [INFO] default - Updating cases...
[2023-03-21T22:28:40.628] [INFO] default - Updating cases...
[2023-03-21T22:28:45.641] [INFO] default - Updating cases...
[2023-03-21T22:28:50.657] [INFO] default - Updating cases...
[2023-03-21T22:28:55.667] [INFO] default - Updating cases...
[2023-03-21T22:29:00.680] [INFO] default - Updating cases...
[2023-03-21T22:29:05.696] [INFO] default - Updating cases...
[2023-03-21T22:29:10.706] [INFO] default - Updating cases...
[2023-03-21T22:29:15.717] [INFO] default - Updating cases...
[2023-03-21T22:29:20.731] [INFO] default - Updating cases...
[2023-03-21T22:29:25.745] [INFO] default - Updating cases...
[2023-03-21T22:29:30.757] [INFO] default - Updating cases...
[2023-03-21T22:29:35.763] [INFO] default - Updating cases...
[2023-03-21T22:29:40.780] [INFO] default - Updating cases...
[2023-03-21T22:29:45.788] [INFO] default - Updating cases...
[2023-03-21T22:29:50.808] [INFO] default - Updating cases...
[2023-03-21T22:29:55.823] [INFO] default - Updating cases...
[2023-03-21T22:30:00.836] [INFO] default - Updating cases...
[2023-03-21T22:30:05.853] [INFO] default - Updating cases...
[2023-03-21T22:30:10.865] [INFO] default - Updating cases...
[2023-03-21T22:30:15.883] [INFO] default - Updating cases...
[2023-03-21T22:30:20.899] [INFO] default - Updating cases...
[2023-03-21T22:30:25.910] [INFO] default - Updating cases...
[2023-03-21T22:30:30.930] [INFO] default - Updating cases...
[2023-03-21T22:30:35.936] [INFO] default - Updating cases...
[2023-03-21T22:30:40.947] [INFO] default - Updating cases...
[2023-03-21T22:30:45.958] [INFO] default - Updating cases...
[2023-03-21T22:30:50.968] [INFO] default - Updating cases...
[2023-03-21T22:30:55.982] [INFO] default - Updating cases...
[2023-03-21T22:31:00.994] [INFO] default - Updating cases...
[2023-03-21T22:31:06.012] [INFO] default - Updating cases...
[2023-03-21T22:31:11.020] [INFO] default - Updating cases...
[2023-03-21T22:31:16.037] [INFO] default - Updating cases...
[2023-03-21T22:31:21.050] [INFO] default - Updating cases...
[2023-03-21T22:31:26.065] [INFO] default - Updating cases...
[2023-03-21T22:31:31.080] [INFO] default - Updating cases...
[2023-03-21T22:31:36.095] [INFO] default - Updating cases...
[2023-03-21T22:31:41.108] [INFO] default - Updating cases...
[2023-03-21T22:31:46.120] [INFO] default - Updating cases...
[2023-03-21T22:31:51.141] [INFO] default - Updating cases...
[2023-03-21T22:31:56.154] [INFO] default - Updating cases...
[2023-03-21T22:32:01.164] [INFO] default - Updating cases...
[2023-03-21T22:32:06.176] [INFO] default - Updating cases...
[2023-03-21T22:32:11.188] [INFO] default - Updating cases...
[2023-03-21T22:32:16.193] [INFO] default - Updating cases...
[2023-03-21T22:32:21.203] [INFO] default - Updating cases...
[2023-03-21T22:32:26.215] [INFO] default - Updating cases...
[2023-03-21T22:32:31.231] [INFO] default - Updating cases...
[2023-03-21T22:32:36.234] [INFO] default - Updating cases...
[2023-03-21T22:32:41.241] [INFO] default - Updating cases...
[2023-03-21T22:32:46.255] [INFO] default - Updating cases...
[2023-03-21T22:32:51.272] [INFO] default - Updating cases...
[2023-03-21T22:32:56.285] [INFO] default - Updating cases...
[2023-03-21T22:33:01.303] [INFO] default - Updating cases...
[2023-03-21T22:33:06.314] [INFO] default - Updating cases...
[2023-03-21T22:33:11.328] [INFO] default - Updating cases...
[2023-03-21T22:33:16.332] [INFO] default - Updating cases...
[2023-03-21T22:33:21.337] [INFO] default - Updating cases...
[2023-03-21T22:33:26.348] [INFO] default - Updating cases...
[2023-03-21T22:33:31.355] [INFO] default - Updating cases...
[2023-03-21T22:33:36.370] [INFO] default - Updating cases...
[2023-03-21T22:33:41.384] [INFO] default - Updating cases...
[2023-03-21T22:33:46.403] [INFO] default - Updating cases...
[2023-03-21T22:33:51.421] [INFO] default - Updating cases...
[2023-03-21T22:33:56.434] [INFO] default - Updating cases...
[2023-03-21T22:34:01.451] [INFO] default - Updating cases...
[2023-03-21T22:34:06.464] [INFO] default - Updating cases...
[2023-03-21T22:34:11.476] [INFO] default - Updating cases...
[2023-03-21T22:34:16.494] [INFO] default - Updating cases...
[2023-03-21T22:34:21.509] [INFO] default - Updating cases...
[2023-03-21T22:34:26.525] [INFO] default - Updating cases...
[2023-03-21T22:34:31.536] [INFO] default - Updating cases...
[2023-03-21T22:34:36.543] [INFO] default - Updating cases...
[2023-03-21T22:34:41.556] [INFO] default - Updating cases...
[2023-03-21T22:34:46.571] [INFO] default - Updating cases...
[2023-03-21T22:34:51.579] [INFO] default - Updating cases...
[2023-03-21T22:34:56.592] [INFO] default - Updating cases...
[2023-03-21T22:35:01.607] [INFO] default - Updating cases...
[2023-03-21T22:35:06.618] [INFO] default - Updating cases...
[2023-03-21T22:35:11.625] [INFO] default - Updating cases...
[2023-03-21T22:35:16.642] [INFO] default - Updating cases...
[2023-03-21T22:35:21.661] [INFO] default - Updating cases...
[2023-03-21T22:35:26.673] [INFO] default - Updating cases...
[2023-03-21T22:35:31.678] [INFO] default - Updating cases...
[2023-03-21T22:35:36.688] [INFO] default - Updating cases...
[2023-03-21T22:35:41.698] [INFO] default - Updating cases...
[2023-03-21T22:35:46.709] [INFO] default - Updating cases...
[2023-03-21T22:35:51.726] [INFO] default - Updating cases...
[2023-03-21T22:35:56.735] [INFO] default - Updating cases...
[2023-03-21T22:36:01.741] [INFO] default - Updating cases...
[2023-03-21T22:36:06.751] [INFO] default - Updating cases...
[2023-03-21T22:36:11.762] [INFO] default - Updating cases...
[2023-03-21T22:36:16.769] [INFO] default - Updating cases...
[2023-03-21T22:36:21.779] [INFO] default - Updating cases...
[2023-03-21T22:36:26.794] [INFO] default - Updating cases...
[2023-03-21T22:36:31.805] [INFO] default - Updating cases...
[2023-03-21T22:36:36.828] [INFO] default - Updating cases...
[2023-03-21T22:36:41.838] [INFO] default - Updating cases...
[2023-03-21T22:36:46.916] [INFO] default - Updating cases...
[2023-03-21T22:36:51.945] [INFO] default - Updating cases...
[2023-03-21T22:36:56.961] [INFO] default - Updating cases...
[2023-03-21T22:37:01.976] [INFO] default - Updating cases...
[2023-03-21T22:37:06.982] [INFO] default - Updating cases...
[2023-03-21T22:37:11.992] [INFO] default - Updating cases...
[2023-03-21T22:37:17.005] [INFO] default - Updating cases...
[2023-03-21T22:37:22.021] [INFO] default - Updating cases...
[2023-03-21T22:37:27.038] [INFO] default - Updating cases...
[2023-03-21T22:37:32.051] [INFO] default - Updating cases...
[2023-03-21T22:37:37.067] [INFO] default - Updating cases...
[2023-03-21T22:37:42.078] [INFO] default - Updating cases...
[2023-03-21T22:37:47.101] [INFO] default - Updating cases...
[2023-03-21T22:37:52.121] [INFO] default - Updating cases...
[2023-03-21T22:37:57.140] [INFO] default - Updating cases...
[2023-03-21T22:38:02.147] [INFO] default - Updating cases...
[2023-03-21T22:38:07.163] [INFO] default - Updating cases...
[2023-03-21T22:38:12.181] [INFO] default - Updating cases...
[2023-03-21T22:38:17.199] [INFO] default - Updating cases...
[2023-03-21T22:38:22.206] [INFO] default - Updating cases...
[2023-03-21T22:38:27.223] [INFO] default - Updating cases...
[2023-03-21T22:38:32.237] [INFO] default - Updating cases...
[2023-03-21T22:38:37.248] [INFO] default - Updating cases...
[2023-03-21T22:38:42.258] [INFO] default - Updating cases...
[2023-03-21T22:38:47.268] [INFO] default - Updating cases...
[2023-03-21T22:38:52.274] [INFO] default - Updating cases...
[2023-03-21T22:38:57.298] [INFO] default - Updating cases...
[2023-03-21T22:39:02.303] [INFO] default - Updating cases...
[2023-03-21T22:39:07.313] [INFO] default - Updating cases...
[2023-03-21T22:39:12.320] [INFO] default - Updating cases...
[2023-03-21T22:39:17.328] [INFO] default - Updating cases...
[2023-03-21T22:39:22.344] [INFO] default - Updating cases...
[2023-03-21T22:39:27.347] [INFO] default - Updating cases...
[2023-03-21T22:39:32.352] [INFO] default - Updating cases...
[2023-03-21T22:39:37.360] [INFO] default - Updating cases...
[2023-03-21T22:39:42.368] [INFO] default - Updating cases...
[2023-03-21T22:39:47.380] [INFO] default - Updating cases...
[2023-03-21T22:39:52.387] [INFO] default - Updating cases...
[2023-03-21T22:39:57.395] [INFO] default - Updating cases...
[2023-03-21T22:40:02.406] [INFO] default - Updating cases...
[2023-03-21T22:40:07.414] [INFO] default - Updating cases...
[2023-03-21T22:40:12.431] [INFO] default - Updating cases...
[2023-03-21T22:40:17.438] [INFO] default - Updating cases...
[2023-03-21T22:40:22.447] [INFO] default - Updating cases...
