[2023-03-23T21:04:18.824] [INFO] default - Logged in as UnnamedBot#0862
[2023-03-23T21:04:18.827] [INFO] default - Loading module WelcomeAndGoodbye.js
[2023-03-23T21:04:18.829] [INFO] default - Loading module Ban.js
[2023-03-23T21:04:18.830] [INFO] default - Loading module ReactRoles.js
[2023-03-23T21:04:18.830] [INFO] default - Loading module RelayHandler.js
[2023-03-23T21:04:18.831] [INFO] default - Loading module Verification.js
[2023-03-23T21:04:18.833] [INFO] default - Loading command Ban.command.js
[2023-03-23T21:04:18.845] [INFO] default - Loaded command CHAT_INPUT_ban
[2023-03-23T21:04:18.847] [INFO] default - Loading command Cases.command.js
[2023-03-23T21:04:18.850] [INFO] default - Loaded command CHAT_INPUT_cases
[2023-03-23T21:04:18.851] [INFO] default - Loading command Embed.command.js
[2023-03-23T21:04:18.856] [INFO] default - Loaded command CHAT_INPUT_embed
[2023-03-23T21:04:18.859] [INFO] default - Loading command Kick.command.js
[2023-03-23T21:04:18.864] [INFO] default - Loaded command CHAT_INPUT_kick
[2023-03-23T21:04:18.865] [INFO] default - Loading command Mute.command.js
[2023-03-23T21:04:18.871] [INFO] default - Loaded command CHAT_INPUT_mute
[2023-03-23T21:04:18.872] [INFO] default - Loading command ReactionRoles.command.js
[2023-03-23T21:04:18.881] [INFO] default - Loaded command CHAT_INPUT_reactroles
[2023-03-23T21:04:18.883] [INFO] default - Loading command Reason.command.js
[2023-03-23T21:04:18.887] [INFO] default - Loaded command CHAT_INPUT_reason
[2023-03-23T21:04:18.888] [INFO] default - Loading command Unban.command.js
[2023-03-23T21:04:18.895] [INFO] default - Loaded command CHAT_INPUT_unban
[2023-03-23T21:04:18.898] [INFO] default - Loading command Unmute.command.js
[2023-03-23T21:04:18.902] [INFO] default - Loaded command CHAT_INPUT_unmute
[2023-03-23T21:04:18.903] [INFO] default - Loading command Warn.command.js
[2023-03-23T21:04:18.909] [INFO] default - Loaded command CHAT_INPUT_warn
[2023-03-23T21:04:18.931] [INFO] default - Loading command Ban.command.js
[2023-03-23T21:04:18.936] [INFO] default - Loaded command MESSAGE_CONTEXT_Ban
[2023-03-23T21:04:18.937] [INFO] default - Loading command Kick.command.js
[2023-03-23T21:04:18.940] [INFO] default - Loaded command MESSAGE_CONTEXT_Kick
[2023-03-23T21:04:18.942] [INFO] default - Loading command Mute.command.js
[2023-03-23T21:04:18.950] [INFO] default - Loaded command MESSAGE_CONTEXT_Mute
[2023-03-23T21:04:18.952] [INFO] default - Loading command Warn.command.js
[2023-03-23T21:04:18.955] [INFO] default - Loaded command MESSAGE_CONTEXT_Warn
[2023-03-23T21:04:18.966] [INFO] default - Loading command Ban.command.js
[2023-03-23T21:04:18.970] [INFO] default - Loaded command USER_CONTEXT_Ban
[2023-03-23T21:04:18.971] [INFO] default - Loading command Kick.command.js
[2023-03-23T21:04:18.975] [INFO] default - Loaded command USER_CONTEXT_Kick
[2023-03-23T21:04:18.983] [INFO] default - Loading command Mute.command.js
[2023-03-23T21:04:18.987] [INFO] default - Loaded command USER_CONTEXT_Mute
[2023-03-23T21:04:18.989] [INFO] default - Loading command Warn.command.js
[2023-03-23T21:04:18.994] [INFO] default - Loaded command USER_CONTEXT_Warn
[2023-03-23T21:04:19.005] [INFO] default - All modules and commands loaded
[2023-03-23T21:04:19.035] [INFO] default - Loading module Kick.js
[2023-03-23T21:04:19.036] [INFO] default - Loading module TicketManager.js
[2023-03-23T21:04:19.037] [INFO] default - Loading module VerificationManager.js
[2023-03-23T21:04:19.041] [INFO] default - Loading module Logging.js
[2023-03-23T21:04:19.045] [INFO] default - Loading module Mute.js
[2023-03-23T21:04:19.047] [INFO] default - Loading module UpdateCase.js
[2023-03-23T21:04:19.056] [INFO] default - Loading module Warn.js
[2023-03-23T21:04:22.066] [INFO] default - Updating cases...
