[2023-03-23T02:00:52.952] [INFO] default - Logged in as Academia#0862
[2023-03-23T02:00:52.964] [INFO] default - Loading module Ban.js
[2023-03-23T02:00:52.968] [INFO] default - Loading command Ban.command.js
[2023-03-23T02:00:52.988] [INFO] default - Loaded command CHAT_INPUT_ban
[2023-03-23T02:00:52.990] [INFO] default - Loading command Cases.command.js
[2023-03-23T02:00:52.996] [INFO] default - Loaded command CHAT_INPUT_cases
[2023-03-23T02:00:52.998] [INFO] default - Loading command Kick.command.js
[2023-03-23T02:00:53.005] [INFO] default - Loaded command CHAT_INPUT_kick
[2023-03-23T02:00:53.008] [INFO] default - Loading command Mute.command.js
[2023-03-23T02:00:53.016] [INFO] default - Loaded command CHAT_INPUT_mute
[2023-03-23T02:00:53.018] [INFO] default - Loading command Unban.command.js
[2023-03-23T02:00:53.021] [INFO] default - Loaded command CHAT_INPUT_unban
[2023-03-23T02:00:53.026] [INFO] default - Loading command Unmute.command.js
[2023-03-23T02:00:53.030] [INFO] default - Loaded command CHAT_INPUT_unmute
[2023-03-23T02:00:53.032] [INFO] default - Loading command Warn.command.js
[2023-03-23T02:00:53.041] [INFO] default - Loaded command CHAT_INPUT_warn
[2023-03-23T02:00:53.046] [INFO] default - Loading command Ban.command.js
[2023-03-23T02:00:53.056] [INFO] default - Loaded command MESSAGE_CONTEXT_Ban
[2023-03-23T02:00:53.059] [INFO] default - Loading command Kick.command.js
[2023-03-23T02:00:53.063] [INFO] default - Loaded command MESSAGE_CONTEXT_Kick
[2023-03-23T02:00:53.065] [INFO] default - Loading command Mute.command.js
[2023-03-23T02:00:53.073] [INFO] default - Loaded command MESSAGE_CONTEXT_Mute
[2023-03-23T02:00:53.076] [INFO] default - Loading command Warn.command.js
[2023-03-23T02:00:53.081] [INFO] default - Loaded command MESSAGE_CONTEXT_Warn
[2023-03-23T02:00:53.085] [INFO] default - Loading command Ban.command.js
[2023-03-23T02:00:53.095] [INFO] default - Loaded command USER_CONTEXT_Ban
[2023-03-23T02:00:53.098] [INFO] default - Loading command Kick.command.js
[2023-03-23T02:00:53.105] [INFO] default - Loaded command USER_CONTEXT_Kick
[2023-03-23T02:00:53.107] [INFO] default - Loading command Mute.command.js
[2023-03-23T02:00:53.113] [INFO] default - Loaded command USER_CONTEXT_Mute
[2023-03-23T02:00:53.116] [INFO] default - Loading command Warn.command.js
[2023-03-23T02:00:53.118] [INFO] default - Loaded command USER_CONTEXT_Warn
[2023-03-23T02:00:53.119] [INFO] default - All modules and commands loaded
[2023-03-23T02:00:53.138] [INFO] default - Loading module Kick.js
[2023-03-23T02:00:53.140] [INFO] default - Loading module Logging.js
[2023-03-23T02:00:53.145] [INFO] default - Loading module Mute.js
[2023-03-23T02:00:53.149] [INFO] default - Loading module UpdateCase.js
[2023-03-23T02:00:53.157] [INFO] default - Loading module Warn.js
[2023-03-23T02:00:56.168] [INFO] default - Updating cases...
[2023-03-23T02:01:01.178] [INFO] default - Updating cases...
[2023-03-23T02:01:06.195] [INFO] default - Updating cases...
[2023-03-23T02:01:11.209] [INFO] default - Updating cases...
[2023-03-23T02:01:16.226] [INFO] default - Updating cases...
[2023-03-23T02:01:21.234] [INFO] default - Updating cases...
[2023-03-23T02:01:26.238] [INFO] default - Updating cases...
[2023-03-23T02:01:31.246] [INFO] default - Updating cases...
[2023-03-23T02:01:36.253] [INFO] default - Updating cases...
[2023-03-23T02:01:41.034] [INFO] default - /cases run by Osmii#0076
[2023-03-23T02:01:41.261] [INFO] default - Updating cases...
[2023-03-23T02:01:46.271] [INFO] default - Updating cases...
[2023-03-23T02:01:51.282] [INFO] default - Updating cases...
[2023-03-23T02:01:56.285] [INFO] default - Updating cases...
[2023-03-23T02:02:01.296] [INFO] default - Updating cases...
[2023-03-23T02:02:06.310] [INFO] default - Updating cases...
[2023-03-23T02:02:11.319] [INFO] default - Updating cases...
[2023-03-23T02:02:16.325] [INFO] default - Updating cases...
[2023-03-23T02:02:21.331] [INFO] default - Updating cases...
