[2023-03-23T20:46:01.448] [INFO] default - Logged in as UnnamedBot#0862
[2023-03-23T20:46:01.455] [INFO] default - Loading module WelcomeAndGoodbye.js
[2023-03-23T20:46:01.461] [INFO] default - Loading module Ban.js
[2023-03-23T20:46:01.464] [INFO] default - Loading module ReactRoles.js
[2023-03-23T20:46:01.494] [INFO] default - Loading module RelayHandler.js
[2023-03-23T20:46:01.569] [INFO] default - Loading module Verification.js
[2023-03-23T20:46:01.637] [INFO] default - Loading command Ban.command.js
[2023-03-23T20:46:01.748] [INFO] default - Loaded command CHAT_INPUT_ban
[2023-03-23T20:46:01.762] [INFO] default - Loading command Cases.command.js
[2023-03-23T20:46:01.770] [INFO] default - Loaded command CHAT_INPUT_cases
[2023-03-23T20:46:01.863] [INFO] default - Loading command Embed.command.js
[2023-03-23T20:46:01.883] [INFO] default - Loaded command CHAT_INPUT_embed
[2023-03-23T20:46:01.888] [INFO] default - Loading command Kick.command.js
[2023-03-23T20:46:01.943] [INFO] default - Loaded command CHAT_INPUT_kick
[2023-03-23T20:46:01.996] [INFO] default - Loading command Mute.command.js
[2023-03-23T20:46:02.036] [INFO] default - Loaded command CHAT_INPUT_mute
[2023-03-23T20:46:02.048] [INFO] default - Loading command ReactionRoles.command.js
[2023-03-23T20:46:02.075] [INFO] default - Loaded command CHAT_INPUT_reactroles
[2023-03-23T20:46:02.087] [INFO] default - Loading command Reason.command.js
[2023-03-23T20:46:02.106] [INFO] default - Loaded command CHAT_INPUT_reason
[2023-03-23T20:46:02.128] [INFO] default - Loading command Unban.command.js
[2023-03-23T20:46:02.134] [INFO] default - Loaded command CHAT_INPUT_unban
[2023-03-23T20:46:02.149] [INFO] default - Loading command Unmute.command.js
[2023-03-23T20:46:02.167] [INFO] default - Loaded command CHAT_INPUT_unmute
[2023-03-23T20:46:02.185] [INFO] default - Loading command Warn.command.js
[2023-03-23T20:46:02.218] [INFO] default - Loaded command CHAT_INPUT_warn
[2023-03-23T20:46:02.241] [INFO] default - Loading command Ban.command.js
[2023-03-23T20:46:02.269] [INFO] default - Loaded command MESSAGE_CONTEXT_Ban
[2023-03-23T20:46:02.274] [INFO] default - Loading command Kick.command.js
[2023-03-23T20:46:02.280] [INFO] default - Loaded command MESSAGE_CONTEXT_Kick
[2023-03-23T20:46:02.282] [INFO] default - Loading command Mute.command.js
[2023-03-23T20:46:02.296] [INFO] default - Loaded command MESSAGE_CONTEXT_Mute
[2023-03-23T20:46:02.302] [INFO] default - Loading command Warn.command.js
[2023-03-23T20:46:02.314] [INFO] default - Loaded command MESSAGE_CONTEXT_Warn
[2023-03-23T20:46:02.320] [INFO] default - Loading command Ban.command.js
[2023-03-23T20:46:02.332] [INFO] default - Loaded command USER_CONTEXT_Ban
[2023-03-23T20:46:02.333] [INFO] default - Loading command Kick.command.js
[2023-03-23T20:46:02.337] [INFO] default - Loaded command USER_CONTEXT_Kick
[2023-03-23T20:46:02.346] [INFO] default - Loading command Mute.command.js
[2023-03-23T20:46:02.361] [INFO] default - Loaded command USER_CONTEXT_Mute
[2023-03-23T20:46:02.363] [INFO] default - Loading command Warn.command.js
[2023-03-23T20:46:02.366] [INFO] default - Loaded command USER_CONTEXT_Warn
[2023-03-23T20:46:02.367] [INFO] default - All modules and commands loaded
[2023-03-23T20:46:02.552] [INFO] default - Loading module Kick.js
[2023-03-23T20:46:02.568] [INFO] default - Loading module TicketManager.js
[2023-03-23T20:46:02.579] [INFO] default - Loading module VerificationManager.js
[2023-03-23T20:46:02.590] [INFO] default - Loading module Logging.js
[2023-03-23T20:46:02.613] [INFO] default - Loading module Mute.js
[2023-03-23T20:46:02.623] [INFO] default - Loading module UpdateCase.js
[2023-03-23T20:46:02.635] [INFO] default - Loading module Warn.js
[2023-03-23T20:46:05.636] [INFO] default - Updating cases...
[2023-03-23T20:46:10.638] [INFO] default - Updating cases...
[2023-03-23T20:46:15.642] [INFO] default - Updating cases...
[2023-03-23T20:46:20.652] [INFO] default - Updating cases...
[2023-03-23T20:46:25.659] [INFO] default - Updating cases...
[2023-03-23T20:46:30.672] [INFO] default - Updating cases...
[2023-03-23T20:46:35.690] [INFO] default - Updating cases...
[2023-03-23T20:46:40.705] [INFO] default - Updating cases...
[2023-03-23T20:46:45.716] [INFO] default - Updating cases...
[2023-03-23T20:46:50.729] [INFO] default - Updating cases...
[2023-03-23T20:46:55.735] [INFO] default - Updating cases...
[2023-03-23T20:47:00.748] [INFO] default - Updating cases...
[2023-03-23T20:47:05.749] [INFO] default - Updating cases...
[2023-03-23T20:47:10.756] [INFO] default - Updating cases...
[2023-03-23T20:47:15.761] [INFO] default - Updating cases...
[2023-03-23T20:47:20.769] [INFO] default - Updating cases...
[2023-03-23T20:47:25.773] [INFO] default - Updating cases...
[2023-03-23T20:47:30.775] [INFO] default - Updating cases...
[2023-03-23T20:47:35.782] [INFO] default - Updating cases...
[2023-03-23T20:47:40.791] [INFO] default - Updating cases...
[2023-03-23T20:47:45.806] [INFO] default - Updating cases...
[2023-03-23T20:47:50.823] [INFO] default - Updating cases...
[2023-03-23T20:47:55.828] [INFO] default - Updating cases...
[2023-03-23T20:48:00.835] [INFO] default - Updating cases...
[2023-03-23T20:48:05.839] [INFO] default - Updating cases...
[2023-03-23T20:48:10.853] [INFO] default - Updating cases...
[2023-03-23T20:48:15.863] [INFO] default - Updating cases...
