[2023-03-23T17:51:36.589] [INFO] default - Logged in as Academia#0862
[2023-03-23T17:51:36.602] [INFO] default - Loading module WelcomeAndGoodbye.js
[2023-03-23T17:51:36.604] [INFO] default - Loading module Ban.js
[2023-03-23T17:51:36.607] [INFO] default - Loading module RelayHandler.js
[2023-03-23T17:51:36.611] [INFO] default - Loading module Verification.js
[2023-03-23T17:51:36.618] [INFO] default - Loading command Ban.command.js
[2023-03-23T17:51:36.655] [INFO] default - Loaded command CHAT_INPUT_ban
[2023-03-23T17:51:36.658] [INFO] default - Loading command Cases.command.js
[2023-03-23T17:51:36.667] [INFO] default - Loaded command CHAT_INPUT_cases
[2023-03-23T17:51:36.668] [INFO] default - Loading command Kick.command.js
[2023-03-23T17:51:36.675] [INFO] default - Loaded command CHAT_INPUT_kick
[2023-03-23T17:51:36.678] [INFO] default - Loading command Mute.command.js
[2023-03-23T17:51:36.684] [INFO] default - Loaded command CHAT_INPUT_mute
[2023-03-23T17:51:36.686] [INFO] default - Loading command Reason.command.js
[2023-03-23T17:51:36.692] [INFO] default - Loaded command CHAT_INPUT_reason
[2023-03-23T17:51:36.695] [INFO] default - Loading command Unban.command.js
[2023-03-23T17:51:36.699] [INFO] default - Loaded command CHAT_INPUT_unban
[2023-03-23T17:51:36.700] [INFO] default - Loading command Unmute.command.js
[2023-03-23T17:51:36.704] [INFO] default - Loaded command CHAT_INPUT_unmute
[2023-03-23T17:51:36.707] [INFO] default - Loading command Warn.command.js
[2023-03-23T17:51:36.717] [INFO] default - Loaded command CHAT_INPUT_warn
[2023-03-23T17:51:36.720] [INFO] default - Loading command Ban.command.js
[2023-03-23T17:51:36.733] [INFO] default - Loaded command MESSAGE_CONTEXT_Ban
[2023-03-23T17:51:36.734] [INFO] default - Loading command Kick.command.js
[2023-03-23T17:51:36.740] [INFO] default - Loaded command MESSAGE_CONTEXT_Kick
[2023-03-23T17:51:36.743] [INFO] default - Loading command Mute.command.js
[2023-03-23T17:51:36.751] [INFO] default - Loaded command MESSAGE_CONTEXT_Mute
[2023-03-23T17:51:36.753] [INFO] default - Loading command Warn.command.js
[2023-03-23T17:51:36.761] [INFO] default - Loaded command MESSAGE_CONTEXT_Warn
[2023-03-23T17:51:36.765] [INFO] default - Loading command Ban.command.js
[2023-03-23T17:51:36.770] [INFO] default - Loaded command USER_CONTEXT_Ban
[2023-03-23T17:51:36.772] [INFO] default - Loading command Kick.command.js
[2023-03-23T17:51:36.780] [INFO] default - Loaded command USER_CONTEXT_Kick
[2023-03-23T17:51:36.782] [INFO] default - Loading command Mute.command.js
[2023-03-23T17:51:36.787] [INFO] default - Loaded command USER_CONTEXT_Mute
[2023-03-23T17:51:36.798] [INFO] default - Loading command Warn.command.js
[2023-03-23T17:51:36.802] [INFO] default - Loaded command USER_CONTEXT_Warn
[2023-03-23T17:51:36.803] [INFO] default - All modules and commands loaded
[2023-03-23T17:51:36.948] [INFO] default - Loading module Kick.js
[2023-03-23T17:51:36.969] [INFO] default - Loading module TicketManager.js
[2023-03-23T17:51:36.985] [INFO] default - Loading module VerificationManager.js
[2023-03-23T17:51:36.995] [INFO] default - Loading module Logging.js
[2023-03-23T17:51:37.027] [INFO] default - Loading module Mute.js
[2023-03-23T17:51:37.030] [INFO] default - Loading module UpdateCase.js
[2023-03-23T17:51:37.035] [INFO] default - Loading module Warn.js
[2023-03-23T17:51:40.037] [INFO] default - Updating cases...
[2023-03-23T17:51:45.059] [INFO] default - Updating cases...
[2023-03-23T17:51:50.063] [INFO] default - Updating cases...
[2023-03-23T17:51:55.075] [INFO] default - Updating cases...
[2023-03-23T17:52:00.084] [INFO] default - Updating cases...
[2023-03-23T17:52:05.105] [INFO] default - Updating cases...
[2023-03-23T17:52:10.109] [INFO] default - Updating cases...
[2023-03-23T17:52:15.112] [INFO] default - Updating cases...
[2023-03-23T17:52:20.122] [INFO] default - Updating cases...
[2023-03-23T17:52:25.136] [INFO] default - Updating cases...
[2023-03-23T17:52:30.139] [INFO] default - Updating cases...
[2023-03-23T17:52:35.145] [INFO] default - Updating cases...
[2023-03-23T17:52:40.150] [INFO] default - Updating cases...
[2023-03-23T17:52:45.159] [INFO] default - Updating cases...
[2023-03-23T17:52:50.169] [INFO] default - Updating cases...
[2023-03-23T17:52:55.186] [INFO] default - Updating cases...
[2023-03-23T17:53:00.197] [INFO] default - Updating cases...
[2023-03-23T17:53:05.212] [INFO] default - Updating cases...
[2023-03-23T17:53:10.227] [INFO] default - Updating cases...
[2023-03-23T17:53:15.233] [INFO] default - Updating cases...
[2023-03-23T17:53:20.236] [INFO] default - Updating cases...
[2023-03-23T17:53:25.244] [INFO] default - Updating cases...
[2023-03-23T17:53:30.257] [INFO] default - Updating cases...
[2023-03-23T17:53:35.261] [INFO] default - Updating cases...
[2023-03-23T17:53:40.268] [INFO] default - Updating cases...
[2023-03-23T17:53:45.270] [INFO] default - Updating cases...
[2023-03-23T17:53:50.272] [INFO] default - Updating cases...
[2023-03-23T17:53:55.275] [INFO] default - Updating cases...
[2023-03-23T17:54:00.293] [INFO] default - Updating cases...
[2023-03-23T17:54:05.307] [INFO] default - Updating cases...
[2023-03-23T17:54:10.320] [INFO] default - Updating cases...
[2023-03-23T17:54:15.325] [INFO] default - Updating cases...
[2023-03-23T17:54:20.338] [INFO] default - Updating cases...
[2023-03-23T17:54:25.346] [INFO] default - Updating cases...
[2023-03-23T17:54:30.350] [INFO] default - Updating cases...
[2023-03-23T17:54:35.352] [INFO] default - Updating cases...
[2023-03-23T17:54:40.357] [INFO] default - Updating cases...
[2023-03-23T17:54:45.360] [INFO] default - Updating cases...
[2023-03-23T17:54:50.377] [INFO] default - Updating cases...
[2023-03-23T17:54:55.385] [INFO] default - Updating cases...
[2023-03-23T17:55:00.401] [INFO] default - Updating cases...
[2023-03-23T17:55:05.417] [INFO] default - Updating cases...
[2023-03-23T17:55:10.422] [INFO] default - Updating cases...
[2023-03-23T17:55:15.425] [INFO] default - Updating cases...
[2023-03-23T17:55:20.428] [INFO] default - Updating cases...
[2023-03-23T17:55:25.438] [INFO] default - Updating cases...
[2023-03-23T17:55:30.445] [INFO] default - Updating cases...
[2023-03-23T17:55:35.460] [INFO] default - Updating cases...
[2023-03-23T17:55:40.464] [INFO] default - Updating cases...
[2023-03-23T17:55:45.473] [INFO] default - Updating cases...
[2023-03-23T17:55:50.476] [INFO] default - Updating cases...
[2023-03-23T17:55:55.490] [INFO] default - Updating cases...
[2023-03-23T17:56:00.502] [INFO] default - Updating cases...
[2023-03-23T17:56:05.516] [INFO] default - Updating cases...
[2023-03-23T17:56:10.521] [INFO] default - Updating cases...
[2023-03-23T17:56:15.524] [INFO] default - Updating cases...
[2023-03-23T17:56:20.536] [INFO] default - Updating cases...
[2023-03-23T17:56:25.542] [INFO] default - Updating cases...
[2023-03-23T17:56:30.543] [INFO] default - Updating cases...
[2023-03-23T17:56:35.558] [INFO] default - Updating cases...
[2023-03-23T17:56:40.571] [INFO] default - Updating cases...
[2023-03-23T17:56:45.575] [INFO] default - Updating cases...
[2023-03-23T17:56:50.587] [INFO] default - Updating cases...
[2023-03-23T17:56:55.598] [INFO] default - Updating cases...
[2023-03-23T17:57:00.614] [INFO] default - Updating cases...
[2023-03-23T17:57:05.623] [INFO] default - Updating cases...
[2023-03-23T17:57:10.630] [INFO] default - Updating cases...
[2023-03-23T17:57:15.638] [INFO] default - Updating cases...
[2023-03-23T17:57:20.646] [INFO] default - Updating cases...
[2023-03-23T17:57:25.650] [INFO] default - Updating cases...
[2023-03-23T17:57:30.662] [INFO] default - Updating cases...
[2023-03-23T17:57:35.666] [INFO] default - Updating cases...
[2023-03-23T17:57:40.679] [INFO] default - Updating cases...
[2023-03-23T17:57:45.692] [INFO] default - Updating cases...
[2023-03-23T17:57:50.709] [INFO] default - Updating cases...
[2023-03-23T17:57:55.720] [INFO] default - Updating cases...
[2023-03-23T17:58:00.727] [INFO] default - Updating cases...
[2023-03-23T17:58:05.729] [INFO] default - Updating cases...
[2023-03-23T17:58:10.739] [INFO] default - Updating cases...
[2023-03-23T17:58:15.745] [INFO] default - Updating cases...
[2023-03-23T17:58:20.747] [INFO] default - Updating cases...
[2023-03-23T17:58:25.757] [INFO] default - Updating cases...
[2023-03-23T17:58:30.768] [INFO] default - Updating cases...
[2023-03-23T17:58:35.781] [INFO] default - Updating cases...
[2023-03-23T17:58:40.798] [INFO] default - Updating cases...
[2023-03-23T17:58:45.812] [INFO] default - Updating cases...
[2023-03-23T17:58:50.830] [INFO] default - Updating cases...
[2023-03-23T17:58:55.835] [INFO] default - Updating cases...
[2023-03-23T17:59:00.839] [INFO] default - Updating cases...
[2023-03-23T17:59:05.857] [INFO] default - Updating cases...
[2023-03-23T17:59:10.869] [INFO] default - Updating cases...
[2023-03-23T17:59:15.870] [INFO] default - Updating cases...
[2023-03-23T17:59:20.883] [INFO] default - Updating cases...
[2023-03-23T17:59:25.893] [INFO] default - Updating cases...
[2023-03-23T17:59:30.895] [INFO] default - Updating cases...
[2023-03-23T17:59:35.897] [INFO] default - Updating cases...
[2023-03-23T17:59:40.916] [INFO] default - Updating cases...
[2023-03-23T17:59:45.927] [INFO] default - Updating cases...
[2023-03-23T17:59:50.930] [INFO] default - Updating cases...
[2023-03-23T17:59:55.941] [INFO] default - Updating cases...
[2023-03-23T18:00:00.954] [INFO] default - Updating cases...
[2023-03-23T18:00:05.969] [INFO] default - Updating cases...
[2023-03-23T18:00:10.976] [INFO] default - Updating cases...
[2023-03-23T18:00:15.988] [INFO] default - Updating cases...
[2023-03-23T18:00:20.996] [INFO] default - Updating cases...
[2023-03-23T18:00:26.002] [INFO] default - Updating cases...
[2023-03-23T18:00:31.006] [INFO] default - Updating cases...
[2023-03-23T18:00:36.013] [INFO] default - Updating cases...
[2023-03-23T18:00:41.015] [INFO] default - Updating cases...
[2023-03-23T18:00:46.032] [INFO] default - Updating cases...
[2023-03-23T18:00:51.044] [INFO] default - Updating cases...
[2023-03-23T18:00:56.055] [INFO] default - Updating cases...
[2023-03-23T18:01:01.060] [INFO] default - Updating cases...
[2023-03-23T18:01:06.071] [INFO] default - Updating cases...
[2023-03-23T18:01:11.074] [INFO] default - Updating cases...
[2023-03-23T18:01:16.084] [INFO] default - Updating cases...
[2023-03-23T18:01:21.093] [INFO] default - Updating cases...
[2023-03-23T18:01:26.106] [INFO] default - Updating cases...
[2023-03-23T18:01:31.114] [INFO] default - Updating cases...
[2023-03-23T18:01:36.128] [INFO] default - Updating cases...
[2023-03-23T18:01:41.144] [INFO] default - Updating cases...
[2023-03-23T18:01:46.149] [INFO] default - Updating cases...
[2023-03-23T18:01:51.163] [INFO] default - Updating cases...
[2023-03-23T18:01:56.176] [INFO] default - Updating cases...
[2023-03-23T18:02:01.177] [INFO] default - Updating cases...
[2023-03-23T18:02:06.191] [INFO] default - Updating cases...
[2023-03-23T18:02:11.192] [INFO] default - Updating cases...
[2023-03-23T18:02:16.194] [INFO] default - Updating cases...
[2023-03-23T18:02:21.198] [INFO] default - Updating cases...
[2023-03-23T18:02:26.206] [INFO] default - Updating cases...
[2023-03-23T18:02:31.211] [INFO] default - Updating cases...
[2023-03-23T18:02:36.215] [INFO] default - Updating cases...
[2023-03-23T18:02:41.222] [INFO] default - Updating cases...
[2023-03-23T18:02:46.234] [INFO] default - Updating cases...
[2023-03-23T18:02:51.248] [INFO] default - Updating cases...
[2023-03-23T18:02:56.254] [INFO] default - Updating cases...
[2023-03-23T18:03:01.259] [INFO] default - Updating cases...
[2023-03-23T18:03:06.263] [INFO] default - Updating cases...
[2023-03-23T18:03:11.271] [INFO] default - Updating cases...
[2023-03-23T18:03:16.281] [INFO] default - Updating cases...
[2023-03-23T18:03:21.283] [INFO] default - Updating cases...
[2023-03-23T18:03:26.286] [INFO] default - Updating cases...
[2023-03-23T18:03:31.290] [INFO] default - Updating cases...
[2023-03-23T18:03:36.304] [INFO] default - Updating cases...
[2023-03-23T18:03:41.307] [INFO] default - Updating cases...
[2023-03-23T18:03:46.314] [INFO] default - Updating cases...
[2023-03-23T18:03:51.325] [INFO] default - Updating cases...
[2023-03-23T18:03:56.330] [INFO] default - Updating cases...
[2023-03-23T18:04:01.333] [INFO] default - Updating cases...
[2023-03-23T18:04:06.338] [INFO] default - Updating cases...
[2023-03-23T18:04:11.351] [INFO] default - Updating cases...
[2023-03-23T18:04:16.356] [INFO] default - Updating cases...
[2023-03-23T18:04:21.362] [INFO] default - Updating cases...
[2023-03-23T18:04:26.370] [INFO] default - Updating cases...
[2023-03-23T18:04:31.375] [INFO] default - Updating cases...
