[2023-03-23T12:19:20.454] [INFO] default - Logged in as Academia#0862
[2023-03-23T12:19:20.460] [INFO] default - Loading module Ban.js
[2023-03-23T12:19:20.462] [INFO] default - Loading module CreateTicketHandler.js
[2023-03-23T12:19:20.464] [INFO] default - Loading command Ban.command.js
[2023-03-23T12:19:20.479] [INFO] default - Loaded command CHAT_INPUT_ban
[2023-03-23T12:19:20.480] [INFO] default - Loading command Cases.command.js
[2023-03-23T12:19:20.484] [INFO] default - Loaded command CHAT_INPUT_cases
[2023-03-23T12:19:20.485] [INFO] default - Loading command Kick.command.js
[2023-03-23T12:19:20.489] [INFO] default - Loaded command CHAT_INPUT_kick
[2023-03-23T12:19:20.491] [INFO] default - Loading command Mute.command.js
[2023-03-23T12:19:20.496] [INFO] default - Loaded command CHAT_INPUT_mute
[2023-03-23T12:19:20.498] [INFO] default - Loading command Reason.command.js
[2023-03-23T12:19:20.502] [INFO] default - Loaded command CHAT_INPUT_reason
[2023-03-23T12:19:20.503] [INFO] default - Loading command Unban.command.js
[2023-03-23T12:19:20.506] [INFO] default - Loaded command CHAT_INPUT_unban
[2023-03-23T12:19:20.508] [INFO] default - Loading command Unmute.command.js
[2023-03-23T12:19:20.512] [INFO] default - Loaded command CHAT_INPUT_unmute
[2023-03-23T12:19:20.514] [INFO] default - Loading command Warn.command.js
[2023-03-23T12:19:20.518] [INFO] default - Loaded command CHAT_INPUT_warn
[2023-03-23T12:19:20.521] [INFO] default - Loading command Ban.command.js
[2023-03-23T12:19:20.529] [INFO] default - Loaded command MESSAGE_CONTEXT_Ban
[2023-03-23T12:19:20.532] [INFO] default - Loading command Kick.command.js
[2023-03-23T12:19:20.535] [INFO] default - Loaded command MESSAGE_CONTEXT_Kick
[2023-03-23T12:19:20.536] [INFO] default - Loading command Mute.command.js
[2023-03-23T12:19:20.541] [INFO] default - Loaded command MESSAGE_CONTEXT_Mute
[2023-03-23T12:19:20.546] [INFO] default - Loading command Warn.command.js
[2023-03-23T12:19:20.550] [INFO] default - Loaded command MESSAGE_CONTEXT_Warn
[2023-03-23T12:19:20.553] [INFO] default - Loading command Ban.command.js
[2023-03-23T12:19:20.557] [INFO] default - Loaded command USER_CONTEXT_Ban
[2023-03-23T12:19:20.560] [INFO] default - Loading command Kick.command.js
[2023-03-23T12:19:20.566] [INFO] default - Loaded command USER_CONTEXT_Kick
[2023-03-23T12:19:20.568] [INFO] default - Loading command Mute.command.js
[2023-03-23T12:19:20.573] [INFO] default - Loaded command USER_CONTEXT_Mute
[2023-03-23T12:19:20.574] [INFO] default - Loading command Warn.command.js
[2023-03-23T12:19:20.583] [INFO] default - Loaded command USER_CONTEXT_Warn
[2023-03-23T12:19:20.584] [INFO] default - All modules and commands loaded
[2023-03-23T12:19:20.612] [INFO] default - Loading module Kick.js
[2023-03-23T12:19:20.614] [INFO] default - Loading module TicketManager.js
[2023-03-23T12:19:20.616] [INFO] default - Loading module Logging.js
[2023-03-23T12:19:20.620] [INFO] default - Loading module Mute.js
[2023-03-23T12:19:20.622] [INFO] default - Loading module UpdateCase.js
[2023-03-23T12:19:20.631] [INFO] default - Loading module Warn.js
[2023-03-23T12:19:23.642] [INFO] default - Updating cases...
