[2023-03-21T23:06:00.818] [INFO] default - Logged in as Academia#0862
[2023-03-21T23:06:00.822] [INFO] default - Loading module Ban.js
[2023-03-21T23:06:00.824] [INFO] default - Loading command Ban.command.js
[2023-03-21T23:06:00.836] [INFO] default - Loaded command CHAT_INPUT_ban
[2023-03-21T23:06:00.838] [INFO] default - Loading command Kick.command.js
[2023-03-21T23:06:00.841] [INFO] default - Loaded command CHAT_INPUT_kick
[2023-03-21T23:06:00.843] [INFO] default - Loading command Mute.command.js
[2023-03-21T23:06:00.850] [INFO] default - Loaded command CHAT_INPUT_mute
[2023-03-21T23:06:00.851] [INFO] default - Loading command Warn.command.js
[2023-03-21T23:06:00.855] [INFO] default - Loaded command CHAT_INPUT_warn
[2023-03-21T23:06:00.857] [INFO] default - Loading command Ban.command.js
[2023-03-21T23:06:00.865] [INFO] default - Loaded command MESSAGE_CONTEXT_Ban
[2023-03-21T23:06:00.866] [INFO] default - Loading command Kick.command.js
[2023-03-21T23:06:00.871] [INFO] default - Loaded command MESSAGE_CONTEXT_Kick
[2023-03-21T23:06:00.872] [INFO] default - Loading command Mute.command.js
[2023-03-21T23:06:00.877] [INFO] default - Loaded command MESSAGE_CONTEXT_Mute
[2023-03-21T23:06:00.879] [INFO] default - Loading command Warn.command.js
[2023-03-21T23:06:00.882] [INFO] default - Loaded command MESSAGE_CONTEXT_Warn
[2023-03-21T23:06:00.885] [INFO] default - Loading command Ban.command.js
[2023-03-21T23:06:00.888] [INFO] default - Loaded command USER_CONTEXT_Ban
[2023-03-21T23:06:00.889] [INFO] default - Loading command Kick.command.js
[2023-03-21T23:06:00.893] [INFO] default - Loaded command USER_CONTEXT_Kick
[2023-03-21T23:06:00.895] [INFO] default - Loading command Mute.command.js
[2023-03-21T23:06:00.900] [INFO] default - Loaded command USER_CONTEXT_Mute
[2023-03-21T23:06:00.901] [INFO] default - Loading command Warn.command.js
[2023-03-21T23:06:00.905] [INFO] default - Loaded command USER_CONTEXT_Warn
[2023-03-21T23:06:00.905] [INFO] default - All modules and commands loaded
[2023-03-21T23:06:00.920] [INFO] default - Loading module Kick.js
[2023-03-21T23:06:00.921] [INFO] default - Loading module Logging.js
[2023-03-21T23:06:00.923] [INFO] default - Loading module Mute.js
[2023-03-21T23:06:00.925] [INFO] default - Loading module UpdateCase.js
[2023-03-21T23:06:00.932] [INFO] default - Loading module Warn.js
[2023-03-21T23:06:03.944] [INFO] default - Updating cases...
[2023-03-21T23:06:08.959] [INFO] default - Updating cases...
[2023-03-21T23:06:10.469] [INFO] default - /kick run by Osmii#0076
[2023-03-21T23:06:11.192] [ERROR] default - Error [InteractionEphemeralReplied]: Ephemeral responses cannot be deleted.
    at ChatInputCommandInteraction.deleteReply (C:\Users\Osmii\Desktop\Personal\discord bots\verification\node_modules\discord.js\src\structures\interfaces\InteractionResponses.js:167:31)
    at KickCommand.<anonymous> (C:\Users\Osmii\Desktop\Personal\discord bots\verification\build\commands\chat-input\Kick.command.js:126:31)
    at Generator.next (<anonymous>)
    at fulfilled (C:\Users\Osmii\Desktop\Personal\discord bots\verification\build\commands\chat-input\Kick.command.js:5:58)
    at process.processTicksAndRejections (node:internal/process/task_queues:95:5) {
  code: 'InteractionEphemeralReplied'
}
