[2023-03-23T14:09:33.992] [INFO] default - Logged in as Academia#0862
[2023-03-23T14:09:33.995] [INFO] default - Loading module Ban.js
[2023-03-23T14:09:33.997] [INFO] default - Loading module RelayHandler.js
[2023-03-23T14:09:33.998] [INFO] default - Loading command Ban.command.js
[2023-03-23T14:09:34.008] [INFO] default - Loaded command CHAT_INPUT_ban
[2023-03-23T14:09:34.009] [INFO] default - Loading command Cases.command.js
[2023-03-23T14:09:34.011] [INFO] default - Loaded command CHAT_INPUT_cases
[2023-03-23T14:09:34.013] [INFO] default - Loading command Kick.command.js
[2023-03-23T14:09:34.016] [INFO] default - Loaded command CHAT_INPUT_kick
[2023-03-23T14:09:34.018] [INFO] default - Loading command Mute.command.js
[2023-03-23T14:09:34.022] [INFO] default - Loaded command CHAT_INPUT_mute
[2023-03-23T14:09:34.023] [INFO] default - Loading command Reason.command.js
[2023-03-23T14:09:34.026] [INFO] default - Loaded command CHAT_INPUT_reason
[2023-03-23T14:09:34.027] [INFO] default - Loading command Unban.command.js
[2023-03-23T14:09:34.030] [INFO] default - Loaded command CHAT_INPUT_unban
[2023-03-23T14:09:34.030] [INFO] default - Loading command Unmute.command.js
[2023-03-23T14:09:34.033] [INFO] default - Loaded command CHAT_INPUT_unmute
[2023-03-23T14:09:34.035] [INFO] default - Loading command Warn.command.js
[2023-03-23T14:09:34.038] [INFO] default - Loaded command CHAT_INPUT_warn
[2023-03-23T14:09:34.040] [INFO] default - Loading command Ban.command.js
[2023-03-23T14:09:34.045] [INFO] default - Loaded command MESSAGE_CONTEXT_Ban
[2023-03-23T14:09:34.047] [INFO] default - Loading command Kick.command.js
[2023-03-23T14:09:34.050] [INFO] default - Loaded command MESSAGE_CONTEXT_Kick
[2023-03-23T14:09:34.052] [INFO] default - Loading command Mute.command.js
[2023-03-23T14:09:34.057] [INFO] default - Loaded command MESSAGE_CONTEXT_Mute
[2023-03-23T14:09:34.059] [INFO] default - Loading command Warn.command.js
[2023-03-23T14:09:34.062] [INFO] default - Loaded command MESSAGE_CONTEXT_Warn
[2023-03-23T14:09:34.064] [INFO] default - Loading command Ban.command.js
[2023-03-23T14:09:34.070] [INFO] default - Loaded command USER_CONTEXT_Ban
[2023-03-23T14:09:34.073] [INFO] default - Loading command Kick.command.js
[2023-03-23T14:09:34.077] [INFO] default - Loaded command USER_CONTEXT_Kick
[2023-03-23T14:09:34.079] [INFO] default - Loading command Mute.command.js
[2023-03-23T14:09:34.081] [INFO] default - Loaded command USER_CONTEXT_Mute
[2023-03-23T14:09:34.082] [INFO] default - Loading command Warn.command.js
[2023-03-23T14:09:34.087] [INFO] default - Loaded command USER_CONTEXT_Warn
[2023-03-23T14:09:34.088] [INFO] default - All modules and commands loaded
[2023-03-23T14:09:34.109] [INFO] default - Loading module Kick.js
[2023-03-23T14:09:34.110] [INFO] default - Loading module TicketManager.js
[2023-03-23T14:09:34.112] [INFO] default - Loading module Logging.js
[2023-03-23T14:09:34.155] [INFO] default - Loading module Mute.js
[2023-03-23T14:09:34.163] [INFO] default - Loading module UpdateCase.js
[2023-03-23T14:09:34.200] [INFO] default - Loading module Warn.js
[2023-03-23T14:09:37.201] [INFO] default - Updating cases...
[2023-03-23T14:09:42.213] [INFO] default - Updating cases...
[2023-03-23T14:09:47.224] [INFO] default - Updating cases...
[2023-03-23T14:09:52.235] [INFO] default - Updating cases...
[2023-03-23T14:09:57.258] [INFO] default - Updating cases...
[2023-03-23T14:10:02.261] [INFO] default - Updating cases...
[2023-03-23T14:10:07.274] [INFO] default - Updating cases...
[2023-03-23T14:10:12.287] [INFO] default - Updating cases...
[2023-03-23T14:10:17.299] [INFO] default - Updating cases...
[2023-03-23T14:10:22.306] [INFO] default - Updating cases...
[2023-03-23T14:10:27.317] [INFO] default - Updating cases...
[2023-03-23T14:10:32.331] [INFO] default - Updating cases...
[2023-03-23T14:10:37.343] [INFO] default - Updating cases...
[2023-03-23T14:10:42.356] [INFO] default - Updating cases...
[2023-03-23T14:10:47.360] [INFO] default - Updating cases...
[2023-03-23T14:10:52.377] [INFO] default - Updating cases...
[2023-03-23T14:10:57.378] [INFO] default - Updating cases...
[2023-03-23T14:11:02.385] [INFO] default - Updating cases...
[2023-03-23T14:11:07.394] [INFO] default - Updating cases...
[2023-03-23T14:11:12.417] [INFO] default - Updating cases...
[2023-03-23T14:11:17.421] [INFO] default - Updating cases...
[2023-03-23T14:11:22.429] [INFO] default - Updating cases...
[2023-03-23T14:11:27.437] [INFO] default - Updating cases...
[2023-03-23T14:11:32.438] [INFO] default - Updating cases...
[2023-03-23T14:11:37.444] [INFO] default - Updating cases...
[2023-03-23T14:11:42.449] [INFO] default - Updating cases...
[2023-03-23T14:11:47.457] [INFO] default - Updating cases...
[2023-03-23T14:11:52.465] [INFO] default - Updating cases...
[2023-03-23T14:11:57.470] [INFO] default - Updating cases...
[2023-03-23T14:12:02.481] [INFO] default - Updating cases...
[2023-03-23T14:12:07.487] [INFO] default - Updating cases...
[2023-03-23T14:12:12.499] [INFO] default - Updating cases...
[2023-03-23T14:12:17.503] [INFO] default - Updating cases...
[2023-03-23T14:12:22.515] [INFO] default - Updating cases...
[2023-03-23T14:12:27.530] [INFO] default - Updating cases...
[2023-03-23T14:12:32.540] [INFO] default - Updating cases...
[2023-03-23T14:12:37.548] [INFO] default - Updating cases...
[2023-03-23T14:12:42.552] [INFO] default - Updating cases...
[2023-03-23T14:12:47.567] [INFO] default - Updating cases...
[2023-03-23T14:12:52.601] [INFO] default - Updating cases...
[2023-03-23T14:12:57.672] [INFO] default - Updating cases...
[2023-03-23T14:13:02.731] [INFO] default - Updating cases...
[2023-03-23T14:13:07.735] [INFO] default - Updating cases...
[2023-03-23T14:13:12.744] [INFO] default - Updating cases...
[2023-03-23T14:13:17.758] [INFO] default - Updating cases...
[2023-03-23T14:13:22.770] [INFO] default - Updating cases...
[2023-03-23T14:13:27.777] [INFO] default - Updating cases...
[2023-03-23T14:13:32.784] [INFO] default - Updating cases...
