[2023-03-23T17:11:55.775] [INFO] default - Logged in as Academia#0862
[2023-03-23T17:11:55.781] [INFO] default - Loading module WelcomeAndGoodbye.js
[2023-03-23T17:11:55.784] [INFO] default - Loading module Ban.js
[2023-03-23T17:11:55.785] [INFO] default - Loading module RelayHandler.js
[2023-03-23T17:11:55.786] [INFO] default - Loading module Verification.js
[2023-03-23T17:11:55.789] [INFO] default - Loading command Ban.command.js
[2023-03-23T17:11:55.803] [INFO] default - Loaded command CHAT_INPUT_ban
[2023-03-23T17:11:55.805] [INFO] default - Loading command Cases.command.js
[2023-03-23T17:11:55.809] [INFO] default - Loaded command CHAT_INPUT_cases
[2023-03-23T17:11:55.811] [INFO] default - Loading command Kick.command.js
[2023-03-23T17:11:55.818] [INFO] default - Loaded command CHAT_INPUT_kick
[2023-03-23T17:11:55.820] [INFO] default - Loading command Mute.command.js
[2023-03-23T17:11:55.825] [INFO] default - Loaded command CHAT_INPUT_mute
[2023-03-23T17:11:55.826] [INFO] default - Loading command Reason.command.js
[2023-03-23T17:11:55.832] [INFO] default - Loaded command CHAT_INPUT_reason
[2023-03-23T17:11:55.833] [INFO] default - Loading command Unban.command.js
[2023-03-23T17:11:55.835] [INFO] default - Loaded command CHAT_INPUT_unban
[2023-03-23T17:11:55.836] [INFO] default - Loading command Unmute.command.js
[2023-03-23T17:11:55.838] [INFO] default - Loaded command CHAT_INPUT_unmute
[2023-03-23T17:11:55.839] [INFO] default - Loading command Warn.command.js
[2023-03-23T17:11:55.845] [INFO] default - Loaded command CHAT_INPUT_warn
[2023-03-23T17:11:55.848] [INFO] default - Loading command Ban.command.js
[2023-03-23T17:11:55.854] [INFO] default - Loaded command MESSAGE_CONTEXT_Ban
[2023-03-23T17:11:55.855] [INFO] default - Loading command Kick.command.js
[2023-03-23T17:11:55.860] [INFO] default - Loaded command MESSAGE_CONTEXT_Kick
[2023-03-23T17:11:55.863] [INFO] default - Loading command Mute.command.js
[2023-03-23T17:11:55.869] [INFO] default - Loaded command MESSAGE_CONTEXT_Mute
[2023-03-23T17:11:55.870] [INFO] default - Loading command Warn.command.js
[2023-03-23T17:11:55.873] [INFO] default - Loaded command MESSAGE_CONTEXT_Warn
[2023-03-23T17:11:55.874] [INFO] default - Loading command Ban.command.js
[2023-03-23T17:11:55.881] [INFO] default - Loaded command USER_CONTEXT_Ban
[2023-03-23T17:11:55.885] [INFO] default - Loading command Kick.command.js
[2023-03-23T17:11:55.888] [INFO] default - Loaded command USER_CONTEXT_Kick
[2023-03-23T17:11:55.889] [INFO] default - Loading command Mute.command.js
[2023-03-23T17:11:55.896] [INFO] default - Loaded command USER_CONTEXT_Mute
[2023-03-23T17:11:55.898] [INFO] default - Loading command Warn.command.js
[2023-03-23T17:11:55.903] [INFO] default - Loaded command USER_CONTEXT_Warn
[2023-03-23T17:11:55.904] [INFO] default - All modules and commands loaded
[2023-03-23T17:11:55.945] [INFO] default - Loading module Kick.js
[2023-03-23T17:11:55.947] [INFO] default - Loading module TicketManager.js
[2023-03-23T17:11:55.948] [INFO] default - Loading module VerificationManager.js
[2023-03-23T17:11:55.952] [INFO] default - Loading module Logging.js
[2023-03-23T17:11:55.956] [INFO] default - Loading module Mute.js
[2023-03-23T17:11:55.958] [INFO] default - Loading module UpdateCase.js
[2023-03-23T17:11:55.965] [INFO] default - Loading module Warn.js
[2023-03-23T17:11:58.972] [INFO] default - Updating cases...
[2023-03-23T17:12:03.980] [INFO] default - Updating cases...
[2023-03-23T17:12:08.986] [INFO] default - Updating cases...
[2023-03-23T17:12:14.002] [INFO] default - Updating cases...
[2023-03-23T17:12:19.010] [INFO] default - Updating cases...
[2023-03-23T17:12:24.013] [INFO] default - Updating cases...
[2023-03-23T17:12:29.015] [INFO] default - Updating cases...
