[2023-03-23T20:09:37.500] [INFO] default - Logged in as Academia#0862
[2023-03-23T20:09:37.503] [INFO] default - Loading module WelcomeAndGoodbye.js
[2023-03-23T20:09:37.505] [INFO] default - Loading module Ban.js
[2023-03-23T20:09:37.506] [INFO] default - Loading module ReactRoles.js
[2023-03-23T20:09:37.507] [INFO] default - Loading module RelayHandler.js
[2023-03-23T20:09:37.508] [INFO] default - Loading module Verification.js
[2023-03-23T20:09:37.509] [INFO] default - Loading command Ban.command.js
[2023-03-23T20:09:37.521] [INFO] default - Loaded command CHAT_INPUT_ban
[2023-03-23T20:09:37.522] [INFO] default - Loading command Cases.command.js
[2023-03-23T20:09:37.525] [INFO] default - Loaded command CHAT_INPUT_cases
[2023-03-23T20:09:37.526] [INFO] default - Loading command Embed.command.js
[2023-03-23T20:09:37.531] [INFO] default - Loaded command CHAT_INPUT_embed
[2023-03-23T20:09:37.532] [INFO] default - Loading command Kick.command.js
[2023-03-23T20:09:37.535] [INFO] default - Loaded command CHAT_INPUT_kick
[2023-03-23T20:09:37.536] [INFO] default - Loading command Mute.command.js
[2023-03-23T20:09:37.540] [INFO] default - Loaded command CHAT_INPUT_mute
[2023-03-23T20:09:37.541] [INFO] default - Loading command ReactionRoles.command.js
[2023-03-23T20:09:37.548] [INFO] default - Loaded command CHAT_INPUT_reactroles
[2023-03-23T20:09:37.549] [INFO] default - Loading command Reason.command.js
[2023-03-23T20:09:37.552] [INFO] default - Loaded command CHAT_INPUT_reason
[2023-03-23T20:09:37.553] [INFO] default - Loading command Unban.command.js
[2023-03-23T20:09:37.554] [INFO] default - Loaded command CHAT_INPUT_unban
[2023-03-23T20:09:37.556] [INFO] default - Loading command Unmute.command.js
[2023-03-23T20:09:37.557] [INFO] default - Loaded command CHAT_INPUT_unmute
[2023-03-23T20:09:37.558] [INFO] default - Loading command Warn.command.js
[2023-03-23T20:09:37.563] [INFO] default - Loaded command CHAT_INPUT_warn
[2023-03-23T20:09:37.565] [INFO] default - Loading command Ban.command.js
[2023-03-23T20:09:37.570] [INFO] default - Loaded command MESSAGE_CONTEXT_Ban
[2023-03-23T20:09:37.571] [INFO] default - Loading command Kick.command.js
[2023-03-23T20:09:37.573] [INFO] default - Loaded command MESSAGE_CONTEXT_Kick
[2023-03-23T20:09:37.574] [INFO] default - Loading command Mute.command.js
[2023-03-23T20:09:37.580] [INFO] default - Loaded command MESSAGE_CONTEXT_Mute
[2023-03-23T20:09:37.581] [INFO] default - Loading command Warn.command.js
[2023-03-23T20:09:37.583] [INFO] default - Loaded command MESSAGE_CONTEXT_Warn
[2023-03-23T20:09:37.585] [INFO] default - Loading command Ban.command.js
[2023-03-23T20:09:37.587] [INFO] default - Loaded command USER_CONTEXT_Ban
[2023-03-23T20:09:37.588] [INFO] default - Loading command Kick.command.js
[2023-03-23T20:09:37.590] [INFO] default - Loaded command USER_CONTEXT_Kick
[2023-03-23T20:09:37.591] [INFO] default - Loading command Mute.command.js
[2023-03-23T20:09:37.593] [INFO] default - Loaded command USER_CONTEXT_Mute
[2023-03-23T20:09:37.596] [INFO] default - Loading command Warn.command.js
[2023-03-23T20:09:37.600] [INFO] default - Loaded command USER_CONTEXT_Warn
[2023-03-23T20:09:37.600] [INFO] default - All modules and commands loaded
[2023-03-23T20:09:37.633] [INFO] default - Loading module Kick.js
[2023-03-23T20:09:37.635] [INFO] default - Loading module TicketManager.js
[2023-03-23T20:09:37.636] [INFO] default - Loading module VerificationManager.js
[2023-03-23T20:09:37.639] [INFO] default - Loading module Logging.js
[2023-03-23T20:09:37.641] [INFO] default - Loading module Mute.js
[2023-03-23T20:09:37.642] [INFO] default - Loading module UpdateCase.js
[2023-03-23T20:09:37.647] [INFO] default - Loading module Warn.js
[2023-03-23T20:09:40.649] [INFO] default - Updating cases...
[2023-03-23T20:09:45.651] [INFO] default - Updating cases...
[2023-03-23T20:09:50.664] [INFO] default - Updating cases...
[2023-03-23T20:09:55.678] [INFO] default - Updating cases...
[2023-03-23T20:10:00.684] [INFO] default - Updating cases...
[2023-03-23T20:10:05.688] [INFO] default - Updating cases...
[2023-03-23T20:10:10.700] [INFO] default - Updating cases...
[2023-03-23T20:10:15.703] [INFO] default - Updating cases...
[2023-03-23T20:10:20.708] [INFO] default - Updating cases...
[2023-03-23T20:10:25.715] [INFO] default - Updating cases...
[2023-03-23T20:10:30.731] [INFO] default - Updating cases...
[2023-03-23T20:10:35.749] [INFO] default - Updating cases...
[2023-03-23T20:10:40.766] [INFO] default - Updating cases...
[2023-03-23T20:10:45.776] [INFO] default - Updating cases...
[2023-03-23T20:10:50.786] [INFO] default - Updating cases...
[2023-03-23T20:10:55.787] [INFO] default - Updating cases...
[2023-03-23T20:11:00.796] [INFO] default - Updating cases...
[2023-03-23T20:11:05.802] [INFO] default - Updating cases...
[2023-03-23T20:11:10.824] [INFO] default - Updating cases...
[2023-03-23T20:11:15.831] [INFO] default - Updating cases...
[2023-03-23T20:11:20.841] [INFO] default - Updating cases...
[2023-03-23T20:11:23.434] [INFO] default - /embed run by Osmii#0076
[2023-03-23T20:11:25.849] [INFO] default - Updating cases...
[2023-03-23T20:11:30.855] [INFO] default - Updating cases...
[2023-03-23T20:11:35.865] [INFO] default - Updating cases...
[2023-03-23T20:11:40.875] [INFO] default - Updating cases...
[2023-03-23T20:11:43.681] [INFO] default - /embed run by Osmii#0076
[2023-03-23T20:11:45.889] [INFO] default - Updating cases...
[2023-03-23T20:11:49.755] [INFO] default - /embed run by Osmii#0076
[2023-03-23T20:11:50.903] [INFO] default - Updating cases...
[2023-03-23T20:11:55.908] [INFO] default - Updating cases...
[2023-03-23T20:11:56.384] [INFO] default - /embed run by Osmii#0076
[2023-03-23T20:12:00.917] [INFO] default - Updating cases...
[2023-03-23T20:12:05.945] [INFO] default - Updating cases...
[2023-03-23T20:12:10.957] [INFO] default - Updating cases...
[2023-03-23T20:12:15.969] [INFO] default - Updating cases...
[2023-03-23T20:12:20.972] [INFO] default - Updating cases...
[2023-03-23T20:12:25.973] [INFO] default - Updating cases...
[2023-03-23T20:12:30.989] [INFO] default - Updating cases...
[2023-03-23T20:12:36.006] [INFO] default - Updating cases...
[2023-03-23T20:12:41.015] [INFO] default - Updating cases...
[2023-03-23T20:12:46.025] [INFO] default - Updating cases...
[2023-03-23T20:12:51.041] [INFO] default - Updating cases...
[2023-03-23T20:12:56.058] [INFO] default - Updating cases...
[2023-03-23T20:13:01.060] [INFO] default - Updating cases...
[2023-03-23T20:13:06.068] [INFO] default - Updating cases...
[2023-03-23T20:13:11.073] [INFO] default - Updating cases...
[2023-03-23T20:13:16.114] [INFO] default - Updating cases...
[2023-03-23T20:13:21.121] [INFO] default - Updating cases...
