[2023-03-23T18:04:47.473] [INFO] default - Logged in as Academia#0862
[2023-03-23T18:04:47.480] [INFO] default - Loading module WelcomeAndGoodbye.js
[2023-03-23T18:04:47.481] [INFO] default - Loading module Ban.js
[2023-03-23T18:04:47.482] [INFO] default - Loading module RelayHandler.js
[2023-03-23T18:04:47.483] [INFO] default - Loading module Verification.js
[2023-03-23T18:04:47.484] [INFO] default - Loading command Ban.command.js
[2023-03-23T18:04:47.500] [INFO] default - Loaded command CHAT_INPUT_ban
[2023-03-23T18:04:47.503] [INFO] default - Loading command Cases.command.js
[2023-03-23T18:04:47.507] [INFO] default - Loaded command CHAT_INPUT_cases
[2023-03-23T18:04:47.509] [INFO] default - Loading command Kick.command.js
[2023-03-23T18:04:47.514] [INFO] default - Loaded command CHAT_INPUT_kick
[2023-03-23T18:04:47.515] [INFO] default - Loading command Mute.command.js
[2023-03-23T18:04:47.519] [INFO] default - Loaded command CHAT_INPUT_mute
[2023-03-23T18:04:47.520] [INFO] default - Loading command Reason.command.js
[2023-03-23T18:04:47.523] [INFO] default - Loaded command CHAT_INPUT_reason
[2023-03-23T18:04:47.529] [INFO] default - Loading command Unban.command.js
[2023-03-23T18:04:47.535] [INFO] default - Loaded command CHAT_INPUT_unban
[2023-03-23T18:04:47.537] [INFO] default - Loading command Unmute.command.js
[2023-03-23T18:04:47.539] [INFO] default - Loaded command CHAT_INPUT_unmute
[2023-03-23T18:04:47.540] [INFO] default - Loading command Warn.command.js
[2023-03-23T18:04:47.548] [INFO] default - Loaded command CHAT_INPUT_warn
[2023-03-23T18:04:47.552] [INFO] default - Loading command Ban.command.js
[2023-03-23T18:04:47.564] [INFO] default - Loaded command MESSAGE_CONTEXT_Ban
[2023-03-23T18:04:47.566] [INFO] default - Loading command Kick.command.js
[2023-03-23T18:04:47.570] [INFO] default - Loaded command MESSAGE_CONTEXT_Kick
[2023-03-23T18:04:47.571] [INFO] default - Loading command Mute.command.js
[2023-03-23T18:04:47.578] [INFO] default - Loaded command MESSAGE_CONTEXT_Mute
[2023-03-23T18:04:47.579] [INFO] default - Loading command Warn.command.js
[2023-03-23T18:04:47.584] [INFO] default - Loaded command MESSAGE_CONTEXT_Warn
[2023-03-23T18:04:47.585] [INFO] default - Loading command Ban.command.js
[2023-03-23T18:04:47.589] [INFO] default - Loaded command USER_CONTEXT_Ban
[2023-03-23T18:04:47.590] [INFO] default - Loading command Kick.command.js
[2023-03-23T18:04:47.595] [INFO] default - Loaded command USER_CONTEXT_Kick
[2023-03-23T18:04:47.597] [INFO] default - Loading command Mute.command.js
[2023-03-23T18:04:47.600] [INFO] default - Loaded command USER_CONTEXT_Mute
[2023-03-23T18:04:47.600] [INFO] default - Loading command Warn.command.js
[2023-03-23T18:04:47.604] [INFO] default - Loaded command USER_CONTEXT_Warn
[2023-03-23T18:04:47.605] [INFO] default - All modules and commands loaded
[2023-03-23T18:04:47.666] [INFO] default - Loading module Kick.js
[2023-03-23T18:04:47.669] [INFO] default - Loading module TicketManager.js
[2023-03-23T18:04:47.671] [INFO] default - Loading module VerificationManager.js
[2023-03-23T18:04:47.675] [INFO] default - Loading module Logging.js
[2023-03-23T18:04:47.679] [INFO] default - Loading module Mute.js
[2023-03-23T18:04:47.680] [INFO] default - Loading module UpdateCase.js
[2023-03-23T18:04:47.685] [INFO] default - Loading module Warn.js
[2023-03-23T18:04:50.690] [INFO] default - Updating cases...
[2023-03-23T18:04:55.698] [INFO] default - Updating cases...
[2023-03-23T18:05:00.709] [INFO] default - Updating cases...
[2023-03-23T18:05:05.721] [INFO] default - Updating cases...
[2023-03-23T18:05:10.724] [INFO] default - Updating cases...
[2023-03-23T18:05:15.727] [INFO] default - Updating cases...
[2023-03-23T18:05:20.740] [INFO] default - Updating cases...
[2023-03-23T18:05:25.751] [INFO] default - Updating cases...
[2023-03-23T18:05:30.761] [INFO] default - Updating cases...
[2023-03-23T18:05:35.767] [INFO] default - Updating cases...
[2023-03-23T18:05:40.784] [INFO] default - Updating cases...
[2023-03-23T18:05:45.785] [INFO] default - Updating cases...
[2023-03-23T18:05:50.789] [INFO] default - Updating cases...
[2023-03-23T18:05:55.799] [INFO] default - Updating cases...
[2023-03-23T18:06:00.818] [INFO] default - Updating cases...
[2023-03-23T18:06:05.821] [INFO] default - Updating cases...
