[2023-03-21T22:02:28.747] [INFO] default - Logged in as Academia#0862
[2023-03-21T22:02:28.751] [INFO] default - Loading module Ban.js
[2023-03-21T22:02:28.754] [INFO] default - Loading command Ban.command.js
[2023-03-21T22:02:28.763] [INFO] default - Loaded command MESSAGE_CONTEXT_Ban
[2023-03-21T22:02:28.764] [INFO] default - Loading command Kick.command.js
[2023-03-21T22:02:28.770] [INFO] default - Loaded command MESSAGE_CONTEXT_Kick
[2023-03-21T22:02:28.773] [INFO] default - Loading command Mute.command.js
[2023-03-21T22:02:28.780] [INFO] default - Loaded command MESSAGE_CONTEXT_Mute
[2023-03-21T22:02:28.782] [INFO] default - Loading command Warn.command.js
[2023-03-21T22:02:28.791] [INFO] default - Loaded command MESSAGE_CONTEXT_Warn
[2023-03-21T22:02:28.792] [INFO] default - All modules and commands loaded
[2023-03-21T22:02:28.799] [INFO] default - Loading module Kick.js
[2023-03-21T22:02:28.804] [INFO] default - Loading module Logging.js
[2023-03-21T22:02:28.810] [INFO] default - Loading module Mute.js
[2023-03-21T22:02:28.813] [INFO] default - Loading module UpdateCase.js
[2023-03-21T22:02:28.820] [INFO] default - Loading module Warn.js
[2023-03-21T22:02:31.821] [INFO] default - Updating cases...
[2023-03-21T22:02:34.375] [INFO] default - [Mute] run by Osmii#0076
[2023-03-21T22:02:34.839] [INFO] default - Updating cases...
[2023-03-21T22:02:37.847] [INFO] default - Updating cases...
[2023-03-21T22:02:40.851] [INFO] default - Updating cases...
[2023-03-21T22:02:43.863] [INFO] default - Updating cases...
[2023-03-21T22:02:46.878] [INFO] default - Updating cases...
[2023-03-21T22:02:48.402] [INFO] default - [Mute] run by Osmii#0076
[2023-03-21T22:02:49.888] [INFO] default - Updating cases...
[2023-03-21T22:02:52.897] [INFO] default - Updating cases...
[2023-03-21T22:02:55.901] [INFO] default - Updating cases...
[2023-03-21T22:02:58.920] [INFO] default - Updating cases...
[2023-03-21T22:03:01.925] [INFO] default - Updating cases...
[2023-03-21T22:03:04.934] [INFO] default - Updating cases...
[2023-03-21T22:03:07.947] [INFO] default - Updating cases...
[2023-03-21T22:03:10.959] [INFO] default - Updating cases...
[2023-03-21T22:03:13.969] [INFO] default - Updating cases...
[2023-03-21T22:03:16.989] [INFO] default - Updating cases...
[2023-03-21T22:03:19.994] [INFO] default - Updating cases...
[2023-03-21T22:03:23.001] [INFO] default - Updating cases...
[2023-03-21T22:03:26.015] [INFO] default - Updating cases...
[2023-03-21T22:03:29.028] [INFO] default - Updating cases...
[2023-03-21T22:03:32.068] [INFO] default - Updating cases...
[2023-03-21T22:03:35.214] [INFO] default - Updating cases...
[2023-03-21T22:03:38.226] [INFO] default - Updating cases...
[2023-03-21T22:03:41.231] [INFO] default - Updating cases...
[2023-03-21T22:03:44.247] [INFO] default - Updating cases...
[2023-03-21T22:03:47.273] [INFO] default - Updating cases...
[2023-03-21T22:03:50.278] [INFO] default - Updating cases...
[2023-03-21T22:03:53.291] [INFO] default - Updating cases...
[2023-03-21T22:03:56.300] [INFO] default - Updating cases...
[2023-03-21T22:03:59.315] [INFO] default - Updating cases...
[2023-03-21T22:04:02.326] [INFO] default - Updating cases...
[2023-03-21T22:04:05.333] [INFO] default - Updating cases...
[2023-03-21T22:04:08.349] [INFO] default - Updating cases...
[2023-03-21T22:04:11.356] [INFO] default - Updating cases...
[2023-03-21T22:04:14.369] [INFO] default - Updating cases...
[2023-03-21T22:04:17.380] [INFO] default - Updating cases...
[2023-03-21T22:04:20.389] [INFO] default - Updating cases...
[2023-03-21T22:04:23.400] [INFO] default - Updating cases...
[2023-03-21T22:04:26.408] [INFO] default - Updating cases...
[2023-03-21T22:04:29.421] [INFO] default - Updating cases...
[2023-03-21T22:04:32.436] [INFO] default - Updating cases...
[2023-03-21T22:04:35.449] [INFO] default - Updating cases...
[2023-03-21T22:04:38.451] [INFO] default - Updating cases...
[2023-03-21T22:04:39.323] [INFO] default - [Mute] run by Osmii#0076
[2023-03-21T22:04:41.457] [INFO] default - Updating cases...
[2023-03-21T22:04:44.474] [INFO] default - Updating cases...
[2023-03-21T22:04:47.485] [INFO] default - Updating cases...
[2023-03-21T22:04:50.496] [INFO] default - Updating cases...
[2023-03-21T22:04:53.510] [INFO] default - Updating cases...
[2023-03-21T22:04:56.516] [INFO] default - Updating cases...
[2023-03-21T22:04:59.530] [INFO] default - Updating cases...
[2023-03-21T22:05:02.543] [INFO] default - Updating cases...
[2023-03-21T22:05:05.551] [INFO] default - Updating cases...
[2023-03-21T22:05:08.565] [INFO] default - Updating cases...
[2023-03-21T22:05:11.582] [INFO] default - Updating cases...
[2023-03-21T22:05:14.592] [INFO] default - Updating cases...
[2023-03-21T22:05:17.619] [INFO] default - Updating cases...
[2023-03-21T22:05:20.634] [INFO] default - Updating cases...
[2023-03-21T22:05:23.638] [INFO] default - Updating cases...
[2023-03-21T22:05:26.641] [INFO] default - Updating cases...
[2023-03-21T22:05:29.661] [INFO] default - Updating cases...
[2023-03-21T22:05:32.678] [INFO] default - Updating cases...
[2023-03-21T22:05:35.687] [INFO] default - Updating cases...
[2023-03-21T22:05:38.704] [INFO] default - Updating cases...
[2023-03-21T22:05:41.717] [INFO] default - Updating cases...
[2023-03-21T22:05:44.723] [INFO] default - Updating cases...
[2023-03-21T22:05:47.731] [INFO] default - Updating cases...
[2023-03-21T22:05:50.743] [INFO] default - Updating cases...
[2023-03-21T22:05:53.755] [INFO] default - Updating cases...
[2023-03-21T22:05:56.764] [INFO] default - Updating cases...
[2023-03-21T22:05:59.781] [INFO] default - Updating cases...
[2023-03-21T22:06:02.798] [INFO] default - Updating cases...
[2023-03-21T22:06:05.808] [INFO] default - Updating cases...
[2023-03-21T22:06:08.811] [INFO] default - Updating cases...
[2023-03-21T22:06:11.820] [INFO] default - Updating cases...
[2023-03-21T22:06:14.831] [INFO] default - Updating cases...
[2023-03-21T22:06:17.838] [INFO] default - Updating cases...
[2023-03-21T22:06:20.856] [INFO] default - Updating cases...
