[2023-03-23T20:54:58.247] [INFO] default - Logged in as UnnamedBot#0862
[2023-03-23T20:54:58.253] [INFO] default - Loading module WelcomeAndGoodbye.js
[2023-03-23T20:54:58.255] [INFO] default - Loading module Ban.js
[2023-03-23T20:54:58.258] [INFO] default - Loading module ReactRoles.js
[2023-03-23T20:54:58.259] [INFO] default - Loading module RelayHandler.js
[2023-03-23T20:54:58.260] [INFO] default - Loading module Verification.js
[2023-03-23T20:54:58.263] [INFO] default - Loading command Ban.command.js
[2023-03-23T20:54:58.282] [INFO] default - Loaded command CHAT_INPUT_ban
[2023-03-23T20:54:58.285] [INFO] default - Loading command Cases.command.js
[2023-03-23T20:54:58.294] [INFO] default - Loaded command CHAT_INPUT_cases
[2023-03-23T20:54:58.296] [INFO] default - Loading command Embed.command.js
[2023-03-23T20:54:58.304] [INFO] default - Loaded command CHAT_INPUT_embed
[2023-03-23T20:54:58.306] [INFO] default - Loading command Kick.command.js
[2023-03-23T20:54:58.312] [INFO] default - Loaded command CHAT_INPUT_kick
[2023-03-23T20:54:58.314] [INFO] default - Loading command Mute.command.js
[2023-03-23T20:54:58.323] [INFO] default - Loaded command CHAT_INPUT_mute
[2023-03-23T20:54:58.324] [INFO] default - Loading command ReactionRoles.command.js
[2023-03-23T20:54:58.340] [INFO] default - Loaded command CHAT_INPUT_reactroles
[2023-03-23T20:54:58.342] [INFO] default - Loading command Reason.command.js
[2023-03-23T20:54:58.346] [INFO] default - Loaded command CHAT_INPUT_reason
[2023-03-23T20:54:58.348] [INFO] default - Loading command Unban.command.js
[2023-03-23T20:54:58.352] [INFO] default - Loaded command CHAT_INPUT_unban
[2023-03-23T20:54:58.359] [INFO] default - Loading command Unmute.command.js
[2023-03-23T20:54:58.362] [INFO] default - Loaded command CHAT_INPUT_unmute
[2023-03-23T20:54:58.364] [INFO] default - Loading command Warn.command.js
[2023-03-23T20:54:58.373] [INFO] default - Loaded command CHAT_INPUT_warn
[2023-03-23T20:54:58.376] [INFO] default - Loading command Ban.command.js
[2023-03-23T20:54:58.392] [INFO] default - Loaded command MESSAGE_CONTEXT_Ban
[2023-03-23T20:54:58.393] [INFO] default - Loading command Kick.command.js
[2023-03-23T20:54:58.398] [INFO] default - Loaded command MESSAGE_CONTEXT_Kick
[2023-03-23T20:54:58.401] [INFO] default - Loading command Mute.command.js
[2023-03-23T20:54:58.410] [INFO] default - Loaded command MESSAGE_CONTEXT_Mute
[2023-03-23T20:54:58.412] [INFO] default - Loading command Warn.command.js
[2023-03-23T20:54:58.415] [INFO] default - Loaded command MESSAGE_CONTEXT_Warn
[2023-03-23T20:54:58.420] [INFO] default - Loading command Ban.command.js
[2023-03-23T20:54:58.430] [INFO] default - Loaded command USER_CONTEXT_Ban
[2023-03-23T20:54:58.431] [INFO] default - Loading command Kick.command.js
[2023-03-23T20:54:58.437] [INFO] default - Loaded command USER_CONTEXT_Kick
[2023-03-23T20:54:58.438] [INFO] default - Loading command Mute.command.js
[2023-03-23T20:54:58.444] [INFO] default - Loaded command USER_CONTEXT_Mute
[2023-03-23T20:54:58.447] [INFO] default - Loading command Warn.command.js
[2023-03-23T20:54:58.455] [INFO] default - Loaded command USER_CONTEXT_Warn
[2023-03-23T20:54:58.457] [INFO] default - All modules and commands loaded
[2023-03-23T20:54:58.514] [INFO] default - Loading module Kick.js
[2023-03-23T20:54:58.515] [INFO] default - Loading module TicketManager.js
[2023-03-23T20:54:58.516] [INFO] default - Loading module VerificationManager.js
[2023-03-23T20:54:58.520] [INFO] default - Loading module Logging.js
[2023-03-23T20:54:58.526] [INFO] default - Loading module Mute.js
[2023-03-23T20:54:58.527] [INFO] default - Loading module UpdateCase.js
[2023-03-23T20:54:58.533] [INFO] default - Loading module Warn.js
[2023-03-23T20:55:01.535] [INFO] default - Updating cases...
[2023-03-23T20:55:06.545] [INFO] default - Updating cases...
[2023-03-23T20:55:11.548] [INFO] default - Updating cases...
[2023-03-23T20:55:16.553] [INFO] default - Updating cases...
[2023-03-23T20:55:21.563] [INFO] default - Updating cases...
[2023-03-23T20:55:26.565] [INFO] default - Updating cases...
[2023-03-23T20:55:31.570] [INFO] default - Updating cases...
[2023-03-23T20:55:36.574] [INFO] default - Updating cases...
[2023-03-23T20:55:41.576] [INFO] default - Updating cases...
[2023-03-23T20:55:46.591] [INFO] default - Updating cases...
[2023-03-23T20:55:51.593] [INFO] default - Updating cases...
[2023-03-23T20:55:56.608] [INFO] default - Updating cases...
[2023-03-23T20:56:01.613] [INFO] default - Updating cases...
[2023-03-23T20:56:06.620] [INFO] default - Updating cases...
[2023-03-23T20:56:11.625] [INFO] default - Updating cases...
[2023-03-23T20:56:16.629] [INFO] default - Updating cases...
[2023-03-23T20:56:21.632] [INFO] default - Updating cases...
[2023-03-23T20:56:26.634] [INFO] default - Updating cases...
[2023-03-23T20:56:31.647] [INFO] default - Updating cases...
[2023-03-23T20:56:36.650] [INFO] default - Updating cases...
[2023-03-23T20:56:41.657] [INFO] default - Updating cases...
[2023-03-23T20:56:46.670] [INFO] default - Updating cases...
[2023-03-23T20:56:51.673] [INFO] default - Updating cases...
[2023-03-23T20:56:56.678] [INFO] default - Updating cases...
[2023-03-23T20:57:01.696] [INFO] default - Updating cases...
[2023-03-23T20:57:06.699] [INFO] default - Updating cases...
[2023-03-23T20:57:11.715] [INFO] default - Updating cases...
[2023-03-23T20:57:16.719] [INFO] default - Updating cases...
[2023-03-23T20:57:21.725] [INFO] default - Updating cases...
[2023-03-23T20:57:26.730] [INFO] default - Updating cases...
[2023-03-23T20:57:31.745] [INFO] default - Updating cases...
[2023-03-23T20:57:36.884] [INFO] default - Updating cases...
[2023-03-23T20:57:41.895] [INFO] default - Updating cases...
[2023-03-23T20:57:46.901] [INFO] default - Updating cases...
[2023-03-23T20:57:51.902] [INFO] default - Updating cases...
[2023-03-23T20:57:56.912] [INFO] default - Updating cases...
[2023-03-23T20:58:01.926] [INFO] default - Updating cases...
[2023-03-23T20:58:06.930] [INFO] default - Updating cases...
[2023-03-23T20:58:11.936] [INFO] default - Updating cases...
[2023-03-23T20:58:16.939] [INFO] default - Updating cases...
[2023-03-23T20:58:21.943] [INFO] default - Updating cases...
[2023-03-23T20:58:26.955] [INFO] default - Updating cases...
[2023-03-23T20:58:31.968] [INFO] default - Updating cases...
[2023-03-23T20:58:36.975] [INFO] default - Updating cases...
[2023-03-23T20:58:41.979] [INFO] default - Updating cases...
[2023-03-23T20:58:47.003] [INFO] default - Updating cases...
[2023-03-23T20:58:52.008] [INFO] default - Updating cases...
[2023-03-23T20:58:57.015] [INFO] default - Updating cases...
[2023-03-23T20:59:02.026] [INFO] default - Updating cases...
[2023-03-23T20:59:07.037] [INFO] default - Updating cases...
[2023-03-23T20:59:12.051] [INFO] default - Updating cases...
[2023-03-23T20:59:17.059] [INFO] default - Updating cases...
[2023-03-23T20:59:22.067] [INFO] default - Updating cases...
[2023-03-23T20:59:27.079] [INFO] default - Updating cases...
[2023-03-23T20:59:32.084] [INFO] default - Updating cases...
[2023-03-23T20:59:37.092] [INFO] default - Updating cases...
[2023-03-23T20:59:42.124] [INFO] default - Updating cases...
[2023-03-23T20:59:47.131] [INFO] default - Updating cases...
[2023-03-23T20:59:52.134] [INFO] default - Updating cases...
[2023-03-23T20:59:57.142] [INFO] default - Updating cases...
[2023-03-23T21:00:02.151] [INFO] default - Updating cases...
[2023-03-23T21:00:07.156] [INFO] default - Updating cases...
[2023-03-23T21:00:12.166] [INFO] default - Updating cases...
[2023-03-23T21:00:17.176] [INFO] default - Updating cases...
[2023-03-23T21:00:22.188] [INFO] default - Updating cases...
[2023-03-23T21:00:27.198] [INFO] default - Updating cases...
[2023-03-23T21:00:32.206] [INFO] default - Updating cases...
[2023-03-23T21:00:37.217] [INFO] default - Updating cases...
[2023-03-23T21:00:42.231] [INFO] default - Updating cases...
[2023-03-23T21:00:47.235] [INFO] default - Updating cases...
[2023-03-23T21:00:52.236] [INFO] default - Updating cases...
[2023-03-23T21:00:57.245] [INFO] default - Updating cases...
[2023-03-23T21:01:02.252] [INFO] default - Updating cases...
[2023-03-23T21:01:07.265] [INFO] default - Updating cases...
[2023-03-23T21:01:12.272] [INFO] default - Updating cases...
[2023-03-23T21:01:17.278] [INFO] default - Updating cases...
[2023-03-23T21:01:22.294] [INFO] default - Updating cases...
[2023-03-23T21:01:27.297] [INFO] default - Updating cases...
[2023-03-23T21:01:32.300] [INFO] default - Updating cases...
[2023-03-23T21:01:37.306] [INFO] default - Updating cases...
[2023-03-23T21:01:42.310] [INFO] default - Updating cases...
[2023-03-23T21:01:47.316] [INFO] default - Updating cases...
[2023-03-23T21:01:51.682] [INFO] default - /mute run by Osmii#0076
[2023-03-23T21:01:52.325] [INFO] default - Updating cases...
[2023-03-23T21:01:57.342] [INFO] default - Updating cases...
[2023-03-23T21:02:02.352] [INFO] default - Updating cases...
[2023-03-23T21:02:07.356] [INFO] default - Updating cases...
[2023-03-23T21:02:11.209] [INFO] default - /mute run by Osmii#0076
[2023-03-23T21:02:12.371] [INFO] default - Updating cases...
[2023-03-23T21:02:17.378] [INFO] default - Updating cases...
[2023-03-23T21:02:22.395] [INFO] default - Updating cases...
[2023-03-23T21:02:27.397] [INFO] default - Updating cases...
[2023-03-23T21:02:32.420] [INFO] default - Updating cases...
[2023-03-23T21:02:37.439] [INFO] default - Updating cases...
[2023-03-23T21:02:42.447] [INFO] default - Updating cases...
[2023-03-23T21:02:47.454] [INFO] default - Updating cases...
[2023-03-23T21:02:52.463] [INFO] default - Updating cases...
[2023-03-23T21:02:57.471] [INFO] default - Updating cases...
[2023-03-23T21:03:02.473] [INFO] default - Updating cases...
[2023-03-23T21:03:07.482] [INFO] default - Updating cases...
[2023-03-23T21:03:12.485] [INFO] default - Updating cases...
[2023-03-23T21:03:17.492] [INFO] default - Updating cases...
[2023-03-23T21:03:22.506] [INFO] default - Updating cases...
[2023-03-23T21:03:27.515] [INFO] default - Updating cases...
[2023-03-23T21:03:29.629] [INFO] default - /lewis run by Osmii#0076
[2023-03-23T21:03:32.523] [INFO] default - Updating cases...
[2023-03-23T21:03:37.531] [INFO] default - Updating cases...
[2023-03-23T21:03:42.546] [INFO] default - Updating cases...
[2023-03-23T21:03:47.552] [INFO] default - Updating cases...
[2023-03-23T21:03:52.562] [INFO] default - Updating cases...
[2023-03-23T21:03:57.566] [INFO] default - Updating cases...
[2023-03-23T21:04:02.609] [INFO] default - Updating cases...
