[2023-03-24T02:28:28.270] [INFO] default - Logged in as Jayfeather#0862
[2023-03-24T02:28:28.280] [INFO] default - Loading module WelcomeAndGoodbye.js
[2023-03-24T02:28:28.282] [INFO] default - Loading module Ban.js
[2023-03-24T02:28:28.284] [INFO] default - Loading module ReactRoles.js
[2023-03-24T02:28:28.288] [INFO] default - Loading module RelayHandler.js
[2023-03-24T02:28:28.294] [INFO] default - Loading module Verification.js
[2023-03-24T02:28:28.297] [INFO] default - Loading command Ban.command.js
[2023-03-24T02:28:28.326] [INFO] default - Loaded command CHAT_INPUT_ban
[2023-03-24T02:28:28.329] [INFO] default - Loading command Cases.command.js
[2023-03-24T02:28:28.346] [INFO] default - Loaded command CHAT_INPUT_cases
[2023-03-24T02:28:28.355] [INFO] default - Loading command Embed.command.js
[2023-03-24T02:28:28.399] [INFO] default - Loaded command CHAT_INPUT_embed
[2023-03-24T02:28:28.404] [INFO] default - Loading command Kick.command.js
[2023-03-24T02:28:28.416] [INFO] default - Loaded command CHAT_INPUT_kick
[2023-03-24T02:28:28.423] [INFO] default - Loading command Mute.command.js
[2023-03-24T02:28:28.430] [INFO] default - Loaded command CHAT_INPUT_mute
[2023-03-24T02:28:28.433] [INFO] default - Loading command ReactionRoles.command.js
[2023-03-24T02:28:28.452] [INFO] default - Loaded command CHAT_INPUT_reactroles
[2023-03-24T02:28:28.457] [INFO] default - Loading command Reason.command.js
[2023-03-24T02:28:28.462] [INFO] default - Loaded command CHAT_INPUT_reason
[2023-03-24T02:28:28.464] [INFO] default - Loading command Unban.command.js
[2023-03-24T02:28:28.470] [INFO] default - Loaded command CHAT_INPUT_unban
[2023-03-24T02:28:28.472] [INFO] default - Loading command Unmute.command.js
[2023-03-24T02:28:28.476] [INFO] default - Loaded command CHAT_INPUT_unmute
[2023-03-24T02:28:28.478] [INFO] default - Loading command Warn.command.js
[2023-03-24T02:28:28.486] [INFO] default - Loaded command CHAT_INPUT_warn
[2023-03-24T02:28:28.508] [INFO] default - Loading command Ban.command.js
[2023-03-24T02:28:28.517] [INFO] default - Loaded command MESSAGE_CONTEXT_Ban
[2023-03-24T02:28:28.520] [INFO] default - Loading command Kick.command.js
[2023-03-24T02:28:28.528] [INFO] default - Loaded command MESSAGE_CONTEXT_Kick
[2023-03-24T02:28:28.530] [INFO] default - Loading command Mute.command.js
[2023-03-24T02:28:28.545] [INFO] default - Loaded command MESSAGE_CONTEXT_Mute
[2023-03-24T02:28:28.547] [INFO] default - Loading command Warn.command.js
[2023-03-24T02:28:28.552] [INFO] default - Loaded command MESSAGE_CONTEXT_Warn
[2023-03-24T02:28:28.565] [INFO] default - Loading command Ban.command.js
[2023-03-24T02:28:28.575] [INFO] default - Loaded command USER_CONTEXT_Ban
[2023-03-24T02:28:28.577] [INFO] default - Loading command Kick.command.js
[2023-03-24T02:28:28.581] [INFO] default - Loaded command USER_CONTEXT_Kick
[2023-03-24T02:28:28.583] [INFO] default - Loading command Mute.command.js
[2023-03-24T02:28:28.587] [INFO] default - Loaded command USER_CONTEXT_Mute
[2023-03-24T02:28:28.590] [INFO] default - Loading command Warn.command.js
[2023-03-24T02:28:28.594] [INFO] default - Loaded command USER_CONTEXT_Warn
[2023-03-24T02:28:28.612] [INFO] default - All modules and commands loaded
[2023-03-24T02:28:28.652] [INFO] default - Loading module Kick.js
[2023-03-24T02:28:28.654] [INFO] default - Loading module TicketManager.js
[2023-03-24T02:28:28.656] [INFO] default - Loading module VerificationManager.js
[2023-03-24T02:28:28.664] [INFO] default - Loading module Logging.js
[2023-03-24T02:28:28.675] [INFO] default - Loading module Mute.js
[2023-03-24T02:28:28.679] [INFO] default - Loading module UpdateCase.js
[2023-03-24T02:28:28.686] [INFO] default - Loading module Warn.js
[2023-03-24T02:28:31.689] [INFO] default - Updating cases...
[2023-03-24T02:28:36.101] [INFO] default - /kick run by Osmii#0076
[2023-03-24T02:28:36.696] [INFO] default - Updating cases...
[2023-03-24T02:28:41.768] [INFO] default - Updating cases...
[2023-03-24T02:28:46.773] [INFO] default - Updating cases...
[2023-03-24T02:28:51.787] [INFO] default - Updating cases...
[2023-03-24T02:28:56.857] [INFO] default - Updating cases...
[2023-03-24T02:29:01.875] [INFO] default - Updating cases...
[2023-03-24T02:29:06.883] [INFO] default - Updating cases...
[2023-03-24T02:29:11.895] [INFO] default - Updating cases...
[2023-03-24T02:29:16.905] [INFO] default - Updating cases...
[2023-03-24T02:29:21.909] [INFO] default - Updating cases...
[2023-03-24T02:29:26.922] [INFO] default - Updating cases...
[2023-03-24T02:29:31.932] [INFO] default - Updating cases...
[2023-03-24T02:29:36.939] [INFO] default - Updating cases...
[2023-03-24T02:29:41.953] [INFO] default - Updating cases...
[2023-03-24T02:29:46.961] [INFO] default - Updating cases...
[2023-03-24T02:29:51.975] [INFO] default - Updating cases...
[2023-03-24T02:29:56.987] [INFO] default - Updating cases...
[2023-03-24T02:30:01.992] [INFO] default - Updating cases...
[2023-03-24T02:30:07.003] [INFO] default - Updating cases...
[2023-03-24T02:30:12.035] [INFO] default - Updating cases...
[2023-03-24T02:30:17.099] [INFO] default - Updating cases...
[2023-03-24T02:30:22.149] [INFO] default - Updating cases...
[2023-03-24T02:30:27.225] [INFO] default - Updating cases...
[2023-03-24T02:30:32.227] [INFO] default - Updating cases...
[2023-03-24T02:30:37.233] [INFO] default - Updating cases...
[2023-03-24T02:30:42.250] [INFO] default - Updating cases...
[2023-03-24T02:30:47.259] [INFO] default - Updating cases...
[2023-03-24T02:30:52.274] [INFO] default - Updating cases...
[2023-03-24T02:30:57.283] [INFO] default - Updating cases...
[2023-03-24T02:31:02.287] [INFO] default - Updating cases...
[2023-03-24T02:31:07.317] [INFO] default - Updating cases...
[2023-03-24T02:31:12.330] [INFO] default - Updating cases...
[2023-03-24T02:31:17.344] [INFO] default - Updating cases...
[2023-03-24T02:31:22.349] [INFO] default - Updating cases...
