[2023-03-21T22:06:37.120] [INFO] default - Logged in as Academia#0862
[2023-03-21T22:06:37.125] [INFO] default - Loading module Ban.js
[2023-03-21T22:06:37.128] [INFO] default - Loading command Ban.command.js
[2023-03-21T22:06:37.138] [INFO] default - Loaded command MESSAGE_CONTEXT_Ban
[2023-03-21T22:06:37.140] [INFO] default - Loading command Kick.command.js
[2023-03-21T22:06:37.145] [INFO] default - Loaded command MESSAGE_CONTEXT_Kick
[2023-03-21T22:06:37.147] [INFO] default - Loading command Mute.command.js
[2023-03-21T22:06:37.152] [INFO] default - Loaded command MESSAGE_CONTEXT_Mute
[2023-03-21T22:06:37.153] [INFO] default - Loading command Warn.command.js
[2023-03-21T22:06:37.158] [INFO] default - Loaded command MESSAGE_CONTEXT_Warn
[2023-03-21T22:06:37.162] [INFO] default - All modules and commands loaded
[2023-03-21T22:06:37.168] [INFO] default - Loading module Kick.js
[2023-03-21T22:06:37.170] [INFO] default - Loading module Logging.js
[2023-03-21T22:06:37.172] [INFO] default - Loading module Mute.js
[2023-03-21T22:06:37.174] [INFO] default - Loading module UpdateCase.js
[2023-03-21T22:06:37.181] [INFO] default - Loading module Warn.js
[2023-03-21T22:06:40.192] [INFO] default - Updating cases...
[2023-03-21T22:06:45.207] [INFO] default - Updating cases...
[2023-03-21T22:06:47.253] [INFO] default - [Mute] run by Osmii#0076
[2023-03-21T22:06:50.223] [INFO] default - Updating cases...
[2023-03-21T22:06:55.304] [INFO] default - Updating cases...
[2023-03-21T22:07:00.307] [INFO] default - Updating cases...
[2023-03-21T22:07:05.318] [INFO] default - Updating cases...
[2023-03-21T22:07:10.322] [INFO] default - Updating cases...
[2023-03-21T22:07:15.333] [INFO] default - Updating cases...
[2023-03-21T22:07:20.348] [INFO] default - Updating cases...
[2023-03-21T22:07:25.364] [INFO] default - Updating cases...
[2023-03-21T22:07:30.375] [INFO] default - Updating cases...
[2023-03-21T22:07:35.390] [INFO] default - Updating cases...
[2023-03-21T22:07:40.412] [INFO] default - Updating cases...
[2023-03-21T22:07:45.429] [INFO] default - Updating cases...
[2023-03-21T22:07:50.442] [INFO] default - Updating cases...
[2023-03-21T22:07:55.458] [INFO] default - Updating cases...
[2023-03-21T22:08:00.471] [INFO] default - Updating cases...
[2023-03-21T22:08:05.486] [INFO] default - Updating cases...
