[2023-03-23T15:22:13.617] [INFO] default - Logged in as Academia#0862
[2023-03-23T15:22:13.623] [INFO] default - Loading module Welcome.js
[2023-03-23T15:22:13.625] [INFO] default - Loading module Ban.js
[2023-03-23T15:22:13.626] [INFO] default - Loading module RelayHandler.js
[2023-03-23T15:22:13.627] [INFO] default - Loading module VerificationManager.js
[2023-03-23T15:22:13.628] [INFO] default - Loading command Ban.command.js
[2023-03-23T15:22:13.639] [INFO] default - Loaded command CHAT_INPUT_ban
[2023-03-23T15:22:13.640] [INFO] default - Loading command Cases.command.js
[2023-03-23T15:22:13.642] [INFO] default - Loaded command CHAT_INPUT_cases
[2023-03-23T15:22:13.643] [INFO] default - Loading command Kick.command.js
[2023-03-23T15:22:13.645] [INFO] default - Loaded command CHAT_INPUT_kick
[2023-03-23T15:22:13.646] [INFO] default - Loading command Mute.command.js
[2023-03-23T15:22:13.649] [INFO] default - Loaded command CHAT_INPUT_mute
[2023-03-23T15:22:13.649] [INFO] default - Loading command Reason.command.js
[2023-03-23T15:22:13.652] [INFO] default - Loaded command CHAT_INPUT_reason
[2023-03-23T15:22:13.653] [INFO] default - Loading command Unban.command.js
[2023-03-23T15:22:13.655] [INFO] default - Loaded command CHAT_INPUT_unban
[2023-03-23T15:22:13.655] [INFO] default - Loading command Unmute.command.js
[2023-03-23T15:22:13.657] [INFO] default - Loaded command CHAT_INPUT_unmute
[2023-03-23T15:22:13.657] [INFO] default - Loading command Warn.command.js
[2023-03-23T15:22:13.661] [INFO] default - Loaded command CHAT_INPUT_warn
[2023-03-23T15:22:13.663] [INFO] default - Loading command Ban.command.js
[2023-03-23T15:22:13.669] [INFO] default - Loaded command MESSAGE_CONTEXT_Ban
[2023-03-23T15:22:13.672] [INFO] default - Loading command Kick.command.js
[2023-03-23T15:22:13.676] [INFO] default - Loaded command MESSAGE_CONTEXT_Kick
[2023-03-23T15:22:13.676] [INFO] default - Loading command Mute.command.js
[2023-03-23T15:22:13.680] [INFO] default - Loaded command MESSAGE_CONTEXT_Mute
[2023-03-23T15:22:13.681] [INFO] default - Loading command Warn.command.js
[2023-03-23T15:22:13.683] [INFO] default - Loaded command MESSAGE_CONTEXT_Warn
[2023-03-23T15:22:13.686] [INFO] default - Loading command Ban.command.js
[2023-03-23T15:22:13.693] [INFO] default - Loaded command USER_CONTEXT_Ban
[2023-03-23T15:22:13.694] [INFO] default - Loading command Kick.command.js
[2023-03-23T15:22:13.697] [INFO] default - Loaded command USER_CONTEXT_Kick
[2023-03-23T15:22:13.698] [INFO] default - Loading command Mute.command.js
[2023-03-23T15:22:13.702] [INFO] default - Loaded command USER_CONTEXT_Mute
[2023-03-23T15:22:13.703] [INFO] default - Loading command Warn.command.js
[2023-03-23T15:22:13.707] [INFO] default - Loaded command USER_CONTEXT_Warn
[2023-03-23T15:22:13.708] [INFO] default - All modules and commands loaded
[2023-03-23T15:22:13.733] [INFO] default - Loading module Kick.js
[2023-03-23T15:22:13.734] [INFO] default - Loading module TicketManager.js
[2023-03-23T15:22:13.737] [INFO] default - Loading module Logging.js
[2023-03-23T15:22:13.740] [INFO] default - Loading module Mute.js
[2023-03-23T15:22:13.741] [INFO] default - Loading module UpdateCase.js
[2023-03-23T15:22:13.746] [INFO] default - Loading module Warn.js
[2023-03-23T15:22:16.753] [INFO] default - Updating cases...
[2023-03-23T15:22:17.228] [INFO] default - /kick run by Osmii#0076
[2023-03-23T15:22:21.757] [INFO] default - Updating cases...
[2023-03-23T15:22:26.771] [INFO] default - Updating cases...
[2023-03-23T15:22:31.805] [INFO] default - Updating cases...
[2023-03-23T15:22:36.809] [INFO] default - Updating cases...
[2023-03-23T15:22:41.816] [INFO] default - Updating cases...
[2023-03-23T15:22:46.821] [INFO] default - Updating cases...
[2023-03-23T15:22:51.823] [INFO] default - Updating cases...
[2023-03-23T15:22:56.827] [INFO] default - Updating cases...
[2023-03-23T15:23:01.841] [INFO] default - Updating cases...
[2023-03-23T15:23:06.846] [INFO] default - Updating cases...
[2023-03-23T15:23:11.858] [INFO] default - Updating cases...
[2023-03-23T15:23:16.865] [INFO] default - Updating cases...
[2023-03-23T15:23:21.871] [INFO] default - Updating cases...
[2023-03-23T15:23:26.878] [INFO] default - Updating cases...
[2023-03-23T15:23:31.882] [INFO] default - Updating cases...
[2023-03-23T15:23:36.891] [INFO] default - Updating cases...
[2023-03-23T15:23:41.893] [INFO] default - Updating cases...
[2023-03-23T15:23:46.896] [INFO] default - Updating cases...
[2023-03-23T15:23:51.923] [INFO] default - Updating cases...
[2023-03-23T15:23:56.946] [INFO] default - Updating cases...
[2023-03-23T15:24:01.957] [INFO] default - Updating cases...
[2023-03-23T15:24:06.966] [INFO] default - Updating cases...
[2023-03-23T15:24:11.983] [INFO] default - Updating cases...
[2023-03-23T15:24:16.990] [INFO] default - Updating cases...
[2023-03-23T15:24:22.003] [INFO] default - Updating cases...
[2023-03-23T15:24:27.010] [INFO] default - Updating cases...
[2023-03-23T15:24:32.024] [INFO] default - Updating cases...
[2023-03-23T15:24:37.026] [INFO] default - Updating cases...
[2023-03-23T15:24:42.043] [INFO] default - Updating cases...
[2023-03-23T15:24:47.046] [INFO] default - Updating cases...
[2023-03-23T15:24:52.067] [INFO] default - Updating cases...
[2023-03-23T15:24:57.075] [INFO] default - Updating cases...
[2023-03-23T15:25:02.081] [INFO] default - Updating cases...
[2023-03-23T15:25:07.095] [INFO] default - Updating cases...
[2023-03-23T15:25:12.108] [INFO] default - Updating cases...
[2023-03-23T15:25:17.112] [INFO] default - Updating cases...
[2023-03-23T15:25:22.115] [INFO] default - Updating cases...
[2023-03-23T15:25:27.146] [INFO] default - Updating cases...
[2023-03-23T15:25:32.150] [INFO] default - Updating cases...
[2023-03-23T15:25:37.165] [INFO] default - Updating cases...
[2023-03-23T15:25:42.175] [INFO] default - Updating cases...
[2023-03-23T15:25:47.186] [INFO] default - Updating cases...
[2023-03-23T15:25:52.196] [INFO] default - Updating cases...
[2023-03-23T15:25:57.212] [INFO] default - Updating cases...
[2023-03-23T15:26:02.221] [INFO] default - Updating cases...
[2023-03-23T15:26:07.229] [INFO] default - Updating cases...
[2023-03-23T15:26:12.233] [INFO] default - Updating cases...
[2023-03-23T15:26:17.236] [INFO] default - Updating cases...
[2023-03-23T15:26:22.243] [INFO] default - Updating cases...
[2023-03-23T15:26:27.251] [INFO] default - Updating cases...
[2023-03-23T15:26:32.257] [INFO] default - Updating cases...
[2023-03-23T15:26:37.261] [INFO] default - Updating cases...
[2023-03-23T15:26:42.268] [INFO] default - Updating cases...
[2023-03-23T15:26:47.272] [INFO] default - Updating cases...
[2023-03-23T15:26:52.273] [INFO] default - Updating cases...
[2023-03-23T15:26:57.279] [INFO] default - Updating cases...
[2023-03-23T15:27:02.280] [INFO] default - Updating cases...
[2023-03-23T15:27:07.289] [INFO] default - Updating cases...
[2023-03-23T15:27:12.292] [INFO] default - Updating cases...
[2023-03-23T15:27:17.308] [INFO] default - Updating cases...
[2023-03-23T15:27:22.310] [INFO] default - Updating cases...
[2023-03-23T15:27:27.319] [INFO] default - Updating cases...
[2023-03-23T15:27:32.325] [INFO] default - Updating cases...
[2023-03-23T15:27:37.332] [INFO] default - Updating cases...
[2023-03-23T15:27:42.344] [INFO] default - Updating cases...
[2023-03-23T15:27:47.347] [INFO] default - Updating cases...
[2023-03-23T15:27:52.355] [INFO] default - Updating cases...
[2023-03-23T15:27:57.359] [INFO] default - Updating cases...
[2023-03-23T15:28:02.362] [INFO] default - Updating cases...
[2023-03-23T15:28:07.374] [INFO] default - Updating cases...
[2023-03-23T15:28:12.386] [INFO] default - Updating cases...
[2023-03-23T15:28:17.404] [INFO] default - Updating cases...
[2023-03-23T15:28:22.417] [INFO] default - Updating cases...
[2023-03-23T15:28:27.426] [INFO] default - Updating cases...
[2023-03-23T15:28:32.442] [INFO] default - Updating cases...
[2023-03-23T15:28:37.446] [INFO] default - Updating cases...
[2023-03-23T15:28:42.453] [INFO] default - Updating cases...
[2023-03-23T15:28:47.457] [INFO] default - Updating cases...
[2023-03-23T15:28:52.472] [INFO] default - Updating cases...
