[2023-03-23T12:18:13.179] [INFO] default - Logged in as Academia#0862
[2023-03-23T12:18:13.184] [INFO] default - Loading module Ban.js
[2023-03-23T12:18:13.186] [INFO] default - Loading module CreateTicketHandler.js
[2023-03-23T12:18:13.188] [INFO] default - Loading command Ban.command.js
[2023-03-23T12:18:13.201] [INFO] default - Loaded command CHAT_INPUT_ban
[2023-03-23T12:18:13.203] [INFO] default - Loading command Cases.command.js
[2023-03-23T12:18:13.207] [INFO] default - Loaded command CHAT_INPUT_cases
[2023-03-23T12:18:13.208] [INFO] default - Loading command Kick.command.js
[2023-03-23T12:18:13.214] [INFO] default - Loaded command CHAT_INPUT_kick
[2023-03-23T12:18:13.215] [INFO] default - Loading command Mute.command.js
[2023-03-23T12:18:13.221] [INFO] default - Loaded command CHAT_INPUT_mute
[2023-03-23T12:18:13.223] [INFO] default - Loading command Reason.command.js
[2023-03-23T12:18:13.226] [INFO] default - Loaded command CHAT_INPUT_reason
[2023-03-23T12:18:13.227] [INFO] default - Loading command Unban.command.js
[2023-03-23T12:18:13.229] [INFO] default - Loaded command CHAT_INPUT_unban
[2023-03-23T12:18:13.230] [INFO] default - Loading command Unmute.command.js
[2023-03-23T12:18:13.235] [INFO] default - Loaded command CHAT_INPUT_unmute
[2023-03-23T12:18:13.236] [INFO] default - Loading command Warn.command.js
[2023-03-23T12:18:13.239] [INFO] default - Loaded command CHAT_INPUT_warn
[2023-03-23T12:18:13.241] [INFO] default - Loading command Ban.command.js
[2023-03-23T12:18:13.248] [INFO] default - Loaded command MESSAGE_CONTEXT_Ban
[2023-03-23T12:18:13.250] [INFO] default - Loading command Kick.command.js
[2023-03-23T12:18:13.256] [INFO] default - Loaded command MESSAGE_CONTEXT_Kick
[2023-03-23T12:18:13.257] [INFO] default - Loading command Mute.command.js
[2023-03-23T12:18:13.262] [INFO] default - Loaded command MESSAGE_CONTEXT_Mute
[2023-03-23T12:18:13.265] [INFO] default - Loading command Warn.command.js
[2023-03-23T12:18:13.270] [INFO] default - Loaded command MESSAGE_CONTEXT_Warn
[2023-03-23T12:18:13.273] [INFO] default - Loading command Ban.command.js
[2023-03-23T12:18:13.277] [INFO] default - Loaded command USER_CONTEXT_Ban
[2023-03-23T12:18:13.278] [INFO] default - Loading command Kick.command.js
[2023-03-23T12:18:13.283] [INFO] default - Loaded command USER_CONTEXT_Kick
[2023-03-23T12:18:13.285] [INFO] default - Loading command Mute.command.js
[2023-03-23T12:18:13.290] [INFO] default - Loaded command USER_CONTEXT_Mute
[2023-03-23T12:18:13.291] [INFO] default - Loading command Warn.command.js
[2023-03-23T12:18:13.295] [INFO] default - Loaded command USER_CONTEXT_Warn
[2023-03-23T12:18:13.296] [INFO] default - All modules and commands loaded
[2023-03-23T12:18:13.321] [INFO] default - Loading module Kick.js
[2023-03-23T12:18:13.323] [INFO] default - Loading module TicketManager.js
[2023-03-23T12:18:13.326] [INFO] default - Loading module Logging.js
[2023-03-23T12:18:13.330] [INFO] default - Loading module Mute.js
[2023-03-23T12:18:13.332] [INFO] default - Loading module UpdateCase.js
[2023-03-23T12:18:13.338] [INFO] default - Loading module Warn.js
[2023-03-23T12:18:16.348] [INFO] default - Updating cases...
[2023-03-23T12:18:21.374] [INFO] default - Updating cases...
[2023-03-23T12:18:26.384] [INFO] default - Updating cases...
[2023-03-23T12:18:31.397] [INFO] default - Updating cases...
[2023-03-23T12:18:36.407] [INFO] default - Updating cases...
