[2023-03-23T13:32:59.707] [INFO] default - Logged in as Academia#0862
[2023-03-23T13:32:59.710] [INFO] default - Loading module Ban.js
[2023-03-23T13:32:59.711] [INFO] default - Loading module RelayHandler.js
[2023-03-23T13:32:59.713] [INFO] default - Loading command Ban.command.js
[2023-03-23T13:32:59.724] [INFO] default - Loaded command CHAT_INPUT_ban
[2023-03-23T13:32:59.725] [INFO] default - Loading command Cases.command.js
[2023-03-23T13:32:59.728] [INFO] default - Loaded command CHAT_INPUT_cases
[2023-03-23T13:32:59.760] [INFO] default - Loading command Kick.command.js
[2023-03-23T13:32:59.766] [INFO] default - Loaded command CHAT_INPUT_kick
[2023-03-23T13:32:59.768] [INFO] default - Loading command Mute.command.js
[2023-03-23T13:32:59.778] [INFO] default - Loaded command CHAT_INPUT_mute
[2023-03-23T13:32:59.782] [INFO] default - Loading command Reason.command.js
[2023-03-23T13:32:59.786] [INFO] default - Loaded command CHAT_INPUT_reason
[2023-03-23T13:32:59.787] [INFO] default - Loading command Unban.command.js
[2023-03-23T13:32:59.791] [INFO] default - Loaded command CHAT_INPUT_unban
[2023-03-23T13:32:59.792] [INFO] default - Loading command Unmute.command.js
[2023-03-23T13:32:59.800] [INFO] default - Loaded command CHAT_INPUT_unmute
[2023-03-23T13:32:59.802] [INFO] default - Loading command Warn.command.js
[2023-03-23T13:32:59.808] [INFO] default - Loaded command CHAT_INPUT_warn
[2023-03-23T13:32:59.810] [INFO] default - Loading command Ban.command.js
[2023-03-23T13:32:59.816] [INFO] default - Loaded command MESSAGE_CONTEXT_Ban
[2023-03-23T13:32:59.817] [INFO] default - Loading command Kick.command.js
[2023-03-23T13:32:59.822] [INFO] default - Loaded command MESSAGE_CONTEXT_Kick
[2023-03-23T13:32:59.823] [INFO] default - Loading command Mute.command.js
[2023-03-23T13:32:59.826] [INFO] default - Loaded command MESSAGE_CONTEXT_Mute
[2023-03-23T13:32:59.827] [INFO] default - Loading command Warn.command.js
[2023-03-23T13:32:59.830] [INFO] default - Loaded command MESSAGE_CONTEXT_Warn
[2023-03-23T13:32:59.833] [INFO] default - Loading command Ban.command.js
[2023-03-23T13:32:59.837] [INFO] default - Loaded command USER_CONTEXT_Ban
[2023-03-23T13:32:59.839] [INFO] default - Loading command Kick.command.js
[2023-03-23T13:32:59.842] [INFO] default - Loaded command USER_CONTEXT_Kick
[2023-03-23T13:32:59.843] [INFO] default - Loading command Mute.command.js
[2023-03-23T13:32:59.846] [INFO] default - Loaded command USER_CONTEXT_Mute
[2023-03-23T13:32:59.848] [INFO] default - Loading command Warn.command.js
[2023-03-23T13:32:59.852] [INFO] default - Loaded command USER_CONTEXT_Warn
[2023-03-23T13:32:59.853] [INFO] default - All modules and commands loaded
[2023-03-23T13:32:59.881] [INFO] default - Loading module Kick.js
[2023-03-23T13:32:59.882] [INFO] default - Loading module TicketManager.js
[2023-03-23T13:32:59.884] [INFO] default - Loading module Logging.js
[2023-03-23T13:32:59.889] [INFO] default - Loading module Mute.js
[2023-03-23T13:32:59.891] [INFO] default - Loading module UpdateCase.js
[2023-03-23T13:32:59.897] [INFO] default - Loading module Warn.js
[2023-03-23T13:33:02.896] [INFO] default - Updating cases...
[2023-03-23T13:33:07.899] [INFO] default - Updating cases...
[2023-03-23T13:33:12.939] [INFO] default - Updating cases...
[2023-03-23T13:33:17.984] [INFO] default - Updating cases...
[2023-03-23T13:33:22.989] [INFO] default - Updating cases...
[2023-03-23T13:33:28.002] [INFO] default - Updating cases...
[2023-03-23T13:33:33.015] [INFO] default - Updating cases...
[2023-03-23T13:33:38.024] [INFO] default - Updating cases...
[2023-03-23T13:33:43.036] [INFO] default - Updating cases...
[2023-03-23T13:33:48.053] [INFO] default - Updating cases...
[2023-03-23T13:33:53.067] [INFO] default - Updating cases...
[2023-03-23T13:33:58.082] [INFO] default - Updating cases...
[2023-03-23T13:34:03.104] [INFO] default - Updating cases...
[2023-03-23T13:34:08.120] [INFO] default - Updating cases...
[2023-03-23T13:34:13.132] [INFO] default - Updating cases...
[2023-03-23T13:34:18.158] [INFO] default - Updating cases...
[2023-03-23T13:34:23.161] [INFO] default - Updating cases...
[2023-03-23T13:34:28.173] [INFO] default - Updating cases...
[2023-03-23T13:34:33.179] [INFO] default - Updating cases...
[2023-03-23T13:34:38.200] [INFO] default - Updating cases...
[2023-03-23T13:34:43.207] [INFO] default - Updating cases...
[2023-03-23T13:34:48.212] [INFO] default - Updating cases...
[2023-03-23T13:34:53.224] [INFO] default - Updating cases...
[2023-03-23T13:34:58.238] [INFO] default - Updating cases...
[2023-03-23T13:35:03.247] [INFO] default - Updating cases...
[2023-03-23T13:35:08.256] [INFO] default - Updating cases...
[2023-03-23T13:35:13.268] [INFO] default - Updating cases...
[2023-03-23T13:35:18.272] [INFO] default - Updating cases...
[2023-03-23T13:35:23.285] [INFO] default - Updating cases...
[2023-03-23T13:35:28.302] [INFO] default - Updating cases...
[2023-03-23T13:35:33.317] [INFO] default - Updating cases...
[2023-03-23T13:35:38.325] [INFO] default - Updating cases...
[2023-03-23T13:35:43.343] [INFO] default - Updating cases...
[2023-03-23T13:35:48.352] [INFO] default - Updating cases...
[2023-03-23T13:35:53.364] [INFO] default - Updating cases...
[2023-03-23T13:35:58.379] [INFO] default - Updating cases...
[2023-03-23T13:36:03.385] [INFO] default - Updating cases...
[2023-03-23T13:36:08.402] [INFO] default - Updating cases...
[2023-03-23T13:36:13.416] [INFO] default - Updating cases...
[2023-03-23T13:36:18.417] [INFO] default - Updating cases...
[2023-03-23T13:36:23.426] [INFO] default - Updating cases...
[2023-03-23T13:36:28.435] [INFO] default - Updating cases...
[2023-03-23T13:36:33.446] [INFO] default - Updating cases...
[2023-03-23T13:36:38.452] [INFO] default - Updating cases...
[2023-03-23T13:36:43.459] [INFO] default - Updating cases...
[2023-03-23T13:36:48.470] [INFO] default - Updating cases...
[2023-03-23T13:36:53.477] [INFO] default - Updating cases...
[2023-03-23T13:36:58.479] [INFO] default - Updating cases...
[2023-03-23T13:37:03.487] [INFO] default - Updating cases...
[2023-03-23T13:37:08.502] [INFO] default - Updating cases...
[2023-03-23T13:37:13.512] [INFO] default - Updating cases...
[2023-03-23T13:37:18.518] [INFO] default - Updating cases...
[2023-03-23T13:37:23.529] [INFO] default - Updating cases...
[2023-03-23T13:37:28.586] [INFO] default - Updating cases...
[2023-03-23T13:37:33.604] [INFO] default - Updating cases...
[2023-03-23T13:37:38.618] [INFO] default - Updating cases...
[2023-03-23T13:37:43.629] [INFO] default - Updating cases...
[2023-03-23T13:37:48.633] [INFO] default - Updating cases...
[2023-03-23T13:37:53.637] [INFO] default - Updating cases...
[2023-03-23T13:37:58.644] [INFO] default - Updating cases...
[2023-03-23T13:38:03.659] [INFO] default - Updating cases...
[2023-03-23T13:38:08.676] [INFO] default - Updating cases...
[2023-03-23T13:38:13.689] [INFO] default - Updating cases...
[2023-03-23T13:38:18.704] [INFO] default - Updating cases...
[2023-03-23T13:38:23.721] [INFO] default - Updating cases...
[2023-03-23T13:38:28.725] [INFO] default - Updating cases...
[2023-03-23T13:38:33.737] [INFO] default - Updating cases...
[2023-03-23T13:38:38.750] [INFO] default - Updating cases...
[2023-03-23T13:38:43.763] [INFO] default - Updating cases...
[2023-03-23T13:38:48.765] [INFO] default - Updating cases...
[2023-03-23T13:38:53.782] [INFO] default - Updating cases...
[2023-03-23T13:38:58.785] [INFO] default - Updating cases...
[2023-03-23T13:39:03.797] [INFO] default - Updating cases...
[2023-03-23T13:39:08.803] [INFO] default - Updating cases...
[2023-03-23T13:39:13.805] [INFO] default - Updating cases...
[2023-03-23T13:39:18.812] [INFO] default - Updating cases...
[2023-03-23T13:39:23.816] [INFO] default - Updating cases...
[2023-03-23T13:39:28.837] [INFO] default - Updating cases...
[2023-03-23T13:39:33.849] [INFO] default - Updating cases...
[2023-03-23T13:39:38.854] [INFO] default - Updating cases...
[2023-03-23T13:39:43.864] [INFO] default - Updating cases...
[2023-03-23T13:39:48.882] [INFO] default - Updating cases...
[2023-03-23T13:39:53.894] [INFO] default - Updating cases...
[2023-03-23T13:39:58.909] [INFO] default - Updating cases...
[2023-03-23T13:40:03.924] [INFO] default - Updating cases...
[2023-03-23T13:40:08.928] [INFO] default - Updating cases...
[2023-03-23T13:40:13.938] [INFO] default - Updating cases...
[2023-03-23T13:40:18.943] [INFO] default - Updating cases...
[2023-03-23T13:40:23.957] [INFO] default - Updating cases...
[2023-03-23T13:40:28.970] [INFO] default - Updating cases...
[2023-03-23T13:40:33.977] [INFO] default - Updating cases...
[2023-03-23T13:40:38.987] [INFO] default - Updating cases...
[2023-03-23T13:40:44.009] [INFO] default - Updating cases...
[2023-03-23T13:40:49.012] [INFO] default - Updating cases...
[2023-03-23T13:40:54.024] [INFO] default - Updating cases...
[2023-03-23T13:40:59.028] [INFO] default - Updating cases...
[2023-03-23T13:41:04.048] [INFO] default - Updating cases...
[2023-03-23T13:41:09.052] [INFO] default - Updating cases...
[2023-03-23T13:41:14.061] [INFO] default - Updating cases...
[2023-03-23T13:41:19.077] [INFO] default - Updating cases...
[2023-03-23T13:41:24.089] [INFO] default - Updating cases...
[2023-03-23T13:41:29.129] [INFO] default - Updating cases...
[2023-03-23T13:41:34.207] [INFO] default - Updating cases...
[2023-03-23T13:41:39.211] [INFO] default - Updating cases...
[2023-03-23T13:41:44.220] [INFO] default - Updating cases...
[2023-03-23T13:41:49.231] [INFO] default - Updating cases...
[2023-03-23T13:41:54.242] [INFO] default - Updating cases...
[2023-03-23T13:41:59.245] [INFO] default - Updating cases...
[2023-03-23T13:42:04.251] [INFO] default - Updating cases...
[2023-03-23T13:42:09.269] [INFO] default - Updating cases...
[2023-03-23T13:42:14.276] [INFO] default - Updating cases...
[2023-03-23T13:42:19.287] [INFO] default - Updating cases...
[2023-03-23T13:42:24.290] [INFO] default - Updating cases...
[2023-03-23T13:42:29.306] [INFO] default - Updating cases...
[2023-03-23T13:42:34.321] [INFO] default - Updating cases...
[2023-03-23T13:42:39.330] [INFO] default - Updating cases...
[2023-03-23T13:42:44.336] [INFO] default - Updating cases...
[2023-03-23T13:42:49.352] [INFO] default - Updating cases...
[2023-03-23T13:42:54.356] [INFO] default - Updating cases...
[2023-03-23T13:42:59.359] [INFO] default - Updating cases...
[2023-03-23T13:43:04.373] [INFO] default - Updating cases...
[2023-03-23T13:43:09.384] [INFO] default - Updating cases...
[2023-03-23T13:43:14.398] [INFO] default - Updating cases...
[2023-03-23T13:43:19.409] [INFO] default - Updating cases...
[2023-03-23T13:43:24.420] [INFO] default - Updating cases...
[2023-03-23T13:43:29.427] [INFO] default - Updating cases...
[2023-03-23T13:43:34.435] [INFO] default - Updating cases...
[2023-03-23T13:43:39.452] [INFO] default - Updating cases...
[2023-03-23T13:43:44.467] [INFO] default - Updating cases...
[2023-03-23T13:43:49.478] [INFO] default - Updating cases...
[2023-03-23T13:43:54.481] [INFO] default - Updating cases...
[2023-03-23T13:43:59.498] [INFO] default - Updating cases...
[2023-03-23T13:44:04.509] [INFO] default - Updating cases...
[2023-03-23T13:44:09.511] [INFO] default - Updating cases...
[2023-03-23T13:44:14.518] [INFO] default - Updating cases...
[2023-03-23T13:44:19.535] [INFO] default - Updating cases...
[2023-03-23T13:44:24.543] [INFO] default - Updating cases...
[2023-03-23T13:44:29.552] [INFO] default - Updating cases...
[2023-03-23T13:44:34.556] [INFO] default - Updating cases...
[2023-03-23T13:44:39.565] [INFO] default - Updating cases...
[2023-03-23T13:44:44.569] [INFO] default - Updating cases...
[2023-03-23T13:44:49.581] [INFO] default - Updating cases...
[2023-03-23T13:44:54.596] [INFO] default - Updating cases...
[2023-03-23T13:44:59.605] [INFO] default - Updating cases...
[2023-03-23T13:45:04.616] [INFO] default - Updating cases...
[2023-03-23T13:45:09.620] [INFO] default - Updating cases...
[2023-03-23T13:45:14.630] [INFO] default - Updating cases...
[2023-03-23T13:45:19.641] [INFO] default - Updating cases...
[2023-03-23T13:45:24.655] [INFO] default - Updating cases...
[2023-03-23T13:45:29.662] [INFO] default - Updating cases...
[2023-03-23T13:45:34.667] [INFO] default - Updating cases...
[2023-03-23T13:45:39.678] [INFO] default - Updating cases...
[2023-03-23T13:45:44.695] [INFO] default - Updating cases...
[2023-03-23T13:45:49.706] [INFO] default - Updating cases...
[2023-03-23T13:45:54.716] [INFO] default - Updating cases...
[2023-03-23T13:45:59.725] [INFO] default - Updating cases...
[2023-03-23T13:46:04.726] [INFO] default - Updating cases...
[2023-03-23T13:46:09.736] [INFO] default - Updating cases...
[2023-03-23T13:46:14.748] [INFO] default - Updating cases...
[2023-03-23T13:46:19.757] [INFO] default - Updating cases...
[2023-03-23T13:46:24.774] [INFO] default - Updating cases...
[2023-03-23T13:46:29.789] [INFO] default - Updating cases...
[2023-03-23T13:46:34.802] [INFO] default - Updating cases...
[2023-03-23T13:46:39.809] [INFO] default - Updating cases...
[2023-03-23T13:46:44.812] [INFO] default - Updating cases...
[2023-03-23T13:46:49.822] [INFO] default - Updating cases...
[2023-03-23T13:46:54.826] [INFO] default - Updating cases...
[2023-03-23T13:46:59.832] [INFO] default - Updating cases...
[2023-03-23T13:47:04.848] [INFO] default - Updating cases...
[2023-03-23T13:47:09.859] [INFO] default - Updating cases...
[2023-03-23T13:47:14.869] [INFO] default - Updating cases...
[2023-03-23T13:47:19.882] [INFO] default - Updating cases...
[2023-03-23T13:47:24.894] [INFO] default - Updating cases...
[2023-03-23T13:47:29.909] [INFO] default - Updating cases...
[2023-03-23T13:47:34.911] [INFO] default - Updating cases...
[2023-03-23T13:47:39.923] [INFO] default - Updating cases...
[2023-03-23T13:47:44.934] [INFO] default - Updating cases...
[2023-03-23T13:47:49.941] [INFO] default - Updating cases...
[2023-03-23T13:47:54.948] [INFO] default - Updating cases...
[2023-03-23T13:47:59.954] [INFO] default - Updating cases...
[2023-03-23T13:48:04.957] [INFO] default - Updating cases...
[2023-03-23T13:48:09.973] [INFO] default - Updating cases...
[2023-03-23T13:48:14.984] [INFO] default - Updating cases...
[2023-03-23T13:48:19.989] [INFO] default - Updating cases...
[2023-03-23T13:48:25.002] [INFO] default - Updating cases...
[2023-03-23T13:48:30.007] [INFO] default - Updating cases...
[2023-03-23T13:48:35.024] [INFO] default - Updating cases...
[2023-03-23T13:48:40.028] [INFO] default - Updating cases...
[2023-03-23T13:48:45.033] [INFO] default - Updating cases...
[2023-03-23T13:48:50.034] [INFO] default - Updating cases...
[2023-03-23T13:48:55.044] [INFO] default - Updating cases...
[2023-03-23T13:49:00.058] [INFO] default - Updating cases...
[2023-03-23T13:49:05.073] [INFO] default - Updating cases...
[2023-03-23T13:49:10.088] [INFO] default - Updating cases...
[2023-03-23T13:49:15.091] [INFO] default - Updating cases...
[2023-03-23T13:49:20.103] [INFO] default - Updating cases...
[2023-03-23T13:49:25.109] [INFO] default - Updating cases...
[2023-03-23T13:49:30.114] [INFO] default - Updating cases...
[2023-03-23T13:49:35.128] [INFO] default - Updating cases...
[2023-03-23T13:49:40.137] [INFO] default - Updating cases...
[2023-03-23T13:49:45.145] [INFO] default - Updating cases...
[2023-03-23T13:49:50.153] [INFO] default - Updating cases...
[2023-03-23T13:49:55.164] [INFO] default - Updating cases...
[2023-03-23T13:50:00.176] [INFO] default - Updating cases...
[2023-03-23T13:50:05.188] [INFO] default - Updating cases...
[2023-03-23T13:50:10.198] [INFO] default - Updating cases...
[2023-03-23T13:50:15.207] [INFO] default - Updating cases...
[2023-03-23T13:50:20.221] [INFO] default - Updating cases...
[2023-03-23T13:50:25.242] [INFO] default - Updating cases...
[2023-03-23T13:50:30.256] [INFO] default - Updating cases...
[2023-03-23T13:50:35.267] [INFO] default - Updating cases...
[2023-03-23T13:50:40.284] [INFO] default - Updating cases...
[2023-03-23T13:50:45.294] [INFO] default - Updating cases...
[2023-03-23T13:50:50.308] [INFO] default - Updating cases...
[2023-03-23T13:50:55.319] [INFO] default - Updating cases...
[2023-03-23T13:51:00.323] [INFO] default - Updating cases...
[2023-03-23T13:51:05.333] [INFO] default - Updating cases...
[2023-03-23T13:51:10.342] [INFO] default - Updating cases...
[2023-03-23T13:51:15.354] [INFO] default - Updating cases...
[2023-03-23T13:51:20.368] [INFO] default - Updating cases...
[2023-03-23T13:51:25.386] [INFO] default - Updating cases...
[2023-03-23T13:51:30.401] [INFO] default - Updating cases...
[2023-03-23T13:51:35.408] [INFO] default - Updating cases...
[2023-03-23T13:51:40.416] [INFO] default - Updating cases...
[2023-03-23T13:51:45.426] [INFO] default - Updating cases...
[2023-03-23T13:51:50.429] [INFO] default - Updating cases...
[2023-03-23T13:51:55.433] [INFO] default - Updating cases...
[2023-03-23T13:52:00.440] [INFO] default - Updating cases...
[2023-03-23T13:52:05.452] [INFO] default - Updating cases...
[2023-03-23T13:52:10.463] [INFO] default - Updating cases...
[2023-03-23T13:52:15.472] [INFO] default - Updating cases...
[2023-03-23T13:52:20.482] [INFO] default - Updating cases...
[2023-03-23T13:52:25.486] [INFO] default - Updating cases...
[2023-03-23T13:52:30.493] [INFO] default - Updating cases...
[2023-03-23T13:52:35.505] [INFO] default - Updating cases...
[2023-03-23T13:52:40.514] [INFO] default - Updating cases...
[2023-03-23T13:52:45.527] [INFO] default - Updating cases...
[2023-03-23T13:52:50.547] [INFO] default - Updating cases...
[2023-03-23T13:52:55.567] [INFO] default - Updating cases...
[2023-03-23T13:53:00.578] [INFO] default - Updating cases...
[2023-03-23T13:53:05.594] [INFO] default - Updating cases...
[2023-03-23T13:53:10.603] [INFO] default - Updating cases...
[2023-03-23T13:53:15.610] [INFO] default - Updating cases...
[2023-03-23T13:53:20.620] [INFO] default - Updating cases...
[2023-03-23T13:53:25.634] [INFO] default - Updating cases...
[2023-03-23T13:53:30.651] [INFO] default - Updating cases...
[2023-03-23T13:53:35.668] [INFO] default - Updating cases...
[2023-03-23T13:53:40.688] [INFO] default - Updating cases...
[2023-03-23T13:53:45.694] [INFO] default - Updating cases...
[2023-03-23T13:53:50.700] [INFO] default - Updating cases...
[2023-03-23T13:53:55.707] [INFO] default - Updating cases...
[2023-03-23T13:54:00.725] [INFO] default - Updating cases...
[2023-03-23T13:54:05.741] [INFO] default - Updating cases...
[2023-03-23T13:54:10.760] [INFO] default - Updating cases...
[2023-03-23T13:54:15.767] [INFO] default - Updating cases...
[2023-03-23T13:54:20.787] [INFO] default - Updating cases...
[2023-03-23T13:54:25.802] [INFO] default - Updating cases...
[2023-03-23T13:54:30.810] [INFO] default - Updating cases...
[2023-03-23T13:54:35.828] [INFO] default - Updating cases...
[2023-03-23T13:54:40.846] [INFO] default - Updating cases...
[2023-03-23T13:54:45.856] [INFO] default - Updating cases...
[2023-03-23T13:54:50.866] [INFO] default - Updating cases...
[2023-03-23T13:54:55.877] [INFO] default - Updating cases...
[2023-03-23T13:55:00.894] [INFO] default - Updating cases...
[2023-03-23T13:55:05.898] [INFO] default - Updating cases...
[2023-03-23T13:55:10.910] [INFO] default - Updating cases...
[2023-03-23T13:55:15.916] [INFO] default - Updating cases...
[2023-03-23T13:55:20.934] [INFO] default - Updating cases...
[2023-03-23T13:55:25.956] [INFO] default - Updating cases...
[2023-03-23T13:55:30.974] [INFO] default - Updating cases...
[2023-03-23T13:55:35.982] [INFO] default - Updating cases...
[2023-03-23T13:55:40.996] [INFO] default - Updating cases...
[2023-03-23T13:55:46.005] [INFO] default - Updating cases...
[2023-03-23T13:55:51.012] [INFO] default - Updating cases...
[2023-03-23T13:55:56.029] [INFO] default - Updating cases...
[2023-03-23T13:56:01.034] [INFO] default - Updating cases...
[2023-03-23T13:56:06.039] [INFO] default - Updating cases...
[2023-03-23T13:56:11.056] [INFO] default - Updating cases...
[2023-03-23T13:56:16.059] [INFO] default - Updating cases...
[2023-03-23T13:56:21.063] [INFO] default - Updating cases...
[2023-03-23T13:56:26.073] [INFO] default - Updating cases...
[2023-03-23T13:56:31.089] [INFO] default - Updating cases...
[2023-03-23T13:56:36.104] [INFO] default - Updating cases...
[2023-03-23T13:56:41.116] [INFO] default - Updating cases...
[2023-03-23T13:56:46.126] [INFO] default - Updating cases...
[2023-03-23T13:56:51.133] [INFO] default - Updating cases...
[2023-03-23T13:56:56.149] [INFO] default - Updating cases...
[2023-03-23T13:57:01.167] [INFO] default - Updating cases...
[2023-03-23T13:57:06.175] [INFO] default - Updating cases...
[2023-03-23T13:57:11.178] [INFO] default - Updating cases...
[2023-03-23T13:57:16.185] [INFO] default - Updating cases...
[2023-03-23T13:57:21.198] [INFO] default - Updating cases...
[2023-03-23T13:57:26.206] [INFO] default - Updating cases...
[2023-03-23T13:57:31.214] [INFO] default - Updating cases...
[2023-03-23T13:57:36.232] [INFO] default - Updating cases...
[2023-03-23T13:57:41.249] [INFO] default - Updating cases...
[2023-03-23T13:57:46.254] [INFO] default - Updating cases...
[2023-03-23T13:57:51.269] [INFO] default - Updating cases...
[2023-03-23T13:57:56.283] [INFO] default - Updating cases...
[2023-03-23T13:58:01.292] [INFO] default - Updating cases...
[2023-03-23T13:58:06.307] [INFO] default - Updating cases...
[2023-03-23T13:58:11.314] [INFO] default - Updating cases...
[2023-03-23T13:58:16.317] [INFO] default - Updating cases...
[2023-03-23T13:58:21.325] [INFO] default - Updating cases...
[2023-03-23T13:58:26.338] [INFO] default - Updating cases...
[2023-03-23T13:58:31.353] [INFO] default - Updating cases...
[2023-03-23T13:58:36.368] [INFO] default - Updating cases...
[2023-03-23T13:58:41.381] [INFO] default - Updating cases...
[2023-03-23T13:58:46.390] [INFO] default - Updating cases...
[2023-03-23T13:58:51.395] [INFO] default - Updating cases...
[2023-03-23T13:58:56.411] [INFO] default - Updating cases...
[2023-03-23T13:59:01.414] [INFO] default - Updating cases...
[2023-03-23T13:59:06.417] [INFO] default - Updating cases...
[2023-03-23T13:59:11.431] [INFO] default - Updating cases...
[2023-03-23T13:59:16.446] [INFO] default - Updating cases...
[2023-03-23T13:59:21.469] [INFO] default - Updating cases...
[2023-03-23T13:59:26.488] [INFO] default - Updating cases...
[2023-03-23T13:59:31.499] [INFO] default - Updating cases...
[2023-03-23T13:59:36.515] [INFO] default - Updating cases...
[2023-03-23T13:59:41.521] [INFO] default - Updating cases...
[2023-03-23T13:59:46.531] [INFO] default - Updating cases...
[2023-03-23T13:59:51.540] [INFO] default - Updating cases...
[2023-03-23T13:59:56.555] [INFO] default - Updating cases...
[2023-03-23T14:00:01.558] [INFO] default - Updating cases...
[2023-03-23T14:00:06.568] [INFO] default - Updating cases...
[2023-03-23T14:00:11.574] [INFO] default - Updating cases...
[2023-03-23T14:00:16.582] [INFO] default - Updating cases...
[2023-03-23T14:00:21.599] [INFO] default - Updating cases...
[2023-03-23T14:00:26.614] [INFO] default - Updating cases...
[2023-03-23T14:00:31.627] [INFO] default - Updating cases...
[2023-03-23T14:00:36.637] [INFO] default - Updating cases...
[2023-03-23T14:00:41.647] [INFO] default - Updating cases...
[2023-03-23T14:00:46.655] [INFO] default - Updating cases...
[2023-03-23T14:00:51.672] [INFO] default - Updating cases...
[2023-03-23T14:00:56.685] [INFO] default - Updating cases...
[2023-03-23T14:01:01.698] [INFO] default - Updating cases...
[2023-03-23T14:01:06.706] [INFO] default - Updating cases...
[2023-03-23T14:01:11.714] [INFO] default - Updating cases...
[2023-03-23T14:01:16.724] [INFO] default - Updating cases...
[2023-03-23T14:01:21.729] [INFO] default - Updating cases...
[2023-03-23T14:01:26.739] [INFO] default - Updating cases...
[2023-03-23T14:01:31.754] [INFO] default - Updating cases...
[2023-03-23T14:01:36.763] [INFO] default - Updating cases...
[2023-03-23T14:01:41.773] [INFO] default - Updating cases...
[2023-03-23T14:01:46.783] [INFO] default - Updating cases...
[2023-03-23T14:01:51.787] [INFO] default - Updating cases...
[2023-03-23T14:01:56.795] [INFO] default - Updating cases...
[2023-03-23T14:02:01.797] [INFO] default - Updating cases...
[2023-03-23T14:02:06.800] [INFO] default - Updating cases...
[2023-03-23T14:02:11.814] [INFO] default - Updating cases...
[2023-03-23T14:02:16.824] [INFO] default - Updating cases...
[2023-03-23T14:02:21.834] [INFO] default - Updating cases...
[2023-03-23T14:02:26.846] [INFO] default - Updating cases...
[2023-03-23T14:02:31.855] [INFO] default - Updating cases...
[2023-03-23T14:02:36.878] [INFO] default - Updating cases...
[2023-03-23T14:02:41.889] [INFO] default - Updating cases...
[2023-03-23T14:02:46.902] [INFO] default - Updating cases...
[2023-03-23T14:02:51.907] [INFO] default - Updating cases...
[2023-03-23T14:02:56.936] [INFO] default - Updating cases...
[2023-03-23T14:03:01.951] [INFO] default - Updating cases...
[2023-03-23T14:03:06.956] [INFO] default - Updating cases...
[2023-03-23T14:03:11.968] [INFO] default - Updating cases...
[2023-03-23T14:03:16.976] [INFO] default - Updating cases...
[2023-03-23T14:03:21.993] [INFO] default - Updating cases...
[2023-03-23T14:03:27.007] [INFO] default - Updating cases...
[2023-03-23T14:03:32.021] [INFO] default - Updating cases...
[2023-03-23T14:03:37.023] [INFO] default - Updating cases...
[2023-03-23T14:03:42.028] [INFO] default - Updating cases...
[2023-03-23T14:03:47.032] [INFO] default - Updating cases...
[2023-03-23T14:03:52.037] [INFO] default - Updating cases...
[2023-03-23T14:03:57.043] [INFO] default - Updating cases...
[2023-03-23T14:04:02.051] [INFO] default - Updating cases...
[2023-03-23T14:04:07.054] [INFO] default - Updating cases...
[2023-03-23T14:04:12.063] [INFO] default - Updating cases...
[2023-03-23T14:04:17.075] [INFO] default - Updating cases...
[2023-03-23T14:04:22.083] [INFO] default - Updating cases...
[2023-03-23T14:04:27.091] [INFO] default - Updating cases...
[2023-03-23T14:04:32.107] [INFO] default - Updating cases...
[2023-03-23T14:04:37.113] [INFO] default - Updating cases...
[2023-03-23T14:04:42.119] [INFO] default - Updating cases...
[2023-03-23T14:04:47.129] [INFO] default - Updating cases...
[2023-03-23T14:04:52.140] [INFO] default - Updating cases...
[2023-03-23T14:04:57.145] [INFO] default - Updating cases...
[2023-03-23T14:05:02.149] [INFO] default - Updating cases...
[2023-03-23T14:05:07.153] [INFO] default - Updating cases...
[2023-03-23T14:05:12.165] [INFO] default - Updating cases...
[2023-03-23T14:05:17.169] [INFO] default - Updating cases...
[2023-03-23T14:05:22.176] [INFO] default - Updating cases...
[2023-03-23T14:05:27.186] [INFO] default - Updating cases...
[2023-03-23T14:05:32.199] [INFO] default - Updating cases...
[2023-03-23T14:05:37.216] [INFO] default - Updating cases...
[2023-03-23T14:05:42.219] [INFO] default - Updating cases...
[2023-03-23T14:05:47.224] [INFO] default - Updating cases...
[2023-03-23T14:05:52.228] [INFO] default - Updating cases...
[2023-03-23T14:05:57.233] [INFO] default - Updating cases...
[2023-03-23T14:06:02.252] [INFO] default - Updating cases...
[2023-03-23T14:06:07.257] [INFO] default - Updating cases...
[2023-03-23T14:06:12.265] [INFO] default - Updating cases...
[2023-03-23T14:06:17.279] [INFO] default - Updating cases...
[2023-03-23T14:06:22.290] [INFO] default - Updating cases...
[2023-03-23T14:06:27.303] [INFO] default - Updating cases...
[2023-03-23T14:06:32.309] [INFO] default - Updating cases...
[2023-03-23T14:06:37.317] [INFO] default - Updating cases...
[2023-03-23T14:06:42.324] [INFO] default - Updating cases...
[2023-03-23T14:06:47.335] [INFO] default - Updating cases...
[2023-03-23T14:06:52.343] [INFO] default - Updating cases...
[2023-03-23T14:06:57.348] [INFO] default - Updating cases...
[2023-03-23T14:07:02.358] [INFO] default - Updating cases...
[2023-03-23T14:07:07.380] [INFO] default - Updating cases...
[2023-03-23T14:07:12.390] [INFO] default - Updating cases...
[2023-03-23T14:07:17.403] [INFO] default - Updating cases...
[2023-03-23T14:07:22.411] [INFO] default - Updating cases...
[2023-03-23T14:07:27.434] [INFO] default - Updating cases...
[2023-03-23T14:07:32.450] [INFO] default - Updating cases...
[2023-03-23T14:07:37.453] [INFO] default - Updating cases...
[2023-03-23T14:07:42.467] [INFO] default - Updating cases...
[2023-03-23T14:07:47.475] [INFO] default - Updating cases...
[2023-03-23T14:07:52.482] [INFO] default - Updating cases...
[2023-03-23T14:07:57.494] [INFO] default - Updating cases...
[2023-03-23T14:08:02.502] [INFO] default - Updating cases...
[2023-03-23T14:08:07.512] [INFO] default - Updating cases...
[2023-03-23T14:08:12.520] [INFO] default - Updating cases...
