[2023-03-22T00:14:53.083] [INFO] default - Logged in as Academia#0862
[2023-03-22T00:14:53.086] [INFO] default - Loading module Ban.js
[2023-03-22T00:14:53.088] [INFO] default - Loading command Ban.command.js
[2023-03-22T00:14:53.095] [INFO] default - Loaded command CHAT_INPUT_ban
[2023-03-22T00:14:53.096] [INFO] default - Loading command Kick.command.js
[2023-03-22T00:14:53.099] [INFO] default - Loaded command CHAT_INPUT_kick
[2023-03-22T00:14:53.100] [INFO] default - Loading command Mute.command.js
[2023-03-22T00:14:53.104] [INFO] default - Loaded command CHAT_INPUT_mute
[2023-03-22T00:14:53.105] [INFO] default - Loading command Unban.command.js
[2023-03-22T00:14:53.107] [INFO] default - Loaded command CHAT_INPUT_unban
[2023-03-22T00:14:53.109] [INFO] default - Loading command Unmute.command.js
[2023-03-22T00:14:53.111] [INFO] default - Loaded command CHAT_INPUT_unmute
[2023-03-22T00:14:53.111] [INFO] default - Loading command Warn.command.js
[2023-03-22T00:14:53.116] [INFO] default - Loaded command CHAT_INPUT_warn
[2023-03-22T00:14:53.118] [INFO] default - Loading command Ban.command.js
[2023-03-22T00:14:53.124] [INFO] default - Loaded command MESSAGE_CONTEXT_Ban
[2023-03-22T00:14:53.126] [INFO] default - Loading command Kick.command.js
[2023-03-22T00:14:53.130] [INFO] default - Loaded command MESSAGE_CONTEXT_Kick
[2023-03-22T00:14:53.131] [INFO] default - Loading command Mute.command.js
[2023-03-22T00:14:53.134] [INFO] default - Loaded command MESSAGE_CONTEXT_Mute
[2023-03-22T00:14:53.135] [INFO] default - Loading command Warn.command.js
[2023-03-22T00:14:53.137] [INFO] default - Loaded command MESSAGE_CONTEXT_Warn
[2023-03-22T00:14:53.138] [INFO] default - Loading command Ban.command.js
[2023-03-22T00:14:53.142] [INFO] default - Loaded command USER_CONTEXT_Ban
[2023-03-22T00:14:53.143] [INFO] default - Loading command Kick.command.js
[2023-03-22T00:14:53.146] [INFO] default - Loaded command USER_CONTEXT_Kick
[2023-03-22T00:14:53.148] [INFO] default - Loading command Mute.command.js
[2023-03-22T00:14:53.152] [INFO] default - Loaded command USER_CONTEXT_Mute
[2023-03-22T00:14:53.153] [INFO] default - Loading command Warn.command.js
[2023-03-22T00:14:53.156] [INFO] default - Loaded command USER_CONTEXT_Warn
[2023-03-22T00:14:53.157] [INFO] default - All modules and commands loaded
[2023-03-22T00:14:53.173] [INFO] default - Loading module Kick.js
[2023-03-22T00:14:53.175] [INFO] default - Loading module Logging.js
[2023-03-22T00:14:53.179] [INFO] default - Loading module Mute.js
[2023-03-22T00:14:53.181] [INFO] default - Loading module UpdateCase.js
[2023-03-22T00:14:53.187] [INFO] default - Loading module Warn.js
[2023-03-22T00:14:56.200] [INFO] default - Updating cases...
[2023-03-22T00:15:01.217] [INFO] default - Updating cases...
[2023-03-22T00:15:06.223] [INFO] default - Updating cases...
[2023-03-22T00:15:11.241] [INFO] default - Updating cases...
[2023-03-22T00:15:16.247] [INFO] default - Updating cases...
[2023-03-22T00:15:21.258] [INFO] default - Updating cases...
[2023-03-22T00:15:26.272] [INFO] default - Updating cases...
[2023-03-22T00:15:30.827] [INFO] default - /mute run by Osmii#0076
[2023-03-22T00:15:31.293] [INFO] default - Updating cases...
[2023-03-22T00:15:36.299] [INFO] default - Updating cases...
[2023-03-22T00:15:40.931] [INFO] default - /kick run by Osmii#0076
[2023-03-22T00:15:41.320] [INFO] default - Updating cases...
[2023-03-22T00:15:46.334] [INFO] default - Updating cases...
[2023-03-22T00:15:51.348] [INFO] default - Updating cases...
[2023-03-22T00:15:56.358] [INFO] default - Updating cases...
[2023-03-22T00:16:01.367] [INFO] default - Updating cases...
[2023-03-22T00:16:06.378] [INFO] default - Updating cases...
[2023-03-22T00:16:11.393] [INFO] default - Updating cases...
[2023-03-22T00:16:16.400] [INFO] default - Updating cases...
[2023-03-22T00:16:21.409] [INFO] default - Updating cases...
[2023-03-22T00:16:26.427] [INFO] default - Updating cases...
[2023-03-22T00:16:31.441] [INFO] default - Updating cases...
