[2023-03-23T18:06:30.951] [INFO] default - Logged in as Academia#0862
[2023-03-23T18:06:30.957] [INFO] default - Loading module WelcomeAndGoodbye.js
[2023-03-23T18:06:30.959] [INFO] default - Loading module Ban.js
[2023-03-23T18:06:30.961] [INFO] default - Loading module RelayHandler.js
[2023-03-23T18:06:30.963] [INFO] default - Loading module Verification.js
[2023-03-23T18:06:30.966] [INFO] default - Loading command Ban.command.js
[2023-03-23T18:06:30.988] [INFO] default - Loaded command CHAT_INPUT_ban
[2023-03-23T18:06:30.990] [INFO] default - Loading command Cases.command.js
[2023-03-23T18:06:30.994] [INFO] default - Loaded command CHAT_INPUT_cases
[2023-03-23T18:06:30.997] [INFO] default - Loading command Kick.command.js
[2023-03-23T18:06:31.004] [INFO] default - Loaded command CHAT_INPUT_kick
[2023-03-23T18:06:31.009] [INFO] default - Loading command Mute.command.js
[2023-03-23T18:06:31.025] [INFO] default - Loaded command CHAT_INPUT_mute
[2023-03-23T18:06:31.027] [INFO] default - Loading command Reason.command.js
[2023-03-23T18:06:31.033] [INFO] default - Loaded command CHAT_INPUT_reason
[2023-03-23T18:06:31.036] [INFO] default - Loading command Unban.command.js
[2023-03-23T18:06:31.039] [INFO] default - Loaded command CHAT_INPUT_unban
[2023-03-23T18:06:31.040] [INFO] default - Loading command Unmute.command.js
[2023-03-23T18:06:31.048] [INFO] default - Loaded command CHAT_INPUT_unmute
[2023-03-23T18:06:31.050] [INFO] default - Loading command Warn.command.js
[2023-03-23T18:06:31.059] [INFO] default - Loaded command CHAT_INPUT_warn
[2023-03-23T18:06:31.062] [INFO] default - Loading command Ban.command.js
[2023-03-23T18:06:31.072] [INFO] default - Loaded command MESSAGE_CONTEXT_Ban
[2023-03-23T18:06:31.074] [INFO] default - Loading command Kick.command.js
[2023-03-23T18:06:31.080] [INFO] default - Loaded command MESSAGE_CONTEXT_Kick
[2023-03-23T18:06:31.085] [INFO] default - Loading command Mute.command.js
[2023-03-23T18:06:31.091] [INFO] default - Loaded command MESSAGE_CONTEXT_Mute
[2023-03-23T18:06:31.093] [INFO] default - Loading command Warn.command.js
[2023-03-23T18:06:31.101] [INFO] default - Loaded command MESSAGE_CONTEXT_Warn
[2023-03-23T18:06:31.106] [INFO] default - Loading command Ban.command.js
[2023-03-23T18:06:31.112] [INFO] default - Loaded command USER_CONTEXT_Ban
[2023-03-23T18:06:31.114] [INFO] default - Loading command Kick.command.js
[2023-03-23T18:06:31.119] [INFO] default - Loaded command USER_CONTEXT_Kick
[2023-03-23T18:06:31.122] [INFO] default - Loading command Mute.command.js
[2023-03-23T18:06:31.137] [INFO] default - Loaded command USER_CONTEXT_Mute
[2023-03-23T18:06:31.141] [INFO] default - Loading command Warn.command.js
[2023-03-23T18:06:31.147] [INFO] default - Loaded command USER_CONTEXT_Warn
[2023-03-23T18:06:31.151] [INFO] default - All modules and commands loaded
[2023-03-23T18:06:31.214] [INFO] default - Loading module Kick.js
[2023-03-23T18:06:31.217] [INFO] default - Loading module TicketManager.js
[2023-03-23T18:06:31.223] [INFO] default - Loading module VerificationManager.js
[2023-03-23T18:06:31.228] [INFO] default - Loading module Logging.js
[2023-03-23T18:06:31.236] [INFO] default - Loading module Mute.js
[2023-03-23T18:06:31.242] [INFO] default - Loading module UpdateCase.js
[2023-03-23T18:06:31.251] [INFO] default - Loading module Warn.js
[2023-03-23T18:06:34.252] [INFO] default - Updating cases...
[2023-03-23T18:06:39.259] [INFO] default - Updating cases...
[2023-03-23T18:06:44.296] [INFO] default - Updating cases...
[2023-03-23T18:06:49.304] [INFO] default - Updating cases...
[2023-03-23T18:06:54.319] [INFO] default - Updating cases...
[2023-03-23T18:06:59.335] [INFO] default - Updating cases...
[2023-03-23T18:07:04.343] [INFO] default - Updating cases...
[2023-03-23T18:07:09.362] [INFO] default - Updating cases...
[2023-03-23T18:07:14.371] [INFO] default - Updating cases...
[2023-03-23T18:07:19.374] [INFO] default - Updating cases...
[2023-03-23T18:07:24.376] [INFO] default - Updating cases...
[2023-03-23T18:07:29.390] [INFO] default - Updating cases...
[2023-03-23T18:07:34.396] [INFO] default - Updating cases...
[2023-03-23T18:07:39.403] [INFO] default - Updating cases...
[2023-03-23T18:07:44.420] [INFO] default - Updating cases...
[2023-03-23T18:07:49.424] [INFO] default - Updating cases...
[2023-03-23T18:07:54.440] [INFO] default - Updating cases...
[2023-03-23T18:07:59.443] [INFO] default - Updating cases...
[2023-03-23T18:08:04.453] [INFO] default - Updating cases...
[2023-03-23T18:08:09.455] [INFO] default - Updating cases...
[2023-03-23T18:08:14.457] [INFO] default - Updating cases...
[2023-03-23T18:08:19.462] [INFO] default - Updating cases...
[2023-03-23T18:08:24.476] [INFO] default - Updating cases...
[2023-03-23T18:08:29.482] [INFO] default - Updating cases...
[2023-03-23T18:08:34.491] [INFO] default - Updating cases...
[2023-03-23T18:08:39.495] [INFO] default - Updating cases...
[2023-03-23T18:08:44.501] [INFO] default - Updating cases...
[2023-03-23T18:08:49.512] [INFO] default - Updating cases...
[2023-03-23T18:08:54.515] [INFO] default - Updating cases...
[2023-03-23T18:08:59.532] [INFO] default - Updating cases...
[2023-03-23T18:09:04.542] [INFO] default - Updating cases...
[2023-03-23T18:09:09.556] [INFO] default - Updating cases...
[2023-03-23T18:09:14.572] [INFO] default - Updating cases...
