[2023-03-23T17:11:13.122] [INFO] default - Logged in as Academia#0862
[2023-03-23T17:11:13.126] [INFO] default - Loading module WelcomeAndGoodbye.js
[2023-03-23T17:11:13.128] [INFO] default - Loading module Ban.js
[2023-03-23T17:11:13.129] [INFO] default - Loading module RelayHandler.js
[2023-03-23T17:11:13.130] [INFO] default - Loading module Verification.js
[2023-03-23T17:11:13.132] [INFO] default - Loading command Ban.command.js
[2023-03-23T17:11:13.145] [INFO] default - Loaded command CHAT_INPUT_ban
[2023-03-23T17:11:13.147] [INFO] default - Loading command Cases.command.js
[2023-03-23T17:11:13.150] [INFO] default - Loaded command CHAT_INPUT_cases
[2023-03-23T17:11:13.151] [INFO] default - Loading command Kick.command.js
[2023-03-23T17:11:13.157] [INFO] default - Loaded command CHAT_INPUT_kick
[2023-03-23T17:11:13.158] [INFO] default - Loading command Mute.command.js
[2023-03-23T17:11:13.164] [INFO] default - Loaded command CHAT_INPUT_mute
[2023-03-23T17:11:13.166] [INFO] default - Loading command Reason.command.js
[2023-03-23T17:11:13.168] [INFO] default - Loaded command CHAT_INPUT_reason
[2023-03-23T17:11:13.170] [INFO] default - Loading command Unban.command.js
[2023-03-23T17:11:13.173] [INFO] default - Loaded command CHAT_INPUT_unban
[2023-03-23T17:11:13.176] [INFO] default - Loading command Unmute.command.js
[2023-03-23T17:11:13.181] [INFO] default - Loaded command CHAT_INPUT_unmute
[2023-03-23T17:11:13.183] [INFO] default - Loading command Warn.command.js
[2023-03-23T17:11:13.189] [INFO] default - Loaded command CHAT_INPUT_warn
[2023-03-23T17:11:13.193] [INFO] default - Loading command Ban.command.js
[2023-03-23T17:11:13.203] [INFO] default - Loaded command MESSAGE_CONTEXT_Ban
[2023-03-23T17:11:13.205] [INFO] default - Loading command Kick.command.js
[2023-03-23T17:11:13.210] [INFO] default - Loaded command MESSAGE_CONTEXT_Kick
[2023-03-23T17:11:13.213] [INFO] default - Loading command Mute.command.js
[2023-03-23T17:11:13.218] [INFO] default - Loaded command MESSAGE_CONTEXT_Mute
[2023-03-23T17:11:13.221] [INFO] default - Loading command Warn.command.js
[2023-03-23T17:11:13.224] [INFO] default - Loaded command MESSAGE_CONTEXT_Warn
[2023-03-23T17:11:13.227] [INFO] default - Loading command Ban.command.js
[2023-03-23T17:11:13.234] [INFO] default - Loaded command USER_CONTEXT_Ban
[2023-03-23T17:11:13.235] [INFO] default - Loading command Kick.command.js
[2023-03-23T17:11:13.238] [INFO] default - Loaded command USER_CONTEXT_Kick
[2023-03-23T17:11:13.239] [INFO] default - Loading command Mute.command.js
[2023-03-23T17:11:13.247] [INFO] default - Loaded command USER_CONTEXT_Mute
[2023-03-23T17:11:13.248] [INFO] default - Loading command Warn.command.js
[2023-03-23T17:11:13.253] [INFO] default - Loaded command USER_CONTEXT_Warn
[2023-03-23T17:11:13.254] [INFO] default - All modules and commands loaded
[2023-03-23T17:11:13.287] [INFO] default - Loading module Kick.js
[2023-03-23T17:11:13.288] [INFO] default - Loading module TicketManager.js
[2023-03-23T17:11:13.289] [INFO] default - Loading module VerificationManager.js
[2023-03-23T17:11:13.291] [INFO] default - Loading module Logging.js
[2023-03-23T17:11:13.294] [INFO] default - Loading module Mute.js
[2023-03-23T17:11:13.296] [INFO] default - Loading module UpdateCase.js
[2023-03-23T17:11:13.301] [INFO] default - Loading module Warn.js
[2023-03-23T17:11:16.308] [INFO] default - Updating cases...
[2023-03-23T17:11:21.318] [INFO] default - Updating cases...
[2023-03-23T17:11:22.545] [ERROR] default - DiscordAPIError[50035]: Invalid Form Body
components[0].components[0].style[BASE_TYPE_REQUIRED]: This field is required
components[0].components[1].style[BASE_TYPE_REQUIRED]: This field is required
    at SequentialHandler.runRequest (C:\Users\Osmii\Desktop\Personal\discord bots\verification\node_modules\@discordjs\rest\dist\index.js:659:15)
    at process.processTicksAndRejections (node:internal/process/task_queues:95:5)
    at async SequentialHandler.queueRequest (C:\Users\Osmii\Desktop\Personal\discord bots\verification\node_modules\@discordjs\rest\dist\index.js:458:14)
    at async REST.request (C:\Users\Osmii\Desktop\Personal\discord bots\verification\node_modules\@discordjs\rest\dist\index.js:902:22)
    at async TextChannel.send (C:\Users\Osmii\Desktop\Personal\discord bots\verification\node_modules\discord.js\src\structures\interfaces\TextBasedChannel.js:175:15) {
  requestBody: {
    files: [],
    json: {
      content: '',
      tts: false,
      nonce: undefined,
      embeds: [Array],
      components: [Array],
      username: undefined,
      avatar_url: undefined,
      allowed_mentions: undefined,
      flags: undefined,
      message_reference: undefined,
      attachments: undefined,
      sticker_ids: undefined,
      thread_name: undefined
    }
  },
  rawError: {
    code: 50035,
    errors: { components: [Object] },
    message: 'Invalid Form Body'
  },
  code: 50035,
  status: 400,
  method: 'POST',
  url: 'https://discord.com/api/v10/channels/1088577206625775636/messages'
}
[2023-03-23T17:11:22.602] [ERROR] default - CombinedPropertyError (8)
  Received one or more errors

  input[3]
  | CombinedPropertyError (1)
  |   Received one or more errors
  | 
  |   input.name
  |   | ValidationError > s.string
  |   |   Expected a string primitive
  |   | 
  |   |   Received:
  |   |   | undefined

  input[4]
  | CombinedPropertyError (1)
  |   Received one or more errors
  | 
  |   input.name
  |   | ValidationError > s.string
  |   |   Expected a string primitive
  |   | 
  |   |   Received:
  |   |   | undefined

  input[5]
  | CombinedPropertyError (1)
  |   Received one or more errors
  | 
  |   input.name
  |   | ValidationError > s.string
  |   |   Expected a string primitive
  |   | 
  |   |   Received:
  |   |   | undefined

  input[6]
  | CombinedPropertyError (1)
  |   Received one or more errors
  | 
  |   input.name
  |   | ValidationError > s.string
  |   |   Expected a string primitive
  |   | 
  |   |   Received:
  |   |   | undefined

  input[7]
  | CombinedPropertyError (1)
  |   Received one or more errors
  | 
  |   input.name
  |   | ValidationError > s.string
  |   |   Expected a string primitive
  |   | 
  |   |   Received:
  |   |   | undefined

  input[8]
  | CombinedPropertyError (1)
  |   Received one or more errors
  | 
  |   input.name
  |   | ValidationError > s.string
  |   |   Expected a string primitive
  |   | 
  |   |   Received:
  |   |   | undefined

  input[9]
  | CombinedPropertyError (1)
  |   Received one or more errors
  | 
  |   input.name
  |   | ValidationError > s.string
  |   |   Expected a string primitive
  |   | 
  |   |   Received:
  |   |   | undefined

  input[10]
  | CombinedPropertyError (1)
  |   Received one or more errors
  | 
  |   input.name
  |   | ValidationError > s.string
  |   |   Expected a string primitive
  |   | 
  |   |   Received:
  |   |   | undefined

    at ArrayValidator.handle (C:\Users\Osmii\Desktop\Personal\discord bots\verification\node_modules\@sapphire\shapeshift\dist\index.js:427:70)
    at ArrayValidator.parse (C:\Users\Osmii\Desktop\Personal\discord bots\verification\node_modules\@sapphire\shapeshift\dist\index.js:113:88)
    at EmbedBuilder.addFields (C:\Users\Osmii\Desktop\Personal\discord bots\verification\node_modules\@discordjs\builders\dist\index.js:191:31)
    at VerificationManager.<anonymous> (C:\Users\Osmii\Desktop\Personal\discord bots\verification\build\modules\verification\VerificationManager.js:61:26)
    at Generator.next (<anonymous>)
    at fulfilled (C:\Users\Osmii\Desktop\Personal\discord bots\verification\build\modules\verification\VerificationManager.js:5:58)
    at process.processTicksAndRejections (node:internal/process/task_queues:95:5)
[2023-03-23T17:11:26.332] [INFO] default - Updating cases...
[2023-03-23T17:11:31.336] [INFO] default - Updating cases...
[2023-03-23T17:11:36.340] [INFO] default - Updating cases...
