[2023-03-22T15:46:52.093] [INFO] default - Logged in as Academia#0862
[2023-03-22T15:46:52.101] [INFO] default - Loading module Ban.js
[2023-03-22T15:46:52.104] [INFO] default - Loading command Ban.command.js
[2023-03-22T15:46:52.127] [INFO] default - Loaded command CHAT_INPUT_ban
[2023-03-22T15:46:52.129] [INFO] default - Loading command Cases.command.js
[2023-03-22T15:46:52.134] [INFO] default - Loaded command CHAT_INPUT_cases
[2023-03-22T15:46:52.137] [INFO] default - Loading command Kick.command.js
[2023-03-22T15:46:52.146] [INFO] default - Loaded command CHAT_INPUT_kick
[2023-03-22T15:46:52.149] [INFO] default - Loading command Mute.command.js
[2023-03-22T15:46:52.156] [INFO] default - Loaded command CHAT_INPUT_mute
[2023-03-22T15:46:52.159] [INFO] default - Loading command Unban.command.js
[2023-03-22T15:46:52.165] [INFO] default - Loaded command CHAT_INPUT_unban
[2023-03-22T15:46:52.166] [INFO] default - Loading command Unmute.command.js
[2023-03-22T15:46:52.170] [INFO] default - Loaded command CHAT_INPUT_unmute
[2023-03-22T15:46:52.172] [INFO] default - Loading command Warn.command.js
[2023-03-22T15:46:52.181] [INFO] default - Loaded command CHAT_INPUT_warn
[2023-03-22T15:46:52.183] [INFO] default - Loading command Ban.command.js
[2023-03-22T15:46:52.194] [INFO] default - Loaded command MESSAGE_CONTEXT_Ban
[2023-03-22T15:46:52.200] [INFO] default - Loading command Kick.command.js
[2023-03-22T15:46:52.205] [INFO] default - Loaded command MESSAGE_CONTEXT_Kick
[2023-03-22T15:46:52.210] [INFO] default - Loading command Mute.command.js
[2023-03-22T15:46:52.217] [INFO] default - Loaded command MESSAGE_CONTEXT_Mute
[2023-03-22T15:46:52.219] [INFO] default - Loading command Warn.command.js
[2023-03-22T15:46:52.227] [INFO] default - Loaded command MESSAGE_CONTEXT_Warn
[2023-03-22T15:46:52.230] [INFO] default - Loading command Ban.command.js
[2023-03-22T15:46:52.236] [INFO] default - Loaded command USER_CONTEXT_Ban
[2023-03-22T15:46:52.239] [INFO] default - Loading command Kick.command.js
[2023-03-22T15:46:52.244] [INFO] default - Loaded command USER_CONTEXT_Kick
[2023-03-22T15:46:52.245] [INFO] default - Loading command Mute.command.js
[2023-03-22T15:46:52.251] [INFO] default - Loaded command USER_CONTEXT_Mute
[2023-03-22T15:46:52.252] [INFO] default - Loading command Warn.command.js
[2023-03-22T15:46:52.257] [INFO] default - Loaded command USER_CONTEXT_Warn
[2023-03-22T15:46:52.259] [INFO] default - All modules and commands loaded
[2023-03-22T15:46:52.282] [INFO] default - Loading module Kick.js
[2023-03-22T15:46:52.286] [INFO] default - Loading module Logging.js
[2023-03-22T15:46:52.290] [INFO] default - Loading module Mute.js
[2023-03-22T15:46:52.292] [INFO] default - Loading module UpdateCase.js
[2023-03-22T15:46:52.299] [INFO] default - Loading module Warn.js
[2023-03-22T15:46:55.306] [INFO] default - Updating cases...
[2023-03-22T15:47:00.324] [INFO] default - Updating cases...
[2023-03-22T15:47:05.339] [INFO] default - Updating cases...
[2023-03-22T15:47:10.350] [INFO] default - Updating cases...
[2023-03-22T15:47:15.355] [INFO] default - Updating cases...
[2023-03-22T15:47:19.954] [INFO] default - /cases run by Osmii#0076
[2023-03-22T15:47:20.362] [INFO] default - Updating cases...
[2023-03-22T15:47:25.377] [INFO] default - Updating cases...
[2023-03-22T15:47:30.404] [INFO] default - Updating cases...
[2023-03-22T15:47:35.545] [INFO] default - Updating cases...
[2023-03-22T15:47:40.549] [INFO] default - Updating cases...
[2023-03-22T15:47:45.558] [INFO] default - Updating cases...
[2023-03-22T15:47:50.569] [INFO] default - Updating cases...
[2023-03-22T15:47:55.590] [INFO] default - Updating cases...
[2023-03-22T15:48:00.593] [INFO] default - Updating cases...
[2023-03-22T15:48:05.618] [INFO] default - Updating cases...
[2023-03-22T15:48:10.626] [INFO] default - Updating cases...
[2023-03-22T15:48:15.629] [INFO] default - Updating cases...
[2023-03-22T15:48:20.634] [INFO] default - Updating cases...
[2023-03-22T15:48:25.640] [INFO] default - Updating cases...
[2023-03-22T15:48:30.653] [INFO] default - Updating cases...
[2023-03-22T15:48:35.657] [INFO] default - Updating cases...
[2023-03-22T15:48:40.670] [INFO] default - Updating cases...
[2023-03-22T15:48:45.675] [INFO] default - Updating cases...
[2023-03-22T15:48:50.692] [INFO] default - Updating cases...
[2023-03-22T15:48:55.713] [INFO] default - Updating cases...
[2023-03-22T15:49:00.729] [INFO] default - Updating cases...
[2023-03-22T15:49:05.734] [INFO] default - Updating cases...
[2023-03-22T15:49:10.752] [INFO] default - Updating cases...
[2023-03-22T15:49:15.767] [INFO] default - Updating cases...
