[2023-03-23T02:23:21.673] [INFO] default - Logged in as Academia#0862
[2023-03-23T02:23:21.678] [INFO] default - Loading module Ban.js
[2023-03-23T02:23:21.681] [INFO] default - Loading command Ban.command.js
[2023-03-23T02:23:21.695] [INFO] default - Loaded command CHAT_INPUT_ban
[2023-03-23T02:23:21.696] [INFO] default - Loading command Cases.command.js
[2023-03-23T02:23:21.698] [INFO] default - Loaded command CHAT_INPUT_cases
[2023-03-23T02:23:21.699] [INFO] default - Loading command Kick.command.js
[2023-03-23T02:23:21.702] [INFO] default - Loaded command CHAT_INPUT_kick
[2023-03-23T02:23:21.704] [INFO] default - Loading command Mute.command.js
[2023-03-23T02:23:21.710] [INFO] default - Loaded command CHAT_INPUT_mute
[2023-03-23T02:23:21.711] [INFO] default - Loading command Reason.command.js
[2023-03-23T02:23:21.715] [INFO] default - Loaded command CHAT_INPUT_reason
[2023-03-23T02:23:21.716] [INFO] default - Loading command Unban.command.js
[2023-03-23T02:23:21.718] [INFO] default - Loaded command CHAT_INPUT_unban
[2023-03-23T02:23:21.719] [INFO] default - Loading command Unmute.command.js
[2023-03-23T02:23:21.723] [INFO] default - Loaded command CHAT_INPUT_unmute
[2023-03-23T02:23:21.725] [INFO] default - Loading command Warn.command.js
[2023-03-23T02:23:21.729] [INFO] default - Loaded command CHAT_INPUT_warn
[2023-03-23T02:23:21.732] [INFO] default - Loading command Ban.command.js
[2023-03-23T02:23:21.742] [INFO] default - Loaded command MESSAGE_CONTEXT_Ban
[2023-03-23T02:23:21.744] [INFO] default - Loading command Kick.command.js
[2023-03-23T02:23:21.748] [INFO] default - Loaded command MESSAGE_CONTEXT_Kick
[2023-03-23T02:23:21.750] [INFO] default - Loading command Mute.command.js
[2023-03-23T02:23:21.757] [INFO] default - Loaded command MESSAGE_CONTEXT_Mute
[2023-03-23T02:23:21.759] [INFO] default - Loading command Warn.command.js
[2023-03-23T02:23:21.762] [INFO] default - Loaded command MESSAGE_CONTEXT_Warn
[2023-03-23T02:23:21.764] [INFO] default - Loading command Ban.command.js
[2023-03-23T02:23:21.768] [INFO] default - Loaded command USER_CONTEXT_Ban
[2023-03-23T02:23:21.769] [INFO] default - Loading command Kick.command.js
[2023-03-23T02:23:21.772] [INFO] default - Loaded command USER_CONTEXT_Kick
[2023-03-23T02:23:21.774] [INFO] default - Loading command Mute.command.js
[2023-03-23T02:23:21.778] [INFO] default - Loaded command USER_CONTEXT_Mute
[2023-03-23T02:23:21.779] [INFO] default - Loading command Warn.command.js
[2023-03-23T02:23:21.783] [INFO] default - Loaded command USER_CONTEXT_Warn
[2023-03-23T02:23:21.784] [INFO] default - All modules and commands loaded
[2023-03-23T02:23:21.802] [INFO] default - Loading module Kick.js
[2023-03-23T02:23:21.804] [INFO] default - Loading module Logging.js
[2023-03-23T02:23:21.806] [INFO] default - Loading module Mute.js
[2023-03-23T02:23:21.808] [INFO] default - Loading module UpdateCase.js
[2023-03-23T02:23:21.813] [INFO] default - Loading module Warn.js
[2023-03-23T02:23:24.826] [INFO] default - Updating cases...
[2023-03-23T02:23:29.834] [INFO] default - Updating cases...
[2023-03-23T02:23:34.849] [INFO] default - Updating cases...
[2023-03-23T02:23:39.861] [INFO] default - Updating cases...
[2023-03-23T02:23:44.867] [INFO] default - Updating cases...
[2023-03-23T02:23:49.878] [INFO] default - Updating cases...
[2023-03-23T02:23:52.445] [INFO] default - /reason run by Osmii#0076
[2023-03-23T02:23:54.884] [INFO] default - Updating cases...
[2023-03-23T02:23:59.893] [INFO] default - Updating cases...
[2023-03-23T02:24:04.912] [INFO] default - Updating cases...
[2023-03-23T02:24:09.921] [INFO] default - Updating cases...
[2023-03-23T02:24:14.924] [INFO] default - Updating cases...
[2023-03-23T02:24:19.941] [INFO] default - Updating cases...
[2023-03-23T02:24:24.951] [INFO] default - Updating cases...
[2023-03-23T02:24:29.960] [INFO] default - Updating cases...
[2023-03-23T02:24:34.978] [INFO] default - Updating cases...
[2023-03-23T02:24:39.994] [INFO] default - Updating cases...
[2023-03-23T02:24:45.015] [INFO] default - Updating cases...
[2023-03-23T02:24:50.029] [INFO] default - Updating cases...
[2023-03-23T02:24:55.044] [INFO] default - Updating cases...
[2023-03-23T02:25:00.058] [INFO] default - Updating cases...
[2023-03-23T02:25:05.075] [INFO] default - Updating cases...
[2023-03-23T02:25:10.093] [INFO] default - Updating cases...
[2023-03-23T02:25:15.099] [INFO] default - Updating cases...
[2023-03-23T02:25:20.104] [INFO] default - Updating cases...
[2023-03-23T02:25:25.112] [INFO] default - Updating cases...
[2023-03-23T02:25:30.122] [INFO] default - Updating cases...
[2023-03-23T02:25:35.133] [INFO] default - Updating cases...
[2023-03-23T02:25:40.140] [INFO] default - Updating cases...
[2023-03-23T02:25:45.149] [INFO] default - Updating cases...
[2023-03-23T02:25:50.164] [INFO] default - Updating cases...
[2023-03-23T02:25:55.174] [INFO] default - Updating cases...
[2023-03-23T02:26:00.179] [INFO] default - Updating cases...
[2023-03-23T02:26:05.189] [INFO] default - Updating cases...
[2023-03-23T02:26:10.194] [INFO] default - Updating cases...
[2023-03-23T02:26:15.201] [INFO] default - Updating cases...
[2023-03-23T02:26:20.210] [INFO] default - Updating cases...
[2023-03-23T02:26:25.229] [INFO] default - Updating cases...
[2023-03-23T02:26:30.235] [INFO] default - Updating cases...
[2023-03-23T02:26:35.248] [INFO] default - Updating cases...
[2023-03-23T02:26:40.264] [INFO] default - Updating cases...
[2023-03-23T02:26:45.277] [INFO] default - Updating cases...
[2023-03-23T02:26:50.288] [INFO] default - Updating cases...
[2023-03-23T02:26:55.291] [INFO] default - Updating cases...
[2023-03-23T02:27:00.299] [INFO] default - Updating cases...
[2023-03-23T02:27:05.316] [INFO] default - Updating cases...
[2023-03-23T02:27:10.332] [INFO] default - Updating cases...
[2023-03-23T02:27:15.349] [INFO] default - Updating cases...
[2023-03-23T02:27:20.354] [INFO] default - Updating cases...
[2023-03-23T02:27:25.359] [INFO] default - Updating cases...
[2023-03-23T02:27:30.361] [INFO] default - Updating cases...
[2023-03-23T02:27:35.373] [INFO] default - Updating cases...
[2023-03-23T02:27:40.387] [INFO] default - Updating cases...
[2023-03-23T02:27:45.402] [INFO] default - Updating cases...
[2023-03-23T02:27:50.408] [INFO] default - Updating cases...
[2023-03-23T02:27:55.422] [INFO] default - Updating cases...
[2023-03-23T02:28:00.426] [INFO] default - Updating cases...
[2023-03-23T02:28:05.432] [INFO] default - Updating cases...
[2023-03-23T02:28:10.440] [INFO] default - Updating cases...
[2023-03-23T02:28:15.454] [INFO] default - Updating cases...
[2023-03-23T02:28:20.469] [INFO] default - Updating cases...
[2023-03-23T02:28:25.478] [INFO] default - Updating cases...
[2023-03-23T02:28:30.490] [INFO] default - Updating cases...
[2023-03-23T02:28:35.494] [INFO] default - Updating cases...
[2023-03-23T02:28:40.511] [INFO] default - Updating cases...
[2023-03-23T02:28:45.519] [INFO] default - Updating cases...
[2023-03-23T02:28:50.526] [INFO] default - Updating cases...
[2023-03-23T02:28:55.542] [INFO] default - Updating cases...
[2023-03-23T02:29:00.550] [INFO] default - Updating cases...
[2023-03-23T02:29:05.565] [INFO] default - Updating cases...
[2023-03-23T02:29:10.578] [INFO] default - Updating cases...
[2023-03-23T02:29:15.587] [INFO] default - Updating cases...
[2023-03-23T02:29:20.591] [INFO] default - Updating cases...
[2023-03-23T02:29:25.607] [INFO] default - Updating cases...
[2023-03-23T02:29:30.611] [INFO] default - Updating cases...
[2023-03-23T02:29:35.629] [INFO] default - Updating cases...
[2023-03-23T02:29:40.633] [INFO] default - Updating cases...
[2023-03-23T02:29:45.638] [INFO] default - Updating cases...
[2023-03-23T02:29:50.643] [INFO] default - Updating cases...
[2023-03-23T02:29:55.653] [INFO] default - Updating cases...
[2023-03-23T02:30:00.672] [INFO] default - Updating cases...
[2023-03-23T02:30:05.680] [INFO] default - Updating cases...
[2023-03-23T02:30:10.688] [INFO] default - Updating cases...
[2023-03-23T02:30:15.691] [INFO] default - Updating cases...
[2023-03-23T02:30:20.703] [INFO] default - Updating cases...
[2023-03-23T02:30:25.744] [INFO] default - Updating cases...
[2023-03-23T02:30:30.758] [INFO] default - Updating cases...
[2023-03-23T02:30:35.774] [INFO] default - Updating cases...
[2023-03-23T02:30:40.779] [INFO] default - Updating cases...
[2023-03-23T02:30:45.788] [INFO] default - Updating cases...
[2023-03-23T02:30:50.795] [INFO] default - Updating cases...
[2023-03-23T02:30:55.813] [INFO] default - Updating cases...
[2023-03-23T02:31:00.820] [INFO] default - Updating cases...
[2023-03-23T02:31:05.837] [INFO] default - Updating cases...
[2023-03-23T02:31:10.852] [INFO] default - Updating cases...
[2023-03-23T02:31:15.865] [INFO] default - Updating cases...
[2023-03-23T02:31:20.868] [INFO] default - Updating cases...
[2023-03-23T02:31:25.880] [INFO] default - Updating cases...
[2023-03-23T02:31:30.891] [INFO] default - Updating cases...
[2023-03-23T02:31:35.952] [INFO] default - Updating cases...
[2023-03-23T02:31:40.978] [INFO] default - Updating cases...
[2023-03-23T02:31:45.991] [INFO] default - Updating cases...
[2023-03-23T02:31:51.000] [INFO] default - Updating cases...
[2023-03-23T02:31:56.004] [INFO] default - Updating cases...
[2023-03-23T02:32:01.017] [INFO] default - Updating cases...
[2023-03-23T02:32:06.031] [INFO] default - Updating cases...
[2023-03-23T02:32:11.043] [INFO] default - Updating cases...
[2023-03-23T02:32:16.057] [INFO] default - Updating cases...
[2023-03-23T02:32:21.067] [INFO] default - Updating cases...
[2023-03-23T02:32:26.072] [INFO] default - Updating cases...
[2023-03-23T02:32:31.085] [INFO] default - Updating cases...
[2023-03-23T02:32:36.097] [INFO] default - Updating cases...
[2023-03-23T02:32:41.104] [INFO] default - Updating cases...
[2023-03-23T02:32:46.121] [INFO] default - Updating cases...
[2023-03-23T02:32:51.125] [INFO] default - Updating cases...
[2023-03-23T02:32:56.134] [INFO] default - Updating cases...
[2023-03-23T02:33:01.140] [INFO] default - Updating cases...
[2023-03-23T02:33:06.145] [INFO] default - Updating cases...
[2023-03-23T02:33:11.151] [INFO] default - Updating cases...
[2023-03-23T02:33:16.162] [INFO] default - Updating cases...
[2023-03-23T02:33:21.173] [INFO] default - Updating cases...
[2023-03-23T02:33:26.190] [INFO] default - Updating cases...
[2023-03-23T02:33:31.205] [INFO] default - Updating cases...
[2023-03-23T02:33:36.211] [INFO] default - Updating cases...
[2023-03-23T02:33:41.222] [INFO] default - Updating cases...
[2023-03-23T02:33:46.227] [INFO] default - Updating cases...
[2023-03-23T02:33:51.243] [INFO] default - Updating cases...
[2023-03-23T02:33:56.260] [INFO] default - Updating cases...
[2023-03-23T02:34:01.276] [INFO] default - Updating cases...
[2023-03-23T02:34:06.282] [INFO] default - Updating cases...
[2023-03-23T02:34:11.289] [INFO] default - Updating cases...
[2023-03-23T02:34:16.292] [INFO] default - Updating cases...
[2023-03-23T02:34:21.303] [INFO] default - Updating cases...
[2023-03-23T02:34:26.306] [INFO] default - Updating cases...
[2023-03-23T02:34:31.320] [INFO] default - Updating cases...
[2023-03-23T02:34:36.332] [INFO] default - Updating cases...
[2023-03-23T02:34:41.350] [INFO] default - Updating cases...
[2023-03-23T02:34:46.356] [INFO] default - Updating cases...
[2023-03-23T02:34:51.361] [INFO] default - Updating cases...
[2023-03-23T02:34:56.372] [INFO] default - Updating cases...
[2023-03-23T02:35:01.386] [INFO] default - Updating cases...
[2023-03-23T02:35:06.403] [INFO] default - Updating cases...
[2023-03-23T02:35:11.417] [INFO] default - Updating cases...
[2023-03-23T02:35:16.423] [INFO] default - Updating cases...
[2023-03-23T02:35:21.436] [INFO] default - Updating cases...
[2023-03-23T02:35:26.450] [INFO] default - Updating cases...
[2023-03-23T02:35:31.454] [INFO] default - Updating cases...
[2023-03-23T02:35:36.457] [INFO] default - Updating cases...
[2023-03-23T02:35:41.464] [INFO] default - Updating cases...
[2023-03-23T02:35:46.474] [INFO] default - Updating cases...
[2023-03-23T02:35:51.477] [INFO] default - Updating cases...
[2023-03-23T02:35:56.486] [INFO] default - Updating cases...
[2023-03-23T02:36:01.495] [INFO] default - Updating cases...
[2023-03-23T02:36:06.497] [INFO] default - Updating cases...
[2023-03-23T02:36:11.504] [INFO] default - Updating cases...
[2023-03-23T02:36:16.549] [INFO] default - Updating cases...
[2023-03-23T02:36:21.564] [INFO] default - Updating cases...
[2023-03-23T02:36:26.570] [INFO] default - Updating cases...
[2023-03-23T02:36:31.580] [INFO] default - Updating cases...
[2023-03-23T02:36:36.596] [INFO] default - Updating cases...
[2023-03-23T02:36:41.606] [INFO] default - Updating cases...
[2023-03-23T02:36:46.622] [INFO] default - Updating cases...
[2023-03-23T02:36:51.636] [INFO] default - Updating cases...
[2023-03-23T02:36:56.676] [INFO] default - Updating cases...
[2023-03-23T02:37:01.687] [INFO] default - Updating cases...
[2023-03-23T02:37:06.704] [INFO] default - Updating cases...
[2023-03-23T02:37:11.714] [INFO] default - Updating cases...
[2023-03-23T02:37:16.716] [INFO] default - Updating cases...
[2023-03-23T02:37:21.730] [INFO] default - Updating cases...
[2023-03-23T02:37:26.744] [INFO] default - Updating cases...
[2023-03-23T02:37:31.748] [INFO] default - Updating cases...
[2023-03-23T02:37:36.752] [INFO] default - Updating cases...
[2023-03-23T02:37:41.757] [INFO] default - Updating cases...
[2023-03-23T02:37:46.771] [INFO] default - Updating cases...
[2023-03-23T02:37:51.780] [INFO] default - Updating cases...
[2023-03-23T02:37:56.784] [INFO] default - Updating cases...
[2023-03-23T02:38:01.789] [INFO] default - Updating cases...
[2023-03-23T02:38:06.804] [INFO] default - Updating cases...
[2023-03-23T02:38:11.806] [INFO] default - Updating cases...
[2023-03-23T02:38:16.818] [INFO] default - Updating cases...
[2023-03-23T02:38:21.824] [INFO] default - Updating cases...
[2023-03-23T02:38:26.838] [INFO] default - Updating cases...
[2023-03-23T02:38:31.849] [INFO] default - Updating cases...
[2023-03-23T02:38:36.855] [INFO] default - Updating cases...
[2023-03-23T02:38:41.866] [INFO] default - Updating cases...
[2023-03-23T02:38:46.882] [INFO] default - Updating cases...
[2023-03-23T02:38:51.891] [INFO] default - Updating cases...
[2023-03-23T02:38:56.898] [INFO] default - Updating cases...
[2023-03-23T02:39:01.901] [INFO] default - Updating cases...
[2023-03-23T02:39:06.907] [INFO] default - Updating cases...
[2023-03-23T02:39:11.911] [INFO] default - Updating cases...
[2023-03-23T02:39:16.919] [INFO] default - Updating cases...
[2023-03-23T02:39:21.928] [INFO] default - Updating cases...
[2023-03-23T02:39:26.940] [INFO] default - Updating cases...
[2023-03-23T02:39:31.949] [INFO] default - Updating cases...
[2023-03-23T02:39:36.956] [INFO] default - Updating cases...
[2023-03-23T02:39:41.959] [INFO] default - Updating cases...
[2023-03-23T02:39:46.982] [INFO] default - Updating cases...
[2023-03-23T02:39:51.997] [INFO] default - Updating cases...
[2023-03-23T02:39:57.012] [INFO] default - Updating cases...
[2023-03-23T02:40:02.020] [INFO] default - Updating cases...
[2023-03-23T02:40:07.027] [INFO] default - Updating cases...
[2023-03-23T02:40:12.033] [INFO] default - Updating cases...
[2023-03-23T02:40:17.040] [INFO] default - Updating cases...
[2023-03-23T02:40:22.051] [INFO] default - Updating cases...
[2023-03-23T02:40:27.066] [INFO] default - Updating cases...
[2023-03-23T02:40:32.073] [INFO] default - Updating cases...
[2023-03-23T02:40:37.077] [INFO] default - Updating cases...
[2023-03-23T02:40:42.091] [INFO] default - Updating cases...
[2023-03-23T02:40:47.105] [INFO] default - Updating cases...
[2023-03-23T02:40:52.113] [INFO] default - Updating cases...
[2023-03-23T02:40:57.116] [INFO] default - Updating cases...
[2023-03-23T02:41:02.128] [INFO] default - Updating cases...
[2023-03-23T02:41:07.144] [INFO] default - Updating cases...
[2023-03-23T02:41:12.154] [INFO] default - Updating cases...
[2023-03-23T02:41:17.167] [INFO] default - Updating cases...
[2023-03-23T02:41:22.173] [INFO] default - Updating cases...
[2023-03-23T02:41:27.190] [INFO] default - Updating cases...
[2023-03-23T02:41:32.210] [INFO] default - Updating cases...
[2023-03-23T02:41:37.216] [INFO] default - Updating cases...
[2023-03-23T02:41:42.229] [INFO] default - Updating cases...
[2023-03-23T02:41:47.241] [INFO] default - Updating cases...
[2023-03-23T02:41:52.247] [INFO] default - Updating cases...
[2023-03-23T02:41:57.265] [INFO] default - Updating cases...
[2023-03-23T02:42:02.277] [INFO] default - Updating cases...
[2023-03-23T02:42:07.288] [INFO] default - Updating cases...
[2023-03-23T02:42:12.295] [INFO] default - Updating cases...
[2023-03-23T02:42:17.309] [INFO] default - Updating cases...
[2023-03-23T02:42:22.320] [INFO] default - Updating cases...
[2023-03-23T02:42:27.328] [INFO] default - Updating cases...
[2023-03-23T02:42:32.344] [INFO] default - Updating cases...
[2023-03-23T02:42:37.352] [INFO] default - Updating cases...
[2023-03-23T02:42:42.354] [INFO] default - Updating cases...
[2023-03-23T02:42:47.364] [INFO] default - Updating cases...
[2023-03-23T02:42:52.383] [INFO] default - Updating cases...
[2023-03-23T02:42:57.404] [INFO] default - Updating cases...
[2023-03-23T02:43:02.407] [INFO] default - Updating cases...
[2023-03-23T02:43:07.424] [INFO] default - Updating cases...
[2023-03-23T02:43:12.440] [INFO] default - Updating cases...
[2023-03-23T02:43:17.445] [INFO] default - Updating cases...
[2023-03-23T02:43:22.447] [INFO] default - Updating cases...
[2023-03-23T02:43:27.451] [INFO] default - Updating cases...
[2023-03-23T02:43:32.469] [INFO] default - Updating cases...
[2023-03-23T02:43:37.482] [INFO] default - Updating cases...
[2023-03-23T02:43:42.499] [INFO] default - Updating cases...
[2023-03-23T02:43:47.506] [INFO] default - Updating cases...
[2023-03-23T02:43:52.521] [INFO] default - Updating cases...
[2023-03-23T02:43:57.538] [INFO] default - Updating cases...
[2023-03-23T02:44:02.544] [INFO] default - Updating cases...
[2023-03-23T02:44:07.554] [INFO] default - Updating cases...
[2023-03-23T02:44:12.562] [INFO] default - Updating cases...
[2023-03-23T02:44:17.577] [INFO] default - Updating cases...
[2023-03-23T02:44:22.592] [INFO] default - Updating cases...
[2023-03-23T02:44:27.604] [INFO] default - Updating cases...
[2023-03-23T02:44:32.613] [INFO] default - Updating cases...
[2023-03-23T02:44:37.628] [INFO] default - Updating cases...
[2023-03-23T02:44:42.644] [INFO] default - Updating cases...
[2023-03-23T02:44:47.650] [INFO] default - Updating cases...
[2023-03-23T02:44:52.656] [INFO] default - Updating cases...
