[2023-03-22T00:02:30.730] [INFO] default - Logged in as Academia#0862
[2023-03-22T00:02:30.734] [INFO] default - Loading module Ban.js
[2023-03-22T00:02:30.735] [INFO] default - Loading command Ban.command.js
[2023-03-22T00:02:30.745] [INFO] default - Loaded command CHAT_INPUT_ban
[2023-03-22T00:02:30.746] [INFO] default - Loading command Kick.command.js
[2023-03-22T00:02:30.749] [INFO] default - Loaded command CHAT_INPUT_kick
[2023-03-22T00:02:30.750] [INFO] default - Loading command Mute.command.js
[2023-03-22T00:02:30.753] [INFO] default - Loaded command CHAT_INPUT_mute
[2023-03-22T00:02:30.755] [INFO] default - Loading command Unban.command.js
[2023-03-22T00:02:30.757] [INFO] default - Loaded command CHAT_INPUT_unban
[2023-03-22T00:02:30.758] [INFO] default - Loading command Unmute.command.js
[2023-03-22T00:02:30.760] [INFO] default - Loaded command CHAT_INPUT_unmute
[2023-03-22T00:02:30.761] [INFO] default - Loading command Warn.command.js
[2023-03-22T00:02:30.764] [INFO] default - Loaded command CHAT_INPUT_warn
[2023-03-22T00:02:30.765] [INFO] default - Loading command Ban.command.js
[2023-03-22T00:02:30.772] [INFO] default - Loaded command MESSAGE_CONTEXT_Ban
[2023-03-22T00:02:30.773] [INFO] default - Loading command Kick.command.js
[2023-03-22T00:02:30.777] [INFO] default - Loaded command MESSAGE_CONTEXT_Kick
[2023-03-22T00:02:30.779] [INFO] default - Loading command Mute.command.js
[2023-03-22T00:02:30.784] [INFO] default - Loaded command MESSAGE_CONTEXT_Mute
[2023-03-22T00:02:30.785] [INFO] default - Loading command Warn.command.js
[2023-03-22T00:02:30.788] [INFO] default - Loaded command MESSAGE_CONTEXT_Warn
[2023-03-22T00:02:30.789] [INFO] default - Loading command Ban.command.js
[2023-03-22T00:02:30.794] [INFO] default - Loaded command USER_CONTEXT_Ban
[2023-03-22T00:02:30.795] [INFO] default - Loading command Kick.command.js
[2023-03-22T00:02:30.799] [INFO] default - Loaded command USER_CONTEXT_Kick
[2023-03-22T00:02:30.801] [INFO] default - Loading command Mute.command.js
[2023-03-22T00:02:30.804] [INFO] default - Loaded command USER_CONTEXT_Mute
[2023-03-22T00:02:30.805] [INFO] default - Loading command Warn.command.js
[2023-03-22T00:02:30.809] [INFO] default - Loaded command USER_CONTEXT_Warn
[2023-03-22T00:02:30.810] [INFO] default - All modules and commands loaded
[2023-03-22T00:02:30.826] [INFO] default - Loading module Kick.js
[2023-03-22T00:02:30.828] [INFO] default - Loading module Logging.js
[2023-03-22T00:02:30.831] [INFO] default - Loading module Mute.js
[2023-03-22T00:02:30.833] [INFO] default - Loading module UpdateCase.js
[2023-03-22T00:02:30.838] [INFO] default - Loading module Warn.js
[2023-03-22T00:02:33.853] [INFO] default - Updating cases...
[2023-03-22T00:02:35.312] [INFO] default - /warn run by Osmii#0076
[2023-03-22T00:02:38.872] [INFO] default - Updating cases...
[2023-03-22T00:02:41.708] [INFO] default - /warn run by Osmii#0076
[2023-03-22T00:02:43.879] [INFO] default - Updating cases...
[2023-03-22T00:02:48.886] [INFO] default - Updating cases...
[2023-03-22T00:02:53.905] [INFO] default - Updating cases...
[2023-03-22T00:02:54.220] [INFO] default - /mute run by Osmii#0076
[2023-03-22T00:02:58.921] [INFO] default - Updating cases...
[2023-03-22T00:03:03.930] [INFO] default - Updating cases...
[2023-03-22T00:03:08.946] [INFO] default - Updating cases...
[2023-03-22T00:03:09.512] [INFO] default - /unmute run by Osmii#0076
[2023-03-22T00:03:13.961] [INFO] default - Updating cases...
[2023-03-22T00:03:18.965] [INFO] default - Updating cases...
[2023-03-22T00:03:21.414] [INFO] default - /kick run by Osmii#0076
[2023-03-22T00:03:23.980] [INFO] default - Updating cases...
[2023-03-22T00:03:28.991] [INFO] default - Updating cases...
[2023-03-22T00:03:33.998] [INFO] default - Updating cases...
[2023-03-22T00:03:39.006] [INFO] default - Updating cases...
[2023-03-22T00:03:44.019] [INFO] default - Updating cases...
[2023-03-22T00:03:49.025] [INFO] default - Updating cases...
[2023-03-22T00:03:54.028] [INFO] default - Updating cases...
[2023-03-22T00:03:59.031] [INFO] default - Updating cases...
[2023-03-22T00:04:04.041] [INFO] default - Updating cases...
[2023-03-22T00:04:09.046] [INFO] default - Updating cases...
[2023-03-22T00:04:14.048] [INFO] default - Updating cases...
[2023-03-22T00:04:19.051] [INFO] default - Updating cases...
[2023-03-22T00:04:24.057] [INFO] default - Updating cases...
[2023-03-22T00:04:29.070] [INFO] default - Updating cases...
[2023-03-22T00:04:34.089] [INFO] default - Updating cases...
[2023-03-22T00:04:39.097] [INFO] default - Updating cases...
[2023-03-22T00:04:44.105] [INFO] default - Updating cases...
[2023-03-22T00:04:49.126] [INFO] default - Updating cases...
[2023-03-22T00:04:54.129] [INFO] default - Updating cases...
[2023-03-22T00:04:59.143] [INFO] default - Updating cases...
[2023-03-22T00:05:04.154] [INFO] default - Updating cases...
[2023-03-22T00:05:09.166] [INFO] default - Updating cases...
[2023-03-22T00:05:14.169] [INFO] default - Updating cases...
[2023-03-22T00:05:19.185] [INFO] default - Updating cases...
[2023-03-22T00:05:24.192] [INFO] default - Updating cases...
[2023-03-22T00:05:29.205] [INFO] default - Updating cases...
[2023-03-22T00:05:34.220] [INFO] default - Updating cases...
[2023-03-22T00:05:39.239] [INFO] default - Updating cases...
[2023-03-22T00:05:44.251] [INFO] default - Updating cases...
[2023-03-22T00:05:49.268] [INFO] default - Updating cases...
[2023-03-22T00:05:54.285] [INFO] default - Updating cases...
[2023-03-22T00:05:59.297] [INFO] default - Updating cases...
[2023-03-22T00:06:04.311] [INFO] default - Updating cases...
[2023-03-22T00:06:09.317] [INFO] default - Updating cases...
[2023-03-22T00:06:14.335] [INFO] default - Updating cases...
[2023-03-22T00:06:19.342] [INFO] default - Updating cases...
[2023-03-22T00:06:24.348] [INFO] default - Updating cases...
[2023-03-22T00:06:27.295] [INFO] default - /ban run by Osmii#0076
[2023-03-22T00:06:29.359] [INFO] default - Updating cases...
[2023-03-22T00:06:34.371] [INFO] default - Updating cases...
[2023-03-22T00:06:39.386] [INFO] default - Updating cases...
[2023-03-22T00:06:44.395] [INFO] default - Updating cases...
[2023-03-22T00:06:47.566] [INFO] default - /unban run by Osmii#0076
[2023-03-22T00:06:49.404] [INFO] default - Updating cases...
[2023-03-22T00:06:54.422] [INFO] default - Updating cases...
[2023-03-22T00:06:59.428] [INFO] default - Updating cases...
[2023-03-22T00:07:04.445] [INFO] default - Updating cases...
[2023-03-22T00:07:09.462] [INFO] default - Updating cases...
[2023-03-22T00:07:14.472] [INFO] default - Updating cases...
[2023-03-22T00:07:19.484] [INFO] default - Updating cases...
[2023-03-22T00:07:24.488] [INFO] default - Updating cases...
[2023-03-22T00:07:29.498] [INFO] default - Updating cases...
[2023-03-22T00:07:34.514] [INFO] default - Updating cases...
[2023-03-22T00:07:39.524] [INFO] default - Updating cases...
[2023-03-22T00:07:44.531] [INFO] default - Updating cases...
[2023-03-22T00:07:49.549] [INFO] default - Updating cases...
[2023-03-22T00:07:54.567] [INFO] default - Updating cases...
[2023-03-22T00:07:59.573] [INFO] default - Updating cases...
[2023-03-22T00:08:04.583] [INFO] default - Updating cases...
[2023-03-22T00:08:09.589] [INFO] default - Updating cases...
[2023-03-22T00:08:14.598] [INFO] default - Updating cases...
[2023-03-22T00:08:19.606] [INFO] default - Updating cases...
[2023-03-22T00:08:24.615] [INFO] default - Updating cases...
[2023-03-22T00:08:29.625] [INFO] default - Updating cases...
[2023-03-22T00:08:34.633] [INFO] default - Updating cases...
[2023-03-22T00:08:39.649] [INFO] default - Updating cases...
[2023-03-22T00:08:44.664] [INFO] default - Updating cases...
[2023-03-22T00:08:49.673] [INFO] default - Updating cases...
[2023-03-22T00:08:54.686] [INFO] default - Updating cases...
[2023-03-22T00:08:59.690] [INFO] default - Updating cases...
[2023-03-22T00:09:04.704] [INFO] default - Updating cases...
[2023-03-22T00:09:09.708] [INFO] default - Updating cases...
[2023-03-22T00:09:14.713] [INFO] default - Updating cases...
[2023-03-22T00:09:19.720] [INFO] default - Updating cases...
[2023-03-22T00:09:24.727] [INFO] default - Updating cases...
[2023-03-22T00:09:29.737] [INFO] default - Updating cases...
[2023-03-22T00:09:34.750] [INFO] default - Updating cases...
[2023-03-22T00:09:39.755] [INFO] default - Updating cases...
[2023-03-22T00:09:44.774] [INFO] default - Updating cases...
[2023-03-22T00:09:49.792] [INFO] default - Updating cases...
[2023-03-22T00:09:54.803] [INFO] default - Updating cases...
[2023-03-22T00:09:59.817] [INFO] default - Updating cases...
[2023-03-22T00:10:04.829] [INFO] default - Updating cases...
[2023-03-22T00:10:09.844] [INFO] default - Updating cases...
[2023-03-22T00:10:14.851] [INFO] default - Updating cases...
