[2023-03-24T02:25:59.684] [INFO] default - Logged in as Jayfeather#0862
[2023-03-24T02:25:59.688] [INFO] default - Loading module WelcomeAndGoodbye.js
[2023-03-24T02:25:59.690] [INFO] default - Loading module Ban.js
[2023-03-24T02:25:59.692] [INFO] default - Loading module ReactRoles.js
[2023-03-24T02:25:59.694] [INFO] default - Loading module RelayHandler.js
[2023-03-24T02:25:59.695] [INFO] default - Loading module Verification.js
[2023-03-24T02:25:59.697] [INFO] default - Loading command Ban.command.js
[2023-03-24T02:25:59.712] [INFO] default - Loaded command CHAT_INPUT_ban
[2023-03-24T02:25:59.714] [INFO] default - Loading command Cases.command.js
[2023-03-24T02:25:59.718] [INFO] default - Loaded command CHAT_INPUT_cases
[2023-03-24T02:25:59.719] [INFO] default - Loading command Embed.command.js
[2023-03-24T02:25:59.730] [INFO] default - Loaded command CHAT_INPUT_embed
[2023-03-24T02:25:59.731] [INFO] default - Loading command Kick.command.js
[2023-03-24T02:25:59.735] [INFO] default - Loaded command CHAT_INPUT_kick
[2023-03-24T02:25:59.737] [INFO] default - Loading command Mute.command.js
[2023-03-24T02:25:59.749] [INFO] default - Loaded command CHAT_INPUT_mute
[2023-03-24T02:25:59.751] [INFO] default - Loading command ReactionRoles.command.js
[2023-03-24T02:25:59.762] [INFO] default - Loaded command CHAT_INPUT_reactroles
[2023-03-24T02:25:59.764] [INFO] default - Loading command Reason.command.js
[2023-03-24T02:25:59.767] [INFO] default - Loaded command CHAT_INPUT_reason
[2023-03-24T02:25:59.769] [INFO] default - Loading command Unban.command.js
[2023-03-24T02:25:59.772] [INFO] default - Loaded command CHAT_INPUT_unban
[2023-03-24T02:25:59.774] [INFO] default - Loading command Unmute.command.js
[2023-03-24T02:25:59.784] [INFO] default - Loaded command CHAT_INPUT_unmute
[2023-03-24T02:25:59.786] [INFO] default - Loading command Warn.command.js
[2023-03-24T02:25:59.794] [INFO] default - Loaded command CHAT_INPUT_warn
[2023-03-24T02:25:59.808] [INFO] default - Loading command Ban.command.js
[2023-03-24T02:25:59.818] [INFO] default - Loaded command MESSAGE_CONTEXT_Ban
[2023-03-24T02:25:59.819] [INFO] default - Loading command Kick.command.js
[2023-03-24T02:25:59.822] [INFO] default - Loaded command MESSAGE_CONTEXT_Kick
[2023-03-24T02:25:59.824] [INFO] default - Loading command Mute.command.js
[2023-03-24T02:25:59.829] [INFO] default - Loaded command MESSAGE_CONTEXT_Mute
[2023-03-24T02:25:59.830] [INFO] default - Loading command Warn.command.js
[2023-03-24T02:25:59.834] [INFO] default - Loaded command MESSAGE_CONTEXT_Warn
[2023-03-24T02:25:59.839] [INFO] default - Loading command Ban.command.js
[2023-03-24T02:25:59.843] [INFO] default - Loaded command USER_CONTEXT_Ban
[2023-03-24T02:25:59.844] [INFO] default - Loading command Kick.command.js
[2023-03-24T02:25:59.847] [INFO] default - Loaded command USER_CONTEXT_Kick
[2023-03-24T02:25:59.848] [INFO] default - Loading command Mute.command.js
[2023-03-24T02:25:59.852] [INFO] default - Loaded command USER_CONTEXT_Mute
[2023-03-24T02:25:59.853] [INFO] default - Loading command Warn.command.js
[2023-03-24T02:25:59.855] [INFO] default - Loaded command USER_CONTEXT_Warn
[2023-03-24T02:25:59.869] [INFO] default - All modules and commands loaded
[2023-03-24T02:25:59.891] [INFO] default - Loading module Kick.js
[2023-03-24T02:25:59.894] [INFO] default - Loading module TicketManager.js
[2023-03-24T02:25:59.896] [INFO] default - Loading module VerificationManager.js
[2023-03-24T02:25:59.899] [INFO] default - Loading module Logging.js
[2023-03-24T02:25:59.905] [INFO] default - Loading module Mute.js
[2023-03-24T02:25:59.906] [INFO] default - Loading module UpdateCase.js
[2023-03-24T02:25:59.914] [INFO] default - Loading module Warn.js
[2023-03-24T02:26:02.925] [INFO] default - Updating cases...
[2023-03-24T02:26:07.933] [INFO] default - Updating cases...
[2023-03-24T02:26:12.945] [INFO] default - Updating cases...
[2023-03-24T02:26:17.950] [INFO] default - Updating cases...
[2023-03-24T02:26:22.960] [INFO] default - Updating cases...
[2023-03-24T02:26:27.984] [INFO] default - Updating cases...
[2023-03-24T02:26:32.988] [INFO] default - Updating cases...
[2023-03-24T02:26:37.998] [INFO] default - Updating cases...
[2023-03-24T02:26:43.014] [INFO] default - Updating cases...
[2023-03-24T02:26:48.017] [INFO] default - Updating cases...
[2023-03-24T02:26:53.025] [INFO] default - Updating cases...
[2023-03-24T02:26:58.035] [INFO] default - Updating cases...
[2023-03-24T02:27:03.049] [INFO] default - Updating cases...
[2023-03-24T02:27:08.064] [INFO] default - Updating cases...
[2023-03-24T02:27:13.072] [INFO] default - Updating cases...
[2023-03-24T02:27:18.077] [INFO] default - Updating cases...
[2023-03-24T02:27:23.087] [INFO] default - Updating cases...
[2023-03-24T02:27:28.100] [INFO] default - Updating cases...
[2023-03-24T02:27:33.109] [INFO] default - Updating cases...
[2023-03-24T02:27:38.111] [INFO] default - Updating cases...
[2023-03-24T02:27:43.122] [INFO] default - Updating cases...
[2023-03-24T02:27:48.132] [INFO] default - Updating cases...
[2023-03-24T02:27:53.134] [INFO] default - Updating cases...
[2023-03-24T02:27:58.165] [INFO] default - Updating cases...
[2023-03-24T02:28:03.173] [INFO] default - Updating cases...
