[2023-03-21T22:40:40.690] [INFO] default - Logged in as Academia#0862
[2023-03-21T22:40:40.702] [INFO] default - Loading module Ban.js
[2023-03-21T22:40:40.706] [INFO] default - Loading command Ban.command.js
[2023-03-21T22:40:40.721] [INFO] default - Loaded command MESSAGE_CONTEXT_Ban
[2023-03-21T22:40:40.726] [INFO] default - Loading command Kick.command.js
[2023-03-21T22:40:40.736] [INFO] default - Loaded command MESSAGE_CONTEXT_Kick
[2023-03-21T22:40:40.741] [INFO] default - Loading command Mute.command.js
[2023-03-21T22:40:40.783] [INFO] default - Loaded command MESSAGE_CONTEXT_Mute
[2023-03-21T22:40:40.789] [INFO] default - Loading command Warn.command.js
[2023-03-21T22:40:40.805] [INFO] default - Loaded command MESSAGE_CONTEXT_Warn
[2023-03-21T22:40:40.810] [INFO] default - Loading command Ban.command.js
[2023-03-21T22:40:40.827] [INFO] default - Loaded command USER_CONTEXT_Ban
[2023-03-21T22:40:40.840] [INFO] default - Loading command Kick.command.js
[2023-03-21T22:40:40.847] [INFO] default - Loaded command USER_CONTEXT_Kick
[2023-03-21T22:40:40.853] [INFO] default - Loading command Mute.command.js
[2023-03-21T22:40:40.858] [INFO] default - Loaded command USER_CONTEXT_Mute
[2023-03-21T22:40:40.865] [INFO] default - Loading command Warn.command.js
[2023-03-21T22:40:40.876] [INFO] default - Loaded command USER_CONTEXT_Warn
[2023-03-21T22:40:40.879] [INFO] default - All modules and commands loaded
[2023-03-21T22:40:40.940] [INFO] default - Loading module Kick.js
[2023-03-21T22:40:40.960] [INFO] default - Loading module Logging.js
[2023-03-21T22:40:40.983] [INFO] default - Loading module Mute.js
[2023-03-21T22:40:40.988] [INFO] default - Loading module UpdateCase.js
[2023-03-21T22:40:41.020] [INFO] default - Loading module Warn.js
[2023-03-21T22:40:44.022] [INFO] default - Updating cases...
[2023-03-21T22:40:49.072] [INFO] default - Updating cases...
[2023-03-21T22:40:54.084] [INFO] default - Updating cases...
[2023-03-21T22:40:59.099] [INFO] default - Updating cases...
[2023-03-21T22:41:04.115] [INFO] default - Updating cases...
[2023-03-21T22:41:09.118] [INFO] default - Updating cases...
[2023-03-21T22:41:14.137] [INFO] default - Updating cases...
[2023-03-21T22:41:19.152] [INFO] default - Updating cases...
[2023-03-21T22:41:24.162] [INFO] default - Updating cases...
[2023-03-21T22:41:29.174] [INFO] default - Updating cases...
[2023-03-21T22:41:34.187] [INFO] default - Updating cases...
[2023-03-21T22:41:39.197] [INFO] default - Updating cases...
[2023-03-21T22:41:44.213] [INFO] default - Updating cases...
[2023-03-21T22:41:49.219] [INFO] default - Updating cases...
[2023-03-21T22:41:54.234] [INFO] default - Updating cases...
[2023-03-21T22:41:59.239] [INFO] default - Updating cases...
[2023-03-21T22:42:04.260] [INFO] default - Updating cases...
[2023-03-21T22:42:09.273] [INFO] default - Updating cases...
[2023-03-21T22:42:14.285] [INFO] default - Updating cases...
[2023-03-21T22:42:19.295] [INFO] default - Updating cases...
[2023-03-21T22:42:24.301] [INFO] default - Updating cases...
[2023-03-21T22:42:29.304] [INFO] default - Updating cases...
[2023-03-21T22:42:34.316] [INFO] default - Updating cases...
[2023-03-21T22:42:39.334] [INFO] default - Updating cases...
[2023-03-21T22:42:44.341] [INFO] default - Updating cases...
[2023-03-21T22:42:49.358] [INFO] default - Updating cases...
