[2023-03-23T13:30:23.309] [INFO] default - Logged in as Academia#0862
[2023-03-23T13:30:23.312] [INFO] default - Loading module Ban.js
[2023-03-23T13:30:23.313] [INFO] default - Loading module RelayHandler.js
[2023-03-23T13:30:23.314] [INFO] default - Loading command Ban.command.js
[2023-03-23T13:30:23.320] [INFO] default - Loaded command CHAT_INPUT_ban
[2023-03-23T13:30:23.321] [INFO] default - Loading command Cases.command.js
[2023-03-23T13:30:23.323] [INFO] default - Loaded command CHAT_INPUT_cases
[2023-03-23T13:30:23.323] [INFO] default - Loading command Kick.command.js
[2023-03-23T13:30:23.326] [INFO] default - Loaded command CHAT_INPUT_kick
[2023-03-23T13:30:23.328] [INFO] default - Loading command Mute.command.js
[2023-03-23T13:30:23.332] [INFO] default - Loaded command CHAT_INPUT_mute
[2023-03-23T13:30:23.333] [INFO] default - Loading command Reason.command.js
[2023-03-23T13:30:23.335] [INFO] default - Loaded command CHAT_INPUT_reason
[2023-03-23T13:30:23.336] [INFO] default - Loading command Unban.command.js
[2023-03-23T13:30:23.338] [INFO] default - Loaded command CHAT_INPUT_unban
[2023-03-23T13:30:23.339] [INFO] default - Loading command Unmute.command.js
[2023-03-23T13:30:23.342] [INFO] default - Loaded command CHAT_INPUT_unmute
[2023-03-23T13:30:23.343] [INFO] default - Loading command Warn.command.js
[2023-03-23T13:30:23.348] [INFO] default - Loaded command CHAT_INPUT_warn
[2023-03-23T13:30:23.350] [INFO] default - Loading command Ban.command.js
[2023-03-23T13:30:23.353] [INFO] default - Loaded command MESSAGE_CONTEXT_Ban
[2023-03-23T13:30:23.354] [INFO] default - Loading command Kick.command.js
[2023-03-23T13:30:23.356] [INFO] default - Loaded command MESSAGE_CONTEXT_Kick
[2023-03-23T13:30:23.357] [INFO] default - Loading command Mute.command.js
[2023-03-23T13:30:23.359] [INFO] default - Loaded command MESSAGE_CONTEXT_Mute
[2023-03-23T13:30:23.360] [INFO] default - Loading command Warn.command.js
[2023-03-23T13:30:23.361] [INFO] default - Loaded command MESSAGE_CONTEXT_Warn
[2023-03-23T13:30:23.363] [INFO] default - Loading command Ban.command.js
[2023-03-23T13:30:23.366] [INFO] default - Loaded command USER_CONTEXT_Ban
[2023-03-23T13:30:23.367] [INFO] default - Loading command Kick.command.js
[2023-03-23T13:30:23.369] [INFO] default - Loaded command USER_CONTEXT_Kick
[2023-03-23T13:30:23.370] [INFO] default - Loading command Mute.command.js
[2023-03-23T13:30:23.375] [INFO] default - Loaded command USER_CONTEXT_Mute
[2023-03-23T13:30:23.376] [INFO] default - Loading command Warn.command.js
[2023-03-23T13:30:23.379] [INFO] default - Loaded command USER_CONTEXT_Warn
[2023-03-23T13:30:23.381] [INFO] default - All modules and commands loaded
[2023-03-23T13:30:23.394] [INFO] default - Loading module Kick.js
[2023-03-23T13:30:23.396] [INFO] default - Loading module TicketManager.js
[2023-03-23T13:30:23.398] [INFO] default - Loading module Logging.js
[2023-03-23T13:30:23.401] [INFO] default - Loading module Mute.js
[2023-03-23T13:30:23.402] [INFO] default - Loading module UpdateCase.js
[2023-03-23T13:30:23.406] [INFO] default - Loading module Warn.js
[2023-03-23T13:30:26.408] [INFO] default - Updating cases...
[2023-03-23T13:30:31.423] [INFO] default - Updating cases...
[2023-03-23T13:30:36.441] [INFO] default - Updating cases...
[2023-03-23T13:30:41.443] [INFO] default - Updating cases...
[2023-03-23T13:30:46.455] [INFO] default - Updating cases...
[2023-03-23T13:30:51.463] [INFO] default - Updating cases...
[2023-03-23T13:30:56.471] [INFO] default - Updating cases...
[2023-03-23T13:31:01.490] [INFO] default - Updating cases...
[2023-03-23T13:31:06.493] [INFO] default - Updating cases...
[2023-03-23T13:31:11.506] [INFO] default - Updating cases...
[2023-03-23T13:31:16.515] [INFO] default - Updating cases...
[2023-03-23T13:31:21.520] [INFO] default - Updating cases...
[2023-03-23T13:31:26.537] [INFO] default - Updating cases...
