[2023-03-23T20:33:28.759] [INFO] default - Logged in as Academia#0862
[2023-03-23T20:33:28.761] [INFO] default - Loading module WelcomeAndGoodbye.js
[2023-03-23T20:33:28.763] [INFO] default - Loading module Ban.js
[2023-03-23T20:33:28.764] [INFO] default - Loading module ReactRoles.js
[2023-03-23T20:33:28.765] [INFO] default - Loading module RelayHandler.js
[2023-03-23T20:33:28.767] [INFO] default - Loading module Verification.js
[2023-03-23T20:33:28.769] [INFO] default - Loading command Ban.command.js
[2023-03-23T20:33:28.784] [INFO] default - Loaded command CHAT_INPUT_ban
[2023-03-23T20:33:28.785] [INFO] default - Loading command Cases.command.js
[2023-03-23T20:33:28.789] [INFO] default - Loaded command CHAT_INPUT_cases
[2023-03-23T20:33:28.789] [INFO] default - Loading command Embed.command.js
[2023-03-23T20:33:28.792] [INFO] default - Loaded command CHAT_INPUT_embed
[2023-03-23T20:33:28.793] [INFO] default - Loading command Kick.command.js
[2023-03-23T20:33:28.795] [INFO] default - Loaded command CHAT_INPUT_kick
[2023-03-23T20:33:28.796] [INFO] default - Loading command Mute.command.js
[2023-03-23T20:33:28.800] [INFO] default - Loaded command CHAT_INPUT_mute
[2023-03-23T20:33:28.801] [INFO] default - Loading command ReactionRoles.command.js
[2023-03-23T20:33:28.808] [INFO] default - Loaded command CHAT_INPUT_reactroles
[2023-03-23T20:33:28.809] [INFO] default - Loading command Reason.command.js
[2023-03-23T20:33:28.811] [INFO] default - Loaded command CHAT_INPUT_reason
[2023-03-23T20:33:28.812] [INFO] default - Loading command Unban.command.js
[2023-03-23T20:33:28.814] [INFO] default - Loaded command CHAT_INPUT_unban
[2023-03-23T20:33:28.815] [INFO] default - Loading command Unmute.command.js
[2023-03-23T20:33:28.820] [INFO] default - Loaded command CHAT_INPUT_unmute
[2023-03-23T20:33:28.822] [INFO] default - Loading command Warn.command.js
[2023-03-23T20:33:28.826] [INFO] default - Loaded command CHAT_INPUT_warn
[2023-03-23T20:33:28.828] [INFO] default - Loading command Ban.command.js
[2023-03-23T20:33:28.832] [INFO] default - Loaded command MESSAGE_CONTEXT_Ban
[2023-03-23T20:33:28.834] [INFO] default - Loading command Kick.command.js
[2023-03-23T20:33:28.838] [INFO] default - Loaded command MESSAGE_CONTEXT_Kick
[2023-03-23T20:33:28.839] [INFO] default - Loading command Mute.command.js
[2023-03-23T20:33:28.844] [INFO] default - Loaded command MESSAGE_CONTEXT_Mute
[2023-03-23T20:33:28.844] [INFO] default - Loading command Warn.command.js
[2023-03-23T20:33:28.846] [INFO] default - Loaded command MESSAGE_CONTEXT_Warn
[2023-03-23T20:33:28.847] [INFO] default - Loading command Ban.command.js
[2023-03-23T20:33:28.850] [INFO] default - Loaded command USER_CONTEXT_Ban
[2023-03-23T20:33:28.851] [INFO] default - Loading command Kick.command.js
[2023-03-23T20:33:28.854] [INFO] default - Loaded command USER_CONTEXT_Kick
[2023-03-23T20:33:28.855] [INFO] default - Loading command Mute.command.js
[2023-03-23T20:33:28.857] [INFO] default - Loaded command USER_CONTEXT_Mute
[2023-03-23T20:33:28.858] [INFO] default - Loading command Warn.command.js
[2023-03-23T20:33:28.859] [INFO] default - Loaded command USER_CONTEXT_Warn
[2023-03-23T20:33:28.860] [INFO] default - All modules and commands loaded
[2023-03-23T20:33:28.901] [INFO] default - Loading module Kick.js
[2023-03-23T20:33:28.903] [INFO] default - Loading module TicketManager.js
[2023-03-23T20:33:28.903] [INFO] default - Loading module VerificationManager.js
[2023-03-23T20:33:28.906] [INFO] default - Loading module Logging.js
[2023-03-23T20:33:28.915] [INFO] default - Loading module Mute.js
[2023-03-23T20:33:28.946] [INFO] default - Loading module UpdateCase.js
[2023-03-23T20:33:28.963] [INFO] default - Loading module Warn.js
[2023-03-23T20:33:31.965] [INFO] default - Updating cases...
[2023-03-23T20:33:36.966] [INFO] default - Updating cases...
[2023-03-23T20:33:41.817] [INFO] default - /embed run by Osmii#0076
[2023-03-23T20:33:41.982] [INFO] default - Updating cases...
[2023-03-23T20:33:46.998] [INFO] default - Updating cases...
[2023-03-23T20:33:52.008] [INFO] default - Updating cases...
[2023-03-23T20:33:57.011] [INFO] default - Updating cases...
[2023-03-23T20:34:02.025] [INFO] default - Updating cases...
[2023-03-23T20:34:07.040] [INFO] default - Updating cases...
[2023-03-23T20:34:12.042] [INFO] default - Updating cases...
[2023-03-23T20:34:17.045] [INFO] default - Updating cases...
[2023-03-23T20:34:22.062] [INFO] default - Updating cases...
[2023-03-23T20:34:27.079] [INFO] default - Updating cases...
[2023-03-23T20:34:32.094] [INFO] default - Updating cases...
[2023-03-23T20:34:37.103] [INFO] default - Updating cases...
[2023-03-23T20:34:42.115] [INFO] default - Updating cases...
[2023-03-23T20:34:47.129] [INFO] default - Updating cases...
[2023-03-23T20:34:52.130] [INFO] default - Updating cases...
[2023-03-23T20:34:57.144] [INFO] default - Updating cases...
[2023-03-23T20:35:02.164] [INFO] default - Updating cases...
[2023-03-23T20:35:07.176] [INFO] default - Updating cases...
[2023-03-23T20:35:12.186] [INFO] default - Updating cases...
[2023-03-23T20:35:17.193] [INFO] default - Updating cases...
[2023-03-23T20:35:22.204] [INFO] default - Updating cases...
[2023-03-23T20:35:27.206] [INFO] default - Updating cases...
[2023-03-23T20:35:32.216] [INFO] default - Updating cases...
[2023-03-23T20:35:37.223] [INFO] default - Updating cases...
[2023-03-23T20:35:42.232] [INFO] default - Updating cases...
[2023-03-23T20:35:47.239] [INFO] default - Updating cases...
[2023-03-23T20:35:52.244] [INFO] default - Updating cases...
[2023-03-23T20:35:57.262] [INFO] default - Updating cases...
[2023-03-23T20:36:02.268] [INFO] default - Updating cases...
[2023-03-23T20:36:07.279] [INFO] default - Updating cases...
[2023-03-23T20:36:12.283] [INFO] default - Updating cases...
[2023-03-23T20:36:17.286] [INFO] default - Updating cases...
[2023-03-23T20:36:22.293] [INFO] default - Updating cases...
[2023-03-23T20:36:27.297] [INFO] default - Updating cases...
[2023-03-23T20:36:32.310] [INFO] default - Updating cases...
[2023-03-23T20:36:37.311] [INFO] default - Updating cases...
[2023-03-23T20:36:42.316] [INFO] default - Updating cases...
[2023-03-23T20:36:47.328] [INFO] default - Updating cases...
[2023-03-23T20:36:52.335] [INFO] default - Updating cases...
[2023-03-23T20:36:57.337] [INFO] default - Updating cases...
[2023-03-23T20:37:02.347] [INFO] default - Updating cases...
[2023-03-23T20:37:07.351] [INFO] default - Updating cases...
[2023-03-23T20:37:12.367] [INFO] default - Updating cases...
[2023-03-23T20:37:17.389] [INFO] default - Updating cases...
[2023-03-23T20:37:22.397] [INFO] default - Updating cases...
