[2023-03-21T23:36:31.557] [INFO] default - Logged in as Academia#0862
[2023-03-21T23:36:31.562] [INFO] default - Loading module Ban.js
[2023-03-21T23:36:31.564] [INFO] default - Loading command Ban.command.js
[2023-03-21T23:36:31.579] [INFO] default - Loaded command CHAT_INPUT_ban
[2023-03-21T23:36:31.580] [INFO] default - Loading command Kick.command.js
[2023-03-21T23:36:31.586] [INFO] default - Loaded command CHAT_INPUT_kick
[2023-03-21T23:36:31.588] [INFO] default - Loading command Mute.command.js
[2023-03-21T23:36:31.598] [INFO] default - Loaded command CHAT_INPUT_mute
[2023-03-21T23:36:31.602] [INFO] default - Loading command Unban.command.js
[2023-03-21T23:36:31.607] [INFO] default - Loaded command CHAT_INPUT_unban
[2023-03-21T23:36:31.609] [INFO] default - Loading command Unmute.command.js
[2023-03-21T23:36:31.616] [INFO] default - Loaded command CHAT_INPUT_unmute
[2023-03-21T23:36:31.618] [INFO] default - Loading command Warn.command.js
[2023-03-21T23:36:31.623] [INFO] default - Loaded command CHAT_INPUT_warn
[2023-03-21T23:36:31.627] [INFO] default - Loading command Ban.command.js
[2023-03-21T23:36:31.637] [INFO] default - Loaded command MESSAGE_CONTEXT_Ban
[2023-03-21T23:36:31.638] [INFO] default - Loading command Kick.command.js
[2023-03-21T23:36:31.645] [INFO] default - Loaded command MESSAGE_CONTEXT_Kick
[2023-03-21T23:36:31.650] [INFO] default - Loading command Mute.command.js
[2023-03-21T23:36:31.667] [INFO] default - Loaded command MESSAGE_CONTEXT_Mute
[2023-03-21T23:36:31.670] [INFO] default - Loading command Warn.command.js
[2023-03-21T23:36:31.679] [INFO] default - Loaded command MESSAGE_CONTEXT_Warn
[2023-03-21T23:36:31.682] [INFO] default - Loading command Ban.command.js
[2023-03-21T23:36:31.690] [INFO] default - Loaded command USER_CONTEXT_Ban
[2023-03-21T23:36:31.693] [INFO] default - Loading command Kick.command.js
[2023-03-21T23:36:31.698] [INFO] default - Loaded command USER_CONTEXT_Kick
[2023-03-21T23:36:31.700] [INFO] default - Loading command Mute.command.js
[2023-03-21T23:36:31.703] [INFO] default - Loaded command USER_CONTEXT_Mute
[2023-03-21T23:36:31.704] [INFO] default - Loading command Warn.command.js
[2023-03-21T23:36:31.709] [INFO] default - Loaded command USER_CONTEXT_Warn
[2023-03-21T23:36:31.712] [INFO] default - All modules and commands loaded
[2023-03-21T23:36:31.729] [INFO] default - Loading module Kick.js
[2023-03-21T23:36:31.731] [INFO] default - Loading module Logging.js
[2023-03-21T23:36:31.736] [INFO] default - Loading module Mute.js
[2023-03-21T23:36:31.738] [INFO] default - Loading module UpdateCase.js
[2023-03-21T23:36:31.748] [INFO] default - Loading module Warn.js
[2023-03-21T23:36:34.765] [INFO] default - Updating cases...
[2023-03-21T23:36:39.779] [INFO] default - Updating cases...
[2023-03-21T23:36:42.036] [INFO] default - /mute run by Osmii#0076
[2023-03-21T23:36:44.786] [INFO] default - Updating cases...
[2023-03-21T23:36:49.802] [INFO] default - Updating cases...
[2023-03-21T23:36:54.806] [INFO] default - Updating cases...
[2023-03-21T23:36:56.981] [INFO] default - /mute run by Osmii#0076
[2023-03-21T23:36:59.822] [INFO] default - Updating cases...
[2023-03-21T23:37:04.836] [INFO] default - Updating cases...
[2023-03-21T23:37:09.854] [INFO] default - Updating cases...
[2023-03-21T23:37:14.870] [INFO] default - Updating cases...
[2023-03-21T23:37:18.422] [INFO] default - /unmute run by Osmii#0076
[2023-03-21T23:37:19.876] [INFO] default - Updating cases...
[2023-03-21T23:37:24.894] [INFO] default - Updating cases...
[2023-03-21T23:37:29.900] [INFO] default - Updating cases...
[2023-03-21T23:37:34.914] [INFO] default - Updating cases...
[2023-03-21T23:37:39.920] [INFO] default - Updating cases...
[2023-03-21T23:37:44.930] [INFO] default - Updating cases...
[2023-03-21T23:37:49.937] [INFO] default - Updating cases...
[2023-03-21T23:37:54.943] [INFO] default - Updating cases...
[2023-03-21T23:37:59.947] [INFO] default - Updating cases...
[2023-03-21T23:38:04.956] [INFO] default - Updating cases...
[2023-03-21T23:38:09.972] [INFO] default - Updating cases...
[2023-03-21T23:38:14.980] [INFO] default - Updating cases...
[2023-03-21T23:38:19.995] [INFO] default - Updating cases...
[2023-03-21T23:38:25.002] [INFO] default - Updating cases...
[2023-03-21T23:38:30.004] [INFO] default - Updating cases...
[2023-03-21T23:38:35.010] [INFO] default - Updating cases...
[2023-03-21T23:38:40.028] [INFO] default - Updating cases...
[2023-03-21T23:38:45.032] [INFO] default - Updating cases...
[2023-03-21T23:38:50.043] [INFO] default - Updating cases...
[2023-03-21T23:38:55.055] [INFO] default - Updating cases...
[2023-03-21T23:39:00.060] [INFO] default - Updating cases...
[2023-03-21T23:39:05.066] [INFO] default - Updating cases...
[2023-03-21T23:39:10.081] [INFO] default - Updating cases...
[2023-03-21T23:39:15.084] [INFO] default - Updating cases...
[2023-03-21T23:39:20.089] [INFO] default - Updating cases...
[2023-03-21T23:39:25.092] [INFO] default - Updating cases...
[2023-03-21T23:39:30.102] [INFO] default - Updating cases...
[2023-03-21T23:39:35.147] [INFO] default - Updating cases...
[2023-03-21T23:39:40.154] [INFO] default - Updating cases...
[2023-03-21T23:39:45.169] [INFO] default - Updating cases...
[2023-03-21T23:39:50.183] [INFO] default - Updating cases...
[2023-03-21T23:39:55.189] [INFO] default - Updating cases...
[2023-03-21T23:40:00.206] [INFO] default - Updating cases...
[2023-03-21T23:40:05.209] [INFO] default - Updating cases...
[2023-03-21T23:40:10.227] [INFO] default - Updating cases...
[2023-03-21T23:40:15.246] [INFO] default - Updating cases...
[2023-03-21T23:40:20.260] [INFO] default - Updating cases...
[2023-03-21T23:40:25.273] [INFO] default - Updating cases...
[2023-03-21T23:40:30.280] [INFO] default - Updating cases...
[2023-03-21T23:40:35.294] [INFO] default - Updating cases...
[2023-03-21T23:40:40.312] [INFO] default - Updating cases...
[2023-03-21T23:40:45.330] [INFO] default - Updating cases...
[2023-03-21T23:40:50.342] [INFO] default - Updating cases...
[2023-03-21T23:40:55.355] [INFO] default - Updating cases...
[2023-03-21T23:41:00.372] [INFO] default - Updating cases...
[2023-03-21T23:41:05.390] [INFO] default - Updating cases...
[2023-03-21T23:41:10.401] [INFO] default - Updating cases...
[2023-03-21T23:41:15.404] [INFO] default - Updating cases...
[2023-03-21T23:41:20.417] [INFO] default - Updating cases...
[2023-03-21T23:41:25.432] [INFO] default - Updating cases...
[2023-03-21T23:41:30.448] [INFO] default - Updating cases...
[2023-03-21T23:41:35.467] [INFO] default - Updating cases...
[2023-03-21T23:41:40.476] [INFO] default - Updating cases...
[2023-03-21T23:41:45.486] [INFO] default - Updating cases...
[2023-03-21T23:41:50.504] [INFO] default - Updating cases...
[2023-03-21T23:41:55.513] [INFO] default - Updating cases...
[2023-03-21T23:42:00.517] [INFO] default - Updating cases...
[2023-03-21T23:42:05.518] [INFO] default - Updating cases...
[2023-03-21T23:42:10.527] [INFO] default - Updating cases...
[2023-03-21T23:42:15.535] [INFO] default - Updating cases...
[2023-03-21T23:42:20.544] [INFO] default - Updating cases...
[2023-03-21T23:42:25.547] [INFO] default - Updating cases...
[2023-03-21T23:42:30.556] [INFO] default - Updating cases...
[2023-03-21T23:42:35.568] [INFO] default - Updating cases...
[2023-03-21T23:42:40.582] [INFO] default - Updating cases...
[2023-03-21T23:42:45.597] [INFO] default - Updating cases...
[2023-03-21T23:42:50.612] [INFO] default - Updating cases...
[2023-03-21T23:42:55.620] [INFO] default - Updating cases...
[2023-03-21T23:43:00.624] [INFO] default - Updating cases...
[2023-03-21T23:43:05.643] [INFO] default - Updating cases...
[2023-03-21T23:43:10.654] [INFO] default - Updating cases...
[2023-03-21T23:43:15.660] [INFO] default - Updating cases...
[2023-03-21T23:43:20.664] [INFO] default - Updating cases...
[2023-03-21T23:43:25.668] [INFO] default - Updating cases...
[2023-03-21T23:43:30.674] [INFO] default - Updating cases...
[2023-03-21T23:43:35.682] [INFO] default - Updating cases...
[2023-03-21T23:43:40.698] [INFO] default - Updating cases...
[2023-03-21T23:43:45.706] [INFO] default - Updating cases...
[2023-03-21T23:43:50.711] [INFO] default - Updating cases...
[2023-03-21T23:43:55.721] [INFO] default - Updating cases...
[2023-03-21T23:44:00.725] [INFO] default - Updating cases...
[2023-03-21T23:44:05.729] [INFO] default - Updating cases...
[2023-03-21T23:44:10.736] [INFO] default - Updating cases...
[2023-03-21T23:44:15.753] [INFO] default - Updating cases...
[2023-03-21T23:44:20.773] [INFO] default - Updating cases...
[2023-03-21T23:44:25.779] [INFO] default - Updating cases...
[2023-03-21T23:44:30.794] [INFO] default - Updating cases...
[2023-03-21T23:44:35.810] [INFO] default - Updating cases...
[2023-03-21T23:44:40.824] [INFO] default - Updating cases...
[2023-03-21T23:44:45.831] [INFO] default - Updating cases...
[2023-03-21T23:44:50.849] [INFO] default - Updating cases...
[2023-03-21T23:44:55.865] [INFO] default - Updating cases...
[2023-03-21T23:45:00.870] [INFO] default - Updating cases...
[2023-03-21T23:45:05.873] [INFO] default - Updating cases...
[2023-03-21T23:45:10.886] [INFO] default - Updating cases...
[2023-03-21T23:45:15.903] [INFO] default - Updating cases...
[2023-03-21T23:45:20.910] [INFO] default - Updating cases...
[2023-03-21T23:45:25.919] [INFO] default - Updating cases...
[2023-03-21T23:45:30.928] [INFO] default - Updating cases...
[2023-03-21T23:45:35.943] [INFO] default - Updating cases...
[2023-03-21T23:45:40.953] [INFO] default - Updating cases...
[2023-03-21T23:45:45.957] [INFO] default - Updating cases...
[2023-03-21T23:45:50.960] [INFO] default - Updating cases...
[2023-03-21T23:45:55.976] [INFO] default - Updating cases...
[2023-03-21T23:46:00.982] [INFO] default - Updating cases...
[2023-03-21T23:46:05.998] [INFO] default - Updating cases...
[2023-03-21T23:46:11.002] [INFO] default - Updating cases...
[2023-03-21T23:46:16.007] [INFO] default - Updating cases...
[2023-03-21T23:46:21.022] [INFO] default - Updating cases...
[2023-03-21T23:46:26.029] [INFO] default - Updating cases...
[2023-03-21T23:46:31.038] [INFO] default - Updating cases...
[2023-03-21T23:46:36.056] [INFO] default - Updating cases...
[2023-03-21T23:46:41.063] [INFO] default - Updating cases...
[2023-03-21T23:46:46.080] [INFO] default - Updating cases...
[2023-03-21T23:46:51.093] [INFO] default - Updating cases...
[2023-03-21T23:46:56.095] [INFO] default - Updating cases...
[2023-03-21T23:47:01.098] [INFO] default - Updating cases...
[2023-03-21T23:47:06.103] [INFO] default - Updating cases...
[2023-03-21T23:47:11.107] [INFO] default - Updating cases...
[2023-03-21T23:47:16.116] [INFO] default - Updating cases...
[2023-03-21T23:47:21.119] [INFO] default - Updating cases...
[2023-03-21T23:47:26.133] [INFO] default - Updating cases...
[2023-03-21T23:47:31.142] [INFO] default - Updating cases...
[2023-03-21T23:47:36.150] [INFO] default - Updating cases...
[2023-03-21T23:47:41.159] [INFO] default - Updating cases...
[2023-03-21T23:47:46.168] [INFO] default - Updating cases...
[2023-03-21T23:47:51.175] [INFO] default - Updating cases...
[2023-03-21T23:47:56.181] [INFO] default - Updating cases...
[2023-03-21T23:48:01.190] [INFO] default - Updating cases...
[2023-03-21T23:48:06.201] [INFO] default - Updating cases...
[2023-03-21T23:48:11.212] [INFO] default - Updating cases...
[2023-03-21T23:48:16.219] [INFO] default - Updating cases...
[2023-03-21T23:48:21.235] [INFO] default - Updating cases...
[2023-03-21T23:48:26.238] [INFO] default - Updating cases...
[2023-03-21T23:48:31.254] [INFO] default - Updating cases...
[2023-03-21T23:48:36.265] [INFO] default - Updating cases...
[2023-03-21T23:48:41.271] [INFO] default - Updating cases...
[2023-03-21T23:48:46.287] [INFO] default - Updating cases...
[2023-03-21T23:48:51.302] [INFO] default - Updating cases...
[2023-03-21T23:48:56.320] [INFO] default - Updating cases...
[2023-03-21T23:49:01.336] [INFO] default - Updating cases...
[2023-03-21T23:49:06.340] [INFO] default - Updating cases...
[2023-03-21T23:49:11.353] [INFO] default - Updating cases...
[2023-03-21T23:49:16.358] [INFO] default - Updating cases...
[2023-03-21T23:49:21.375] [INFO] default - Updating cases...
[2023-03-21T23:49:26.382] [INFO] default - Updating cases...
[2023-03-21T23:49:31.399] [INFO] default - Updating cases...
[2023-03-21T23:49:36.409] [INFO] default - Updating cases...
[2023-03-21T23:49:41.422] [INFO] default - Updating cases...
[2023-03-21T23:49:46.434] [INFO] default - Updating cases...
[2023-03-21T23:49:51.451] [INFO] default - Updating cases...
[2023-03-21T23:49:56.468] [INFO] default - Updating cases...
[2023-03-21T23:50:01.481] [INFO] default - Updating cases...
[2023-03-21T23:50:06.496] [INFO] default - Updating cases...
[2023-03-21T23:50:11.503] [INFO] default - Updating cases...
[2023-03-21T23:50:16.507] [INFO] default - Updating cases...
[2023-03-21T23:50:21.529] [INFO] default - Updating cases...
[2023-03-21T23:50:26.681] [INFO] default - Updating cases...
[2023-03-21T23:50:31.691] [INFO] default - Updating cases...
[2023-03-21T23:50:36.708] [INFO] default - Updating cases...
[2023-03-21T23:50:41.720] [INFO] default - Updating cases...
[2023-03-21T23:50:46.738] [INFO] default - Updating cases...
[2023-03-21T23:50:51.746] [INFO] default - Updating cases...
[2023-03-21T23:50:56.756] [INFO] default - Updating cases...
[2023-03-21T23:51:01.760] [INFO] default - Updating cases...
[2023-03-21T23:51:06.770] [INFO] default - Updating cases...
[2023-03-21T23:51:11.773] [INFO] default - Updating cases...
[2023-03-21T23:51:16.790] [INFO] default - Updating cases...
[2023-03-21T23:51:21.797] [INFO] default - Updating cases...
[2023-03-21T23:51:26.805] [INFO] default - Updating cases...
[2023-03-21T23:51:31.820] [INFO] default - Updating cases...
[2023-03-21T23:51:36.830] [INFO] default - Updating cases...
[2023-03-21T23:51:41.847] [INFO] default - Updating cases...
[2023-03-21T23:51:46.867] [INFO] default - Updating cases...
[2023-03-21T23:51:51.877] [INFO] default - Updating cases...
[2023-03-21T23:51:56.886] [INFO] default - Updating cases...
[2023-03-21T23:52:01.892] [INFO] default - Updating cases...
[2023-03-21T23:52:06.910] [INFO] default - Updating cases...
[2023-03-21T23:52:11.924] [INFO] default - Updating cases...
[2023-03-21T23:52:16.940] [INFO] default - Updating cases...
[2023-03-21T23:52:21.957] [INFO] default - Updating cases...
[2023-03-21T23:52:27.024] [INFO] default - Updating cases...
[2023-03-21T23:52:32.112] [INFO] default - Updating cases...
[2023-03-21T23:52:37.125] [INFO] default - Updating cases...
[2023-03-21T23:52:42.133] [INFO] default - Updating cases...
[2023-03-21T23:52:47.146] [INFO] default - Updating cases...
[2023-03-21T23:52:52.151] [INFO] default - Updating cases...
[2023-03-21T23:52:57.169] [INFO] default - Updating cases...
[2023-03-21T23:53:02.186] [INFO] default - Updating cases...
[2023-03-21T23:53:07.194] [INFO] default - Updating cases...
[2023-03-21T23:53:12.202] [INFO] default - Updating cases...
[2023-03-21T23:53:17.208] [INFO] default - Updating cases...
[2023-03-21T23:53:22.213] [INFO] default - Updating cases...
[2023-03-21T23:53:27.222] [INFO] default - Updating cases...
[2023-03-21T23:53:32.229] [INFO] default - Updating cases...
[2023-03-21T23:53:37.245] [INFO] default - Updating cases...
[2023-03-21T23:53:42.261] [INFO] default - Updating cases...
[2023-03-21T23:53:47.273] [INFO] default - Updating cases...
[2023-03-21T23:53:52.281] [INFO] default - Updating cases...
[2023-03-21T23:53:57.298] [INFO] default - Updating cases...
[2023-03-21T23:54:02.308] [INFO] default - Updating cases...
[2023-03-21T23:54:07.326] [INFO] default - Updating cases...
[2023-03-21T23:54:12.343] [INFO] default - Updating cases...
[2023-03-21T23:54:17.351] [INFO] default - Updating cases...
[2023-03-21T23:54:22.368] [INFO] default - Updating cases...
[2023-03-21T23:54:27.378] [INFO] default - Updating cases...
[2023-03-21T23:54:32.386] [INFO] default - Updating cases...
[2023-03-21T23:54:37.399] [INFO] default - Updating cases...
[2023-03-21T23:54:42.406] [INFO] default - Updating cases...
[2023-03-21T23:54:47.411] [INFO] default - Updating cases...
[2023-03-21T23:54:52.418] [INFO] default - Updating cases...
[2023-03-21T23:54:57.423] [INFO] default - Updating cases...
[2023-03-21T23:55:02.430] [INFO] default - Updating cases...
[2023-03-21T23:55:07.442] [INFO] default - Updating cases...
[2023-03-21T23:55:12.448] [INFO] default - Updating cases...
[2023-03-21T23:55:17.462] [INFO] default - Updating cases...
[2023-03-21T23:55:22.470] [INFO] default - Updating cases...
[2023-03-21T23:55:27.485] [INFO] default - Updating cases...
[2023-03-21T23:55:32.505] [INFO] default - Updating cases...
[2023-03-21T23:55:37.533] [INFO] default - Updating cases...
[2023-03-21T23:55:42.541] [INFO] default - Updating cases...
[2023-03-21T23:55:47.545] [INFO] default - Updating cases...
[2023-03-21T23:55:52.557] [INFO] default - Updating cases...
[2023-03-21T23:55:57.573] [INFO] default - Updating cases...
[2023-03-21T23:56:02.579] [INFO] default - Updating cases...
[2023-03-21T23:56:07.595] [INFO] default - Updating cases...
[2023-03-21T23:56:12.610] [INFO] default - Updating cases...
[2023-03-21T23:56:17.615] [INFO] default - Updating cases...
[2023-03-21T23:56:22.625] [INFO] default - Updating cases...
[2023-03-21T23:56:27.641] [INFO] default - Updating cases...
[2023-03-21T23:56:32.653] [INFO] default - Updating cases...
[2023-03-21T23:56:37.660] [INFO] default - Updating cases...
[2023-03-21T23:56:42.670] [INFO] default - Updating cases...
[2023-03-21T23:56:47.678] [INFO] default - Updating cases...
[2023-03-21T23:56:52.690] [INFO] default - Updating cases...
[2023-03-21T23:56:57.696] [INFO] default - Updating cases...
[2023-03-21T23:57:02.706] [INFO] default - Updating cases...
[2023-03-21T23:57:07.715] [INFO] default - Updating cases...
[2023-03-21T23:57:12.720] [INFO] default - Updating cases...
[2023-03-21T23:57:17.736] [INFO] default - Updating cases...
[2023-03-21T23:57:22.748] [INFO] default - Updating cases...
[2023-03-21T23:57:27.753] [INFO] default - Updating cases...
[2023-03-21T23:57:32.765] [INFO] default - Updating cases...
[2023-03-21T23:57:37.771] [INFO] default - Updating cases...
[2023-03-21T23:57:42.779] [INFO] default - Updating cases...
[2023-03-21T23:57:47.796] [INFO] default - Updating cases...
[2023-03-21T23:57:52.815] [INFO] default - Updating cases...
[2023-03-21T23:57:57.823] [INFO] default - Updating cases...
[2023-03-21T23:58:02.835] [INFO] default - Updating cases...
[2023-03-21T23:58:07.838] [INFO] default - Updating cases...
[2023-03-21T23:58:12.847] [INFO] default - Updating cases...
