[2023-03-23T18:12:52.337] [INFO] default - Logged in as Academia#0862
[2023-03-23T18:12:52.342] [INFO] default - Loading module WelcomeAndGoodbye.js
[2023-03-23T18:12:52.347] [INFO] default - Loading module Ban.js
[2023-03-23T18:12:52.350] [INFO] default - Loading module RelayHandler.js
[2023-03-23T18:12:52.351] [INFO] default - Loading module Verification.js
[2023-03-23T18:12:52.354] [INFO] default - Loading command Ban.command.js
[2023-03-23T18:12:52.370] [INFO] default - Loaded command CHAT_INPUT_ban
[2023-03-23T18:12:52.373] [INFO] default - Loading command Cases.command.js
[2023-03-23T18:12:52.381] [INFO] default - Loaded command CHAT_INPUT_cases
[2023-03-23T18:12:52.384] [INFO] default - Loading command Kick.command.js
[2023-03-23T18:12:52.391] [INFO] default - Loaded command CHAT_INPUT_kick
[2023-03-23T18:12:52.395] [INFO] default - Loading command Mute.command.js
[2023-03-23T18:12:52.472] [INFO] default - Loaded command CHAT_INPUT_mute
[2023-03-23T18:12:52.481] [INFO] default - Loading command Reason.command.js
[2023-03-23T18:12:52.489] [INFO] default - Loaded command CHAT_INPUT_reason
[2023-03-23T18:12:52.491] [INFO] default - Loading command Unban.command.js
[2023-03-23T18:12:52.507] [INFO] default - Loaded command CHAT_INPUT_unban
[2023-03-23T18:12:52.524] [INFO] default - Loading command Unmute.command.js
[2023-03-23T18:12:52.537] [INFO] default - Loaded command CHAT_INPUT_unmute
[2023-03-23T18:12:52.548] [INFO] default - Loading command Warn.command.js
[2023-03-23T18:12:52.583] [INFO] default - Loaded command CHAT_INPUT_warn
[2023-03-23T18:12:52.599] [INFO] default - Loading command Ban.command.js
[2023-03-23T18:12:52.617] [INFO] default - Loaded command MESSAGE_CONTEXT_Ban
[2023-03-23T18:12:52.621] [INFO] default - Loading command Kick.command.js
[2023-03-23T18:12:52.627] [INFO] default - Loaded command MESSAGE_CONTEXT_Kick
[2023-03-23T18:12:52.629] [INFO] default - Loading command Mute.command.js
[2023-03-23T18:12:52.635] [INFO] default - Loaded command MESSAGE_CONTEXT_Mute
[2023-03-23T18:12:52.641] [INFO] default - Loading command Warn.command.js
[2023-03-23T18:12:52.656] [INFO] default - Loaded command MESSAGE_CONTEXT_Warn
[2023-03-23T18:12:52.660] [INFO] default - Loading command Ban.command.js
[2023-03-23T18:12:52.669] [INFO] default - Loaded command USER_CONTEXT_Ban
[2023-03-23T18:12:52.671] [INFO] default - Loading command Kick.command.js
[2023-03-23T18:12:52.675] [INFO] default - Loaded command USER_CONTEXT_Kick
[2023-03-23T18:12:52.679] [INFO] default - Loading command Mute.command.js
[2023-03-23T18:12:52.686] [INFO] default - Loaded command USER_CONTEXT_Mute
[2023-03-23T18:12:52.688] [INFO] default - Loading command Warn.command.js
[2023-03-23T18:12:52.697] [INFO] default - Loaded command USER_CONTEXT_Warn
[2023-03-23T18:12:52.699] [INFO] default - All modules and commands loaded
[2023-03-23T18:12:52.773] [INFO] default - Loading module Kick.js
[2023-03-23T18:12:52.775] [INFO] default - Loading module TicketManager.js
[2023-03-23T18:12:52.777] [INFO] default - Loading module VerificationManager.js
[2023-03-23T18:12:52.783] [INFO] default - Loading module Logging.js
[2023-03-23T18:12:52.788] [INFO] default - Loading module Mute.js
[2023-03-23T18:12:52.791] [INFO] default - Loading module UpdateCase.js
[2023-03-23T18:12:52.802] [INFO] default - Loading module Warn.js
[2023-03-23T18:12:55.811] [INFO] default - Updating cases...
[2023-03-23T18:13:00.819] [INFO] default - Updating cases...
[2023-03-23T18:13:05.822] [INFO] default - Updating cases...
[2023-03-23T18:13:10.829] [INFO] default - Updating cases...
[2023-03-23T18:13:15.830] [INFO] default - Updating cases...
[2023-03-23T18:13:20.833] [INFO] default - Updating cases...
[2023-03-23T18:13:25.834] [INFO] default - Updating cases...
[2023-03-23T18:13:30.847] [INFO] default - Updating cases...
[2023-03-23T18:13:35.860] [INFO] default - Updating cases...
[2023-03-23T18:13:40.866] [INFO] default - Updating cases...
[2023-03-23T18:13:45.875] [INFO] default - Updating cases...
[2023-03-23T18:13:50.882] [INFO] default - Updating cases...
[2023-03-23T18:13:55.899] [INFO] default - Updating cases...
[2023-03-23T18:14:00.907] [INFO] default - Updating cases...
[2023-03-23T18:14:05.914] [INFO] default - Updating cases...
[2023-03-23T18:14:10.930] [INFO] default - Updating cases...
[2023-03-23T18:14:15.937] [INFO] default - Updating cases...
[2023-03-23T18:14:20.942] [INFO] default - Updating cases...
[2023-03-23T18:14:25.955] [INFO] default - Updating cases...
[2023-03-23T18:14:30.961] [INFO] default - Updating cases...
[2023-03-23T18:14:35.972] [INFO] default - Updating cases...
[2023-03-23T18:14:40.991] [INFO] default - Updating cases...
[2023-03-23T18:14:45.997] [INFO] default - Updating cases...
[2023-03-23T18:14:51.002] [INFO] default - Updating cases...
[2023-03-23T18:14:56.015] [INFO] default - Updating cases...
[2023-03-23T18:15:01.028] [INFO] default - Updating cases...
