[2023-03-23T15:41:51.329] [INFO] default - Logged in as Academia#0862
[2023-03-23T15:41:51.343] [INFO] default - Loading module WelcomeAndGoodbye.js
[2023-03-23T15:41:51.354] [INFO] default - Loading module Ban.js
[2023-03-23T15:41:51.375] [INFO] default - Loading module RelayHandler.js
[2023-03-23T15:41:51.386] [INFO] default - Loading module VerificationManager.js
[2023-03-23T15:41:51.391] [INFO] default - Loading command Ban.command.js
[2023-03-23T15:41:51.420] [INFO] default - Loaded command CHAT_INPUT_ban
[2023-03-23T15:41:51.429] [INFO] default - Loading command Cases.command.js
[2023-03-23T15:41:51.470] [INFO] default - Loaded command CHAT_INPUT_cases
[2023-03-23T15:41:51.473] [INFO] default - Loading command Kick.command.js
[2023-03-23T15:41:51.525] [INFO] default - Loaded command CHAT_INPUT_kick
[2023-03-23T15:41:51.544] [INFO] default - Loading command Mute.command.js
[2023-03-23T15:41:51.559] [INFO] default - Loaded command CHAT_INPUT_mute
[2023-03-23T15:41:51.573] [INFO] default - Loading command Reason.command.js
[2023-03-23T15:41:51.588] [INFO] default - Loaded command CHAT_INPUT_reason
[2023-03-23T15:41:51.590] [INFO] default - Loading command Unban.command.js
[2023-03-23T15:41:51.603] [INFO] default - Loaded command CHAT_INPUT_unban
[2023-03-23T15:41:51.611] [INFO] default - Loading command Unmute.command.js
[2023-03-23T15:41:51.628] [INFO] default - Loaded command CHAT_INPUT_unmute
[2023-03-23T15:41:51.635] [INFO] default - Loading command Warn.command.js
[2023-03-23T15:41:51.670] [INFO] default - Loaded command CHAT_INPUT_warn
[2023-03-23T15:41:51.675] [INFO] default - Loading command Ban.command.js
[2023-03-23T15:41:51.706] [INFO] default - Loaded command MESSAGE_CONTEXT_Ban
[2023-03-23T15:41:51.709] [INFO] default - Loading command Kick.command.js
[2023-03-23T15:41:51.721] [INFO] default - Loaded command MESSAGE_CONTEXT_Kick
[2023-03-23T15:41:51.723] [INFO] default - Loading command Mute.command.js
[2023-03-23T15:41:51.730] [INFO] default - Loaded command MESSAGE_CONTEXT_Mute
[2023-03-23T15:41:51.732] [INFO] default - Loading command Warn.command.js
[2023-03-23T15:41:51.740] [INFO] default - Loaded command MESSAGE_CONTEXT_Warn
[2023-03-23T15:41:51.743] [INFO] default - Loading command Ban.command.js
[2023-03-23T15:41:51.753] [INFO] default - Loaded command USER_CONTEXT_Ban
[2023-03-23T15:41:51.757] [INFO] default - Loading command Kick.command.js
[2023-03-23T15:41:51.765] [INFO] default - Loaded command USER_CONTEXT_Kick
[2023-03-23T15:41:51.771] [INFO] default - Loading command Mute.command.js
[2023-03-23T15:41:51.776] [INFO] default - Loaded command USER_CONTEXT_Mute
[2023-03-23T15:41:51.779] [INFO] default - Loading command Warn.command.js
[2023-03-23T15:41:51.790] [INFO] default - Loaded command USER_CONTEXT_Warn
[2023-03-23T15:41:51.793] [INFO] default - All modules and commands loaded
[2023-03-23T15:41:51.875] [INFO] default - Loading module Kick.js
[2023-03-23T15:41:51.886] [INFO] default - Loading module TicketManager.js
[2023-03-23T15:41:51.895] [INFO] default - Loading module Logging.js
[2023-03-23T15:41:51.906] [INFO] default - Loading module Mute.js
[2023-03-23T15:41:51.916] [INFO] default - Loading module UpdateCase.js
[2023-03-23T15:41:51.932] [INFO] default - Loading module Warn.js
[2023-03-23T15:41:54.932] [INFO] default - Updating cases...
[2023-03-23T15:41:59.948] [INFO] default - Updating cases...
[2023-03-23T15:42:04.953] [INFO] default - Updating cases...
[2023-03-23T15:42:09.961] [INFO] default - Updating cases...
[2023-03-23T15:42:14.974] [INFO] default - Updating cases...
[2023-03-23T15:42:19.977] [INFO] default - Updating cases...
[2023-03-23T15:42:24.981] [INFO] default - Updating cases...
[2023-03-23T15:42:29.991] [INFO] default - Updating cases...
[2023-03-23T15:42:32.983] [INFO] default - /kick run by Osmii#0076
[2023-03-23T15:42:35.005] [INFO] default - Updating cases...
[2023-03-23T15:42:40.020] [INFO] default - Updating cases...
[2023-03-23T15:42:45.027] [INFO] default - Updating cases...
[2023-03-23T15:42:50.037] [INFO] default - Updating cases...
[2023-03-23T15:42:55.046] [INFO] default - Updating cases...
[2023-03-23T15:43:00.053] [INFO] default - Updating cases...
[2023-03-23T15:43:05.071] [INFO] default - Updating cases...
[2023-03-23T15:43:10.086] [INFO] default - Updating cases...
[2023-03-23T15:43:15.090] [INFO] default - Updating cases...
[2023-03-23T15:43:20.094] [INFO] default - Updating cases...
[2023-03-23T15:43:25.100] [INFO] default - Updating cases...
[2023-03-23T15:43:30.111] [INFO] default - Updating cases...
[2023-03-23T15:43:35.117] [INFO] default - Updating cases...
[2023-03-23T15:43:40.120] [INFO] default - Updating cases...
[2023-03-23T15:43:45.131] [INFO] default - Updating cases...
[2023-03-23T15:43:50.144] [INFO] default - Updating cases...
[2023-03-23T15:43:55.151] [INFO] default - Updating cases...
[2023-03-23T15:44:00.163] [INFO] default - Updating cases...
[2023-03-23T15:44:05.175] [INFO] default - Updating cases...
[2023-03-23T15:44:10.186] [INFO] default - Updating cases...
[2023-03-23T15:44:15.192] [INFO] default - Updating cases...
[2023-03-23T15:44:20.205] [INFO] default - Updating cases...
[2023-03-23T15:44:25.221] [INFO] default - Updating cases...
[2023-03-23T15:44:30.231] [INFO] default - Updating cases...
[2023-03-23T15:44:35.235] [INFO] default - Updating cases...
[2023-03-23T15:44:40.249] [INFO] default - Updating cases...
[2023-03-23T15:44:45.252] [INFO] default - Updating cases...
[2023-03-23T15:44:50.263] [INFO] default - Updating cases...
[2023-03-23T15:44:55.267] [INFO] default - Updating cases...
[2023-03-23T15:45:00.273] [INFO] default - Updating cases...
[2023-03-23T15:45:05.283] [INFO] default - Updating cases...
[2023-03-23T15:45:10.299] [INFO] default - Updating cases...
[2023-03-23T15:45:15.303] [INFO] default - Updating cases...
[2023-03-23T15:45:20.307] [INFO] default - Updating cases...
[2023-03-23T15:45:25.314] [INFO] default - Updating cases...
[2023-03-23T15:45:30.321] [INFO] default - Updating cases...
[2023-03-23T15:45:35.324] [INFO] default - Updating cases...
[2023-03-23T15:45:40.328] [INFO] default - Updating cases...
[2023-03-23T15:45:45.334] [INFO] default - Updating cases...
[2023-03-23T15:45:50.344] [INFO] default - Updating cases...
[2023-03-23T15:45:55.345] [INFO] default - Updating cases...
[2023-03-23T15:46:00.355] [INFO] default - Updating cases...
[2023-03-23T15:46:05.362] [INFO] default - Updating cases...
[2023-03-23T15:46:10.369] [INFO] default - Updating cases...
[2023-03-23T15:46:15.377] [INFO] default - Updating cases...
[2023-03-23T15:46:20.390] [INFO] default - Updating cases...
[2023-03-23T15:46:25.402] [INFO] default - Updating cases...
[2023-03-23T15:46:30.415] [INFO] default - Updating cases...
[2023-03-23T15:46:35.420] [INFO] default - Updating cases...
[2023-03-23T15:46:40.426] [INFO] default - Updating cases...
[2023-03-23T15:46:45.434] [INFO] default - Updating cases...
[2023-03-23T15:46:50.436] [INFO] default - Updating cases...
[2023-03-23T15:46:55.451] [INFO] default - Updating cases...
[2023-03-23T15:47:00.455] [INFO] default - Updating cases...
[2023-03-23T15:47:05.464] [INFO] default - Updating cases...
[2023-03-23T15:47:10.469] [INFO] default - Updating cases...
[2023-03-23T15:47:15.477] [INFO] default - Updating cases...
[2023-03-23T15:47:20.479] [INFO] default - Updating cases...
[2023-03-23T15:47:25.488] [INFO] default - Updating cases...
[2023-03-23T15:47:30.494] [INFO] default - Updating cases...
[2023-03-23T15:47:35.500] [INFO] default - Updating cases...
[2023-03-23T15:47:40.522] [INFO] default - Updating cases...
[2023-03-23T15:47:45.526] [INFO] default - Updating cases...
[2023-03-23T15:47:50.542] [INFO] default - Updating cases...
[2023-03-23T15:47:55.552] [INFO] default - Updating cases...
[2023-03-23T15:48:00.570] [INFO] default - Updating cases...
[2023-03-23T15:48:05.580] [INFO] default - Updating cases...
[2023-03-23T15:48:10.584] [INFO] default - Updating cases...
[2023-03-23T15:48:15.599] [INFO] default - Updating cases...
[2023-03-23T15:48:20.604] [INFO] default - Updating cases...
[2023-03-23T15:48:25.609] [INFO] default - Updating cases...
[2023-03-23T15:48:30.611] [INFO] default - Updating cases...
[2023-03-23T15:48:35.623] [INFO] default - Updating cases...
[2023-03-23T15:48:40.625] [INFO] default - Updating cases...
[2023-03-23T15:48:45.632] [INFO] default - Updating cases...
[2023-03-23T15:48:50.637] [INFO] default - Updating cases...
[2023-03-23T15:48:55.652] [INFO] default - Updating cases...
[2023-03-23T15:49:00.664] [INFO] default - Updating cases...
[2023-03-23T15:49:05.674] [INFO] default - Updating cases...
[2023-03-23T15:49:10.680] [INFO] default - Updating cases...
[2023-03-23T15:49:15.683] [INFO] default - Updating cases...
[2023-03-23T15:49:20.696] [INFO] default - Updating cases...
[2023-03-23T15:49:25.705] [INFO] default - Updating cases...
[2023-03-23T15:49:30.710] [INFO] default - Updating cases...
[2023-03-23T15:49:35.722] [INFO] default - Updating cases...
[2023-03-23T15:49:40.733] [INFO] default - Updating cases...
[2023-03-23T15:49:45.746] [INFO] default - Updating cases...
[2023-03-23T15:49:50.754] [INFO] default - Updating cases...
[2023-03-23T15:49:55.776] [INFO] default - Updating cases...
[2023-03-23T15:50:00.792] [INFO] default - Updating cases...
[2023-03-23T15:50:05.807] [INFO] default - Updating cases...
[2023-03-23T15:50:10.816] [INFO] default - Updating cases...
[2023-03-23T15:50:15.819] [INFO] default - Updating cases...
[2023-03-23T15:50:20.824] [INFO] default - Updating cases...
[2023-03-23T15:50:25.832] [INFO] default - Updating cases...
[2023-03-23T15:50:30.836] [INFO] default - Updating cases...
[2023-03-23T15:50:35.847] [INFO] default - Updating cases...
[2023-03-23T15:50:40.853] [INFO] default - Updating cases...
[2023-03-23T15:50:45.867] [INFO] default - Updating cases...
[2023-03-23T15:50:50.870] [INFO] default - Updating cases...
[2023-03-23T15:50:55.864] [INFO] default - Updating cases...
[2023-03-23T15:51:00.882] [INFO] default - Updating cases...
[2023-03-23T15:51:05.885] [INFO] default - Updating cases...
[2023-03-23T15:51:10.888] [INFO] default - Updating cases...
[2023-03-23T15:51:15.891] [INFO] default - Updating cases...
[2023-03-23T15:51:20.906] [INFO] default - Updating cases...
[2023-03-23T15:51:25.917] [INFO] default - Updating cases...
[2023-03-23T15:51:30.932] [INFO] default - Updating cases...
[2023-03-23T15:51:35.945] [INFO] default - Updating cases...
[2023-03-23T15:51:40.957] [INFO] default - Updating cases...
[2023-03-23T15:51:45.967] [INFO] default - Updating cases...
[2023-03-23T15:51:50.971] [INFO] default - Updating cases...
[2023-03-23T15:51:55.995] [INFO] default - Updating cases...
[2023-03-23T15:52:01.008] [INFO] default - Updating cases...
[2023-03-23T15:52:06.023] [INFO] default - Updating cases...
[2023-03-23T15:52:11.028] [INFO] default - Updating cases...
[2023-03-23T15:52:16.043] [INFO] default - Updating cases...
[2023-03-23T15:52:21.050] [INFO] default - Updating cases...
[2023-03-23T15:52:26.059] [INFO] default - Updating cases...
[2023-03-23T15:52:31.070] [INFO] default - Updating cases...
[2023-03-23T15:52:36.078] [INFO] default - Updating cases...
[2023-03-23T15:52:41.083] [INFO] default - Updating cases...
[2023-03-23T15:52:46.091] [INFO] default - Updating cases...
[2023-03-23T15:52:51.097] [INFO] default - Updating cases...
[2023-03-23T15:52:56.108] [INFO] default - Updating cases...
[2023-03-23T15:53:01.111] [INFO] default - Updating cases...
[2023-03-23T15:53:06.122] [INFO] default - Updating cases...
[2023-03-23T15:53:11.136] [INFO] default - Updating cases...
[2023-03-23T15:53:16.142] [INFO] default - Updating cases...
[2023-03-23T15:53:21.160] [INFO] default - Updating cases...
[2023-03-23T15:53:26.165] [INFO] default - Updating cases...
[2023-03-23T15:53:31.170] [INFO] default - Updating cases...
[2023-03-23T15:53:36.179] [INFO] default - Updating cases...
[2023-03-23T15:53:41.197] [INFO] default - Updating cases...
[2023-03-23T15:53:46.214] [INFO] default - Updating cases...
[2023-03-23T15:53:51.222] [INFO] default - Updating cases...
[2023-03-23T15:53:56.233] [INFO] default - Updating cases...
[2023-03-23T15:54:01.244] [INFO] default - Updating cases...
[2023-03-23T15:54:06.249] [INFO] default - Updating cases...
[2023-03-23T15:54:11.268] [INFO] default - Updating cases...
[2023-03-23T15:54:16.270] [INFO] default - Updating cases...
[2023-03-23T15:54:21.279] [INFO] default - Updating cases...
[2023-03-23T15:54:26.284] [INFO] default - Updating cases...
[2023-03-23T15:54:31.296] [INFO] default - Updating cases...
[2023-03-23T15:54:36.305] [INFO] default - Updating cases...
[2023-03-23T15:54:41.315] [INFO] default - Updating cases...
[2023-03-23T15:54:46.321] [INFO] default - Updating cases...
[2023-03-23T15:54:51.337] [INFO] default - Updating cases...
[2023-03-23T15:54:56.350] [INFO] default - Updating cases...
[2023-03-23T15:55:01.366] [INFO] default - Updating cases...
[2023-03-23T15:55:06.372] [INFO] default - Updating cases...
[2023-03-23T15:55:11.376] [INFO] default - Updating cases...
[2023-03-23T15:55:16.380] [INFO] default - Updating cases...
[2023-03-23T15:55:21.390] [INFO] default - Updating cases...
[2023-03-23T15:55:26.402] [INFO] default - Updating cases...
[2023-03-23T15:55:31.406] [INFO] default - Updating cases...
[2023-03-23T15:55:36.415] [INFO] default - Updating cases...
[2023-03-23T15:55:41.418] [INFO] default - Updating cases...
[2023-03-23T15:55:46.428] [INFO] default - Updating cases...
[2023-03-23T15:55:51.432] [INFO] default - Updating cases...
[2023-03-23T15:55:56.435] [INFO] default - Updating cases...
[2023-03-23T15:56:01.437] [INFO] default - Updating cases...
[2023-03-23T15:56:06.457] [INFO] default - Updating cases...
[2023-03-23T15:56:11.475] [INFO] default - Updating cases...
[2023-03-23T15:56:16.489] [INFO] default - Updating cases...
[2023-03-23T15:56:21.501] [INFO] default - Updating cases...
[2023-03-23T15:56:26.504] [INFO] default - Updating cases...
[2023-03-23T15:56:31.528] [INFO] default - Updating cases...
[2023-03-23T15:56:36.547] [INFO] default - Updating cases...
[2023-03-23T15:56:41.562] [INFO] default - Updating cases...
[2023-03-23T15:56:46.566] [INFO] default - Updating cases...
[2023-03-23T15:56:51.578] [INFO] default - Updating cases...
[2023-03-23T15:56:56.592] [INFO] default - Updating cases...
[2023-03-23T15:57:01.608] [INFO] default - Updating cases...
[2023-03-23T15:57:06.614] [INFO] default - Updating cases...
[2023-03-23T15:57:11.624] [INFO] default - Updating cases...
[2023-03-23T15:57:16.633] [INFO] default - Updating cases...
[2023-03-23T15:57:21.642] [INFO] default - Updating cases...
[2023-03-23T15:57:26.647] [INFO] default - Updating cases...
[2023-03-23T15:57:31.653] [INFO] default - Updating cases...
[2023-03-23T15:57:36.655] [INFO] default - Updating cases...
[2023-03-23T15:57:41.658] [INFO] default - Updating cases...
[2023-03-23T15:57:46.663] [INFO] default - Updating cases...
[2023-03-23T15:57:51.665] [INFO] default - Updating cases...
[2023-03-23T15:57:56.668] [INFO] default - Updating cases...
[2023-03-23T15:58:01.677] [INFO] default - Updating cases...
[2023-03-23T15:58:06.680] [INFO] default - Updating cases...
[2023-03-23T15:58:11.697] [INFO] default - Updating cases...
[2023-03-23T15:58:16.700] [INFO] default - Updating cases...
[2023-03-23T15:58:21.705] [INFO] default - Updating cases...
[2023-03-23T15:58:26.708] [INFO] default - Updating cases...
[2023-03-23T15:58:31.716] [INFO] default - Updating cases...
[2023-03-23T15:58:36.728] [INFO] default - Updating cases...
[2023-03-23T15:58:41.734] [INFO] default - Updating cases...
[2023-03-23T15:58:46.746] [INFO] default - Updating cases...
[2023-03-23T15:58:51.750] [INFO] default - Updating cases...
[2023-03-23T15:58:56.753] [INFO] default - Updating cases...
[2023-03-23T15:59:01.771] [INFO] default - Updating cases...
[2023-03-23T15:59:06.781] [INFO] default - Updating cases...
[2023-03-23T15:59:11.783] [INFO] default - Updating cases...
[2023-03-23T15:59:16.788] [INFO] default - Updating cases...
[2023-03-23T15:59:21.802] [INFO] default - Updating cases...
[2023-03-23T15:59:26.805] [INFO] default - Updating cases...
[2023-03-23T15:59:31.811] [INFO] default - Updating cases...
[2023-03-23T15:59:36.814] [INFO] default - Updating cases...
[2023-03-23T15:59:41.823] [INFO] default - Updating cases...
[2023-03-23T15:59:46.826] [INFO] default - Updating cases...
[2023-03-23T15:59:51.833] [INFO] default - Updating cases...
[2023-03-23T15:59:56.846] [INFO] default - Updating cases...
[2023-03-23T16:00:01.853] [INFO] default - Updating cases...
[2023-03-23T16:00:06.872] [INFO] default - Updating cases...
[2023-03-23T16:00:11.887] [INFO] default - Updating cases...
[2023-03-23T16:00:16.894] [INFO] default - Updating cases...
[2023-03-23T16:00:21.907] [INFO] default - Updating cases...
[2023-03-23T16:00:26.913] [INFO] default - Updating cases...
[2023-03-23T16:00:31.918] [INFO] default - Updating cases...
[2023-03-23T16:00:36.934] [INFO] default - Updating cases...
[2023-03-23T16:00:41.940] [INFO] default - Updating cases...
[2023-03-23T16:00:46.958] [INFO] default - Updating cases...
[2023-03-23T16:00:51.974] [INFO] default - Updating cases...
[2023-03-23T16:00:56.987] [INFO] default - Updating cases...
[2023-03-23T16:01:01.990] [INFO] default - Updating cases...
[2023-03-23T16:01:07.003] [INFO] default - Updating cases...
[2023-03-23T16:01:12.017] [INFO] default - Updating cases...
[2023-03-23T16:01:17.034] [INFO] default - Updating cases...
[2023-03-23T16:01:22.039] [INFO] default - Updating cases...
[2023-03-23T16:01:27.044] [INFO] default - Updating cases...
[2023-03-23T16:01:32.050] [INFO] default - Updating cases...
[2023-03-23T16:01:37.065] [INFO] default - Updating cases...
[2023-03-23T16:01:42.068] [INFO] default - Updating cases...
[2023-03-23T16:01:47.072] [INFO] default - Updating cases...
[2023-03-23T16:01:52.089] [INFO] default - Updating cases...
[2023-03-23T16:01:57.104] [INFO] default - Updating cases...
[2023-03-23T16:02:02.113] [INFO] default - Updating cases...
[2023-03-23T16:02:07.128] [INFO] default - Updating cases...
[2023-03-23T16:02:12.142] [INFO] default - Updating cases...
[2023-03-23T16:02:17.146] [INFO] default - Updating cases...
[2023-03-23T16:02:22.162] [INFO] default - Updating cases...
[2023-03-23T16:02:27.175] [INFO] default - Updating cases...
[2023-03-23T16:02:32.181] [INFO] default - Updating cases...
[2023-03-23T16:02:37.187] [INFO] default - Updating cases...
[2023-03-23T16:02:42.194] [INFO] default - Updating cases...
[2023-03-23T16:02:47.204] [INFO] default - Updating cases...
[2023-03-23T16:02:52.213] [INFO] default - Updating cases...
[2023-03-23T16:02:57.229] [INFO] default - Updating cases...
[2023-03-23T16:03:02.237] [INFO] default - Updating cases...
[2023-03-23T16:03:07.253] [INFO] default - Updating cases...
[2023-03-23T16:03:12.257] [INFO] default - Updating cases...
[2023-03-23T16:03:17.292] [INFO] default - Updating cases...
[2023-03-23T16:03:22.336] [INFO] default - Updating cases...
[2023-03-23T16:03:27.359] [INFO] default - Updating cases...
[2023-03-23T16:03:32.368] [INFO] default - Updating cases...
[2023-03-23T16:03:37.384] [INFO] default - Updating cases...
[2023-03-23T16:03:42.398] [INFO] default - Updating cases...
[2023-03-23T16:03:47.404] [INFO] default - Updating cases...
[2023-03-23T16:03:52.416] [INFO] default - Updating cases...
[2023-03-23T16:03:57.421] [INFO] default - Updating cases...
[2023-03-23T16:04:02.434] [INFO] default - Updating cases...
[2023-03-23T16:04:07.454] [INFO] default - Updating cases...
[2023-03-23T16:04:12.456] [INFO] default - Updating cases...
[2023-03-23T16:04:17.476] [INFO] default - Updating cases...
[2023-03-23T16:04:22.489] [INFO] default - Updating cases...
[2023-03-23T16:04:27.495] [INFO] default - Updating cases...
[2023-03-23T16:04:32.507] [INFO] default - Updating cases...
[2023-03-23T16:04:37.517] [INFO] default - Updating cases...
[2023-03-23T16:04:42.521] [INFO] default - Updating cases...
[2023-03-23T16:04:47.532] [INFO] default - Updating cases...
[2023-03-23T16:04:52.533] [INFO] default - Updating cases...
[2023-03-23T16:04:57.552] [INFO] default - Updating cases...
[2023-03-23T16:05:02.567] [INFO] default - Updating cases...
[2023-03-23T16:05:07.574] [INFO] default - Updating cases...
[2023-03-23T16:05:12.588] [INFO] default - Updating cases...
[2023-03-23T16:05:17.591] [INFO] default - Updating cases...
[2023-03-23T16:05:22.600] [INFO] default - Updating cases...
[2023-03-23T16:05:27.615] [INFO] default - Updating cases...
[2023-03-23T16:05:32.628] [INFO] default - Updating cases...
[2023-03-23T16:05:37.632] [INFO] default - Updating cases...
[2023-03-23T16:05:42.635] [INFO] default - Updating cases...
[2023-03-23T16:05:47.650] [INFO] default - Updating cases...
[2023-03-23T16:05:52.664] [INFO] default - Updating cases...
[2023-03-23T16:05:57.684] [INFO] default - Updating cases...
[2023-03-23T16:06:02.690] [INFO] default - Updating cases...
[2023-03-23T16:06:07.707] [INFO] default - Updating cases...
[2023-03-23T16:06:12.714] [INFO] default - Updating cases...
[2023-03-23T16:06:17.731] [INFO] default - Updating cases...
[2023-03-23T16:06:22.743] [INFO] default - Updating cases...
[2023-03-23T16:06:27.751] [INFO] default - Updating cases...
[2023-03-23T16:06:32.755] [INFO] default - Updating cases...
[2023-03-23T16:06:37.760] [INFO] default - Updating cases...
[2023-03-23T16:06:42.776] [INFO] default - Updating cases...
[2023-03-23T16:06:47.793] [INFO] default - Updating cases...
[2023-03-23T16:06:52.808] [INFO] default - Updating cases...
[2023-03-23T16:06:57.814] [INFO] default - Updating cases...
[2023-03-23T16:07:02.822] [INFO] default - Updating cases...
[2023-03-23T16:07:07.829] [INFO] default - Updating cases...
[2023-03-23T16:07:12.840] [INFO] default - Updating cases...
[2023-03-23T16:07:17.851] [INFO] default - Updating cases...
[2023-03-23T16:07:22.860] [INFO] default - Updating cases...
[2023-03-23T16:07:27.867] [INFO] default - Updating cases...
[2023-03-23T16:07:32.871] [INFO] default - Updating cases...
[2023-03-23T16:07:37.884] [INFO] default - Updating cases...
[2023-03-23T16:07:42.887] [INFO] default - Updating cases...
[2023-03-23T16:07:47.905] [INFO] default - Updating cases...
[2023-03-23T16:07:52.910] [INFO] default - Updating cases...
[2023-03-23T16:07:57.924] [INFO] default - Updating cases...
[2023-03-23T16:08:02.933] [INFO] default - Updating cases...
[2023-03-23T16:08:07.937] [INFO] default - Updating cases...
[2023-03-23T16:08:12.945] [INFO] default - Updating cases...
[2023-03-23T16:08:17.951] [INFO] default - Updating cases...
[2023-03-23T16:08:22.954] [INFO] default - Updating cases...
[2023-03-23T16:08:27.965] [INFO] default - Updating cases...
[2023-03-23T16:08:32.971] [INFO] default - Updating cases...
[2023-03-23T16:08:37.982] [INFO] default - Updating cases...
[2023-03-23T16:08:42.994] [INFO] default - Updating cases...
[2023-03-23T16:08:48.003] [INFO] default - Updating cases...
[2023-03-23T16:08:53.018] [INFO] default - Updating cases...
[2023-03-23T16:08:58.011] [INFO] default - Updating cases...
[2023-03-23T16:09:03.019] [INFO] default - Updating cases...
[2023-03-23T16:09:08.035] [INFO] default - Updating cases...
[2023-03-23T16:09:13.038] [INFO] default - Updating cases...
[2023-03-23T16:09:18.047] [INFO] default - Updating cases...
[2023-03-23T16:09:23.051] [INFO] default - Updating cases...
[2023-03-23T16:09:28.053] [INFO] default - Updating cases...
[2023-03-23T16:09:33.063] [INFO] default - Updating cases...
[2023-03-23T16:09:38.079] [INFO] default - Updating cases...
[2023-03-23T16:09:43.092] [INFO] default - Updating cases...
[2023-03-23T16:09:48.108] [INFO] default - Updating cases...
[2023-03-23T16:09:53.118] [INFO] default - Updating cases...
[2023-03-23T16:09:58.136] [INFO] default - Updating cases...
[2023-03-23T16:10:03.138] [INFO] default - Updating cases...
[2023-03-23T16:10:08.160] [INFO] default - Updating cases...
[2023-03-23T16:10:13.163] [INFO] default - Updating cases...
[2023-03-23T16:10:18.166] [INFO] default - Updating cases...
[2023-03-23T16:10:23.184] [INFO] default - Updating cases...
[2023-03-23T16:10:28.189] [INFO] default - Updating cases...
[2023-03-23T16:10:33.201] [INFO] default - Updating cases...
[2023-03-23T16:10:38.207] [INFO] default - Updating cases...
[2023-03-23T16:10:43.216] [INFO] default - Updating cases...
[2023-03-23T16:10:48.229] [INFO] default - Updating cases...
[2023-03-23T16:10:53.238] [INFO] default - Updating cases...
[2023-03-23T16:10:58.249] [INFO] default - Updating cases...
[2023-03-23T16:11:03.258] [INFO] default - Updating cases...
[2023-03-23T16:11:08.265] [INFO] default - Updating cases...
[2023-03-23T16:11:13.279] [INFO] default - Updating cases...
[2023-03-23T16:11:18.301] [INFO] default - Updating cases...
[2023-03-23T16:11:23.310] [INFO] default - Updating cases...
[2023-03-23T16:11:28.324] [INFO] default - Updating cases...
[2023-03-23T16:11:33.336] [INFO] default - Updating cases...
[2023-03-23T16:11:38.343] [INFO] default - Updating cases...
[2023-03-23T16:11:43.352] [INFO] default - Updating cases...
[2023-03-23T16:11:48.358] [INFO] default - Updating cases...
[2023-03-23T16:11:53.360] [INFO] default - Updating cases...
[2023-03-23T16:11:58.377] [INFO] default - Updating cases...
[2023-03-23T16:12:03.379] [INFO] default - Updating cases...
[2023-03-23T16:12:08.397] [INFO] default - Updating cases...
[2023-03-23T16:12:13.415] [INFO] default - Updating cases...
[2023-03-23T16:12:18.419] [INFO] default - Updating cases...
[2023-03-23T16:12:23.433] [INFO] default - Updating cases...
[2023-03-23T16:12:28.435] [INFO] default - Updating cases...
[2023-03-23T16:12:33.443] [INFO] default - Updating cases...
[2023-03-23T16:12:38.452] [INFO] default - Updating cases...
[2023-03-23T16:12:43.455] [INFO] default - Updating cases...
[2023-03-23T16:12:48.462] [INFO] default - Updating cases...
[2023-03-23T16:12:53.470] [INFO] default - Updating cases...
[2023-03-23T16:12:58.478] [INFO] default - Updating cases...
[2023-03-23T16:13:03.487] [INFO] default - Updating cases...
[2023-03-23T16:13:08.505] [INFO] default - Updating cases...
[2023-03-23T16:13:13.521] [INFO] default - Updating cases...
[2023-03-23T16:13:18.536] [INFO] default - Updating cases...
[2023-03-23T16:13:23.579] [INFO] default - Updating cases...
[2023-03-23T16:13:28.584] [INFO] default - Updating cases...
[2023-03-23T16:13:33.591] [INFO] default - Updating cases...
[2023-03-23T16:13:38.594] [INFO] default - Updating cases...
[2023-03-23T16:13:43.606] [INFO] default - Updating cases...
[2023-03-23T16:13:48.617] [INFO] default - Updating cases...
[2023-03-23T16:13:53.627] [INFO] default - Updating cases...
[2023-03-23T16:13:58.636] [INFO] default - Updating cases...
[2023-03-23T16:14:03.644] [INFO] default - Updating cases...
[2023-03-23T16:14:08.657] [INFO] default - Updating cases...
[2023-03-23T16:14:13.676] [INFO] default - Updating cases...
[2023-03-23T16:14:18.688] [INFO] default - Updating cases...
[2023-03-23T16:14:23.691] [INFO] default - Updating cases...
[2023-03-23T16:14:28.693] [INFO] default - Updating cases...
[2023-03-23T16:14:33.705] [INFO] default - Updating cases...
[2023-03-23T16:14:38.708] [INFO] default - Updating cases...
[2023-03-23T16:14:43.723] [INFO] default - Updating cases...
[2023-03-23T16:14:48.748] [INFO] default - Updating cases...
[2023-03-23T16:14:53.753] [INFO] default - Updating cases...
[2023-03-23T16:14:58.768] [INFO] default - Updating cases...
[2023-03-23T16:15:03.782] [INFO] default - Updating cases...
[2023-03-23T16:15:08.785] [INFO] default - Updating cases...
[2023-03-23T16:15:13.793] [INFO] default - Updating cases...
[2023-03-23T16:15:18.806] [INFO] default - Updating cases...
[2023-03-23T16:15:23.815] [INFO] default - Updating cases...
[2023-03-23T16:15:28.827] [INFO] default - Updating cases...
[2023-03-23T16:15:33.831] [INFO] default - Updating cases...
[2023-03-23T16:15:38.836] [INFO] default - Updating cases...
[2023-03-23T16:15:43.841] [INFO] default - Updating cases...
[2023-03-23T16:15:48.856] [INFO] default - Updating cases...
[2023-03-23T16:15:53.864] [INFO] default - Updating cases...
[2023-03-23T16:15:58.867] [INFO] default - Updating cases...
[2023-03-23T16:16:03.884] [INFO] default - Updating cases...
[2023-03-23T16:16:08.900] [INFO] default - Updating cases...
[2023-03-23T16:16:13.912] [INFO] default - Updating cases...
[2023-03-23T16:16:18.918] [INFO] default - Updating cases...
[2023-03-23T16:16:23.927] [INFO] default - Updating cases...
[2023-03-23T16:16:28.940] [INFO] default - Updating cases...
[2023-03-23T16:16:33.951] [INFO] default - Updating cases...
[2023-03-23T16:16:38.953] [INFO] default - Updating cases...
[2023-03-23T16:16:43.967] [INFO] default - Updating cases...
[2023-03-23T16:16:48.975] [INFO] default - Updating cases...
[2023-03-23T16:16:53.983] [INFO] default - Updating cases...
[2023-03-23T16:16:58.989] [INFO] default - Updating cases...
[2023-03-23T16:17:04.001] [INFO] default - Updating cases...
[2023-03-23T16:17:09.007] [INFO] default - Updating cases...
[2023-03-23T16:17:14.019] [INFO] default - Updating cases...
[2023-03-23T16:17:19.022] [INFO] default - Updating cases...
[2023-03-23T16:17:24.024] [INFO] default - Updating cases...
[2023-03-23T16:17:29.037] [INFO] default - Updating cases...
[2023-03-23T16:17:34.041] [INFO] default - Updating cases...
[2023-03-23T16:17:39.059] [INFO] default - Updating cases...
[2023-03-23T16:17:44.062] [INFO] default - Updating cases...
[2023-03-23T16:17:49.079] [INFO] default - Updating cases...
[2023-03-23T16:17:54.096] [INFO] default - Updating cases...
[2023-03-23T16:17:59.099] [INFO] default - Updating cases...
[2023-03-23T16:18:04.102] [INFO] default - Updating cases...
[2023-03-23T16:18:09.108] [INFO] default - Updating cases...
[2023-03-23T16:18:14.111] [INFO] default - Updating cases...
[2023-03-23T16:18:19.121] [INFO] default - Updating cases...
[2023-03-23T16:18:24.129] [INFO] default - Updating cases...
[2023-03-23T16:18:29.138] [INFO] default - Updating cases...
[2023-03-23T16:18:34.150] [INFO] default - Updating cases...
[2023-03-23T16:18:39.152] [INFO] default - Updating cases...
[2023-03-23T16:18:44.155] [INFO] default - Updating cases...
[2023-03-23T16:18:49.163] [INFO] default - Updating cases...
[2023-03-23T16:18:54.176] [INFO] default - Updating cases...
[2023-03-23T16:18:59.191] [INFO] default - Updating cases...
[2023-03-23T16:19:04.201] [INFO] default - Updating cases...
[2023-03-23T16:19:09.209] [INFO] default - Updating cases...
[2023-03-23T16:19:14.220] [INFO] default - Updating cases...
[2023-03-23T16:19:19.224] [INFO] default - Updating cases...
[2023-03-23T16:19:24.237] [INFO] default - Updating cases...
[2023-03-23T16:19:29.244] [INFO] default - Updating cases...
[2023-03-23T16:19:34.248] [INFO] default - Updating cases...
[2023-03-23T16:19:39.263] [INFO] default - Updating cases...
[2023-03-23T16:19:44.275] [INFO] default - Updating cases...
[2023-03-23T16:19:49.282] [INFO] default - Updating cases...
[2023-03-23T16:19:54.286] [INFO] default - Updating cases...
[2023-03-23T16:19:59.288] [INFO] default - Updating cases...
[2023-03-23T16:20:04.299] [INFO] default - Updating cases...
[2023-03-23T16:20:09.317] [INFO] default - Updating cases...
[2023-03-23T16:20:14.323] [INFO] default - Updating cases...
[2023-03-23T16:20:19.325] [INFO] default - Updating cases...
[2023-03-23T16:20:24.330] [INFO] default - Updating cases...
[2023-03-23T16:20:29.332] [INFO] default - Updating cases...
[2023-03-23T16:20:34.335] [INFO] default - Updating cases...
[2023-03-23T16:20:39.346] [INFO] default - Updating cases...
[2023-03-23T16:20:44.349] [INFO] default - Updating cases...
[2023-03-23T16:20:49.355] [INFO] default - Updating cases...
[2023-03-23T16:20:54.361] [INFO] default - Updating cases...
[2023-03-23T16:20:59.368] [INFO] default - Updating cases...
[2023-03-23T16:21:04.382] [INFO] default - Updating cases...
[2023-03-23T16:21:09.388] [INFO] default - Updating cases...
[2023-03-23T16:21:14.418] [INFO] default - Updating cases...
[2023-03-23T16:21:19.433] [INFO] default - Updating cases...
[2023-03-23T16:21:24.447] [INFO] default - Updating cases...
[2023-03-23T16:21:29.463] [INFO] default - Updating cases...
[2023-03-23T16:21:34.471] [INFO] default - Updating cases...
[2023-03-23T16:21:39.476] [INFO] default - Updating cases...
[2023-03-23T16:21:44.483] [INFO] default - Updating cases...
[2023-03-23T16:21:49.488] [INFO] default - Updating cases...
[2023-03-23T16:21:54.496] [INFO] default - Updating cases...
[2023-03-23T16:21:59.499] [INFO] default - Updating cases...
[2023-03-23T16:22:04.505] [INFO] default - Updating cases...
[2023-03-23T16:22:09.507] [INFO] default - Updating cases...
[2023-03-23T16:22:14.511] [INFO] default - Updating cases...
[2023-03-23T16:22:19.520] [INFO] default - Updating cases...
[2023-03-23T16:22:24.523] [INFO] default - Updating cases...
[2023-03-23T16:22:29.525] [INFO] default - Updating cases...
[2023-03-23T16:22:34.542] [INFO] default - Updating cases...
[2023-03-23T16:22:39.544] [INFO] default - Updating cases...
[2023-03-23T16:22:44.566] [INFO] default - Updating cases...
[2023-03-23T16:22:49.568] [INFO] default - Updating cases...
[2023-03-23T16:22:54.586] [INFO] default - Updating cases...
[2023-03-23T16:22:59.592] [INFO] default - Updating cases...
[2023-03-23T16:23:04.602] [INFO] default - Updating cases...
[2023-03-23T16:23:09.605] [INFO] default - Updating cases...
[2023-03-23T16:23:14.612] [INFO] default - Updating cases...
[2023-03-23T16:23:19.623] [INFO] default - Updating cases...
[2023-03-23T16:23:24.633] [INFO] default - Updating cases...
[2023-03-23T16:23:29.641] [INFO] default - Updating cases...
[2023-03-23T16:23:34.648] [INFO] default - Updating cases...
[2023-03-23T16:23:39.652] [INFO] default - Updating cases...
[2023-03-23T16:23:44.654] [INFO] default - Updating cases...
[2023-03-23T16:23:49.670] [INFO] default - Updating cases...
[2023-03-23T16:23:54.672] [INFO] default - Updating cases...
[2023-03-23T16:23:59.686] [INFO] default - Updating cases...
[2023-03-23T16:24:04.700] [INFO] default - Updating cases...
[2023-03-23T16:24:09.715] [INFO] default - Updating cases...
[2023-03-23T16:24:14.718] [INFO] default - Updating cases...
[2023-03-23T16:24:19.721] [INFO] default - Updating cases...
[2023-03-23T16:24:24.730] [INFO] default - Updating cases...
[2023-03-23T16:24:29.732] [INFO] default - Updating cases...
[2023-03-23T16:24:34.735] [INFO] default - Updating cases...
[2023-03-23T16:24:39.738] [INFO] default - Updating cases...
[2023-03-23T16:24:44.762] [INFO] default - Updating cases...
[2023-03-23T16:24:49.766] [INFO] default - Updating cases...
[2023-03-23T16:24:54.775] [INFO] default - Updating cases...
[2023-03-23T16:24:59.791] [INFO] default - Updating cases...
[2023-03-23T16:25:04.792] [INFO] default - Updating cases...
[2023-03-23T16:25:09.799] [INFO] default - Updating cases...
[2023-03-23T16:25:14.802] [INFO] default - Updating cases...
[2023-03-23T16:25:19.808] [INFO] default - Updating cases...
[2023-03-23T16:25:24.812] [INFO] default - Updating cases...
[2023-03-23T16:25:29.815] [INFO] default - Updating cases...
[2023-03-23T16:25:34.826] [INFO] default - Updating cases...
[2023-03-23T16:25:39.837] [INFO] default - Updating cases...
[2023-03-23T16:25:44.854] [INFO] default - Updating cases...
[2023-03-23T16:25:49.860] [INFO] default - Updating cases...
[2023-03-23T16:25:54.862] [INFO] default - Updating cases...
[2023-03-23T16:25:59.867] [INFO] default - Updating cases...
[2023-03-23T16:26:04.870] [INFO] default - Updating cases...
[2023-03-23T16:26:09.883] [INFO] default - Updating cases...
[2023-03-23T16:26:14.886] [INFO] default - Updating cases...
[2023-03-23T16:26:19.899] [INFO] default - Updating cases...
[2023-03-23T16:26:24.907] [INFO] default - Updating cases...
[2023-03-23T16:26:29.919] [INFO] default - Updating cases...
[2023-03-23T16:26:34.933] [INFO] default - Updating cases...
[2023-03-23T16:26:39.955] [INFO] default - Updating cases...
[2023-03-23T16:26:44.971] [INFO] default - Updating cases...
[2023-03-23T16:26:49.989] [INFO] default - Updating cases...
[2023-03-23T16:26:54.995] [INFO] default - Updating cases...
[2023-03-23T16:27:00.014] [INFO] default - Updating cases...
[2023-03-23T16:27:05.041] [INFO] default - Updating cases...
[2023-03-23T16:27:10.046] [INFO] default - Updating cases...
[2023-03-23T16:27:15.048] [INFO] default - Updating cases...
[2023-03-23T16:27:20.057] [INFO] default - Updating cases...
[2023-03-23T16:27:25.101] [INFO] default - Updating cases...
[2023-03-23T16:27:30.264] [INFO] default - Updating cases...
[2023-03-23T16:27:35.274] [INFO] default - Updating cases...
[2023-03-23T16:27:40.296] [INFO] default - Updating cases...
[2023-03-23T16:27:45.310] [INFO] default - Updating cases...
[2023-03-23T16:27:50.442] [INFO] default - Updating cases...
[2023-03-23T16:27:55.447] [INFO] default - Updating cases...
[2023-03-23T16:28:00.444] [INFO] default - Updating cases...
[2023-03-23T16:28:05.460] [INFO] default - Updating cases...
[2023-03-23T16:28:10.465] [INFO] default - Updating cases...
[2023-03-23T16:28:15.522] [INFO] default - Updating cases...
[2023-03-23T16:28:20.525] [INFO] default - Updating cases...
[2023-03-23T16:28:25.542] [INFO] default - Updating cases...
[2023-03-23T16:28:30.551] [INFO] default - Updating cases...
[2023-03-23T16:28:35.554] [INFO] default - Updating cases...
[2023-03-23T16:28:40.559] [INFO] default - Updating cases...
[2023-03-23T16:28:45.570] [INFO] default - Updating cases...
[2023-03-23T16:28:50.587] [INFO] default - Updating cases...
[2023-03-23T16:28:55.592] [INFO] default - Updating cases...
[2023-03-23T16:29:00.621] [INFO] default - Updating cases...
[2023-03-23T16:29:05.629] [INFO] default - Updating cases...
[2023-03-23T16:29:10.632] [INFO] default - Updating cases...
[2023-03-23T16:29:15.644] [INFO] default - Updating cases...
[2023-03-23T16:29:20.662] [INFO] default - Updating cases...
[2023-03-23T16:29:25.673] [INFO] default - Updating cases...
[2023-03-23T16:29:30.682] [INFO] default - Updating cases...
[2023-03-23T16:29:35.696] [INFO] default - Updating cases...
[2023-03-23T16:29:40.712] [INFO] default - Updating cases...
[2023-03-23T16:29:45.724] [INFO] default - Updating cases...
[2023-03-23T16:29:50.731] [INFO] default - Updating cases...
[2023-03-23T16:29:55.747] [INFO] default - Updating cases...
[2023-03-23T16:30:00.758] [INFO] default - Updating cases...
[2023-03-23T16:30:05.763] [INFO] default - Updating cases...
[2023-03-23T16:30:10.780] [INFO] default - Updating cases...
[2023-03-23T16:30:15.794] [INFO] default - Updating cases...
[2023-03-23T16:30:20.800] [INFO] default - Updating cases...
[2023-03-23T16:30:25.810] [INFO] default - Updating cases...
[2023-03-23T16:30:30.817] [INFO] default - Updating cases...
[2023-03-23T16:30:35.819] [INFO] default - Updating cases...
[2023-03-23T16:30:40.822] [INFO] default - Updating cases...
[2023-03-23T16:30:45.843] [INFO] default - Updating cases...
[2023-03-23T16:30:50.862] [INFO] default - Updating cases...
[2023-03-23T16:30:55.877] [INFO] default - Updating cases...
[2023-03-23T16:31:00.882] [INFO] default - Updating cases...
[2023-03-23T16:31:05.899] [INFO] default - Updating cases...
[2023-03-23T16:31:10.917] [INFO] default - Updating cases...
[2023-03-23T16:31:15.927] [INFO] default - Updating cases...
[2023-03-23T16:31:20.935] [INFO] default - Updating cases...
[2023-03-23T16:31:26.047] [INFO] default - Updating cases...
[2023-03-23T16:31:31.053] [INFO] default - Updating cases...
[2023-03-23T16:31:36.057] [INFO] default - Updating cases...
[2023-03-23T16:31:41.071] [INFO] default - Updating cases...
[2023-03-23T16:31:46.079] [INFO] default - Updating cases...
[2023-03-23T16:31:51.082] [INFO] default - Updating cases...
[2023-03-23T16:31:56.090] [INFO] default - Updating cases...
[2023-03-23T16:32:01.099] [INFO] default - Updating cases...
[2023-03-23T16:32:06.105] [INFO] default - Updating cases...
[2023-03-23T16:32:11.133] [INFO] default - Updating cases...
[2023-03-23T16:32:16.143] [INFO] default - Updating cases...
[2023-03-23T16:32:21.160] [INFO] default - Updating cases...
[2023-03-23T16:32:26.176] [INFO] default - Updating cases...
[2023-03-23T16:32:31.190] [INFO] default - Updating cases...
[2023-03-23T16:32:36.196] [INFO] default - Updating cases...
[2023-03-23T16:32:41.237] [INFO] default - Updating cases...
[2023-03-23T16:32:46.247] [INFO] default - Updating cases...
[2023-03-23T16:32:51.251] [INFO] default - Updating cases...
[2023-03-23T16:32:56.254] [INFO] default - Updating cases...
[2023-03-23T16:33:01.283] [INFO] default - Updating cases...
[2023-03-23T16:33:06.286] [INFO] default - Updating cases...
[2023-03-23T16:33:11.298] [INFO] default - Updating cases...
[2023-03-23T16:33:16.309] [INFO] default - Updating cases...
[2023-03-23T16:33:21.314] [INFO] default - Updating cases...
[2023-03-23T16:33:26.324] [INFO] default - Updating cases...
[2023-03-23T16:33:31.330] [INFO] default - Updating cases...
[2023-03-23T16:33:36.337] [INFO] default - Updating cases...
[2023-03-23T16:33:41.349] [INFO] default - Updating cases...
[2023-03-23T16:33:46.364] [INFO] default - Updating cases...
[2023-03-23T16:33:51.378] [INFO] default - Updating cases...
[2023-03-23T16:33:56.386] [INFO] default - Updating cases...
[2023-03-23T16:34:01.394] [INFO] default - Updating cases...
[2023-03-23T16:34:06.411] [INFO] default - Updating cases...
[2023-03-23T16:34:11.416] [INFO] default - Updating cases...
[2023-03-23T16:34:16.433] [INFO] default - Updating cases...
[2023-03-23T16:34:21.436] [INFO] default - Updating cases...
[2023-03-23T16:34:26.466] [INFO] default - Updating cases...
[2023-03-23T16:34:31.493] [INFO] default - Updating cases...
[2023-03-23T16:34:36.510] [INFO] default - Updating cases...
[2023-03-23T16:34:41.517] [INFO] default - Updating cases...
[2023-03-23T16:34:46.526] [INFO] default - Updating cases...
[2023-03-23T16:34:51.541] [INFO] default - Updating cases...
[2023-03-23T16:34:56.563] [INFO] default - Updating cases...
[2023-03-23T16:35:01.567] [INFO] default - Updating cases...
[2023-03-23T16:35:06.575] [INFO] default - Updating cases...
[2023-03-23T16:35:11.579] [INFO] default - Updating cases...
[2023-03-23T16:35:16.583] [INFO] default - Updating cases...
[2023-03-23T16:35:21.588] [INFO] default - Updating cases...
[2023-03-23T16:35:26.605] [INFO] default - Updating cases...
[2023-03-23T16:35:31.614] [INFO] default - Updating cases...
[2023-03-23T16:35:36.628] [INFO] default - Updating cases...
[2023-03-23T16:35:41.638] [INFO] default - Updating cases...
[2023-03-23T16:35:46.642] [INFO] default - Updating cases...
[2023-03-23T16:35:51.659] [INFO] default - Updating cases...
[2023-03-23T16:35:56.681] [INFO] default - Updating cases...
[2023-03-23T16:36:01.685] [INFO] default - Updating cases...
[2023-03-23T16:36:06.700] [INFO] default - Updating cases...
[2023-03-23T16:36:11.715] [INFO] default - Updating cases...
[2023-03-23T16:36:16.722] [INFO] default - Updating cases...
[2023-03-23T16:36:21.727] [INFO] default - Updating cases...
[2023-03-23T16:36:26.738] [INFO] default - Updating cases...
[2023-03-23T16:36:31.743] [INFO] default - Updating cases...
[2023-03-23T16:36:36.755] [INFO] default - Updating cases...
[2023-03-23T16:36:41.767] [INFO] default - Updating cases...
[2023-03-23T16:36:46.775] [INFO] default - Updating cases...
[2023-03-23T16:36:51.786] [INFO] default - Updating cases...
[2023-03-23T16:36:56.792] [INFO] default - Updating cases...
[2023-03-23T16:37:01.790] [INFO] default - Updating cases...
[2023-03-23T16:37:06.799] [INFO] default - Updating cases...
[2023-03-23T16:37:11.809] [INFO] default - Updating cases...
[2023-03-23T16:37:16.829] [INFO] default - Updating cases...
[2023-03-23T16:37:21.837] [INFO] default - Updating cases...
[2023-03-23T16:37:26.844] [INFO] default - Updating cases...
[2023-03-23T16:37:31.878] [INFO] default - Updating cases...
[2023-03-23T16:37:36.887] [INFO] default - Updating cases...
[2023-03-23T16:37:41.890] [INFO] default - Updating cases...
[2023-03-23T16:37:46.902] [INFO] default - Updating cases...
[2023-03-23T16:37:51.905] [INFO] default - Updating cases...
[2023-03-23T16:37:56.908] [INFO] default - Updating cases...
[2023-03-23T16:38:01.919] [INFO] default - Updating cases...
[2023-03-23T16:38:06.925] [INFO] default - Updating cases...
[2023-03-23T16:38:11.945] [INFO] default - Updating cases...
[2023-03-23T16:38:16.957] [INFO] default - Updating cases...
[2023-03-23T16:38:21.961] [INFO] default - Updating cases...
[2023-03-23T16:38:26.972] [INFO] default - Updating cases...
[2023-03-23T16:38:31.984] [INFO] default - Updating cases...
[2023-03-23T16:38:36.987] [INFO] default - Updating cases...
[2023-03-23T16:38:41.995] [INFO] default - Updating cases...
[2023-03-23T16:38:46.999] [INFO] default - Updating cases...
[2023-03-23T16:38:52.012] [INFO] default - Updating cases...
[2023-03-23T16:38:57.028] [INFO] default - Updating cases...
[2023-03-23T16:39:02.030] [INFO] default - Updating cases...
[2023-03-23T16:39:07.041] [INFO] default - Updating cases...
[2023-03-23T16:39:12.054] [INFO] default - Updating cases...
[2023-03-23T16:39:17.072] [INFO] default - Updating cases...
[2023-03-23T16:39:22.086] [INFO] default - Updating cases...
[2023-03-23T16:39:27.096] [INFO] default - Updating cases...
[2023-03-23T16:39:32.100] [INFO] default - Updating cases...
[2023-03-23T16:39:37.115] [INFO] default - Updating cases...
[2023-03-23T16:39:42.133] [INFO] default - Updating cases...
[2023-03-23T16:39:47.135] [INFO] default - Updating cases...
[2023-03-23T16:39:52.138] [INFO] default - Updating cases...
[2023-03-23T16:39:57.148] [INFO] default - Updating cases...
[2023-03-23T16:40:02.158] [INFO] default - Updating cases...
[2023-03-23T16:40:07.163] [INFO] default - Updating cases...
[2023-03-23T16:40:12.177] [INFO] default - Updating cases...
[2023-03-23T16:40:17.191] [INFO] default - Updating cases...
[2023-03-23T16:40:22.193] [INFO] default - Updating cases...
[2023-03-23T16:40:27.198] [INFO] default - Updating cases...
[2023-03-23T16:40:32.206] [INFO] default - Updating cases...
[2023-03-23T16:40:37.208] [INFO] default - Updating cases...
[2023-03-23T16:40:42.219] [INFO] default - Updating cases...
[2023-03-23T16:40:47.226] [INFO] default - Updating cases...
[2023-03-23T16:40:52.231] [INFO] default - Updating cases...
[2023-03-23T16:40:57.270] [INFO] default - Updating cases...
[2023-03-23T16:41:02.285] [INFO] default - Updating cases...
[2023-03-23T16:41:07.288] [INFO] default - Updating cases...
[2023-03-23T16:41:12.295] [INFO] default - Updating cases...
[2023-03-23T16:41:17.305] [INFO] default - Updating cases...
[2023-03-23T16:41:22.313] [INFO] default - Updating cases...
[2023-03-23T16:41:27.316] [INFO] default - Updating cases...
[2023-03-23T16:41:32.332] [INFO] default - Updating cases...
[2023-03-23T16:41:37.348] [INFO] default - Updating cases...
[2023-03-23T16:41:42.359] [INFO] default - Updating cases...
[2023-03-23T16:41:47.364] [INFO] default - Updating cases...
[2023-03-23T16:41:52.372] [INFO] default - Updating cases...
[2023-03-23T16:41:57.380] [INFO] default - Updating cases...
[2023-03-23T16:42:02.381] [INFO] default - Updating cases...
[2023-03-23T16:42:07.384] [INFO] default - Updating cases...
[2023-03-23T16:42:12.390] [INFO] default - Updating cases...
[2023-03-23T16:42:17.403] [INFO] default - Updating cases...
[2023-03-23T16:42:22.411] [INFO] default - Updating cases...
[2023-03-23T16:42:27.419] [INFO] default - Updating cases...
[2023-03-23T16:42:32.428] [INFO] default - Updating cases...
[2023-03-23T16:42:37.445] [INFO] default - Updating cases...
[2023-03-23T16:42:42.454] [INFO] default - Updating cases...
[2023-03-23T16:42:47.602] [INFO] default - Updating cases...
[2023-03-23T16:42:52.619] [INFO] default - Updating cases...
[2023-03-23T16:42:57.622] [INFO] default - Updating cases...
[2023-03-23T16:43:02.630] [INFO] default - Updating cases...
[2023-03-23T16:43:07.637] [INFO] default - Updating cases...
[2023-03-23T16:43:12.650] [INFO] default - Updating cases...
[2023-03-23T16:43:17.655] [INFO] default - Updating cases...
[2023-03-23T16:43:22.658] [INFO] default - Updating cases...
[2023-03-23T16:43:27.672] [INFO] default - Updating cases...
[2023-03-23T16:43:32.683] [INFO] default - Updating cases...
[2023-03-23T16:43:37.691] [INFO] default - Updating cases...
[2023-03-23T16:43:42.696] [INFO] default - Updating cases...
[2023-03-23T16:43:47.705] [INFO] default - Updating cases...
[2023-03-23T16:43:52.719] [INFO] default - Updating cases...
[2023-03-23T16:43:57.732] [INFO] default - Updating cases...
[2023-03-23T16:44:02.725] [INFO] default - Updating cases...
[2023-03-23T16:44:07.730] [INFO] default - Updating cases...
[2023-03-23T16:44:12.738] [INFO] default - Updating cases...
[2023-03-23T16:44:17.744] [INFO] default - Updating cases...
[2023-03-23T16:44:22.747] [INFO] default - Updating cases...
[2023-03-23T16:44:27.751] [INFO] default - Updating cases...
[2023-03-23T16:44:32.753] [INFO] default - Updating cases...
[2023-03-23T16:44:37.768] [INFO] default - Updating cases...
[2023-03-23T16:44:42.792] [INFO] default - Updating cases...
[2023-03-23T16:44:47.808] [INFO] default - Updating cases...
[2023-03-23T16:44:52.811] [INFO] default - Updating cases...
[2023-03-23T16:44:57.816] [INFO] default - Updating cases...
[2023-03-23T16:45:02.846] [INFO] default - Updating cases...
[2023-03-23T16:45:07.851] [INFO] default - Updating cases...
[2023-03-23T16:45:12.856] [INFO] default - Updating cases...
[2023-03-23T16:45:17.860] [INFO] default - Updating cases...
[2023-03-23T16:45:22.863] [INFO] default - Updating cases...
[2023-03-23T16:45:27.866] [INFO] default - Updating cases...
[2023-03-23T16:45:32.870] [INFO] default - Updating cases...
[2023-03-23T16:45:37.880] [INFO] default - Updating cases...
[2023-03-23T16:45:42.898] [INFO] default - Updating cases...
[2023-03-23T16:45:47.903] [INFO] default - Updating cases...
[2023-03-23T16:45:52.924] [INFO] default - Updating cases...
[2023-03-23T16:45:57.929] [INFO] default - Updating cases...
[2023-03-23T16:46:02.939] [INFO] default - Updating cases...
[2023-03-23T16:46:07.958] [INFO] default - Updating cases...
[2023-03-23T16:46:12.961] [INFO] default - Updating cases...
[2023-03-23T16:46:17.971] [INFO] default - Updating cases...
[2023-03-23T16:46:22.973] [INFO] default - Updating cases...
[2023-03-23T16:46:27.984] [INFO] default - Updating cases...
[2023-03-23T16:46:32.996] [INFO] default - Updating cases...
[2023-03-23T16:46:37.999] [INFO] default - Updating cases...
[2023-03-23T16:46:43.011] [INFO] default - Updating cases...
[2023-03-23T16:46:48.039] [INFO] default - Updating cases...
[2023-03-23T16:46:53.046] [INFO] default - Updating cases...
[2023-03-23T16:46:58.058] [INFO] default - Updating cases...
[2023-03-23T16:47:03.076] [INFO] default - Updating cases...
[2023-03-23T16:47:08.092] [INFO] default - Updating cases...
[2023-03-23T16:47:13.109] [INFO] default - Updating cases...
[2023-03-23T16:47:18.124] [INFO] default - Updating cases...
[2023-03-23T16:47:23.134] [INFO] default - Updating cases...
[2023-03-23T16:47:28.138] [INFO] default - Updating cases...
[2023-03-23T16:47:33.143] [INFO] default - Updating cases...
[2023-03-23T16:47:38.155] [INFO] default - Updating cases...
[2023-03-23T16:47:43.156] [INFO] default - Updating cases...
[2023-03-23T16:47:48.159] [INFO] default - Updating cases...
[2023-03-23T16:47:53.161] [INFO] default - Updating cases...
[2023-03-23T16:47:58.180] [INFO] default - Updating cases...
[2023-03-23T16:48:03.190] [INFO] default - Updating cases...
[2023-03-23T16:48:08.193] [INFO] default - Updating cases...
[2023-03-23T16:48:13.199] [INFO] default - Updating cases...
[2023-03-23T16:48:18.213] [INFO] default - Updating cases...
[2023-03-23T16:48:23.218] [INFO] default - Updating cases...
[2023-03-23T16:48:28.221] [INFO] default - Updating cases...
[2023-03-23T16:48:33.228] [INFO] default - Updating cases...
[2023-03-23T16:48:38.233] [INFO] default - Updating cases...
[2023-03-23T16:48:43.236] [INFO] default - Updating cases...
[2023-03-23T16:48:48.244] [INFO] default - Updating cases...
[2023-03-23T16:48:53.260] [INFO] default - Updating cases...
[2023-03-23T16:48:58.270] [INFO] default - Updating cases...
[2023-03-23T16:49:03.278] [INFO] default - Updating cases...
[2023-03-23T16:49:08.292] [INFO] default - Updating cases...
[2023-03-23T16:49:13.296] [INFO] default - Updating cases...
[2023-03-23T16:49:18.298] [INFO] default - Updating cases...
[2023-03-23T16:49:23.300] [INFO] default - Updating cases...
[2023-03-23T16:49:28.317] [INFO] default - Updating cases...
[2023-03-23T16:49:33.329] [INFO] default - Updating cases...
[2023-03-23T16:49:38.337] [INFO] default - Updating cases...
[2023-03-23T16:49:43.340] [INFO] default - Updating cases...
[2023-03-23T16:49:48.352] [INFO] default - Updating cases...
[2023-03-23T16:49:53.355] [INFO] default - Updating cases...
[2023-03-23T16:49:58.357] [INFO] default - Updating cases...
[2023-03-23T16:50:03.351] [INFO] default - Updating cases...
[2023-03-23T16:50:08.365] [INFO] default - Updating cases...
[2023-03-23T16:50:13.368] [INFO] default - Updating cases...
[2023-03-23T16:50:18.387] [INFO] default - Updating cases...
[2023-03-23T16:50:23.399] [INFO] default - Updating cases...
[2023-03-23T16:50:28.402] [INFO] default - Updating cases...
[2023-03-23T16:50:33.411] [INFO] default - Updating cases...
[2023-03-23T16:50:38.420] [INFO] default - Updating cases...
[2023-03-23T16:50:43.424] [INFO] default - Updating cases...
[2023-03-23T16:50:48.437] [INFO] default - Updating cases...
[2023-03-23T16:50:53.439] [INFO] default - Updating cases...
[2023-03-23T16:50:58.499] [INFO] default - Updating cases...
[2023-03-23T16:51:03.511] [INFO] default - Updating cases...
[2023-03-23T16:51:08.522] [INFO] default - Updating cases...
[2023-03-23T16:51:13.525] [INFO] default - Updating cases...
[2023-03-23T16:51:18.531] [INFO] default - Updating cases...
[2023-03-23T16:51:23.537] [INFO] default - Updating cases...
[2023-03-23T16:51:28.540] [INFO] default - Updating cases...
[2023-03-23T16:51:33.554] [INFO] default - Updating cases...
