[2023-03-21T21:55:10.610] [INFO] default - Logged in as Academia#0862
[2023-03-21T21:55:10.616] [INFO] default - Loading module Ban.js
[2023-03-21T21:55:10.619] [INFO] default - Loading command Ban.command.js
[2023-03-21T21:55:10.627] [INFO] default - Loaded command MESSAGE_CONTEXT_Ban
[2023-03-21T21:55:10.628] [INFO] default - Loading command Kick.command.js
[2023-03-21T21:55:10.633] [INFO] default - Loaded command MESSAGE_CONTEXT_Kick
[2023-03-21T21:55:10.634] [INFO] default - Loading command Mute.command.js
[2023-03-21T21:55:10.640] [INFO] default - Loaded command MESSAGE_CONTEXT_Mute
[2023-03-21T21:55:10.641] [INFO] default - Loading command Warn.command.js
[2023-03-21T21:55:10.645] [INFO] default - Loaded command MESSAGE_CONTEXT_Warn
[2023-03-21T21:55:10.647] [INFO] default - All modules and commands loaded
[2023-03-21T21:55:10.656] [INFO] default - Loading module Kick.js
[2023-03-21T21:55:10.659] [INFO] default - Loading module Logging.js
[2023-03-21T21:55:10.662] [INFO] default - Loading module Mute.js
[2023-03-21T21:55:10.664] [INFO] default - Loading module UpdateCase.js
[2023-03-21T21:55:10.668] [INFO] default - Loading module Warn.js
[2023-03-21T21:55:13.675] [INFO] default - Updating cases...
[2023-03-21T21:55:16.829] [INFO] default - Updating cases...
[2023-03-21T21:55:19.844] [INFO] default - Updating cases...
[2023-03-21T21:55:22.850] [INFO] default - Updating cases...
[2023-03-21T21:55:25.865] [INFO] default - Updating cases...
[2023-03-21T21:55:28.888] [INFO] default - Updating cases...
[2023-03-21T21:55:31.919] [INFO] default - Updating cases...
[2023-03-21T21:55:34.927] [INFO] default - Updating cases...
[2023-03-21T21:55:37.940] [INFO] default - Updating cases...
[2023-03-21T21:55:40.969] [INFO] default - Updating cases...
[2023-03-21T21:55:43.975] [INFO] default - Updating cases...
[2023-03-21T21:55:46.989] [INFO] default - Updating cases...
