[2023-03-23T18:24:44.499] [INFO] default - Logged in as Academia#0862
[2023-03-23T18:24:44.502] [INFO] default - Loading module WelcomeAndGoodbye.js
[2023-03-23T18:24:44.503] [INFO] default - Loading module Ban.js
[2023-03-23T18:24:44.504] [INFO] default - Loading module RelayHandler.js
[2023-03-23T18:24:44.505] [INFO] default - Loading module Verification.js
[2023-03-23T18:24:44.507] [INFO] default - Loading command Ban.command.js
[2023-03-23T18:24:44.518] [INFO] default - Loaded command CHAT_INPUT_ban
[2023-03-23T18:24:44.519] [INFO] default - Loading command Cases.command.js
[2023-03-23T18:24:44.522] [INFO] default - Loaded command CHAT_INPUT_cases
[2023-03-23T18:24:44.524] [INFO] default - Loading command Kick.command.js
[2023-03-23T18:24:44.530] [INFO] default - Loaded command CHAT_INPUT_kick
[2023-03-23T18:24:44.531] [INFO] default - Loading command Mute.command.js
[2023-03-23T18:24:44.535] [INFO] default - Loaded command CHAT_INPUT_mute
[2023-03-23T18:24:44.536] [INFO] default - Loading command Reason.command.js
[2023-03-23T18:24:44.538] [INFO] default - Loaded command CHAT_INPUT_reason
[2023-03-23T18:24:44.539] [INFO] default - Loading command Unban.command.js
[2023-03-23T18:24:44.544] [INFO] default - Loaded command CHAT_INPUT_unban
[2023-03-23T18:24:44.546] [INFO] default - Loading command Unmute.command.js
[2023-03-23T18:24:44.551] [INFO] default - Loaded command CHAT_INPUT_unmute
[2023-03-23T18:24:44.552] [INFO] default - Loading command Warn.command.js
[2023-03-23T18:24:44.558] [INFO] default - Loaded command CHAT_INPUT_warn
[2023-03-23T18:24:44.562] [INFO] default - Loading command Ban.command.js
[2023-03-23T18:24:44.567] [INFO] default - Loaded command MESSAGE_CONTEXT_Ban
[2023-03-23T18:24:44.568] [INFO] default - Loading command Kick.command.js
[2023-03-23T18:24:44.571] [INFO] default - Loaded command MESSAGE_CONTEXT_Kick
[2023-03-23T18:24:44.572] [INFO] default - Loading command Mute.command.js
[2023-03-23T18:24:44.580] [INFO] default - Loaded command MESSAGE_CONTEXT_Mute
[2023-03-23T18:24:44.581] [INFO] default - Loading command Warn.command.js
[2023-03-23T18:24:44.585] [INFO] default - Loaded command MESSAGE_CONTEXT_Warn
[2023-03-23T18:24:44.586] [INFO] default - Loading command Ban.command.js
[2023-03-23T18:24:44.593] [INFO] default - Loaded command USER_CONTEXT_Ban
[2023-03-23T18:24:44.595] [INFO] default - Loading command Kick.command.js
[2023-03-23T18:24:44.599] [INFO] default - Loaded command USER_CONTEXT_Kick
[2023-03-23T18:24:44.600] [INFO] default - Loading command Mute.command.js
[2023-03-23T18:24:44.602] [INFO] default - Loaded command USER_CONTEXT_Mute
[2023-03-23T18:24:44.604] [INFO] default - Loading command Warn.command.js
[2023-03-23T18:24:44.608] [INFO] default - Loaded command USER_CONTEXT_Warn
[2023-03-23T18:24:44.610] [INFO] default - All modules and commands loaded
[2023-03-23T18:24:44.655] [INFO] default - Loading module Kick.js
[2023-03-23T18:24:44.657] [INFO] default - Loading module TicketManager.js
[2023-03-23T18:24:44.660] [INFO] default - Loading module VerificationManager.js
[2023-03-23T18:24:44.664] [INFO] default - Loading module Logging.js
[2023-03-23T18:24:44.668] [INFO] default - Loading module Mute.js
[2023-03-23T18:24:44.672] [INFO] default - Loading module UpdateCase.js
[2023-03-23T18:24:44.679] [INFO] default - Loading module Warn.js
[2023-03-23T18:24:47.683] [INFO] default - Updating cases...
[2023-03-23T18:24:52.689] [INFO] default - Updating cases...
[2023-03-23T18:24:57.708] [INFO] default - Updating cases...
[2023-03-23T18:25:02.719] [INFO] default - Updating cases...
[2023-03-23T18:25:07.735] [INFO] default - Updating cases...
[2023-03-23T18:25:12.742] [INFO] default - Updating cases...
[2023-03-23T18:25:17.745] [INFO] default - Updating cases...
[2023-03-23T18:25:22.756] [INFO] default - Updating cases...
[2023-03-23T18:25:27.764] [INFO] default - Updating cases...
[2023-03-23T18:25:32.775] [INFO] default - Updating cases...
[2023-03-23T18:25:37.789] [INFO] default - Updating cases...
[2023-03-23T18:25:42.800] [INFO] default - Updating cases...
[2023-03-23T18:25:47.813] [INFO] default - Updating cases...
[2023-03-23T18:25:52.827] [INFO] default - Updating cases...
[2023-03-23T18:25:57.836] [INFO] default - Updating cases...
[2023-03-23T18:26:02.842] [INFO] default - Updating cases...
[2023-03-23T18:26:07.856] [INFO] default - Updating cases...
[2023-03-23T18:26:12.868] [INFO] default - Updating cases...
[2023-03-23T18:26:17.880] [INFO] default - Updating cases...
[2023-03-23T18:26:22.895] [INFO] default - Updating cases...
[2023-03-23T18:26:27.898] [INFO] default - Updating cases...
[2023-03-23T18:26:32.908] [INFO] default - Updating cases...
[2023-03-23T18:26:37.927] [INFO] default - Updating cases...
[2023-03-23T18:26:42.942] [INFO] default - Updating cases...
[2023-03-23T18:26:47.948] [INFO] default - Updating cases...
[2023-03-23T18:26:52.952] [INFO] default - Updating cases...
[2023-03-23T18:26:57.963] [INFO] default - Updating cases...
[2023-03-23T18:27:02.967] [INFO] default - Updating cases...
[2023-03-23T18:27:07.982] [INFO] default - Updating cases...
[2023-03-23T18:27:12.984] [INFO] default - Updating cases...
[2023-03-23T18:27:17.997] [INFO] default - Updating cases...
[2023-03-23T18:27:23.014] [INFO] default - Updating cases...
[2023-03-23T18:27:28.017] [INFO] default - Updating cases...
[2023-03-23T18:27:33.023] [INFO] default - Updating cases...
[2023-03-23T18:27:38.034] [INFO] default - Updating cases...
[2023-03-23T18:27:43.042] [INFO] default - Updating cases...
[2023-03-23T18:27:48.049] [INFO] default - Updating cases...
[2023-03-23T18:27:53.054] [INFO] default - Updating cases...
[2023-03-23T18:27:58.064] [INFO] default - Updating cases...
[2023-03-23T18:28:03.073] [INFO] default - Updating cases...
[2023-03-23T18:28:08.085] [INFO] default - Updating cases...
[2023-03-23T18:28:13.101] [INFO] default - Updating cases...
[2023-03-23T18:28:18.117] [INFO] default - Updating cases...
[2023-03-23T18:28:23.125] [INFO] default - Updating cases...
[2023-03-23T18:28:28.135] [INFO] default - Updating cases...
[2023-03-23T18:28:33.146] [INFO] default - Updating cases...
[2023-03-23T18:28:38.151] [INFO] default - Updating cases...
[2023-03-23T18:28:43.163] [INFO] default - Updating cases...
[2023-03-23T18:28:48.165] [INFO] default - Updating cases...
[2023-03-23T18:28:53.174] [INFO] default - Updating cases...
[2023-03-23T18:28:58.178] [INFO] default - Updating cases...
[2023-03-23T18:29:03.181] [INFO] default - Updating cases...
[2023-03-23T18:29:08.192] [INFO] default - Updating cases...
[2023-03-23T18:29:13.202] [INFO] default - Updating cases...
[2023-03-23T18:29:18.218] [INFO] default - Updating cases...
[2023-03-23T18:29:23.228] [INFO] default - Updating cases...
[2023-03-23T18:29:28.235] [INFO] default - Updating cases...
[2023-03-23T18:29:33.248] [INFO] default - Updating cases...
[2023-03-23T18:29:38.263] [INFO] default - Updating cases...
[2023-03-23T18:29:43.265] [INFO] default - Updating cases...
[2023-03-23T18:29:48.271] [INFO] default - Updating cases...
[2023-03-23T18:29:53.281] [INFO] default - Updating cases...
[2023-03-23T18:29:58.287] [INFO] default - Updating cases...
[2023-03-23T18:30:03.304] [INFO] default - Updating cases...
[2023-03-23T18:30:08.313] [INFO] default - Updating cases...
[2023-03-23T18:30:13.316] [INFO] default - Updating cases...
[2023-03-23T18:30:18.329] [INFO] default - Updating cases...
[2023-03-23T18:30:23.343] [INFO] default - Updating cases...
[2023-03-23T18:30:28.360] [INFO] default - Updating cases...
[2023-03-23T18:30:33.417] [INFO] default - Updating cases...
[2023-03-23T18:30:38.422] [INFO] default - Updating cases...
[2023-03-23T18:30:43.431] [INFO] default - Updating cases...
[2023-03-23T18:30:48.436] [INFO] default - Updating cases...
[2023-03-23T18:30:53.444] [INFO] default - Updating cases...
[2023-03-23T18:30:58.461] [INFO] default - Updating cases...
[2023-03-23T18:31:03.463] [INFO] default - Updating cases...
[2023-03-23T18:31:08.474] [INFO] default - Updating cases...
[2023-03-23T18:31:13.481] [INFO] default - Updating cases...
[2023-03-23T18:31:18.493] [INFO] default - Updating cases...
[2023-03-23T18:31:23.509] [INFO] default - Updating cases...
[2023-03-23T18:31:28.523] [INFO] default - Updating cases...
[2023-03-23T18:31:33.528] [INFO] default - Updating cases...
[2023-03-23T18:31:38.550] [INFO] default - Updating cases...
[2023-03-23T18:31:43.553] [INFO] default - Updating cases...
[2023-03-23T18:31:48.564] [INFO] default - Updating cases...
[2023-03-23T18:31:53.569] [INFO] default - Updating cases...
[2023-03-23T18:31:58.585] [INFO] default - Updating cases...
[2023-03-23T18:32:03.593] [INFO] default - Updating cases...
[2023-03-23T18:32:08.595] [INFO] default - Updating cases...
[2023-03-23T18:32:13.601] [INFO] default - Updating cases...
[2023-03-23T18:32:18.616] [INFO] default - Updating cases...
[2023-03-23T18:32:23.620] [INFO] default - Updating cases...
[2023-03-23T18:32:28.632] [INFO] default - Updating cases...
[2023-03-23T18:32:33.636] [INFO] default - Updating cases...
[2023-03-23T18:32:38.652] [INFO] default - Updating cases...
[2023-03-23T18:32:43.656] [INFO] default - Updating cases...
[2023-03-23T18:32:48.663] [INFO] default - Updating cases...
[2023-03-23T18:32:53.669] [INFO] default - Updating cases...
[2023-03-23T18:32:58.680] [INFO] default - Updating cases...
[2023-03-23T18:33:03.686] [INFO] default - Updating cases...
[2023-03-23T18:33:08.696] [INFO] default - Updating cases...
[2023-03-23T18:33:13.701] [INFO] default - Updating cases...
[2023-03-23T18:33:18.704] [INFO] default - Updating cases...
[2023-03-23T18:33:23.709] [INFO] default - Updating cases...
[2023-03-23T18:33:28.713] [INFO] default - Updating cases...
[2023-03-23T18:33:33.716] [INFO] default - Updating cases...
[2023-03-23T18:33:38.720] [INFO] default - Updating cases...
[2023-03-23T18:33:43.754] [INFO] default - Updating cases...
[2023-03-23T18:33:48.754] [INFO] default - Updating cases...
