[2023-03-22T00:00:03.475] [INFO] default - Logged in as Academia#0862
[2023-03-22T00:00:03.480] [INFO] default - Loading module Ban.js
[2023-03-22T00:00:03.481] [INFO] default - Loading command Ban.command.js
[2023-03-22T00:00:03.492] [INFO] default - Loaded command CHAT_INPUT_ban
[2023-03-22T00:00:03.494] [INFO] default - Loading command Kick.command.js
[2023-03-22T00:00:03.497] [INFO] default - Loaded command CHAT_INPUT_kick
[2023-03-22T00:00:03.499] [INFO] default - Loading command Mute.command.js
[2023-03-22T00:00:03.503] [INFO] default - Loaded command CHAT_INPUT_mute
[2023-03-22T00:00:03.505] [INFO] default - Loading command Unban.command.js
[2023-03-22T00:00:03.508] [INFO] default - Loaded command CHAT_INPUT_unban
[2023-03-22T00:00:03.508] [INFO] default - Loading command Unmute.command.js
[2023-03-22T00:00:03.511] [INFO] default - Loaded command CHAT_INPUT_unmute
[2023-03-22T00:00:03.512] [INFO] default - Loading command Warn.command.js
[2023-03-22T00:00:03.516] [INFO] default - Loaded command CHAT_INPUT_warn
[2023-03-22T00:00:03.517] [INFO] default - Loading command Ban.command.js
[2023-03-22T00:00:03.525] [INFO] default - Loaded command MESSAGE_CONTEXT_Ban
[2023-03-22T00:00:03.527] [INFO] default - Loading command Kick.command.js
[2023-03-22T00:00:03.531] [INFO] default - Loaded command MESSAGE_CONTEXT_Kick
[2023-03-22T00:00:03.533] [INFO] default - Loading command Mute.command.js
[2023-03-22T00:00:03.537] [INFO] default - Loaded command MESSAGE_CONTEXT_Mute
[2023-03-22T00:00:03.538] [INFO] default - Loading command Warn.command.js
[2023-03-22T00:00:03.541] [INFO] default - Loaded command MESSAGE_CONTEXT_Warn
[2023-03-22T00:00:03.543] [INFO] default - Loading command Ban.command.js
[2023-03-22T00:00:03.547] [INFO] default - Loaded command USER_CONTEXT_Ban
[2023-03-22T00:00:03.548] [INFO] default - Loading command Kick.command.js
[2023-03-22T00:00:03.557] [INFO] default - Loaded command USER_CONTEXT_Kick
[2023-03-22T00:00:03.558] [INFO] default - Loading command Mute.command.js
[2023-03-22T00:00:03.562] [INFO] default - Loaded command USER_CONTEXT_Mute
[2023-03-22T00:00:03.563] [INFO] default - Loading command Warn.command.js
[2023-03-22T00:00:03.567] [INFO] default - Loaded command USER_CONTEXT_Warn
[2023-03-22T00:00:03.567] [INFO] default - All modules and commands loaded
[2023-03-22T00:00:03.579] [INFO] default - Loading module Kick.js
[2023-03-22T00:00:03.582] [INFO] default - Loading module Logging.js
[2023-03-22T00:00:03.585] [INFO] default - Loading module Mute.js
[2023-03-22T00:00:03.587] [INFO] default - Loading module UpdateCase.js
[2023-03-22T00:00:03.594] [INFO] default - Loading module Warn.js
[2023-03-22T00:00:06.598] [INFO] default - Updating cases...
[2023-03-22T00:00:11.613] [INFO] default - Updating cases...
[2023-03-22T00:00:16.653] [INFO] default - Updating cases...
[2023-03-22T00:00:21.666] [INFO] default - Updating cases...
[2023-03-22T00:00:24.811] [INFO] default - /warn run by Osmii#0076
[2023-03-22T00:00:26.683] [INFO] default - Updating cases...
[2023-03-22T00:00:31.696] [INFO] default - Updating cases...
[2023-03-22T00:00:36.707] [INFO] default - Updating cases...
[2023-03-22T00:00:39.881] [INFO] default - /mute run by Osmii#0076
[2023-03-22T00:00:41.721] [INFO] default - Updating cases...
[2023-03-22T00:00:46.741] [INFO] default - Updating cases...
[2023-03-22T00:00:51.747] [INFO] default - Updating cases...
[2023-03-22T00:00:56.758] [INFO] default - Updating cases...
[2023-03-22T00:01:01.764] [INFO] default - Updating cases...
[2023-03-22T00:01:06.774] [INFO] default - Updating cases...
[2023-03-22T00:01:11.782] [INFO] default - Updating cases...
[2023-03-22T00:01:16.790] [INFO] default - Updating cases...
[2023-03-22T00:01:21.805] [INFO] default - Updating cases...
[2023-03-22T00:01:26.810] [INFO] default - Updating cases...
[2023-03-22T00:01:31.825] [INFO] default - Updating cases...
[2023-03-22T00:01:36.843] [INFO] default - Updating cases...
[2023-03-22T00:01:41.847] [INFO] default - Updating cases...
[2023-03-22T00:01:46.859] [INFO] default - Updating cases...
[2023-03-22T00:01:51.878] [INFO] default - Updating cases...
[2023-03-22T00:01:56.887] [INFO] default - Updating cases...
[2023-03-22T00:02:01.897] [INFO] default - Updating cases...
[2023-03-22T00:02:06.905] [INFO] default - Updating cases...
[2023-03-22T00:02:11.909] [INFO] default - Updating cases...
[2023-03-22T00:02:16.919] [INFO] default - Updating cases...
