[2023-03-23T02:47:43.926] [INFO] default - Logged in as Academia#0862
[2023-03-23T02:47:43.932] [INFO] default - Loading module Ban.js
[2023-03-23T02:47:43.934] [INFO] default - Loading module CreateTicketHandler.js
[2023-03-23T02:47:43.936] [INFO] default - Loading command Ban.command.js
[2023-03-23T02:47:43.947] [INFO] default - Loaded command CHAT_INPUT_ban
[2023-03-23T02:47:43.948] [INFO] default - Loading command Cases.command.js
[2023-03-23T02:47:43.950] [INFO] default - Loaded command CHAT_INPUT_cases
[2023-03-23T02:47:43.952] [INFO] default - Loading command Kick.command.js
[2023-03-23T02:47:43.956] [INFO] default - Loaded command CHAT_INPUT_kick
[2023-03-23T02:47:43.957] [INFO] default - Loading command Mute.command.js
[2023-03-23T02:47:43.961] [INFO] default - Loaded command CHAT_INPUT_mute
[2023-03-23T02:47:43.962] [INFO] default - Loading command Reason.command.js
[2023-03-23T02:47:43.964] [INFO] default - Loaded command CHAT_INPUT_reason
[2023-03-23T02:47:43.965] [INFO] default - Loading command Unban.command.js
[2023-03-23T02:47:43.967] [INFO] default - Loaded command CHAT_INPUT_unban
[2023-03-23T02:47:43.968] [INFO] default - Loading command Unmute.command.js
[2023-03-23T02:47:43.971] [INFO] default - Loaded command CHAT_INPUT_unmute
[2023-03-23T02:47:43.972] [INFO] default - Loading command Warn.command.js
[2023-03-23T02:47:43.975] [INFO] default - Loaded command CHAT_INPUT_warn
[2023-03-23T02:47:43.977] [INFO] default - Loading command Ban.command.js
[2023-03-23T02:47:43.983] [INFO] default - Loaded command MESSAGE_CONTEXT_Ban
[2023-03-23T02:47:43.984] [INFO] default - Loading command Kick.command.js
[2023-03-23T02:47:43.987] [INFO] default - Loaded command MESSAGE_CONTEXT_Kick
[2023-03-23T02:47:43.988] [INFO] default - Loading command Mute.command.js
[2023-03-23T02:47:43.991] [INFO] default - Loaded command MESSAGE_CONTEXT_Mute
[2023-03-23T02:47:43.993] [INFO] default - Loading command Warn.command.js
[2023-03-23T02:47:43.995] [INFO] default - Loaded command MESSAGE_CONTEXT_Warn
[2023-03-23T02:47:43.997] [INFO] default - Loading command Ban.command.js
[2023-03-23T02:47:44.001] [INFO] default - Loaded command USER_CONTEXT_Ban
[2023-03-23T02:47:44.003] [INFO] default - Loading command Kick.command.js
[2023-03-23T02:47:44.005] [INFO] default - Loaded command USER_CONTEXT_Kick
[2023-03-23T02:47:44.007] [INFO] default - Loading command Mute.command.js
[2023-03-23T02:47:44.009] [INFO] default - Loaded command USER_CONTEXT_Mute
[2023-03-23T02:47:44.010] [INFO] default - Loading command Warn.command.js
[2023-03-23T02:47:44.013] [INFO] default - Loaded command USER_CONTEXT_Warn
[2023-03-23T02:47:44.014] [INFO] default - All modules and commands loaded
[2023-03-23T02:47:44.029] [INFO] default - Loading module Kick.js
[2023-03-23T02:47:44.029] [INFO] default - Loading module TicketManager.js
[2023-03-23T02:47:44.031] [INFO] default - Loading module Logging.js
[2023-03-23T02:47:44.043] [INFO] default - Loading module Mute.js
[2023-03-23T02:47:44.054] [INFO] default - Loading module UpdateCase.js
[2023-03-23T02:47:44.074] [INFO] default - Loading module Warn.js
[2023-03-23T02:47:47.081] [INFO] default - Updating cases...
[2023-03-23T02:47:52.092] [INFO] default - Updating cases...
[2023-03-23T02:47:57.098] [INFO] default - Updating cases...
[2023-03-23T02:48:02.112] [INFO] default - Updating cases...
[2023-03-23T02:48:07.117] [INFO] default - Updating cases...
[2023-03-23T02:48:12.124] [INFO] default - Updating cases...
[2023-03-23T02:48:17.127] [INFO] default - Updating cases...
[2023-03-23T02:48:22.144] [INFO] default - Updating cases...
[2023-03-23T02:48:27.162] [INFO] default - Updating cases...
[2023-03-23T02:48:32.172] [INFO] default - Updating cases...
[2023-03-23T02:48:37.175] [INFO] default - Updating cases...
[2023-03-23T02:48:42.186] [INFO] default - Updating cases...
[2023-03-23T02:48:47.189] [INFO] default - Updating cases...
[2023-03-23T02:48:52.195] [INFO] default - Updating cases...
[2023-03-23T02:48:57.206] [INFO] default - Updating cases...
[2023-03-23T02:49:02.222] [INFO] default - Updating cases...
[2023-03-23T02:49:07.229] [INFO] default - Updating cases...
[2023-03-23T02:49:12.237] [INFO] default - Updating cases...
[2023-03-23T02:49:17.254] [INFO] default - Updating cases...
[2023-03-23T02:49:22.258] [INFO] default - Updating cases...
[2023-03-23T02:49:27.272] [INFO] default - Updating cases...
[2023-03-23T02:49:32.286] [INFO] default - Updating cases...
[2023-03-23T02:49:37.293] [INFO] default - Updating cases...
[2023-03-23T02:49:42.301] [INFO] default - Updating cases...
[2023-03-23T02:49:47.308] [INFO] default - Updating cases...
[2023-03-23T02:49:52.330] [INFO] default - Updating cases...
[2023-03-23T02:49:57.344] [INFO] default - Updating cases...
[2023-03-23T02:50:02.373] [INFO] default - Updating cases...
[2023-03-23T02:50:07.382] [INFO] default - Updating cases...
[2023-03-23T02:50:12.388] [INFO] default - Updating cases...
