[2023-04-07T13:46:36.909] [INFO] default - Logged in as Jayfeather#0862
[2023-04-07T13:46:36.912] [INFO] default - Loading module WelcomeAndGoodbye.js
[2023-04-07T13:46:36.913] [INFO] default - Loading module Ban.js
[2023-04-07T13:46:36.914] [INFO] default - Loading module ReactRoles.js
[2023-04-07T13:46:36.915] [INFO] default - Loading module RelayHandler.js
[2023-04-07T13:46:36.916] [INFO] default - Loading module Verification.js
[2023-04-07T13:46:36.918] [INFO] default - Loading command Ban.command.js
[2023-04-07T13:46:36.927] [INFO] default - Loaded command CHAT_INPUT_ban
[2023-04-07T13:46:36.928] [INFO] default - Loading command Cases.command.js
[2023-04-07T13:46:36.932] [INFO] default - Loaded command CHAT_INPUT_cases
[2023-04-07T13:46:36.933] [INFO] default - Loading command Embed.command.js
[2023-04-07T13:46:36.937] [INFO] default - Loaded command CHAT_INPUT_embed
[2023-04-07T13:46:36.938] [INFO] default - Loading command Kick.command.js
[2023-04-07T13:46:36.941] [INFO] default - Loaded command CHAT_INPUT_kick
[2023-04-07T13:46:36.942] [INFO] default - Loading command Mute.command.js
[2023-04-07T13:46:36.946] [INFO] default - Loaded command CHAT_INPUT_mute
[2023-04-07T13:46:36.948] [INFO] default - Loading command ReactionRoles.command.js
[2023-04-07T13:46:36.956] [INFO] default - Loaded command CHAT_INPUT_reactroles
[2023-04-07T13:46:36.957] [INFO] default - Loading command Reason.command.js
[2023-04-07T13:46:36.960] [INFO] default - Loaded command CHAT_INPUT_reason
[2023-04-07T13:46:36.960] [INFO] default - Loading command Unban.command.js
[2023-04-07T13:46:36.962] [INFO] default - Loaded command CHAT_INPUT_unban
[2023-04-07T13:46:36.963] [INFO] default - Loading command Unmute.command.js
[2023-04-07T13:46:36.966] [INFO] default - Loaded command CHAT_INPUT_unmute
[2023-04-07T13:46:36.966] [INFO] default - Loading command Warn.command.js
[2023-04-07T13:46:36.969] [INFO] default - Loaded command CHAT_INPUT_warn
[2023-04-07T13:46:36.973] [INFO] default - Loading command Ban.command.js
[2023-04-07T13:46:36.977] [INFO] default - Loaded command MESSAGE_CONTEXT_Ban
[2023-04-07T13:46:36.978] [INFO] default - Loading command Kick.command.js
[2023-04-07T13:46:36.979] [INFO] default - Loaded command MESSAGE_CONTEXT_Kick
[2023-04-07T13:46:36.981] [INFO] default - Loading command Mute.command.js
[2023-04-07T13:46:36.987] [INFO] default - Loaded command MESSAGE_CONTEXT_Mute
[2023-04-07T13:46:36.988] [INFO] default - Loading command Warn.command.js
[2023-04-07T13:46:36.990] [INFO] default - Loaded command MESSAGE_CONTEXT_Warn
[2023-04-07T13:46:36.993] [INFO] default - Loading command Ban.command.js
[2023-04-07T13:46:36.995] [INFO] default - Loaded command USER_CONTEXT_Ban
[2023-04-07T13:46:36.996] [INFO] default - Loading command Kick.command.js
[2023-04-07T13:46:37.001] [INFO] default - Loaded command USER_CONTEXT_Kick
[2023-04-07T13:46:37.001] [INFO] default - Loading command Mute.command.js
[2023-04-07T13:46:37.003] [INFO] default - Loaded command USER_CONTEXT_Mute
[2023-04-07T13:46:37.004] [INFO] default - Loading command Warn.command.js
[2023-04-07T13:46:37.006] [INFO] default - Loaded command USER_CONTEXT_Warn
[2023-04-07T13:46:37.009] [INFO] default - All modules and commands loaded
[2023-04-07T13:46:37.026] [INFO] default - Loading module Kick.js
[2023-04-07T13:46:37.027] [INFO] default - Loading module TicketManager.js
[2023-04-07T13:46:37.028] [INFO] default - Loading module VerificationManager.js
[2023-04-07T13:46:37.030] [INFO] default - Loading module Logging.js
[2023-04-07T13:46:37.039] [INFO] default - Loading module Mute.js
[2023-04-07T13:46:37.041] [INFO] default - Loading module UpdateCase.js
[2023-04-07T13:46:37.046] [INFO] default - Loading module Warn.js
[2023-04-07T13:46:40.058] [INFO] default - Updating cases...
[2023-04-07T13:46:45.061] [INFO] default - Updating cases...
[2023-04-07T13:46:50.063] [INFO] default - Updating cases...
[2023-04-07T13:46:55.077] [INFO] default - Updating cases...
[2023-04-07T13:47:00.092] [INFO] default - Updating cases...
[2023-04-07T13:47:05.095] [INFO] default - Updating cases...
[2023-04-07T13:47:10.099] [INFO] default - Updating cases...
[2023-04-07T13:47:15.104] [INFO] default - Updating cases...
[2023-04-07T13:47:20.112] [INFO] default - Updating cases...
[2023-04-07T13:47:25.127] [INFO] default - Updating cases...
[2023-04-07T13:47:30.141] [INFO] default - Updating cases...
[2023-04-07T13:47:35.154] [INFO] default - Updating cases...
[2023-04-07T13:47:40.165] [INFO] default - Updating cases...
[2023-04-07T13:47:45.181] [INFO] default - Updating cases...
[2023-04-07T13:47:50.195] [INFO] default - Updating cases...
[2023-04-07T13:47:55.209] [INFO] default - Updating cases...
[2023-04-07T13:47:56.872] [INFO] default - messageCreate
[2023-04-07T13:47:56.873] [INFO] default - messageCreate
[2023-04-07T13:48:00.213] [INFO] default - Updating cases...
[2023-04-07T13:48:01.087] [INFO] default - guildMemberRemove
[2023-04-07T13:48:01.370] [INFO] default - messageCreate
[2023-04-07T13:48:01.371] [INFO] default - messageCreate
[2023-04-07T13:48:05.229] [INFO] default - Updating cases...
[2023-04-07T13:48:10.247] [INFO] default - Updating cases...
[2023-04-07T13:48:15.252] [INFO] default - Updating cases...
[2023-04-07T13:48:20.267] [INFO] default - Updating cases...
[2023-04-07T13:48:25.276] [INFO] default - Updating cases...
[2023-04-07T13:48:28.732] [INFO] default - guildMemberAdd
[2023-04-07T13:48:28.733] [INFO] default - guildMemberAdd
[2023-04-07T13:48:29.143] [INFO] default - messageCreate
[2023-04-07T13:48:29.145] [INFO] default - messageCreate
[2023-04-07T13:48:29.675] [INFO] default - messageCreate
[2023-04-07T13:48:29.676] [INFO] default - messageCreate
[2023-04-07T13:48:30.279] [INFO] default - Updating cases...
[2023-04-07T13:48:35.301] [INFO] default - Updating cases...
[2023-04-07T13:48:40.303] [INFO] default - Updating cases...
[2023-04-07T13:48:45.309] [INFO] default - Updating cases...
[2023-04-07T13:48:50.322] [INFO] default - Updating cases...
[2023-04-07T13:48:55.329] [INFO] default - Updating cases...
[2023-04-07T13:49:00.364] [INFO] default - Updating cases...
[2023-04-07T13:49:05.375] [INFO] default - Updating cases...
[2023-04-07T13:49:10.381] [INFO] default - Updating cases...
[2023-04-07T13:49:15.395] [INFO] default - Updating cases...
[2023-04-07T13:49:20.402] [INFO] default - Updating cases...
[2023-04-07T13:49:25.406] [INFO] default - Updating cases...
[2023-04-07T13:49:30.409] [INFO] default - Updating cases...
[2023-04-07T13:49:35.426] [INFO] default - Updating cases...
[2023-04-07T13:49:40.430] [INFO] default - Updating cases...
[2023-04-07T13:49:45.440] [INFO] default - Updating cases...
[2023-04-07T13:49:50.444] [INFO] default - Updating cases...
[2023-04-07T13:49:55.448] [INFO] default - Updating cases...
[2023-04-07T13:50:00.451] [INFO] default - Updating cases...
[2023-04-07T13:50:05.459] [INFO] default - Updating cases...
[2023-04-07T13:50:10.471] [INFO] default - Updating cases...
[2023-04-07T13:50:15.477] [INFO] default - Updating cases...
[2023-04-07T13:50:20.485] [INFO] default - Updating cases...
[2023-04-07T13:50:25.488] [INFO] default - Updating cases...
[2023-04-07T13:50:30.498] [INFO] default - Updating cases...
[2023-04-07T13:50:35.526] [INFO] default - Updating cases...
[2023-04-07T13:50:40.535] [INFO] default - Updating cases...
[2023-04-07T13:50:45.540] [INFO] default - Updating cases...
[2023-04-07T13:50:50.552] [INFO] default - Updating cases...
[2023-04-07T13:50:55.568] [INFO] default - Updating cases...
[2023-04-07T13:51:00.572] [INFO] default - Updating cases...
[2023-04-07T13:51:05.580] [INFO] default - Updating cases...
[2023-04-07T13:51:10.590] [INFO] default - Updating cases...
[2023-04-07T13:51:15.595] [INFO] default - Updating cases...
[2023-04-07T13:51:20.601] [INFO] default - Updating cases...
[2023-04-07T13:51:25.604] [INFO] default - Updating cases...
[2023-04-07T13:51:30.615] [INFO] default - Updating cases...
[2023-04-07T13:51:35.625] [INFO] default - Updating cases...
[2023-04-07T13:51:40.632] [INFO] default - Updating cases...
[2023-04-07T13:51:45.637] [INFO] default - Updating cases...
[2023-04-07T13:51:50.642] [INFO] default - Updating cases...
[2023-04-07T13:51:55.656] [INFO] default - Updating cases...
[2023-04-07T13:52:00.666] [INFO] default - Updating cases...
[2023-04-07T13:52:05.670] [INFO] default - Updating cases...
[2023-04-07T13:52:10.700] [INFO] default - Updating cases...
[2023-04-07T13:52:15.721] [INFO] default - Updating cases...
[2023-04-07T13:52:20.731] [INFO] default - Updating cases...
[2023-04-07T13:52:25.756] [INFO] default - Updating cases...
[2023-04-07T13:52:30.784] [INFO] default - Updating cases...
[2023-04-07T13:52:35.792] [INFO] default - Updating cases...
[2023-04-07T13:52:40.798] [INFO] default - Updating cases...
[2023-04-07T13:52:45.801] [INFO] default - Updating cases...
[2023-04-07T13:52:50.813] [INFO] default - Updating cases...
[2023-04-07T13:52:55.859] [INFO] default - Updating cases...
[2023-04-07T13:53:00.867] [INFO] default - Updating cases...
[2023-04-07T13:53:05.874] [INFO] default - Updating cases...
[2023-04-07T13:53:10.878] [INFO] default - Updating cases...
[2023-04-07T13:53:15.901] [INFO] default - Updating cases...
[2023-04-07T13:53:20.911] [INFO] default - Updating cases...
[2023-04-07T13:53:25.913] [INFO] default - Updating cases...
[2023-04-07T13:53:30.922] [INFO] default - Updating cases...
[2023-04-07T13:53:35.940] [INFO] default - Updating cases...
[2023-04-07T13:53:40.950] [INFO] default - Updating cases...
[2023-04-07T13:53:45.962] [INFO] default - Updating cases...
[2023-04-07T13:53:50.976] [INFO] default - Updating cases...
[2023-04-07T13:53:55.979] [INFO] default - Updating cases...
[2023-04-07T13:54:00.988] [INFO] default - Updating cases...
[2023-04-07T13:54:05.992] [INFO] default - Updating cases...
[2023-04-07T13:54:10.997] [INFO] default - Updating cases...
[2023-04-07T13:54:16.015] [INFO] default - Updating cases...
[2023-04-07T13:54:21.023] [INFO] default - Updating cases...
[2023-04-07T13:54:26.035] [INFO] default - Updating cases...
[2023-04-07T13:54:31.045] [INFO] default - Updating cases...
[2023-04-07T13:54:36.054] [INFO] default - Updating cases...
[2023-04-07T13:54:41.058] [INFO] default - Updating cases...
[2023-04-07T13:54:46.070] [INFO] default - Updating cases...
[2023-04-07T13:54:51.074] [INFO] default - Updating cases...
[2023-04-07T13:54:56.082] [INFO] default - Updating cases...
[2023-04-07T13:55:01.093] [INFO] default - Updating cases...
[2023-04-07T13:55:06.110] [INFO] default - Updating cases...
[2023-04-07T13:55:11.112] [INFO] default - Updating cases...
[2023-04-07T13:55:16.125] [INFO] default - Updating cases...
[2023-04-07T13:55:21.135] [INFO] default - Updating cases...
[2023-04-07T13:55:26.138] [INFO] default - Updating cases...
[2023-04-07T13:55:31.159] [INFO] default - Updating cases...
[2023-04-07T13:55:36.174] [INFO] default - Updating cases...
[2023-04-07T13:55:41.194] [INFO] default - Updating cases...
[2023-04-07T13:55:46.201] [INFO] default - Updating cases...
[2023-04-07T13:55:51.206] [INFO] default - Updating cases...
[2023-04-07T13:55:56.217] [INFO] default - Updating cases...
[2023-04-07T13:56:01.229] [INFO] default - Updating cases...
[2023-04-07T13:56:06.243] [INFO] default - Updating cases...
[2023-04-07T13:56:11.262] [INFO] default - Updating cases...
[2023-04-07T13:56:16.265] [INFO] default - Updating cases...
[2023-04-07T13:56:21.267] [INFO] default - Updating cases...
[2023-04-07T13:56:26.270] [INFO] default - Updating cases...
[2023-04-07T13:56:31.274] [INFO] default - Updating cases...
[2023-04-07T13:56:36.279] [INFO] default - Updating cases...
[2023-04-07T13:56:41.283] [INFO] default - Updating cases...
[2023-04-07T13:56:46.289] [INFO] default - Updating cases...
[2023-04-07T13:56:51.306] [INFO] default - Updating cases...
[2023-04-07T13:56:56.316] [INFO] default - Updating cases...
[2023-04-07T13:57:01.321] [INFO] default - Updating cases...
[2023-04-07T13:57:06.330] [INFO] default - Updating cases...
[2023-04-07T13:57:11.336] [INFO] default - Updating cases...
[2023-04-07T13:57:16.346] [INFO] default - Updating cases...
[2023-04-07T13:57:21.349] [INFO] default - Updating cases...
[2023-04-07T13:57:26.361] [INFO] default - Updating cases...
[2023-04-07T13:57:31.378] [INFO] default - Updating cases...
[2023-04-07T13:57:36.422] [INFO] default - Updating cases...
[2023-04-07T13:57:41.435] [INFO] default - Updating cases...
[2023-04-07T13:57:46.444] [INFO] default - Updating cases...
[2023-04-07T13:57:51.457] [INFO] default - Updating cases...
[2023-04-07T13:57:56.468] [INFO] default - Updating cases...
[2023-04-07T13:58:01.478] [INFO] default - Updating cases...
[2023-04-07T13:58:06.485] [INFO] default - Updating cases...
[2023-04-07T13:58:11.498] [INFO] default - Updating cases...
[2023-04-07T13:58:16.513] [INFO] default - Updating cases...
[2023-04-07T13:58:21.521] [INFO] default - Updating cases...
[2023-04-07T13:58:26.524] [INFO] default - Updating cases...
[2023-04-07T13:58:31.550] [INFO] default - Updating cases...
[2023-04-07T13:58:36.566] [INFO] default - Updating cases...
[2023-04-07T13:58:41.574] [INFO] default - Updating cases...
[2023-04-07T13:58:44.266] [INFO] default - messageReactionAdd
[2023-04-07T13:58:46.581] [INFO] default - Updating cases...
[2023-04-07T13:58:47.273] [INFO] default - messageReactionAdd
[2023-04-07T13:58:50.442] [INFO] default - messageReactionAdd
[2023-04-07T13:58:50.933] [INFO] default - messageReactionRemove
[2023-04-07T13:58:51.254] [INFO] default - messageReactionAdd
[2023-04-07T13:58:51.588] [INFO] default - Updating cases...
[2023-04-07T13:58:52.329] [INFO] default - messageReactionRemove
[2023-04-07T13:58:54.250] [INFO] default - messageReactionAdd
[2023-04-07T13:58:56.596] [INFO] default - Updating cases...
[2023-04-07T13:58:58.135] [INFO] default - messageReactionAdd
[2023-04-07T13:58:58.522] [INFO] default - messageReactionAdd
[2023-04-07T13:59:01.602] [INFO] default - Updating cases...
[2023-04-07T13:59:03.744] [INFO] default - messageReactionAdd
[2023-04-07T13:59:06.611] [INFO] default - Updating cases...
[2023-04-07T13:59:11.616] [INFO] default - Updating cases...
[2023-04-07T13:59:16.627] [INFO] default - Updating cases...
[2023-04-07T13:59:21.775] [INFO] default - Updating cases...
[2023-04-07T13:59:26.791] [INFO] default - Updating cases...
[2023-04-07T13:59:31.800] [INFO] default - Updating cases...
[2023-04-07T13:59:36.808] [INFO] default - Updating cases...
[2023-04-07T13:59:41.816] [INFO] default - Updating cases...
[2023-04-07T13:59:46.818] [INFO] default - Updating cases...
[2023-04-07T13:59:51.827] [INFO] default - Updating cases...
[2023-04-07T13:59:56.832] [INFO] default - Updating cases...
[2023-04-07T14:00:01.852] [INFO] default - Updating cases...
[2023-04-07T14:00:06.875] [INFO] default - Updating cases...
[2023-04-07T14:00:11.932] [INFO] default - Updating cases...
[2023-04-07T14:00:16.941] [INFO] default - Updating cases...
[2023-04-07T14:00:21.954] [INFO] default - Updating cases...
[2023-04-07T14:00:26.956] [INFO] default - Updating cases...
[2023-04-07T14:00:31.972] [INFO] default - Updating cases...
[2023-04-07T14:00:36.982] [INFO] default - Updating cases...
[2023-04-07T14:00:41.990] [INFO] default - Updating cases...
[2023-04-07T14:00:46.992] [INFO] default - Updating cases...
[2023-04-07T14:00:51.999] [INFO] default - Updating cases...
[2023-04-07T14:00:57.006] [INFO] default - Updating cases...
[2023-04-07T14:01:02.023] [INFO] default - Updating cases...
[2023-04-07T14:01:07.025] [INFO] default - Updating cases...
[2023-04-07T14:01:12.031] [INFO] default - Updating cases...
[2023-04-07T14:01:17.039] [INFO] default - Updating cases...
[2023-04-07T14:01:22.076] [INFO] default - Updating cases...
[2023-04-07T14:01:27.083] [INFO] default - Updating cases...
[2023-04-07T14:01:32.086] [INFO] default - Updating cases...
[2023-04-07T14:01:37.106] [INFO] default - Updating cases...
[2023-04-07T14:01:42.116] [INFO] default - Updating cases...
[2023-04-07T14:01:47.129] [INFO] default - Updating cases...
[2023-04-07T14:01:52.133] [INFO] default - Updating cases...
[2023-04-07T14:01:57.155] [INFO] default - Updating cases...
[2023-04-07T14:02:02.160] [INFO] default - Updating cases...
[2023-04-07T14:02:07.171] [INFO] default - Updating cases...
[2023-04-07T14:02:12.182] [INFO] default - Updating cases...
[2023-04-07T14:02:17.208] [INFO] default - Updating cases...
[2023-04-07T14:02:22.258] [INFO] default - Updating cases...
[2023-04-07T14:02:27.262] [INFO] default - Updating cases...
[2023-04-07T14:02:32.273] [INFO] default - Updating cases...
[2023-04-07T14:02:37.284] [INFO] default - Updating cases...
[2023-04-07T14:02:42.300] [INFO] default - Updating cases...
[2023-04-07T14:02:47.314] [INFO] default - Updating cases...
[2023-04-07T14:02:52.327] [INFO] default - Updating cases...
[2023-04-07T14:02:57.332] [INFO] default - Updating cases...
[2023-04-07T14:03:02.336] [INFO] default - Updating cases...
[2023-04-07T14:03:07.350] [INFO] default - Updating cases...
[2023-04-07T14:03:12.354] [INFO] default - Updating cases...
[2023-04-07T14:03:17.369] [INFO] default - Updating cases...
[2023-04-07T14:03:22.388] [INFO] default - Updating cases...
[2023-04-07T14:03:27.403] [INFO] default - Updating cases...
[2023-04-07T14:03:32.407] [INFO] default - Updating cases...
[2023-04-07T14:03:37.412] [INFO] default - Updating cases...
[2023-04-07T14:03:42.416] [INFO] default - Updating cases...
[2023-04-07T14:03:47.421] [INFO] default - Updating cases...
[2023-04-07T14:03:52.428] [INFO] default - Updating cases...
[2023-04-07T14:03:57.439] [INFO] default - Updating cases...
[2023-04-07T14:04:02.450] [INFO] default - Updating cases...
[2023-04-07T14:04:07.467] [INFO] default - Updating cases...
[2023-04-07T14:04:12.473] [INFO] default - Updating cases...
[2023-04-07T14:04:17.482] [INFO] default - Updating cases...
[2023-04-07T14:04:22.491] [INFO] default - Updating cases...
[2023-04-07T14:04:27.494] [INFO] default - Updating cases...
[2023-04-07T14:04:32.498] [INFO] default - Updating cases...
[2023-04-07T14:04:37.507] [INFO] default - Updating cases...
[2023-04-07T14:04:42.513] [INFO] default - Updating cases...
[2023-04-07T14:04:47.523] [INFO] default - Updating cases...
[2023-04-07T14:04:52.530] [INFO] default - Updating cases...
[2023-04-07T14:04:57.545] [INFO] default - Updating cases...
[2023-04-07T14:05:02.549] [INFO] default - Updating cases...
[2023-04-07T14:05:07.556] [INFO] default - Updating cases...
[2023-04-07T14:05:12.566] [INFO] default - Updating cases...
[2023-04-07T14:05:17.581] [INFO] default - Updating cases...
[2023-04-07T14:05:22.583] [INFO] default - Updating cases...
[2023-04-07T14:05:27.595] [INFO] default - Updating cases...
[2023-04-07T14:05:32.601] [INFO] default - Updating cases...
[2023-04-07T14:05:37.605] [INFO] default - Updating cases...
[2023-04-07T14:05:42.608] [INFO] default - Updating cases...
[2023-04-07T14:05:47.612] [INFO] default - Updating cases...
[2023-04-07T14:05:52.613] [INFO] default - Updating cases...
[2023-04-07T14:05:57.624] [INFO] default - Updating cases...
[2023-04-07T14:06:02.639] [INFO] default - Updating cases...
[2023-04-07T14:06:07.642] [INFO] default - Updating cases...
[2023-04-07T14:06:12.645] [INFO] default - Updating cases...
[2023-04-07T14:06:17.663] [INFO] default - Updating cases...
[2023-04-07T14:06:22.669] [INFO] default - Updating cases...
[2023-04-07T14:06:27.676] [INFO] default - Updating cases...
[2023-04-07T14:06:32.678] [INFO] default - Updating cases...
[2023-04-07T14:06:37.692] [INFO] default - Updating cases...
[2023-04-07T14:06:42.697] [INFO] default - Updating cases...
[2023-04-07T14:06:47.704] [INFO] default - Updating cases...
[2023-04-07T14:06:52.707] [INFO] default - Updating cases...
[2023-04-07T14:06:57.709] [INFO] default - Updating cases...
[2023-04-07T14:07:02.711] [INFO] default - Updating cases...
[2023-04-07T14:07:07.721] [INFO] default - Updating cases...
[2023-04-07T14:07:12.737] [INFO] default - Updating cases...
[2023-04-07T14:07:17.753] [INFO] default - Updating cases...
[2023-04-07T14:07:22.758] [INFO] default - Updating cases...
[2023-04-07T14:07:27.762] [INFO] default - Updating cases...
[2023-04-07T14:07:32.765] [INFO] default - Updating cases...
[2023-04-07T14:07:37.781] [INFO] default - Updating cases...
[2023-04-07T14:07:42.788] [INFO] default - Updating cases...
[2023-04-07T14:07:47.791] [INFO] default - Updating cases...
[2023-04-07T14:07:52.806] [INFO] default - Updating cases...
[2023-04-07T14:07:57.821] [INFO] default - Updating cases...
[2023-04-07T14:08:02.824] [INFO] default - Updating cases...
[2023-04-07T14:08:07.826] [INFO] default - Updating cases...
[2023-04-07T14:08:12.830] [INFO] default - Updating cases...
[2023-04-07T14:08:17.843] [INFO] default - Updating cases...
[2023-04-07T14:08:22.858] [INFO] default - Updating cases...
[2023-04-07T14:08:27.864] [INFO] default - Updating cases...
[2023-04-07T14:08:32.878] [INFO] default - Updating cases...
[2023-04-07T14:08:37.887] [INFO] default - Updating cases...
[2023-04-07T14:08:42.890] [INFO] default - Updating cases...
[2023-04-07T14:08:47.894] [INFO] default - Updating cases...
[2023-04-07T14:08:52.908] [INFO] default - Updating cases...
[2023-04-07T14:08:57.911] [INFO] default - Updating cases...
[2023-04-07T14:09:02.918] [INFO] default - Updating cases...
[2023-04-07T14:09:07.922] [INFO] default - Updating cases...
[2023-04-07T14:09:12.923] [INFO] default - Updating cases...
[2023-04-07T14:09:17.931] [INFO] default - Updating cases...
[2023-04-07T14:09:23.220] [INFO] default - Updating cases...
[2023-04-07T14:09:28.224] [INFO] default - Updating cases...
[2023-04-07T14:09:33.238] [INFO] default - Updating cases...
[2023-04-07T14:09:38.244] [INFO] default - Updating cases...
[2023-04-07T14:09:43.264] [INFO] default - Updating cases...
[2023-04-07T14:09:48.269] [INFO] default - Updating cases...
[2023-04-07T14:09:53.285] [INFO] default - Updating cases...
[2023-04-07T14:09:58.291] [INFO] default - Updating cases...
[2023-04-07T14:10:03.293] [INFO] default - Updating cases...
[2023-04-07T14:10:08.296] [INFO] default - Updating cases...
[2023-04-07T14:10:13.310] [INFO] default - Updating cases...
[2023-04-07T14:10:18.312] [INFO] default - Updating cases...
[2023-04-07T14:10:23.326] [INFO] default - Updating cases...
[2023-04-07T14:10:28.328] [INFO] default - Updating cases...
[2023-04-07T14:10:33.335] [INFO] default - Updating cases...
[2023-04-07T14:10:38.352] [INFO] default - Updating cases...
[2023-04-07T14:10:43.361] [INFO] default - Updating cases...
[2023-04-07T14:10:48.363] [INFO] default - Updating cases...
[2023-04-07T14:10:53.375] [INFO] default - Updating cases...
[2023-04-07T14:10:58.384] [INFO] default - Updating cases...
[2023-04-07T14:11:03.401] [INFO] default - Updating cases...
[2023-04-07T14:11:08.405] [INFO] default - Updating cases...
[2023-04-07T14:11:13.416] [INFO] default - Updating cases...
[2023-04-07T14:11:18.423] [INFO] default - Updating cases...
[2023-04-07T14:11:23.427] [INFO] default - Updating cases...
[2023-04-07T14:11:28.429] [INFO] default - Updating cases...
[2023-04-07T14:11:33.430] [INFO] default - Updating cases...
[2023-04-07T14:11:38.442] [INFO] default - Updating cases...
[2023-04-07T14:11:43.457] [INFO] default - Updating cases...
[2023-04-07T14:11:48.460] [INFO] default - Updating cases...
[2023-04-07T14:11:53.465] [INFO] default - Updating cases...
[2023-04-07T14:11:58.608] [INFO] default - Updating cases...
[2023-04-07T14:12:03.630] [INFO] default - Updating cases...
[2023-04-07T14:12:08.636] [INFO] default - Updating cases...
[2023-04-07T14:12:13.637] [INFO] default - Updating cases...
[2023-04-07T14:12:18.641] [INFO] default - Updating cases...
[2023-04-07T14:12:23.657] [INFO] default - Updating cases...
[2023-04-07T14:12:28.661] [INFO] default - Updating cases...
[2023-04-07T14:12:33.667] [INFO] default - Updating cases...
[2023-04-07T14:12:38.684] [INFO] default - Updating cases...
[2023-04-07T14:12:43.693] [INFO] default - Updating cases...
[2023-04-07T14:12:48.697] [INFO] default - Updating cases...
[2023-04-07T14:12:53.711] [INFO] default - Updating cases...
[2023-04-07T14:12:58.712] [INFO] default - Updating cases...
[2023-04-07T14:13:03.715] [INFO] default - Updating cases...
[2023-04-07T14:13:08.721] [INFO] default - Updating cases...
[2023-04-07T14:13:13.730] [INFO] default - Updating cases...
[2023-04-07T14:13:18.750] [INFO] default - Updating cases...
[2023-04-07T14:13:23.759] [INFO] default - Updating cases...
[2023-04-07T14:13:28.769] [INFO] default - Updating cases...
[2023-04-07T14:13:33.782] [INFO] default - Updating cases...
[2023-04-07T14:13:38.822] [INFO] default - Updating cases...
[2023-04-07T14:13:43.826] [INFO] default - Updating cases...
[2023-04-07T14:13:48.830] [INFO] default - Updating cases...
[2023-04-07T14:13:53.848] [INFO] default - Updating cases...
[2023-04-07T14:13:58.856] [INFO] default - Updating cases...
[2023-04-07T14:14:03.859] [INFO] default - Updating cases...
[2023-04-07T14:14:08.862] [INFO] default - Updating cases...
[2023-04-07T14:14:13.873] [INFO] default - Updating cases...
[2023-04-07T14:14:18.881] [INFO] default - Updating cases...
[2023-04-07T14:14:23.887] [INFO] default - Updating cases...
[2023-04-07T14:14:28.889] [INFO] default - Updating cases...
[2023-04-07T14:14:33.894] [INFO] default - Updating cases...
[2023-04-07T14:14:38.908] [INFO] default - Updating cases...
[2023-04-07T14:14:43.924] [INFO] default - Updating cases...
[2023-04-07T14:14:48.931] [INFO] default - Updating cases...
[2023-04-07T14:14:53.936] [INFO] default - Updating cases...
[2023-04-07T14:14:58.950] [INFO] default - Updating cases...
[2023-04-07T14:15:03.963] [INFO] default - Updating cases...
[2023-04-07T14:15:08.966] [INFO] default - Updating cases...
[2023-04-07T14:15:13.976] [INFO] default - Updating cases...
[2023-04-07T14:15:18.984] [INFO] default - Updating cases...
[2023-04-07T14:15:23.991] [INFO] default - Updating cases...
[2023-04-07T14:15:27.352] [INFO] default - messageCreate
[2023-04-07T14:15:27.353] [INFO] default - messageCreate
[2023-04-07T14:15:28.206] [INFO] default - messageCreate
[2023-04-07T14:15:28.207] [INFO] default - messageCreate
[2023-04-07T14:15:28.997] [INFO] default - Updating cases...
[2023-04-07T14:15:31.749] [INFO] default - messageCreate
[2023-04-07T14:15:31.750] [INFO] default - messageCreate
[2023-04-07T14:15:34.015] [INFO] default - Updating cases...
[2023-04-07T14:15:37.047] [INFO] default - messageCreate
[2023-04-07T14:15:37.047] [INFO] default - messageCreate
[2023-04-07T14:15:39.031] [INFO] default - Updating cases...
[2023-04-07T14:15:44.040] [INFO] default - Updating cases...
[2023-04-07T14:15:49.052] [INFO] default - Updating cases...
[2023-04-07T14:15:54.068] [INFO] default - Updating cases...
[2023-04-07T14:15:59.073] [INFO] default - Updating cases...
[2023-04-07T14:16:04.079] [INFO] default - Updating cases...
[2023-04-07T14:16:09.082] [INFO] default - Updating cases...
[2023-04-07T14:16:14.088] [INFO] default - Updating cases...
[2023-04-07T14:16:19.096] [INFO] default - Updating cases...
[2023-04-07T14:16:24.098] [INFO] default - Updating cases...
[2023-04-07T14:16:29.113] [INFO] default - Updating cases...
[2023-04-07T14:16:34.118] [INFO] default - Updating cases...
[2023-04-07T14:16:39.135] [INFO] default - Updating cases...
[2023-04-07T14:16:44.138] [INFO] default - Updating cases...
[2023-04-07T14:16:49.154] [INFO] default - Updating cases...
[2023-04-07T14:16:54.157] [INFO] default - Updating cases...
[2023-04-07T14:16:54.974] [INFO] default - messageCreate
[2023-04-07T14:16:54.974] [INFO] default - messageCreate
[2023-04-07T14:16:59.160] [INFO] default - Updating cases...
[2023-04-07T14:17:04.175] [INFO] default - Updating cases...
[2023-04-07T14:17:09.189] [INFO] default - Updating cases...
[2023-04-07T14:17:14.205] [INFO] default - Updating cases...
[2023-04-07T14:17:19.210] [INFO] default - Updating cases...
[2023-04-07T14:17:24.221] [INFO] default - Updating cases...
[2023-04-07T14:17:29.225] [INFO] default - Updating cases...
[2023-04-07T14:17:34.234] [INFO] default - Updating cases...
[2023-04-07T14:17:39.239] [INFO] default - Updating cases...
[2023-04-07T14:17:44.252] [INFO] default - Updating cases...
[2023-04-07T14:17:49.266] [INFO] default - Updating cases...
[2023-04-07T14:17:54.275] [INFO] default - Updating cases...
[2023-04-07T14:17:59.277] [INFO] default - Updating cases...
[2023-04-07T14:18:04.287] [INFO] default - Updating cases...
[2023-04-07T14:18:09.333] [INFO] default - Updating cases...
[2023-04-07T14:18:14.337] [INFO] default - Updating cases...
[2023-04-07T14:18:19.340] [INFO] default - Updating cases...
[2023-04-07T14:18:24.352] [INFO] default - Updating cases...
[2023-04-07T14:18:29.365] [INFO] default - Updating cases...
[2023-04-07T14:18:34.366] [INFO] default - Updating cases...
[2023-04-07T14:18:38.887] [INFO] default - messageCreate
[2023-04-07T14:18:38.888] [INFO] default - messageCreate
[2023-04-07T14:18:39.143] [INFO] default - messageCreate
[2023-04-07T14:18:39.144] [INFO] default - messageCreate
[2023-04-07T14:18:39.371] [INFO] default - Updating cases...
[2023-04-07T14:18:44.377] [INFO] default - Updating cases...
[2023-04-07T14:18:49.384] [INFO] default - Updating cases...
[2023-04-07T14:18:54.399] [INFO] default - Updating cases...
[2023-04-07T14:18:59.407] [INFO] default - Updating cases...
[2023-04-07T14:19:04.419] [INFO] default - Updating cases...
[2023-04-07T14:19:09.446] [INFO] default - Updating cases...
[2023-04-07T14:19:14.459] [INFO] default - Updating cases...
[2023-04-07T14:19:19.469] [INFO] default - Updating cases...
[2023-04-07T14:19:24.473] [INFO] default - Updating cases...
[2023-04-07T14:19:29.475] [INFO] default - Updating cases...
[2023-04-07T14:19:34.478] [INFO] default - Updating cases...
[2023-04-07T14:19:39.491] [INFO] default - Updating cases...
[2023-04-07T14:19:44.506] [INFO] default - Updating cases...
[2023-04-07T14:19:49.519] [INFO] default - Updating cases...
[2023-04-07T14:19:54.524] [INFO] default - Updating cases...
[2023-04-07T14:19:59.534] [INFO] default - Updating cases...
[2023-04-07T14:20:04.548] [INFO] default - Updating cases...
[2023-04-07T14:20:09.562] [INFO] default - Updating cases...
[2023-04-07T14:20:14.563] [INFO] default - Updating cases...
[2023-04-07T14:20:19.580] [INFO] default - Updating cases...
[2023-04-07T14:20:24.592] [INFO] default - Updating cases...
[2023-04-07T14:20:29.599] [INFO] default - Updating cases...
[2023-04-07T14:20:34.608] [INFO] default - Updating cases...
[2023-04-07T14:20:39.622] [INFO] default - Updating cases...
[2023-04-07T14:20:44.631] [INFO] default - Updating cases...
[2023-04-07T14:20:49.635] [INFO] default - Updating cases...
[2023-04-07T14:20:54.643] [INFO] default - Updating cases...
[2023-04-07T14:20:59.648] [INFO] default - Updating cases...
[2023-04-07T14:21:04.665] [INFO] default - Updating cases...
[2023-04-07T14:21:09.680] [INFO] default - Updating cases...
[2023-04-07T14:21:14.696] [INFO] default - Updating cases...
[2023-04-07T14:21:19.707] [INFO] default - Updating cases...
[2023-04-07T14:21:24.719] [INFO] default - Updating cases...
[2023-04-07T14:21:29.724] [INFO] default - Updating cases...
[2023-04-07T14:21:34.734] [INFO] default - Updating cases...
[2023-04-07T14:21:39.750] [INFO] default - Updating cases...
[2023-04-07T14:21:44.759] [INFO] default - Updating cases...
[2023-04-07T14:21:49.775] [INFO] default - Updating cases...
[2023-04-07T14:21:54.778] [INFO] default - Updating cases...
[2023-04-07T14:21:59.792] [INFO] default - Updating cases...
[2023-04-07T14:22:04.803] [INFO] default - Updating cases...
[2023-04-07T14:22:09.811] [INFO] default - Updating cases...
[2023-04-07T14:22:14.813] [INFO] default - Updating cases...
[2023-04-07T14:22:19.824] [INFO] default - Updating cases...
[2023-04-07T14:22:24.827] [INFO] default - Updating cases...
[2023-04-07T14:22:29.841] [INFO] default - Updating cases...
[2023-04-07T14:22:34.853] [INFO] default - Updating cases...
[2023-04-07T14:22:39.862] [INFO] default - Updating cases...
[2023-04-07T14:22:44.869] [INFO] default - Updating cases...
[2023-04-07T14:22:49.873] [INFO] default - Updating cases...
[2023-04-07T14:22:54.893] [INFO] default - Updating cases...
[2023-04-07T14:22:59.906] [INFO] default - Updating cases...
[2023-04-07T14:23:04.910] [INFO] default - Updating cases...
[2023-04-07T14:23:09.914] [INFO] default - Updating cases...
[2023-04-07T14:23:14.928] [INFO] default - Updating cases...
[2023-04-07T14:23:19.932] [INFO] default - Updating cases...
[2023-04-07T14:23:24.938] [INFO] default - Updating cases...
[2023-04-07T14:23:29.974] [INFO] default - Updating cases...
[2023-04-07T14:23:35.013] [INFO] default - Updating cases...
[2023-04-07T14:23:40.016] [INFO] default - Updating cases...
[2023-04-07T14:23:45.032] [INFO] default - Updating cases...
[2023-04-07T14:23:50.046] [INFO] default - Updating cases...
[2023-04-07T14:23:55.060] [INFO] default - Updating cases...
[2023-04-07T14:24:00.063] [INFO] default - Updating cases...
[2023-04-07T14:24:05.070] [INFO] default - Updating cases...
[2023-04-07T14:24:10.075] [INFO] default - Updating cases...
[2023-04-07T14:24:15.085] [INFO] default - Updating cases...
[2023-04-07T14:24:20.118] [INFO] default - Updating cases...
[2023-04-07T14:24:25.125] [INFO] default - Updating cases...
[2023-04-07T14:24:30.129] [INFO] default - Updating cases...
[2023-04-07T14:24:35.133] [INFO] default - Updating cases...
[2023-04-07T14:24:40.139] [INFO] default - Updating cases...
[2023-04-07T14:24:45.271] [INFO] default - Updating cases...
[2023-04-07T14:24:50.306] [INFO] default - Updating cases...
[2023-04-07T14:24:55.310] [INFO] default - Updating cases...
[2023-04-07T14:25:00.328] [INFO] default - Updating cases...
[2023-04-07T14:25:05.334] [INFO] default - Updating cases...
[2023-04-07T14:25:10.345] [INFO] default - Updating cases...
[2023-04-07T14:25:15.347] [INFO] default - Updating cases...
[2023-04-07T14:25:20.358] [INFO] default - Updating cases...
[2023-04-07T14:25:25.369] [INFO] default - Updating cases...
[2023-04-07T14:25:30.380] [INFO] default - Updating cases...
[2023-04-07T14:25:35.383] [INFO] default - Updating cases...
[2023-04-07T14:25:40.394] [INFO] default - Updating cases...
[2023-04-07T14:25:45.403] [INFO] default - Updating cases...
