[2023-03-23T19:21:19.656] [INFO] default - Logged in as Academia#0862
[2023-03-23T19:21:19.660] [INFO] default - Loading module WelcomeAndGoodbye.js
[2023-03-23T19:21:19.661] [INFO] default - Loading module Ban.js
[2023-03-23T19:21:19.663] [INFO] default - Loading module ReactRoles.js
[2023-03-23T19:21:19.664] [INFO] default - Loading module RelayHandler.js
[2023-03-23T19:21:19.665] [INFO] default - Loading module Verification.js
[2023-03-23T19:21:19.668] [INFO] default - Loading command Ban.command.js
[2023-03-23T19:21:19.679] [INFO] default - Loaded command CHAT_INPUT_ban
[2023-03-23T19:21:19.680] [INFO] default - Loading command Cases.command.js
[2023-03-23T19:21:19.684] [INFO] default - Loaded command CHAT_INPUT_cases
[2023-03-23T19:21:19.685] [INFO] default - Loading command Kick.command.js
[2023-03-23T19:21:19.688] [INFO] default - Loaded command CHAT_INPUT_kick
[2023-03-23T19:21:19.690] [INFO] default - Loading command Mute.command.js
[2023-03-23T19:21:19.695] [INFO] default - Loaded command CHAT_INPUT_mute
[2023-03-23T19:21:19.696] [INFO] default - Loading command ReactionRoles.command.js
[2023-03-23T19:21:19.706] [INFO] default - Loaded command CHAT_INPUT_reactroles
[2023-03-23T19:21:19.707] [INFO] default - Loading command Reason.command.js
[2023-03-23T19:21:19.710] [INFO] default - Loaded command CHAT_INPUT_reason
[2023-03-23T19:21:19.712] [INFO] default - Loading command Unban.command.js
[2023-03-23T19:21:19.715] [INFO] default - Loaded command CHAT_INPUT_unban
[2023-03-23T19:21:19.716] [INFO] default - Loading command Unmute.command.js
[2023-03-23T19:21:19.720] [INFO] default - Loaded command CHAT_INPUT_unmute
[2023-03-23T19:21:19.722] [INFO] default - Loading command Warn.command.js
[2023-03-23T19:21:19.726] [INFO] default - Loaded command CHAT_INPUT_warn
[2023-03-23T19:21:19.728] [INFO] default - Loading command Ban.command.js
[2023-03-23T19:21:19.734] [INFO] default - Loaded command MESSAGE_CONTEXT_Ban
[2023-03-23T19:21:19.736] [INFO] default - Loading command Kick.command.js
[2023-03-23T19:21:19.741] [INFO] default - Loaded command MESSAGE_CONTEXT_Kick
[2023-03-23T19:21:19.742] [INFO] default - Loading command Mute.command.js
[2023-03-23T19:21:19.746] [INFO] default - Loaded command MESSAGE_CONTEXT_Mute
[2023-03-23T19:21:19.747] [INFO] default - Loading command Warn.command.js
[2023-03-23T19:21:19.751] [INFO] default - Loaded command MESSAGE_CONTEXT_Warn
[2023-03-23T19:21:19.753] [INFO] default - Loading command Ban.command.js
[2023-03-23T19:21:19.757] [INFO] default - Loaded command USER_CONTEXT_Ban
[2023-03-23T19:21:19.759] [INFO] default - Loading command Kick.command.js
[2023-03-23T19:21:19.761] [INFO] default - Loaded command USER_CONTEXT_Kick
[2023-03-23T19:21:19.763] [INFO] default - Loading command Mute.command.js
[2023-03-23T19:21:19.766] [INFO] default - Loaded command USER_CONTEXT_Mute
[2023-03-23T19:21:19.767] [INFO] default - Loading command Warn.command.js
[2023-03-23T19:21:19.771] [INFO] default - Loaded command USER_CONTEXT_Warn
[2023-03-23T19:21:19.772] [INFO] default - All modules and commands loaded
[2023-03-23T19:21:19.812] [INFO] default - Loading module Kick.js
[2023-03-23T19:21:19.813] [INFO] default - Loading module TicketManager.js
[2023-03-23T19:21:19.814] [INFO] default - Loading module VerificationManager.js
[2023-03-23T19:21:19.815] [INFO] default - Loading module Logging.js
[2023-03-23T19:21:19.820] [INFO] default - Loading module Mute.js
[2023-03-23T19:21:19.822] [INFO] default - Loading module UpdateCase.js
[2023-03-23T19:21:19.827] [INFO] default - Loading module Warn.js
[2023-03-23T19:21:22.832] [INFO] default - Updating cases...
[2023-03-23T19:21:27.839] [INFO] default - Updating cases...
[2023-03-23T19:21:32.845] [INFO] default - Updating cases...
[2023-03-23T19:21:37.860] [INFO] default - Updating cases...
[2023-03-23T19:21:42.851] [INFO] default - /reactroles run by Osmii#0076
[2023-03-23T19:21:42.868] [INFO] default - Updating cases...
[2023-03-23T19:21:47.877] [INFO] default - Updating cases...
[2023-03-23T19:21:52.884] [INFO] default - Updating cases...
[2023-03-23T19:21:57.896] [INFO] default - Updating cases...
[2023-03-23T19:22:02.899] [INFO] default - Updating cases...
[2023-03-23T19:22:07.901] [INFO] default - Updating cases...
[2023-03-23T19:22:12.908] [INFO] default - Updating cases...
[2023-03-23T19:22:17.911] [INFO] default - Updating cases...
[2023-03-23T19:22:22.911] [INFO] default - Updating cases...
[2023-03-23T19:22:27.916] [INFO] default - Updating cases...
[2023-03-23T19:22:32.931] [INFO] default - Updating cases...
[2023-03-23T19:22:37.942] [INFO] default - Updating cases...
[2023-03-23T19:22:42.955] [INFO] default - Updating cases...
[2023-03-23T19:22:47.962] [INFO] default - Updating cases...
