[2023-03-23T15:19:44.887] [INFO] default - Logged in as Academia#0862
[2023-03-23T15:19:44.891] [INFO] default - Loading module Welcome.js
[2023-03-23T15:19:44.893] [INFO] default - Loading module Ban.js
[2023-03-23T15:19:44.894] [INFO] default - Loading module RelayHandler.js
[2023-03-23T15:19:44.895] [INFO] default - Loading module VerificationManager.js
[2023-03-23T15:19:44.897] [INFO] default - Loading command Ban.command.js
[2023-03-23T15:19:44.905] [INFO] default - Loaded command CHAT_INPUT_ban
[2023-03-23T15:19:44.907] [INFO] default - Loading command Cases.command.js
[2023-03-23T15:19:44.910] [INFO] default - Loaded command CHAT_INPUT_cases
[2023-03-23T15:19:44.912] [INFO] default - Loading command Kick.command.js
[2023-03-23T15:19:44.915] [INFO] default - Loaded command CHAT_INPUT_kick
[2023-03-23T15:19:44.916] [INFO] default - Loading command Mute.command.js
[2023-03-23T15:19:44.921] [INFO] default - Loaded command CHAT_INPUT_mute
[2023-03-23T15:19:44.922] [INFO] default - Loading command Reason.command.js
[2023-03-23T15:19:44.926] [INFO] default - Loaded command CHAT_INPUT_reason
[2023-03-23T15:19:44.928] [INFO] default - Loading command Unban.command.js
[2023-03-23T15:19:44.932] [INFO] default - Loaded command CHAT_INPUT_unban
[2023-03-23T15:19:44.934] [INFO] default - Loading command Unmute.command.js
[2023-03-23T15:19:44.936] [INFO] default - Loaded command CHAT_INPUT_unmute
[2023-03-23T15:19:44.937] [INFO] default - Loading command Warn.command.js
[2023-03-23T15:19:44.941] [INFO] default - Loaded command CHAT_INPUT_warn
[2023-03-23T15:19:44.943] [INFO] default - Loading command Ban.command.js
[2023-03-23T15:19:44.950] [INFO] default - Loaded command MESSAGE_CONTEXT_Ban
[2023-03-23T15:19:44.951] [INFO] default - Loading command Kick.command.js
[2023-03-23T15:19:44.953] [INFO] default - Loaded command MESSAGE_CONTEXT_Kick
[2023-03-23T15:19:44.954] [INFO] default - Loading command Mute.command.js
[2023-03-23T15:19:44.958] [INFO] default - Loaded command MESSAGE_CONTEXT_Mute
[2023-03-23T15:19:44.959] [INFO] default - Loading command Warn.command.js
[2023-03-23T15:19:44.962] [INFO] default - Loaded command MESSAGE_CONTEXT_Warn
[2023-03-23T15:19:44.964] [INFO] default - Loading command Ban.command.js
[2023-03-23T15:19:44.966] [INFO] default - Loaded command USER_CONTEXT_Ban
[2023-03-23T15:19:44.967] [INFO] default - Loading command Kick.command.js
[2023-03-23T15:19:44.969] [INFO] default - Loaded command USER_CONTEXT_Kick
[2023-03-23T15:19:44.970] [INFO] default - Loading command Mute.command.js
[2023-03-23T15:19:44.972] [INFO] default - Loaded command USER_CONTEXT_Mute
[2023-03-23T15:19:44.973] [INFO] default - Loading command Warn.command.js
[2023-03-23T15:19:44.976] [INFO] default - Loaded command USER_CONTEXT_Warn
[2023-03-23T15:19:44.977] [INFO] default - All modules and commands loaded
[2023-03-23T15:19:44.998] [INFO] default - Loading module Kick.js
[2023-03-23T15:19:44.999] [INFO] default - Loading module TicketManager.js
[2023-03-23T15:19:45.001] [INFO] default - Loading module Logging.js
[2023-03-23T15:19:45.003] [INFO] default - Loading module Mute.js
[2023-03-23T15:19:45.004] [INFO] default - Loading module UpdateCase.js
[2023-03-23T15:19:45.007] [INFO] default - Loading module Warn.js
[2023-03-23T15:19:48.009] [INFO] default - Updating cases...
[2023-03-23T15:19:53.022] [INFO] default - Updating cases...
[2023-03-23T15:19:57.360] [INFO] default - /kick run by Osmii#0076
[2023-03-23T15:19:58.025] [INFO] default - Updating cases...
[2023-03-23T15:20:03.042] [INFO] default - Updating cases...
