[2023-03-23T15:29:06.290] [INFO] default - Logged in as Academia#0862
[2023-03-23T15:29:06.293] [INFO] default - Loading module WelcomeAndGoodbye.js
[2023-03-23T15:29:06.294] [INFO] default - Loading module Ban.js
[2023-03-23T15:29:06.295] [INFO] default - Loading module RelayHandler.js
[2023-03-23T15:29:06.296] [INFO] default - Loading module VerificationManager.js
[2023-03-23T15:29:06.298] [INFO] default - Loading command Ban.command.js
[2023-03-23T15:29:06.308] [INFO] default - Loaded command CHAT_INPUT_ban
[2023-03-23T15:29:06.309] [INFO] default - Loading command Cases.command.js
[2023-03-23T15:29:06.313] [INFO] default - Loaded command CHAT_INPUT_cases
[2023-03-23T15:29:06.314] [INFO] default - Loading command Kick.command.js
[2023-03-23T15:29:06.318] [INFO] default - Loaded command CHAT_INPUT_kick
[2023-03-23T15:29:06.319] [INFO] default - Loading command Mute.command.js
[2023-03-23T15:29:06.323] [INFO] default - Loaded command CHAT_INPUT_mute
[2023-03-23T15:29:06.324] [INFO] default - Loading command Reason.command.js
[2023-03-23T15:29:06.327] [INFO] default - Loaded command CHAT_INPUT_reason
[2023-03-23T15:29:06.328] [INFO] default - Loading command Unban.command.js
[2023-03-23T15:29:06.330] [INFO] default - Loaded command CHAT_INPUT_unban
[2023-03-23T15:29:06.330] [INFO] default - Loading command Unmute.command.js
[2023-03-23T15:29:06.333] [INFO] default - Loaded command CHAT_INPUT_unmute
[2023-03-23T15:29:06.334] [INFO] default - Loading command Warn.command.js
[2023-03-23T15:29:06.338] [INFO] default - Loaded command CHAT_INPUT_warn
[2023-03-23T15:29:06.341] [INFO] default - Loading command Ban.command.js
[2023-03-23T15:29:06.348] [INFO] default - Loaded command MESSAGE_CONTEXT_Ban
[2023-03-23T15:29:06.349] [INFO] default - Loading command Kick.command.js
[2023-03-23T15:29:06.352] [INFO] default - Loaded command MESSAGE_CONTEXT_Kick
[2023-03-23T15:29:06.353] [INFO] default - Loading command Mute.command.js
[2023-03-23T15:29:06.357] [INFO] default - Loaded command MESSAGE_CONTEXT_Mute
[2023-03-23T15:29:06.358] [INFO] default - Loading command Warn.command.js
[2023-03-23T15:29:06.361] [INFO] default - Loaded command MESSAGE_CONTEXT_Warn
[2023-03-23T15:29:06.363] [INFO] default - Loading command Ban.command.js
[2023-03-23T15:29:06.367] [INFO] default - Loaded command USER_CONTEXT_Ban
[2023-03-23T15:29:06.368] [INFO] default - Loading command Kick.command.js
[2023-03-23T15:29:06.369] [INFO] default - Loaded command USER_CONTEXT_Kick
[2023-03-23T15:29:06.370] [INFO] default - Loading command Mute.command.js
[2023-03-23T15:29:06.374] [INFO] default - Loaded command USER_CONTEXT_Mute
[2023-03-23T15:29:06.375] [INFO] default - Loading command Warn.command.js
[2023-03-23T15:29:06.378] [INFO] default - Loaded command USER_CONTEXT_Warn
[2023-03-23T15:29:06.378] [INFO] default - All modules and commands loaded
[2023-03-23T15:29:06.400] [INFO] default - Loading module Kick.js
[2023-03-23T15:29:06.401] [INFO] default - Loading module TicketManager.js
[2023-03-23T15:29:06.402] [INFO] default - Loading module Logging.js
[2023-03-23T15:29:06.405] [INFO] default - Loading module Mute.js
[2023-03-23T15:29:06.406] [INFO] default - Loading module UpdateCase.js
[2023-03-23T15:29:06.411] [INFO] default - Loading module Warn.js
[2023-03-23T15:29:09.422] [INFO] default - Updating cases...
[2023-03-23T15:29:14.428] [INFO] default - Updating cases...
[2023-03-23T15:29:17.988] [INFO] default - /kick run by Osmii#0076
[2023-03-23T15:29:19.461] [INFO] default - Updating cases...
[2023-03-23T15:29:24.488] [INFO] default - Updating cases...
[2023-03-23T15:29:29.500] [INFO] default - Updating cases...
[2023-03-23T15:29:34.509] [INFO] default - Updating cases...
[2023-03-23T15:29:39.526] [INFO] default - Updating cases...
[2023-03-23T15:29:44.543] [INFO] default - Updating cases...
[2023-03-23T15:29:49.556] [INFO] default - Updating cases...
[2023-03-23T15:29:54.562] [INFO] default - Updating cases...
[2023-03-23T15:29:59.569] [INFO] default - Updating cases...
[2023-03-23T15:30:04.582] [INFO] default - Updating cases...
[2023-03-23T15:30:09.599] [INFO] default - Updating cases...
[2023-03-23T15:30:14.615] [INFO] default - Updating cases...
[2023-03-23T15:30:19.639] [INFO] default - Updating cases...
[2023-03-23T15:30:24.645] [INFO] default - Updating cases...
[2023-03-23T15:30:29.658] [INFO] default - Updating cases...
[2023-03-23T15:30:34.672] [INFO] default - Updating cases...
[2023-03-23T15:30:39.679] [INFO] default - Updating cases...
[2023-03-23T15:30:44.686] [INFO] default - Updating cases...
[2023-03-23T15:30:49.701] [INFO] default - Updating cases...
[2023-03-23T15:30:54.718] [INFO] default - Updating cases...
[2023-03-23T15:30:59.728] [INFO] default - Updating cases...
[2023-03-23T15:31:04.733] [INFO] default - Updating cases...
[2023-03-23T15:31:09.736] [INFO] default - Updating cases...
[2023-03-23T15:31:14.748] [INFO] default - Updating cases...
