[2023-03-23T18:23:03.989] [INFO] default - Logged in as Academia#0862
[2023-03-23T18:23:03.992] [INFO] default - Loading module WelcomeAndGoodbye.js
[2023-03-23T18:23:03.993] [INFO] default - Loading module Ban.js
[2023-03-23T18:23:03.995] [INFO] default - Loading module RelayHandler.js
[2023-03-23T18:23:03.996] [INFO] default - Loading module Verification.js
[2023-03-23T18:23:03.999] [INFO] default - Loading command Ban.command.js
[2023-03-23T18:23:04.006] [INFO] default - Loaded command CHAT_INPUT_ban
[2023-03-23T18:23:04.007] [INFO] default - Loading command Cases.command.js
[2023-03-23T18:23:04.011] [INFO] default - Loaded command CHAT_INPUT_cases
[2023-03-23T18:23:04.013] [INFO] default - Loading command Kick.command.js
[2023-03-23T18:23:04.019] [INFO] default - Loaded command CHAT_INPUT_kick
[2023-03-23T18:23:04.021] [INFO] default - Loading command Mute.command.js
[2023-03-23T18:23:04.029] [INFO] default - Loaded command CHAT_INPUT_mute
[2023-03-23T18:23:04.031] [INFO] default - Loading command Reason.command.js
[2023-03-23T18:23:04.034] [INFO] default - Loaded command CHAT_INPUT_reason
[2023-03-23T18:23:04.036] [INFO] default - Loading command Unban.command.js
[2023-03-23T18:23:04.039] [INFO] default - Loaded command CHAT_INPUT_unban
[2023-03-23T18:23:04.040] [INFO] default - Loading command Unmute.command.js
[2023-03-23T18:23:04.042] [INFO] default - Loaded command CHAT_INPUT_unmute
[2023-03-23T18:23:04.043] [INFO] default - Loading command Warn.command.js
[2023-03-23T18:23:04.050] [INFO] default - Loaded command CHAT_INPUT_warn
[2023-03-23T18:23:04.053] [INFO] default - Loading command Ban.command.js
[2023-03-23T18:23:04.059] [INFO] default - Loaded command MESSAGE_CONTEXT_Ban
[2023-03-23T18:23:04.060] [INFO] default - Loading command Kick.command.js
[2023-03-23T18:23:04.072] [INFO] default - Loaded command MESSAGE_CONTEXT_Kick
[2023-03-23T18:23:04.073] [INFO] default - Loading command Mute.command.js
[2023-03-23T18:23:04.076] [INFO] default - Loaded command MESSAGE_CONTEXT_Mute
[2023-03-23T18:23:04.077] [INFO] default - Loading command Warn.command.js
[2023-03-23T18:23:04.081] [INFO] default - Loaded command MESSAGE_CONTEXT_Warn
[2023-03-23T18:23:04.083] [INFO] default - Loading command Ban.command.js
[2023-03-23T18:23:04.088] [INFO] default - Loaded command USER_CONTEXT_Ban
[2023-03-23T18:23:04.089] [INFO] default - Loading command Kick.command.js
[2023-03-23T18:23:04.093] [INFO] default - Loaded command USER_CONTEXT_Kick
[2023-03-23T18:23:04.095] [INFO] default - Loading command Mute.command.js
[2023-03-23T18:23:04.101] [INFO] default - Loaded command USER_CONTEXT_Mute
[2023-03-23T18:23:04.102] [INFO] default - Loading command Warn.command.js
[2023-03-23T18:23:04.105] [INFO] default - Loaded command USER_CONTEXT_Warn
[2023-03-23T18:23:04.106] [INFO] default - All modules and commands loaded
[2023-03-23T18:23:04.149] [INFO] default - Loading module Kick.js
[2023-03-23T18:23:04.153] [INFO] default - Loading module TicketManager.js
[2023-03-23T18:23:04.156] [INFO] default - Loading module VerificationManager.js
[2023-03-23T18:23:04.159] [INFO] default - Loading module Logging.js
[2023-03-23T18:23:04.166] [INFO] default - Loading module Mute.js
[2023-03-23T18:23:04.168] [INFO] default - Loading module UpdateCase.js
[2023-03-23T18:23:04.175] [INFO] default - Loading module Warn.js
[2023-03-23T18:23:07.178] [INFO] default - Updating cases...
[2023-03-23T18:23:12.182] [INFO] default - Updating cases...
[2023-03-23T18:23:17.184] [INFO] default - Updating cases...
[2023-03-23T18:23:22.195] [INFO] default - Updating cases...
[2023-03-23T18:23:27.206] [INFO] default - Updating cases...
[2023-03-23T18:23:32.218] [INFO] default - Updating cases...
[2023-03-23T18:23:37.234] [INFO] default - Updating cases...
[2023-03-23T18:23:42.243] [INFO] default - Updating cases...
[2023-03-23T18:23:47.246] [INFO] default - Updating cases...
[2023-03-23T18:23:52.250] [INFO] default - Updating cases...
[2023-03-23T18:23:57.259] [INFO] default - Updating cases...
[2023-03-23T18:24:02.267] [INFO] default - Updating cases...
[2023-03-23T18:24:07.280] [INFO] default - Updating cases...
[2023-03-23T18:24:12.287] [INFO] default - Updating cases...
[2023-03-23T18:24:17.291] [INFO] default - Updating cases...
[2023-03-23T18:24:22.302] [INFO] default - Updating cases...
[2023-03-23T18:24:27.310] [INFO] default - Updating cases...
