[2023-03-22T13:42:14.041] [INFO] default - Logged in as Academia#0862
[2023-03-22T13:42:14.049] [INFO] default - Loading module Ban.js
[2023-03-22T13:42:14.052] [INFO] default - Loading command Ban.command.js
[2023-03-22T13:42:14.070] [INFO] default - Loaded command CHAT_INPUT_ban
[2023-03-22T13:42:14.071] [INFO] default - Loading command Cases.command.js
[2023-03-22T13:42:14.079] [INFO] default - Loaded command CHAT_INPUT_cases
[2023-03-22T13:42:14.083] [INFO] default - Loading command Kick.command.js
[2023-03-22T13:42:14.093] [INFO] default - Loaded command CHAT_INPUT_kick
[2023-03-22T13:42:14.098] [INFO] default - Loading command Mute.command.js
[2023-03-22T13:42:14.118] [INFO] default - Loaded command CHAT_INPUT_mute
[2023-03-22T13:42:14.120] [INFO] default - Loading command Unban.command.js
[2023-03-22T13:42:14.130] [INFO] default - Loaded command CHAT_INPUT_unban
[2023-03-22T13:42:14.133] [INFO] default - Loading command Unmute.command.js
[2023-03-22T13:42:14.136] [INFO] default - Loaded command CHAT_INPUT_unmute
[2023-03-22T13:42:14.139] [INFO] default - Loading command Warn.command.js
[2023-03-22T13:42:14.153] [INFO] default - Loaded command CHAT_INPUT_warn
[2023-03-22T13:42:14.162] [INFO] default - Loading command Ban.command.js
[2023-03-22T13:42:14.175] [INFO] default - Loaded command MESSAGE_CONTEXT_Ban
[2023-03-22T13:42:14.179] [INFO] default - Loading command Kick.command.js
[2023-03-22T13:42:14.185] [INFO] default - Loaded command MESSAGE_CONTEXT_Kick
[2023-03-22T13:42:14.186] [INFO] default - Loading command Mute.command.js
[2023-03-22T13:42:14.221] [INFO] default - Loaded command MESSAGE_CONTEXT_Mute
[2023-03-22T13:42:14.232] [INFO] default - Loading command Warn.command.js
[2023-03-22T13:42:14.237] [INFO] default - Loaded command MESSAGE_CONTEXT_Warn
[2023-03-22T13:42:14.239] [INFO] default - Loading command Ban.command.js
[2023-03-22T13:42:14.256] [INFO] default - Loaded command USER_CONTEXT_Ban
[2023-03-22T13:42:14.262] [INFO] default - Loading command Kick.command.js
[2023-03-22T13:42:14.271] [INFO] default - Loaded command USER_CONTEXT_Kick
[2023-03-22T13:42:14.275] [INFO] default - Loading command Mute.command.js
[2023-03-22T13:42:14.283] [INFO] default - Loaded command USER_CONTEXT_Mute
[2023-03-22T13:42:14.287] [INFO] default - Loading command Warn.command.js
[2023-03-22T13:42:14.295] [INFO] default - Loaded command USER_CONTEXT_Warn
[2023-03-22T13:42:14.296] [INFO] default - All modules and commands loaded
[2023-03-22T13:42:14.329] [INFO] default - Loading module Kick.js
[2023-03-22T13:42:14.334] [INFO] default - Loading module Logging.js
[2023-03-22T13:42:14.339] [INFO] default - Loading module Mute.js
[2023-03-22T13:42:14.342] [INFO] default - Loading module UpdateCase.js
[2023-03-22T13:42:14.350] [INFO] default - Loading module Warn.js
[2023-03-22T13:42:17.367] [INFO] default - Updating cases...
[2023-03-22T13:42:22.387] [INFO] default - Updating cases...
[2023-03-22T13:42:22.699] [INFO] default - /cases run by Osmii#0076
[2023-03-22T13:42:27.438] [INFO] default - Updating cases...
[2023-03-22T13:42:32.457] [INFO] default - Updating cases...
[2023-03-22T13:42:37.481] [INFO] default - Updating cases...
[2023-03-22T13:42:42.497] [INFO] default - Updating cases...
[2023-03-22T13:42:47.509] [INFO] default - Updating cases...
[2023-03-22T13:42:52.524] [INFO] default - Updating cases...
[2023-03-22T13:42:57.538] [INFO] default - Updating cases...
[2023-03-22T13:43:02.546] [INFO] default - Updating cases...
[2023-03-22T13:43:07.567] [INFO] default - Updating cases...
[2023-03-22T13:43:12.593] [INFO] default - Updating cases...
[2023-03-22T13:43:17.613] [INFO] default - Updating cases...
[2023-03-22T13:43:22.625] [INFO] default - Updating cases...
[2023-03-22T13:43:27.642] [INFO] default - Updating cases...
[2023-03-22T13:43:32.651] [INFO] default - Updating cases...
[2023-03-22T13:43:37.673] [INFO] default - Updating cases...
[2023-03-22T13:43:42.685] [INFO] default - Updating cases...
[2023-03-22T13:43:47.703] [INFO] default - Updating cases...
[2023-03-22T13:43:52.709] [INFO] default - Updating cases...
[2023-03-22T13:43:57.725] [INFO] default - Updating cases...
[2023-03-22T13:44:02.750] [INFO] default - Updating cases...
[2023-03-22T13:44:07.761] [INFO] default - Updating cases...
[2023-03-22T13:44:12.772] [INFO] default - Updating cases...
[2023-03-22T13:44:17.788] [INFO] default - Updating cases...
[2023-03-22T13:44:22.814] [INFO] default - Updating cases...
[2023-03-22T13:44:27.836] [INFO] default - Updating cases...
[2023-03-22T13:44:32.851] [INFO] default - Updating cases...
[2023-03-22T13:44:37.861] [INFO] default - Updating cases...
[2023-03-22T13:44:42.872] [INFO] default - Updating cases...
[2023-03-22T13:44:47.889] [INFO] default - Updating cases...
[2023-03-22T13:44:52.903] [INFO] default - Updating cases...
[2023-03-22T13:44:57.915] [INFO] default - Updating cases...
[2023-03-22T13:45:02.958] [INFO] default - Updating cases...
[2023-03-22T13:45:07.971] [INFO] default - Updating cases...
[2023-03-22T13:45:13.002] [INFO] default - Updating cases...
[2023-03-22T13:45:18.023] [INFO] default - Updating cases...
