[2023-03-23T19:17:10.641] [INFO] default - Logged in as Academia#0862
[2023-03-23T19:17:10.644] [INFO] default - Loading module WelcomeAndGoodbye.js
[2023-03-23T19:17:10.645] [INFO] default - Loading module Ban.js
[2023-03-23T19:17:10.647] [INFO] default - Loading module ReactRoles.js
[2023-03-23T19:17:10.648] [INFO] default - Loading module RelayHandler.js
[2023-03-23T19:17:10.649] [INFO] default - Loading module Verification.js
[2023-03-23T19:17:10.651] [INFO] default - Loading command Ban.command.js
[2023-03-23T19:17:10.659] [INFO] default - Loaded command CHAT_INPUT_ban
[2023-03-23T19:17:10.660] [INFO] default - Loading command Cases.command.js
[2023-03-23T19:17:10.663] [INFO] default - Loaded command CHAT_INPUT_cases
[2023-03-23T19:17:10.664] [INFO] default - Loading command Kick.command.js
[2023-03-23T19:17:10.667] [INFO] default - Loaded command CHAT_INPUT_kick
[2023-03-23T19:17:10.668] [INFO] default - Loading command Mute.command.js
[2023-03-23T19:17:10.672] [INFO] default - Loaded command CHAT_INPUT_mute
[2023-03-23T19:17:10.674] [INFO] default - Loading command ReactionRoles.command.js
[2023-03-23T19:17:10.683] [INFO] default - Loaded command CHAT_INPUT_reactroles
[2023-03-23T19:17:10.685] [INFO] default - Loading command Reason.command.js
[2023-03-23T19:17:10.687] [INFO] default - Loaded command CHAT_INPUT_reason
[2023-03-23T19:17:10.688] [INFO] default - Loading command Unban.command.js
[2023-03-23T19:17:10.690] [INFO] default - Loaded command CHAT_INPUT_unban
[2023-03-23T19:17:10.691] [INFO] default - Loading command Unmute.command.js
[2023-03-23T19:17:10.693] [INFO] default - Loaded command CHAT_INPUT_unmute
[2023-03-23T19:17:10.695] [INFO] default - Loading command Warn.command.js
[2023-03-23T19:17:10.700] [INFO] default - Loaded command CHAT_INPUT_warn
[2023-03-23T19:17:10.702] [INFO] default - Loading command Ban.command.js
[2023-03-23T19:17:10.707] [INFO] default - Loaded command MESSAGE_CONTEXT_Ban
[2023-03-23T19:17:10.708] [INFO] default - Loading command Kick.command.js
[2023-03-23T19:17:10.711] [INFO] default - Loaded command MESSAGE_CONTEXT_Kick
[2023-03-23T19:17:10.713] [INFO] default - Loading command Mute.command.js
[2023-03-23T19:17:10.717] [INFO] default - Loaded command MESSAGE_CONTEXT_Mute
[2023-03-23T19:17:10.718] [INFO] default - Loading command Warn.command.js
[2023-03-23T19:17:10.722] [INFO] default - Loaded command MESSAGE_CONTEXT_Warn
[2023-03-23T19:17:10.723] [INFO] default - Loading command Ban.command.js
[2023-03-23T19:17:10.727] [INFO] default - Loaded command USER_CONTEXT_Ban
[2023-03-23T19:17:10.728] [INFO] default - Loading command Kick.command.js
[2023-03-23T19:17:10.732] [INFO] default - Loaded command USER_CONTEXT_Kick
[2023-03-23T19:17:10.733] [INFO] default - Loading command Mute.command.js
[2023-03-23T19:17:10.737] [INFO] default - Loaded command USER_CONTEXT_Mute
[2023-03-23T19:17:10.738] [INFO] default - Loading command Warn.command.js
[2023-03-23T19:17:10.740] [INFO] default - Loaded command USER_CONTEXT_Warn
[2023-03-23T19:17:10.741] [INFO] default - All modules and commands loaded
[2023-03-23T19:17:10.774] [INFO] default - Loading module Kick.js
[2023-03-23T19:17:10.775] [INFO] default - Loading module TicketManager.js
[2023-03-23T19:17:10.777] [INFO] default - Loading module VerificationManager.js
[2023-03-23T19:17:10.779] [INFO] default - Loading module Logging.js
[2023-03-23T19:17:10.785] [INFO] default - Loading module Mute.js
[2023-03-23T19:17:10.787] [INFO] default - Loading module UpdateCase.js
[2023-03-23T19:17:10.791] [INFO] default - Loading module Warn.js
[2023-03-23T19:17:13.794] [INFO] default - Updating cases...
[2023-03-23T19:17:18.808] [INFO] default - Updating cases...
[2023-03-23T19:17:23.819] [INFO] default - Updating cases...
[2023-03-23T19:17:28.835] [INFO] default - Updating cases...
[2023-03-23T19:17:33.842] [INFO] default - Updating cases...
[2023-03-23T19:17:38.850] [INFO] default - Updating cases...
[2023-03-23T19:17:40.122] [INFO] default - /reactroles run by Osmii#0076
[2023-03-23T19:17:43.851] [INFO] default - Updating cases...
[2023-03-23T19:17:48.857] [INFO] default - Updating cases...
[2023-03-23T19:17:53.871] [INFO] default - Updating cases...
[2023-03-23T19:17:58.876] [INFO] default - Updating cases...
[2023-03-23T19:18:03.879] [INFO] default - Updating cases...
[2023-03-23T19:18:08.900] [INFO] default - Updating cases...
[2023-03-23T19:18:13.901] [INFO] default - Updating cases...
[2023-03-23T19:18:18.914] [INFO] default - Updating cases...
[2023-03-23T19:18:23.916] [INFO] default - Updating cases...
[2023-03-23T19:18:28.928] [INFO] default - Updating cases...
[2023-03-23T19:18:33.937] [INFO] default - Updating cases...
[2023-03-23T19:18:38.952] [INFO] default - Updating cases...
[2023-03-23T19:18:43.956] [INFO] default - Updating cases...
[2023-03-23T19:18:48.964] [INFO] default - Updating cases...
[2023-03-23T19:18:53.977] [INFO] default - Updating cases...
[2023-03-23T19:18:58.990] [INFO] default - Updating cases...
[2023-03-23T19:19:04.004] [INFO] default - Updating cases...
[2023-03-23T19:19:09.021] [INFO] default - Updating cases...
[2023-03-23T19:19:14.022] [INFO] default - Updating cases...
[2023-03-23T19:19:19.039] [INFO] default - Updating cases...
[2023-03-23T19:19:24.058] [INFO] default - Updating cases...
[2023-03-23T19:19:29.067] [INFO] default - Updating cases...
[2023-03-23T19:19:34.072] [INFO] default - Updating cases...
[2023-03-23T19:19:39.087] [INFO] default - Updating cases...
[2023-03-23T19:19:44.091] [INFO] default - Updating cases...
[2023-03-23T19:19:49.107] [INFO] default - Updating cases...
[2023-03-23T19:19:54.113] [INFO] default - Updating cases...
[2023-03-23T19:19:59.127] [INFO] default - Updating cases...
[2023-03-23T19:20:04.138] [INFO] default - Updating cases...
[2023-03-23T19:20:09.145] [INFO] default - Updating cases...
[2023-03-23T19:20:14.148] [INFO] default - Updating cases...
[2023-03-23T19:20:19.165] [INFO] default - Updating cases...
[2023-03-23T19:20:24.178] [INFO] default - Updating cases...
[2023-03-23T19:20:29.183] [INFO] default - Updating cases...
[2023-03-23T19:20:34.195] [INFO] default - Updating cases...
[2023-03-23T19:20:39.208] [INFO] default - Updating cases...
[2023-03-23T19:20:44.226] [INFO] default - Updating cases...
[2023-03-23T19:20:49.238] [INFO] default - Updating cases...
[2023-03-23T19:20:54.244] [INFO] default - Updating cases...
[2023-03-23T19:20:59.251] [INFO] default - Updating cases...
