[2023-04-07T11:12:46.488] [INFO] default - Logged in as Jayfeather#0862
[2023-04-07T11:12:46.494] [INFO] default - Loading module WelcomeAndGoodbye.js
[2023-04-07T11:12:46.498] [INFO] default - Loading module Ban.js
[2023-04-07T11:12:46.507] [INFO] default - Loading module ReactRoles.js
[2023-04-07T11:12:46.509] [INFO] default - Loading module RelayHandler.js
[2023-04-07T11:12:46.513] [INFO] default - Loading module Verification.js
[2023-04-07T11:12:46.522] [INFO] default - Loading command Ban.command.js
[2023-04-07T11:12:46.553] [INFO] default - Loaded command CHAT_INPUT_ban
[2023-04-07T11:12:46.556] [INFO] default - Loading command Cases.command.js
[2023-04-07T11:12:46.561] [INFO] default - Loaded command CHAT_INPUT_cases
[2023-04-07T11:12:46.566] [INFO] default - Loading command Embed.command.js
[2023-04-07T11:12:46.576] [INFO] default - Loaded command CHAT_INPUT_embed
[2023-04-07T11:12:46.578] [INFO] default - Loading command Kick.command.js
[2023-04-07T11:12:46.587] [INFO] default - Loaded command CHAT_INPUT_kick
[2023-04-07T11:12:46.589] [INFO] default - Loading command Mute.command.js
[2023-04-07T11:12:46.596] [INFO] default - Loaded command CHAT_INPUT_mute
[2023-04-07T11:12:46.597] [INFO] default - Loading command ReactionRoles.command.js
[2023-04-07T11:12:46.615] [INFO] default - Loaded command CHAT_INPUT_reactroles
[2023-04-07T11:12:46.618] [INFO] default - Loading command Reason.command.js
[2023-04-07T11:12:46.624] [INFO] default - Loaded command CHAT_INPUT_reason
[2023-04-07T11:12:46.627] [INFO] default - Loading command Unban.command.js
[2023-04-07T11:12:46.632] [INFO] default - Loaded command CHAT_INPUT_unban
[2023-04-07T11:12:46.634] [INFO] default - Loading command Unmute.command.js
[2023-04-07T11:12:46.641] [INFO] default - Loaded command CHAT_INPUT_unmute
[2023-04-07T11:12:46.645] [INFO] default - Loading command Warn.command.js
[2023-04-07T11:12:46.655] [INFO] default - Loaded command CHAT_INPUT_warn
[2023-04-07T11:12:46.673] [INFO] default - Loading command Ban.command.js
[2023-04-07T11:12:46.680] [INFO] default - Loaded command MESSAGE_CONTEXT_Ban
[2023-04-07T11:12:46.684] [INFO] default - Loading command Kick.command.js
[2023-04-07T11:12:46.689] [INFO] default - Loaded command MESSAGE_CONTEXT_Kick
[2023-04-07T11:12:46.691] [INFO] default - Loading command Mute.command.js
[2023-04-07T11:12:46.695] [INFO] default - Loaded command MESSAGE_CONTEXT_Mute
[2023-04-07T11:12:46.701] [INFO] default - Loading command Warn.command.js
[2023-04-07T11:12:46.706] [INFO] default - Loaded command MESSAGE_CONTEXT_Warn
[2023-04-07T11:12:46.716] [INFO] default - Loading command Ban.command.js
[2023-04-07T11:12:46.724] [INFO] default - Loaded command USER_CONTEXT_Ban
[2023-04-07T11:12:46.725] [INFO] default - Loading command Kick.command.js
[2023-04-07T11:12:46.728] [INFO] default - Loaded command USER_CONTEXT_Kick
[2023-04-07T11:12:46.729] [INFO] default - Loading command Mute.command.js
[2023-04-07T11:12:46.733] [INFO] default - Loaded command USER_CONTEXT_Mute
[2023-04-07T11:12:46.735] [INFO] default - Loading command Warn.command.js
[2023-04-07T11:12:46.739] [INFO] default - Loaded command USER_CONTEXT_Warn
[2023-04-07T11:12:46.753] [INFO] default - All modules and commands loaded
[2023-04-07T11:12:46.790] [INFO] default - Loading module Kick.js
[2023-04-07T11:12:46.792] [INFO] default - Loading module TicketManager.js
[2023-04-07T11:12:46.793] [INFO] default - Loading module VerificationManager.js
[2023-04-07T11:12:46.798] [INFO] default - Loading module Logging.js
[2023-04-07T11:12:46.808] [INFO] default - Loading module Mute.js
[2023-04-07T11:12:46.810] [INFO] default - Loading module UpdateCase.js
[2023-04-07T11:12:46.815] [INFO] default - Loading module Warn.js
[2023-04-07T11:12:49.817] [INFO] default - Updating cases...
[2023-04-07T11:12:52.877] [ERROR] default - TypeError: channel.isTextBased is not a function
    at InteractionCreateAction.handle (C:\Users\Osmii\Desktop\Personal\discord bots\verification\node_modules\discord.js\src\client\actions\InteractionCreate.js:46:33)
    at module.exports [as INTERACTION_CREATE] (C:\Users\Osmii\Desktop\Personal\discord bots\verification\node_modules\discord.js\src\client\websocket\handlers\INTERACTION_CREATE.js:4:36)
    at WebSocketManager.handlePacket (C:\Users\Osmii\Desktop\Personal\discord bots\verification\node_modules\discord.js\src\client\websocket\WebSocketManager.js:352:31)
    at WebSocketShard.onPacket (C:\Users\Osmii\Desktop\Personal\discord bots\verification\node_modules\discord.js\src\client\websocket\WebSocketShard.js:480:22)
    at WebSocketShard.onMessage (C:\Users\Osmii\Desktop\Personal\discord bots\verification\node_modules\discord.js\src\client\websocket\WebSocketShard.js:320:10)
    at callListener (C:\Users\Osmii\Desktop\Personal\discord bots\verification\node_modules\ws\lib\event-target.js:290:14)
    at WebSocket.onMessage (C:\Users\Osmii\Desktop\Personal\discord bots\verification\node_modules\ws\lib\event-target.js:209:9)
    at WebSocket.emit (node:events:513:28)
    at Receiver.receiverOnMessage (C:\Users\Osmii\Desktop\Personal\discord bots\verification\node_modules\ws\lib\websocket.js:1178:20)
    at Receiver.emit (node:events:513:28)
[2023-04-07T11:12:54.820] [INFO] default - Updating cases...
[2023-04-07T11:12:59.825] [INFO] default - Updating cases...
[2023-04-07T11:13:04.836] [INFO] default - Updating cases...
[2023-04-07T11:13:09.848] [INFO] default - Updating cases...
[2023-04-07T11:13:14.855] [INFO] default - Updating cases...
[2023-04-07T11:13:19.858] [INFO] default - Updating cases...
[2023-04-07T11:13:24.865] [INFO] default - Updating cases...
[2023-04-07T11:13:29.879] [INFO] default - Updating cases...
[2023-04-07T11:13:34.888] [INFO] default - Updating cases...
