[2023-03-22T15:53:16.002] [INFO] default - Logged in as Academia#0862
[2023-03-22T15:53:16.053] [INFO] default - Loading module Ban.js
[2023-03-22T15:53:16.070] [INFO] default - Loading command Ban.command.js
[2023-03-22T15:53:16.110] [INFO] default - Loaded command CHAT_INPUT_ban
[2023-03-22T15:53:16.113] [INFO] default - Loading command Cases.command.js
[2023-03-22T15:53:16.122] [INFO] default - Loaded command CHAT_INPUT_cases
[2023-03-22T15:53:16.124] [INFO] default - Loading command Kick.command.js
[2023-03-22T15:53:16.135] [INFO] default - Loaded command CHAT_INPUT_kick
[2023-03-22T15:53:16.142] [INFO] default - Loading command Mute.command.js
[2023-03-22T15:53:16.174] [INFO] default - Loaded command CHAT_INPUT_mute
[2023-03-22T15:53:16.176] [INFO] default - Loading command Unban.command.js
[2023-03-22T15:53:16.182] [INFO] default - Loaded command CHAT_INPUT_unban
[2023-03-22T15:53:16.191] [INFO] default - Loading command Unmute.command.js
[2023-03-22T15:53:16.206] [INFO] default - Loaded command CHAT_INPUT_unmute
[2023-03-22T15:53:16.209] [INFO] default - Loading command Warn.command.js
[2023-03-22T15:53:16.224] [INFO] default - Loaded command CHAT_INPUT_warn
[2023-03-22T15:53:16.236] [INFO] default - Loading command Ban.command.js
[2023-03-22T15:53:16.253] [INFO] default - Loaded command MESSAGE_CONTEXT_Ban
[2023-03-22T15:53:16.255] [INFO] default - Loading command Kick.command.js
[2023-03-22T15:53:16.262] [INFO] default - Loaded command MESSAGE_CONTEXT_Kick
[2023-03-22T15:53:16.265] [INFO] default - Loading command Mute.command.js
[2023-03-22T15:53:16.275] [INFO] default - Loaded command MESSAGE_CONTEXT_Mute
[2023-03-22T15:53:16.277] [INFO] default - Loading command Warn.command.js
[2023-03-22T15:53:16.289] [INFO] default - Loaded command MESSAGE_CONTEXT_Warn
[2023-03-22T15:53:16.292] [INFO] default - Loading command Ban.command.js
[2023-03-22T15:53:16.298] [INFO] default - Loaded command USER_CONTEXT_Ban
[2023-03-22T15:53:16.301] [INFO] default - Loading command Kick.command.js
[2023-03-22T15:53:16.310] [INFO] default - Loaded command USER_CONTEXT_Kick
[2023-03-22T15:53:16.311] [INFO] default - Loading command Mute.command.js
[2023-03-22T15:53:16.320] [INFO] default - Loaded command USER_CONTEXT_Mute
[2023-03-22T15:53:16.322] [INFO] default - Loading command Warn.command.js
[2023-03-22T15:53:16.326] [INFO] default - Loaded command USER_CONTEXT_Warn
[2023-03-22T15:53:16.327] [INFO] default - All modules and commands loaded
[2023-03-22T15:53:16.359] [INFO] default - Loading module Kick.js
[2023-03-22T15:53:16.361] [INFO] default - Loading module Logging.js
[2023-03-22T15:53:16.365] [INFO] default - Loading module Mute.js
[2023-03-22T15:53:16.368] [INFO] default - Loading module UpdateCase.js
[2023-03-22T15:53:16.376] [INFO] default - Loading module Warn.js
[2023-03-22T15:53:19.384] [INFO] default - Updating cases...
[2023-03-22T15:53:24.397] [INFO] default - Updating cases...
[2023-03-22T15:53:29.411] [INFO] default - Updating cases...
[2023-03-22T15:53:31.398] [INFO] default - /cases run by Osmii#0076
[2023-03-22T15:53:34.422] [INFO] default - Updating cases...
[2023-03-22T15:53:39.437] [INFO] default - Updating cases...
[2023-03-22T15:53:44.442] [INFO] default - Updating cases...
[2023-03-22T15:53:49.454] [INFO] default - Updating cases...
[2023-03-22T15:53:54.459] [INFO] default - Updating cases...
[2023-03-22T15:53:59.476] [INFO] default - Updating cases...
[2023-03-22T15:54:04.488] [INFO] default - Updating cases...
[2023-03-22T15:54:09.502] [INFO] default - Updating cases...
[2023-03-22T15:54:14.518] [INFO] default - Updating cases...
[2023-03-22T15:54:19.537] [INFO] default - Updating cases...
[2023-03-22T15:54:24.559] [INFO] default - Updating cases...
[2023-03-22T15:54:29.568] [INFO] default - Updating cases...
[2023-03-22T15:54:34.574] [INFO] default - Updating cases...
[2023-03-22T15:54:39.587] [INFO] default - Updating cases...
[2023-03-22T15:54:44.614] [INFO] default - Updating cases...
[2023-03-22T15:54:49.631] [INFO] default - Updating cases...
[2023-03-22T15:54:54.642] [INFO] default - Updating cases...
[2023-03-22T15:54:59.657] [INFO] default - Updating cases...
[2023-03-22T15:55:04.672] [INFO] default - Updating cases...
[2023-03-22T15:55:09.688] [INFO] default - Updating cases...
[2023-03-22T15:55:14.705] [INFO] default - Updating cases...
[2023-03-22T15:55:19.728] [INFO] default - Updating cases...
[2023-03-22T15:55:24.743] [INFO] default - Updating cases...
[2023-03-22T15:55:29.752] [INFO] default - Updating cases...
[2023-03-22T15:55:34.771] [INFO] default - Updating cases...
[2023-03-22T15:55:39.773] [INFO] default - Updating cases...
[2023-03-22T15:55:44.786] [INFO] default - Updating cases...
[2023-03-22T15:55:49.846] [INFO] default - Updating cases...
[2023-03-22T15:55:55.008] [INFO] default - Updating cases...
[2023-03-22T15:56:00.039] [INFO] default - Updating cases...
[2023-03-22T15:56:05.067] [INFO] default - Updating cases...
[2023-03-22T15:56:10.078] [INFO] default - Updating cases...
[2023-03-22T15:56:15.082] [INFO] default - Updating cases...
[2023-03-22T15:56:20.098] [INFO] default - Updating cases...
[2023-03-22T15:56:25.116] [INFO] default - Updating cases...
[2023-03-22T15:56:30.130] [INFO] default - Updating cases...
[2023-03-22T15:56:35.138] [INFO] default - Updating cases...
[2023-03-22T15:56:40.147] [INFO] default - Updating cases...
[2023-03-22T15:56:45.154] [INFO] default - Updating cases...
[2023-03-22T15:56:50.170] [INFO] default - Updating cases...
[2023-03-22T15:56:55.182] [INFO] default - Updating cases...
[2023-03-22T15:57:00.196] [INFO] default - Updating cases...
[2023-03-22T15:57:05.215] [INFO] default - Updating cases...
[2023-03-22T15:57:10.222] [INFO] default - Updating cases...
[2023-03-22T15:57:15.227] [INFO] default - Updating cases...
[2023-03-22T15:57:20.243] [INFO] default - Updating cases...
[2023-03-22T15:57:25.261] [INFO] default - Updating cases...
[2023-03-22T15:57:30.277] [INFO] default - Updating cases...
[2023-03-22T15:57:35.295] [INFO] default - Updating cases...
[2023-03-22T15:57:40.312] [INFO] default - Updating cases...
[2023-03-22T15:57:45.323] [INFO] default - Updating cases...
[2023-03-22T15:57:50.332] [INFO] default - Updating cases...
[2023-03-22T15:57:55.349] [INFO] default - Updating cases...
[2023-03-22T15:58:00.362] [INFO] default - Updating cases...
[2023-03-22T15:58:05.387] [INFO] default - Updating cases...
[2023-03-22T15:58:10.403] [INFO] default - Updating cases...
[2023-03-22T15:58:15.417] [INFO] default - Updating cases...
[2023-03-22T15:58:20.427] [INFO] default - Updating cases...
[2023-03-22T15:58:25.433] [INFO] default - Updating cases...
[2023-03-22T15:58:30.447] [INFO] default - Updating cases...
[2023-03-22T15:58:35.458] [INFO] default - Updating cases...
[2023-03-22T15:58:40.477] [INFO] default - Updating cases...
[2023-03-22T15:58:45.488] [INFO] default - Updating cases...
[2023-03-22T15:58:50.500] [INFO] default - Updating cases...
[2023-03-22T15:58:55.511] [INFO] default - Updating cases...
[2023-03-22T15:59:00.524] [INFO] default - Updating cases...
[2023-03-22T15:59:05.542] [INFO] default - Updating cases...
[2023-03-22T15:59:10.552] [INFO] default - Updating cases...
[2023-03-22T15:59:15.564] [INFO] default - Updating cases...
[2023-03-22T15:59:20.573] [INFO] default - Updating cases...
[2023-03-22T15:59:25.593] [INFO] default - Updating cases...
[2023-03-22T15:59:30.611] [INFO] default - Updating cases...
[2023-03-22T15:59:35.623] [INFO] default - Updating cases...
[2023-03-22T15:59:40.641] [INFO] default - Updating cases...
[2023-03-22T15:59:45.658] [INFO] default - Updating cases...
[2023-03-22T15:59:50.668] [INFO] default - Updating cases...
[2023-03-22T15:59:55.685] [INFO] default - Updating cases...
[2023-03-22T16:00:00.698] [INFO] default - Updating cases...
[2023-03-22T16:00:05.710] [INFO] default - Updating cases...
[2023-03-22T16:00:10.723] [INFO] default - Updating cases...
[2023-03-22T16:00:15.732] [INFO] default - Updating cases...
[2023-03-22T16:00:20.752] [INFO] default - Updating cases...
[2023-03-22T16:00:25.757] [INFO] default - Updating cases...
[2023-03-22T16:00:30.768] [INFO] default - Updating cases...
[2023-03-22T16:00:35.778] [INFO] default - Updating cases...
[2023-03-22T16:00:40.788] [INFO] default - Updating cases...
[2023-03-22T16:00:45.796] [INFO] default - Updating cases...
[2023-03-22T16:00:50.809] [INFO] default - Updating cases...
[2023-03-22T16:00:55.823] [INFO] default - Updating cases...
[2023-03-22T16:01:00.834] [INFO] default - Updating cases...
[2023-03-22T16:01:05.839] [INFO] default - Updating cases...
[2023-03-22T16:01:10.849] [INFO] default - Updating cases...
[2023-03-22T16:01:15.866] [INFO] default - Updating cases...
[2023-03-22T16:01:20.881] [INFO] default - Updating cases...
[2023-03-22T16:01:25.892] [INFO] default - Updating cases...
[2023-03-22T16:01:30.896] [INFO] default - Updating cases...
[2023-03-22T16:01:35.901] [INFO] default - Updating cases...
[2023-03-22T16:01:40.916] [INFO] default - Updating cases...
[2023-03-22T16:01:45.924] [INFO] default - Updating cases...
[2023-03-22T16:01:50.931] [INFO] default - Updating cases...
[2023-03-22T16:01:55.951] [INFO] default - Updating cases...
[2023-03-22T16:02:00.961] [INFO] default - Updating cases...
[2023-03-22T16:02:05.971] [INFO] default - Updating cases...
[2023-03-22T16:02:10.989] [INFO] default - Updating cases...
[2023-03-22T16:02:15.995] [INFO] default - Updating cases...
[2023-03-22T16:02:21.007] [INFO] default - Updating cases...
[2023-03-22T16:02:26.022] [INFO] default - Updating cases...
[2023-03-22T16:02:31.046] [INFO] default - Updating cases...
[2023-03-22T16:02:36.056] [INFO] default - Updating cases...
[2023-03-22T16:02:41.068] [INFO] default - Updating cases...
[2023-03-22T16:02:46.081] [INFO] default - Updating cases...
[2023-03-22T16:02:51.099] [INFO] default - Updating cases...
[2023-03-22T16:02:56.117] [INFO] default - Updating cases...
[2023-03-22T16:03:01.147] [INFO] default - Updating cases...
[2023-03-22T16:03:06.158] [INFO] default - Updating cases...
[2023-03-22T16:03:11.167] [INFO] default - Updating cases...
[2023-03-22T16:03:16.180] [INFO] default - Updating cases...
[2023-03-22T16:03:21.195] [INFO] default - Updating cases...
[2023-03-22T16:03:26.202] [INFO] default - Updating cases...
[2023-03-22T16:03:31.219] [INFO] default - Updating cases...
[2023-03-22T16:03:36.231] [INFO] default - Updating cases...
[2023-03-22T16:03:41.243] [INFO] default - Updating cases...
[2023-03-22T16:03:46.258] [INFO] default - Updating cases...
[2023-03-22T16:03:51.274] [INFO] default - Updating cases...
[2023-03-22T16:03:56.290] [INFO] default - Updating cases...
[2023-03-22T16:04:01.294] [INFO] default - Updating cases...
[2023-03-22T16:04:06.312] [INFO] default - Updating cases...
[2023-03-22T16:04:11.324] [INFO] default - Updating cases...
[2023-03-22T16:04:16.331] [INFO] default - Updating cases...
[2023-03-22T16:04:21.341] [INFO] default - Updating cases...
[2023-03-22T16:04:26.358] [INFO] default - Updating cases...
[2023-03-22T16:04:31.365] [INFO] default - Updating cases...
[2023-03-22T16:04:36.383] [INFO] default - Updating cases...
[2023-03-22T16:04:41.391] [INFO] default - Updating cases...
[2023-03-22T16:04:46.402] [INFO] default - Updating cases...
[2023-03-22T16:04:51.407] [INFO] default - Updating cases...
[2023-03-22T16:04:56.415] [INFO] default - Updating cases...
[2023-03-22T16:05:01.423] [INFO] default - Updating cases...
[2023-03-22T16:05:06.433] [INFO] default - Updating cases...
[2023-03-22T16:05:11.448] [INFO] default - Updating cases...
[2023-03-22T16:05:16.459] [INFO] default - Updating cases...
[2023-03-22T16:05:21.467] [INFO] default - Updating cases...
[2023-03-22T16:05:26.488] [INFO] default - Updating cases...
[2023-03-22T16:05:31.503] [INFO] default - Updating cases...
[2023-03-22T16:05:36.522] [INFO] default - Updating cases...
[2023-03-22T16:05:41.533] [INFO] default - Updating cases...
[2023-03-22T16:05:46.536] [INFO] default - Updating cases...
[2023-03-22T16:05:51.547] [INFO] default - Updating cases...
[2023-03-22T16:05:56.551] [INFO] default - Updating cases...
[2023-03-22T16:06:01.563] [INFO] default - Updating cases...
[2023-03-22T16:06:06.578] [INFO] default - Updating cases...
[2023-03-22T16:06:11.581] [INFO] default - Updating cases...
[2023-03-22T16:06:16.586] [INFO] default - Updating cases...
[2023-03-22T16:06:21.599] [INFO] default - Updating cases...
[2023-03-22T16:06:26.606] [INFO] default - Updating cases...
[2023-03-22T16:06:31.618] [INFO] default - Updating cases...
[2023-03-22T16:06:36.625] [INFO] default - Updating cases...
[2023-03-22T16:06:41.630] [INFO] default - Updating cases...
[2023-03-22T16:06:46.634] [INFO] default - Updating cases...
[2023-03-22T16:06:51.638] [INFO] default - Updating cases...
[2023-03-22T16:06:56.643] [INFO] default - Updating cases...
[2023-03-22T16:07:01.655] [INFO] default - Updating cases...
[2023-03-22T16:07:06.673] [INFO] default - Updating cases...
[2023-03-22T16:07:11.687] [INFO] default - Updating cases...
[2023-03-22T16:07:16.699] [INFO] default - Updating cases...
[2023-03-22T16:07:21.713] [INFO] default - Updating cases...
[2023-03-22T16:07:26.726] [INFO] default - Updating cases...
[2023-03-22T16:07:31.732] [INFO] default - Updating cases...
[2023-03-22T16:07:36.738] [INFO] default - Updating cases...
[2023-03-22T16:07:41.750] [INFO] default - Updating cases...
[2023-03-22T16:07:46.762] [INFO] default - Updating cases...
[2023-03-22T16:07:51.765] [INFO] default - Updating cases...
[2023-03-22T16:07:56.771] [INFO] default - Updating cases...
[2023-03-22T16:08:01.778] [INFO] default - Updating cases...
[2023-03-22T16:08:06.793] [INFO] default - Updating cases...
[2023-03-22T16:08:11.812] [INFO] default - Updating cases...
[2023-03-22T16:08:16.829] [INFO] default - Updating cases...
[2023-03-22T16:08:21.850] [INFO] default - Updating cases...
[2023-03-22T16:08:26.853] [INFO] default - Updating cases...
[2023-03-22T16:08:31.873] [INFO] default - Updating cases...
[2023-03-22T16:08:36.890] [INFO] default - Updating cases...
[2023-03-22T16:08:41.904] [INFO] default - Updating cases...
[2023-03-22T16:08:46.909] [INFO] default - Updating cases...
[2023-03-22T16:08:51.927] [INFO] default - Updating cases...
[2023-03-22T16:08:56.946] [INFO] default - Updating cases...
[2023-03-22T16:09:01.955] [INFO] default - Updating cases...
[2023-03-22T16:09:06.960] [INFO] default - Updating cases...
[2023-03-22T16:09:11.974] [INFO] default - Updating cases...
[2023-03-22T16:09:16.981] [INFO] default - Updating cases...
[2023-03-22T16:09:21.990] [INFO] default - Updating cases...
[2023-03-22T16:09:27.005] [INFO] default - Updating cases...
[2023-03-22T16:09:32.017] [INFO] default - Updating cases...
[2023-03-22T16:09:37.034] [INFO] default - Updating cases...
[2023-03-22T16:09:42.036] [INFO] default - Updating cases...
[2023-03-22T16:09:47.044] [INFO] default - Updating cases...
[2023-03-22T16:09:52.058] [INFO] default - Updating cases...
[2023-03-22T16:09:57.066] [INFO] default - Updating cases...
[2023-03-22T16:10:02.085] [INFO] default - Updating cases...
[2023-03-22T16:10:07.101] [INFO] default - Updating cases...
[2023-03-22T16:10:12.115] [INFO] default - Updating cases...
[2023-03-22T16:10:17.125] [INFO] default - Updating cases...
[2023-03-22T16:10:22.134] [INFO] default - Updating cases...
[2023-03-22T16:10:27.146] [INFO] default - Updating cases...
[2023-03-22T16:10:32.151] [INFO] default - Updating cases...
[2023-03-22T16:10:37.160] [INFO] default - Updating cases...
[2023-03-22T16:10:42.173] [INFO] default - Updating cases...
[2023-03-22T16:10:47.180] [INFO] default - Updating cases...
[2023-03-22T16:10:52.191] [INFO] default - Updating cases...
[2023-03-22T16:10:57.199] [INFO] default - Updating cases...
[2023-03-22T16:11:02.202] [INFO] default - Updating cases...
[2023-03-22T16:11:07.207] [INFO] default - Updating cases...
[2023-03-22T16:11:12.223] [INFO] default - Updating cases...
[2023-03-22T16:11:17.238] [INFO] default - Updating cases...
[2023-03-22T16:11:22.248] [INFO] default - Updating cases...
[2023-03-22T16:11:27.258] [INFO] default - Updating cases...
[2023-03-22T16:11:32.265] [INFO] default - Updating cases...
[2023-03-22T16:11:37.271] [INFO] default - Updating cases...
[2023-03-22T16:11:42.282] [INFO] default - Updating cases...
[2023-03-22T16:11:47.297] [INFO] default - Updating cases...
[2023-03-22T16:11:52.303] [INFO] default - Updating cases...
[2023-03-22T16:11:57.310] [INFO] default - Updating cases...
[2023-03-22T16:12:02.320] [INFO] default - Updating cases...
[2023-03-22T16:12:07.328] [INFO] default - Updating cases...
[2023-03-22T16:12:12.341] [INFO] default - Updating cases...
[2023-03-22T16:12:17.355] [INFO] default - Updating cases...
[2023-03-22T16:12:22.371] [INFO] default - Updating cases...
[2023-03-22T16:12:27.383] [INFO] default - Updating cases...
[2023-03-22T16:12:32.391] [INFO] default - Updating cases...
[2023-03-22T16:12:37.395] [INFO] default - Updating cases...
[2023-03-22T16:12:42.400] [INFO] default - Updating cases...
[2023-03-22T16:12:47.422] [INFO] default - Updating cases...
[2023-03-22T16:12:52.434] [INFO] default - Updating cases...
[2023-03-22T16:12:57.451] [INFO] default - Updating cases...
[2023-03-22T16:13:02.453] [INFO] default - Updating cases...
[2023-03-22T16:13:07.460] [INFO] default - Updating cases...
[2023-03-22T16:13:12.465] [INFO] default - Updating cases...
[2023-03-22T16:13:17.470] [INFO] default - Updating cases...
[2023-03-22T16:13:22.486] [INFO] default - Updating cases...
[2023-03-22T16:13:27.502] [INFO] default - Updating cases...
[2023-03-22T16:13:32.517] [INFO] default - Updating cases...
[2023-03-22T16:13:37.534] [INFO] default - Updating cases...
[2023-03-22T16:13:42.550] [INFO] default - Updating cases...
