[2023-03-23T02:04:01.450] [INFO] default - Logged in as Academia#0862
[2023-03-23T02:04:01.458] [INFO] default - Loading module Ban.js
[2023-03-23T02:04:01.460] [INFO] default - Loading command Ban.command.js
[2023-03-23T02:04:01.469] [INFO] default - Loaded command CHAT_INPUT_ban
[2023-03-23T02:04:01.470] [INFO] default - Loading command Cases.command.js
[2023-03-23T02:04:01.472] [INFO] default - Loaded command CHAT_INPUT_cases
[2023-03-23T02:04:01.473] [INFO] default - Loading command Kick.command.js
[2023-03-23T02:04:01.476] [INFO] default - Loaded command CHAT_INPUT_kick
[2023-03-23T02:04:01.477] [INFO] default - Loading command Mute.command.js
[2023-03-23T02:04:01.481] [INFO] default - Loaded command CHAT_INPUT_mute
[2023-03-23T02:04:01.481] [INFO] default - Loading command Unban.command.js
[2023-03-23T02:04:01.483] [INFO] default - Loaded command CHAT_INPUT_unban
[2023-03-23T02:04:01.484] [INFO] default - Loading command Unmute.command.js
[2023-03-23T02:04:01.487] [INFO] default - Loaded command CHAT_INPUT_unmute
[2023-03-23T02:04:01.488] [INFO] default - Loading command Warn.command.js
[2023-03-23T02:04:01.491] [INFO] default - Loaded command CHAT_INPUT_warn
[2023-03-23T02:04:01.493] [INFO] default - Loading command Ban.command.js
[2023-03-23T02:04:01.498] [INFO] default - Loaded command MESSAGE_CONTEXT_Ban
[2023-03-23T02:04:01.499] [INFO] default - Loading command Kick.command.js
[2023-03-23T02:04:01.502] [INFO] default - Loaded command MESSAGE_CONTEXT_Kick
[2023-03-23T02:04:01.504] [INFO] default - Loading command Mute.command.js
[2023-03-23T02:04:01.508] [INFO] default - Loaded command MESSAGE_CONTEXT_Mute
[2023-03-23T02:04:01.509] [INFO] default - Loading command Warn.command.js
[2023-03-23T02:04:01.511] [INFO] default - Loaded command MESSAGE_CONTEXT_Warn
[2023-03-23T02:04:01.512] [INFO] default - Loading command Ban.command.js
[2023-03-23T02:04:01.519] [INFO] default - Loaded command USER_CONTEXT_Ban
[2023-03-23T02:04:01.520] [INFO] default - Loading command Kick.command.js
[2023-03-23T02:04:01.522] [INFO] default - Loaded command USER_CONTEXT_Kick
[2023-03-23T02:04:01.523] [INFO] default - Loading command Mute.command.js
[2023-03-23T02:04:01.527] [INFO] default - Loaded command USER_CONTEXT_Mute
[2023-03-23T02:04:01.528] [INFO] default - Loading command Warn.command.js
[2023-03-23T02:04:01.532] [INFO] default - Loaded command USER_CONTEXT_Warn
[2023-03-23T02:04:01.533] [INFO] default - All modules and commands loaded
[2023-03-23T02:04:01.549] [INFO] default - Loading module Kick.js
[2023-03-23T02:04:01.552] [INFO] default - Loading module Logging.js
[2023-03-23T02:04:01.558] [INFO] default - Loading module Mute.js
[2023-03-23T02:04:01.559] [INFO] default - Loading module UpdateCase.js
[2023-03-23T02:04:01.567] [INFO] default - Loading module Warn.js
[2023-03-23T02:04:04.575] [INFO] default - Updating cases...
[2023-03-23T02:04:07.052] [INFO] default - /cases run by Osmii#0076
[2023-03-23T02:04:09.583] [INFO] default - Updating cases...
[2023-03-23T02:04:14.588] [INFO] default - Updating cases...
[2023-03-23T02:04:19.603] [INFO] default - Updating cases...
[2023-03-23T02:04:24.611] [INFO] default - Updating cases...
[2023-03-23T02:04:29.629] [INFO] default - Updating cases...
[2023-03-23T02:04:34.641] [INFO] default - Updating cases...
[2023-03-23T02:04:39.650] [INFO] default - Updating cases...
[2023-03-23T02:04:44.656] [INFO] default - Updating cases...
[2023-03-23T02:04:49.665] [INFO] default - Updating cases...
[2023-03-23T02:04:54.673] [INFO] default - Updating cases...
[2023-03-23T02:04:59.687] [INFO] default - Updating cases...
[2023-03-23T02:05:04.691] [INFO] default - Updating cases...
[2023-03-23T02:05:09.708] [INFO] default - Updating cases...
[2023-03-23T02:05:14.722] [INFO] default - Updating cases...
[2023-03-23T02:05:19.732] [INFO] default - Updating cases...
[2023-03-23T02:05:24.736] [INFO] default - Updating cases...
[2023-03-23T02:05:29.756] [INFO] default - Updating cases...
[2023-03-23T02:05:34.766] [INFO] default - Updating cases...
[2023-03-23T02:05:39.777] [INFO] default - Updating cases...
[2023-03-23T02:05:44.781] [INFO] default - Updating cases...
[2023-03-23T02:05:49.795] [INFO] default - Updating cases...
[2023-03-23T02:05:54.807] [INFO] default - Updating cases...
[2023-03-23T02:05:59.832] [INFO] default - Updating cases...
[2023-03-23T02:06:04.842] [INFO] default - Updating cases...
[2023-03-23T02:06:09.847] [INFO] default - Updating cases...
[2023-03-23T02:06:14.863] [INFO] default - Updating cases...
[2023-03-23T02:06:19.867] [INFO] default - Updating cases...
[2023-03-23T02:06:24.877] [INFO] default - Updating cases...
[2023-03-23T02:06:29.893] [INFO] default - Updating cases...
[2023-03-23T02:06:34.898] [INFO] default - Updating cases...
[2023-03-23T02:06:39.905] [INFO] default - Updating cases...
[2023-03-23T02:06:44.910] [INFO] default - Updating cases...
[2023-03-23T02:06:49.923] [INFO] default - Updating cases...
[2023-03-23T02:06:54.934] [INFO] default - Updating cases...
[2023-03-23T02:06:59.946] [INFO] default - Updating cases...
[2023-03-23T02:07:04.964] [INFO] default - Updating cases...
[2023-03-23T02:07:09.980] [INFO] default - Updating cases...
[2023-03-23T02:07:14.995] [INFO] default - Updating cases...
[2023-03-23T02:07:20.004] [INFO] default - Updating cases...
