[2023-03-22T00:25:37.500] [INFO] default - Logged in as Academia#0862
[2023-03-22T00:25:37.506] [INFO] default - Loading module Ban.js
[2023-03-22T00:25:37.510] [INFO] default - Loading command Ban.command.js
[2023-03-22T00:25:37.526] [INFO] default - Loaded command CHAT_INPUT_ban
[2023-03-22T00:25:37.528] [INFO] default - Loading command Kick.command.js
[2023-03-22T00:25:37.533] [INFO] default - Loaded command CHAT_INPUT_kick
[2023-03-22T00:25:37.534] [INFO] default - Loading command Mute.command.js
[2023-03-22T00:25:37.541] [INFO] default - Loaded command CHAT_INPUT_mute
[2023-03-22T00:25:37.543] [INFO] default - Loading command Unban.command.js
[2023-03-22T00:25:37.546] [INFO] default - Loaded command CHAT_INPUT_unban
[2023-03-22T00:25:37.547] [INFO] default - Loading command Unmute.command.js
[2023-03-22T00:25:37.551] [INFO] default - Loaded command CHAT_INPUT_unmute
[2023-03-22T00:25:37.552] [INFO] default - Loading command Warn.command.js
[2023-03-22T00:25:37.559] [INFO] default - Loaded command CHAT_INPUT_warn
[2023-03-22T00:25:37.561] [INFO] default - Loading command Ban.command.js
[2023-03-22T00:25:37.569] [INFO] default - Loaded command MESSAGE_CONTEXT_Ban
[2023-03-22T00:25:37.570] [INFO] default - Loading command Kick.command.js
[2023-03-22T00:25:37.580] [INFO] default - Loaded command MESSAGE_CONTEXT_Kick
[2023-03-22T00:25:37.583] [INFO] default - Loading command Mute.command.js
[2023-03-22T00:25:37.595] [INFO] default - Loaded command MESSAGE_CONTEXT_Mute
[2023-03-22T00:25:37.597] [INFO] default - Loading command Warn.command.js
[2023-03-22T00:25:37.600] [INFO] default - Loaded command MESSAGE_CONTEXT_Warn
[2023-03-22T00:25:37.603] [INFO] default - Loading command Ban.command.js
[2023-03-22T00:25:37.617] [INFO] default - Loaded command USER_CONTEXT_Ban
[2023-03-22T00:25:37.619] [INFO] default - Loading command Kick.command.js
[2023-03-22T00:25:37.626] [INFO] default - Loaded command USER_CONTEXT_Kick
[2023-03-22T00:25:37.627] [INFO] default - Loading command Mute.command.js
[2023-03-22T00:25:37.631] [INFO] default - Loaded command USER_CONTEXT_Mute
[2023-03-22T00:25:37.632] [INFO] default - Loading command Warn.command.js
[2023-03-22T00:25:37.635] [INFO] default - Loaded command USER_CONTEXT_Warn
[2023-03-22T00:25:37.636] [INFO] default - All modules and commands loaded
[2023-03-22T00:25:37.657] [INFO] default - Loading module Kick.js
[2023-03-22T00:25:37.660] [INFO] default - Loading module Logging.js
[2023-03-22T00:25:37.663] [INFO] default - Loading module Mute.js
[2023-03-22T00:25:37.665] [INFO] default - Loading module UpdateCase.js
[2023-03-22T00:25:37.669] [INFO] default - Loading module Warn.js
[2023-03-22T00:25:40.680] [INFO] default - Updating cases...
[2023-03-22T00:25:45.847] [INFO] default - Updating cases...
[2023-03-22T00:25:49.784] [INFO] default - /kick run by Osmii#0076
[2023-03-22T00:25:50.882] [INFO] default - Updating cases...
[2023-03-22T00:25:56.004] [INFO] default - Updating cases...
[2023-03-22T00:26:01.188] [INFO] default - Updating cases...
