[2023-03-23T19:42:31.824] [INFO] default - Logged in as Academia#0862
[2023-03-23T19:42:31.828] [INFO] default - Loading module WelcomeAndGoodbye.js
[2023-03-23T19:42:31.829] [INFO] default - Loading module Ban.js
[2023-03-23T19:42:31.832] [INFO] default - Loading module ReactRoles.js
[2023-03-23T19:42:31.834] [INFO] default - Loading module RelayHandler.js
[2023-03-23T19:42:31.837] [INFO] default - Loading module Verification.js
[2023-03-23T19:42:31.840] [INFO] default - Loading command Ban.command.js
[2023-03-23T19:42:31.854] [INFO] default - Loaded command CHAT_INPUT_ban
[2023-03-23T19:42:31.856] [INFO] default - Loading command Cases.command.js
[2023-03-23T19:42:31.858] [INFO] default - Loaded command CHAT_INPUT_cases
[2023-03-23T19:42:31.860] [INFO] default - Loading command Kick.command.js
[2023-03-23T19:42:31.863] [INFO] default - Loaded command CHAT_INPUT_kick
[2023-03-23T19:42:31.865] [INFO] default - Loading command Mute.command.js
[2023-03-23T19:42:31.874] [INFO] default - Loaded command CHAT_INPUT_mute
[2023-03-23T19:42:31.875] [INFO] default - Loading command ReactionRoles.command.js
[2023-03-23T19:42:31.884] [INFO] default - Loaded command CHAT_INPUT_reactroles
[2023-03-23T19:42:31.887] [INFO] default - Loading command Reason.command.js
[2023-03-23T19:42:31.890] [INFO] default - Loaded command CHAT_INPUT_reason
[2023-03-23T19:42:31.891] [INFO] default - Loading command Unban.command.js
[2023-03-23T19:42:31.893] [INFO] default - Loaded command CHAT_INPUT_unban
[2023-03-23T19:42:31.894] [INFO] default - Loading command Unmute.command.js
[2023-03-23T19:42:31.895] [INFO] default - Loaded command CHAT_INPUT_unmute
[2023-03-23T19:42:31.898] [INFO] default - Loading command Warn.command.js
[2023-03-23T19:42:31.905] [INFO] default - Loaded command CHAT_INPUT_warn
[2023-03-23T19:42:31.908] [INFO] default - Loading command Ban.command.js
[2023-03-23T19:42:31.915] [INFO] default - Loaded command MESSAGE_CONTEXT_Ban
[2023-03-23T19:42:31.917] [INFO] default - Loading command Kick.command.js
[2023-03-23T19:42:31.923] [INFO] default - Loaded command MESSAGE_CONTEXT_Kick
[2023-03-23T19:42:31.924] [INFO] default - Loading command Mute.command.js
[2023-03-23T19:42:31.929] [INFO] default - Loaded command MESSAGE_CONTEXT_Mute
[2023-03-23T19:42:31.931] [INFO] default - Loading command Warn.command.js
[2023-03-23T19:42:31.939] [INFO] default - Loaded command MESSAGE_CONTEXT_Warn
[2023-03-23T19:42:31.940] [INFO] default - Loading command Ban.command.js
[2023-03-23T19:42:31.945] [INFO] default - Loaded command USER_CONTEXT_Ban
[2023-03-23T19:42:31.946] [INFO] default - Loading command Kick.command.js
[2023-03-23T19:42:31.950] [INFO] default - Loaded command USER_CONTEXT_Kick
[2023-03-23T19:42:31.952] [INFO] default - Loading command Mute.command.js
[2023-03-23T19:42:31.956] [INFO] default - Loaded command USER_CONTEXT_Mute
[2023-03-23T19:42:31.957] [INFO] default - Loading command Warn.command.js
[2023-03-23T19:42:31.960] [INFO] default - Loaded command USER_CONTEXT_Warn
[2023-03-23T19:42:31.961] [INFO] default - All modules and commands loaded
[2023-03-23T19:42:32.002] [INFO] default - Loading module Kick.js
[2023-03-23T19:42:32.004] [INFO] default - Loading module TicketManager.js
[2023-03-23T19:42:32.005] [INFO] default - Loading module VerificationManager.js
[2023-03-23T19:42:32.007] [INFO] default - Loading module Logging.js
[2023-03-23T19:42:32.009] [INFO] default - Loading module Mute.js
[2023-03-23T19:42:32.011] [INFO] default - Loading module UpdateCase.js
[2023-03-23T19:42:32.018] [INFO] default - Loading module Warn.js
[2023-03-23T19:42:35.032] [INFO] default - Updating cases...
[2023-03-23T19:42:40.041] [INFO] default - Updating cases...
[2023-03-23T19:42:45.055] [INFO] default - Updating cases...
[2023-03-23T19:42:50.065] [INFO] default - Updating cases...
[2023-03-23T19:42:55.067] [INFO] default - Updating cases...
[2023-03-23T19:43:00.078] [INFO] default - Updating cases...
[2023-03-23T19:43:05.086] [INFO] default - Updating cases...
[2023-03-23T19:43:10.090] [INFO] default - Updating cases...
[2023-03-23T19:43:15.106] [INFO] default - Updating cases...
[2023-03-23T19:43:20.114] [INFO] default - Updating cases...
[2023-03-23T19:43:22.949] [INFO] default - /reactroles run by Osmii#0076
[2023-03-23T19:43:25.129] [INFO] default - Updating cases...
[2023-03-23T19:43:30.139] [INFO] default - Updating cases...
[2023-03-23T19:43:35.148] [INFO] default - Updating cases...
[2023-03-23T19:43:40.155] [INFO] default - Updating cases...
[2023-03-23T19:43:45.162] [INFO] default - Updating cases...
[2023-03-23T19:43:50.177] [INFO] default - Updating cases...
[2023-03-23T19:43:55.183] [INFO] default - Updating cases...
[2023-03-23T19:44:00.192] [INFO] default - Updating cases...
[2023-03-23T19:44:05.207] [INFO] default - Updating cases...
[2023-03-23T19:44:10.212] [INFO] default - Updating cases...
[2023-03-23T19:44:15.216] [INFO] default - Updating cases...
[2023-03-23T19:44:20.220] [INFO] default - Updating cases...
[2023-03-23T19:44:25.223] [INFO] default - Updating cases...
[2023-03-23T19:44:30.235] [INFO] default - Updating cases...
[2023-03-23T19:44:35.229] [INFO] default - Updating cases...
[2023-03-23T19:44:40.238] [INFO] default - Updating cases...
[2023-03-23T19:44:45.249] [INFO] default - Updating cases...
[2023-03-23T19:44:50.255] [INFO] default - Updating cases...
[2023-03-23T19:44:55.265] [INFO] default - Updating cases...
[2023-03-23T19:45:00.267] [INFO] default - Updating cases...
[2023-03-23T19:45:05.282] [INFO] default - Updating cases...
