[2023-03-23T21:05:53.930] [INFO] default - Logged in as UnnamedBot#0862
[2023-03-23T21:05:53.934] [INFO] default - Loading module WelcomeAndGoodbye.js
[2023-03-23T21:05:53.934] [INFO] default - Loading module Ban.js
[2023-03-23T21:05:53.935] [INFO] default - Loading module ReactRoles.js
[2023-03-23T21:05:53.936] [INFO] default - Loading module RelayHandler.js
[2023-03-23T21:05:53.937] [INFO] default - Loading module Verification.js
[2023-03-23T21:05:53.938] [INFO] default - Loading command Ban.command.js
[2023-03-23T21:05:53.952] [INFO] default - Loaded command CHAT_INPUT_ban
[2023-03-23T21:05:53.953] [INFO] default - Loading command Cases.command.js
[2023-03-23T21:05:53.955] [INFO] default - Loaded command CHAT_INPUT_cases
[2023-03-23T21:05:53.956] [INFO] default - Loading command Embed.command.js
[2023-03-23T21:05:53.961] [INFO] default - Loaded command CHAT_INPUT_embed
[2023-03-23T21:05:53.963] [INFO] default - Loading command Kick.command.js
[2023-03-23T21:05:53.967] [INFO] default - Loaded command CHAT_INPUT_kick
[2023-03-23T21:05:53.969] [INFO] default - Loading command Mute.command.js
[2023-03-23T21:05:53.973] [INFO] default - Loaded command CHAT_INPUT_mute
[2023-03-23T21:05:53.975] [INFO] default - Loading command ReactionRoles.command.js
[2023-03-23T21:05:53.983] [INFO] default - Loaded command CHAT_INPUT_reactroles
[2023-03-23T21:05:53.984] [INFO] default - Loading command Reason.command.js
[2023-03-23T21:05:53.986] [INFO] default - Loaded command CHAT_INPUT_reason
[2023-03-23T21:05:53.987] [INFO] default - Loading command Unban.command.js
[2023-03-23T21:05:53.989] [INFO] default - Loaded command CHAT_INPUT_unban
[2023-03-23T21:05:53.990] [INFO] default - Loading command Unmute.command.js
[2023-03-23T21:05:53.995] [INFO] default - Loaded command CHAT_INPUT_unmute
[2023-03-23T21:05:53.997] [INFO] default - Loading command Warn.command.js
[2023-03-23T21:05:54.000] [INFO] default - Loaded command CHAT_INPUT_warn
[2023-03-23T21:05:54.007] [INFO] default - Loading command Ban.command.js
[2023-03-23T21:05:54.017] [INFO] default - Loaded command MESSAGE_CONTEXT_Ban
[2023-03-23T21:05:54.018] [INFO] default - Loading command Kick.command.js
[2023-03-23T21:05:54.021] [INFO] default - Loaded command MESSAGE_CONTEXT_Kick
[2023-03-23T21:05:54.022] [INFO] default - Loading command Mute.command.js
[2023-03-23T21:05:54.027] [INFO] default - Loaded command MESSAGE_CONTEXT_Mute
[2023-03-23T21:05:54.029] [INFO] default - Loading command Warn.command.js
[2023-03-23T21:05:54.032] [INFO] default - Loaded command MESSAGE_CONTEXT_Warn
[2023-03-23T21:05:54.038] [INFO] default - Loading command Ban.command.js
[2023-03-23T21:05:54.041] [INFO] default - Loaded command USER_CONTEXT_Ban
[2023-03-23T21:05:54.045] [INFO] default - Loading command Kick.command.js
[2023-03-23T21:05:54.047] [INFO] default - Loaded command USER_CONTEXT_Kick
[2023-03-23T21:05:54.048] [INFO] default - Loading command Mute.command.js
[2023-03-23T21:05:54.051] [INFO] default - Loaded command USER_CONTEXT_Mute
[2023-03-23T21:05:54.052] [INFO] default - Loading command Warn.command.js
[2023-03-23T21:05:54.054] [INFO] default - Loaded command USER_CONTEXT_Warn
[2023-03-23T21:05:54.063] [INFO] default - All modules and commands loaded
[2023-03-23T21:05:54.079] [INFO] default - Loading module Kick.js
[2023-03-23T21:05:54.081] [INFO] default - Loading module TicketManager.js
[2023-03-23T21:05:54.084] [INFO] default - Loading module VerificationManager.js
[2023-03-23T21:05:54.087] [INFO] default - Loading module Logging.js
[2023-03-23T21:05:54.093] [INFO] default - Loading module Mute.js
[2023-03-23T21:05:54.095] [INFO] default - Loading module UpdateCase.js
[2023-03-23T21:05:54.099] [INFO] default - Loading module Warn.js
[2023-03-23T21:05:57.111] [INFO] default - Updating cases...
[2023-03-23T21:06:02.246] [INFO] default - Updating cases...
[2023-03-23T21:06:07.258] [INFO] default - Updating cases...
[2023-03-23T21:06:12.263] [INFO] default - Updating cases...
[2023-03-23T21:06:17.266] [INFO] default - Updating cases...
[2023-03-23T21:06:22.276] [INFO] default - Updating cases...
[2023-03-23T21:06:27.281] [INFO] default - Updating cases...
[2023-03-23T21:06:32.296] [INFO] default - Updating cases...
[2023-03-23T21:06:37.314] [INFO] default - Updating cases...
[2023-03-23T21:06:42.326] [INFO] default - Updating cases...
[2023-03-23T21:06:47.346] [INFO] default - Updating cases...
[2023-03-23T21:06:52.348] [INFO] default - Updating cases...
[2023-03-23T21:06:57.363] [INFO] default - Updating cases...
[2023-03-23T21:07:02.379] [INFO] default - Updating cases...
[2023-03-23T21:07:07.382] [INFO] default - Updating cases...
[2023-03-23T21:07:12.395] [INFO] default - Updating cases...
[2023-03-23T21:07:17.399] [INFO] default - Updating cases...
[2023-03-23T21:07:22.413] [INFO] default - Updating cases...
[2023-03-23T21:07:27.418] [INFO] default - Updating cases...
[2023-03-23T21:07:32.421] [INFO] default - Updating cases...
[2023-03-23T21:07:37.431] [INFO] default - Updating cases...
[2023-03-23T21:07:42.447] [INFO] default - Updating cases...
[2023-03-23T21:07:47.450] [INFO] default - Updating cases...
[2023-03-23T21:07:52.454] [INFO] default - Updating cases...
[2023-03-23T21:07:57.466] [INFO] default - Updating cases...
[2023-03-23T21:08:02.482] [INFO] default - Updating cases...
[2023-03-23T21:08:07.497] [INFO] default - Updating cases...
[2023-03-23T21:08:12.501] [INFO] default - Updating cases...
[2023-03-23T21:08:17.515] [INFO] default - Updating cases...
[2023-03-23T21:08:22.533] [INFO] default - Updating cases...
[2023-03-23T21:08:27.551] [INFO] default - Updating cases...
[2023-03-23T21:08:32.567] [INFO] default - Updating cases...
[2023-03-23T21:08:37.582] [INFO] default - Updating cases...
[2023-03-23T21:08:42.585] [INFO] default - Updating cases...
[2023-03-23T21:08:47.600] [INFO] default - Updating cases...
[2023-03-23T21:08:52.603] [INFO] default - Updating cases...
[2023-03-23T21:08:57.617] [INFO] default - Updating cases...
[2023-03-23T21:09:02.619] [INFO] default - Updating cases...
[2023-03-23T21:09:07.633] [INFO] default - Updating cases...
[2023-03-23T21:09:12.636] [INFO] default - Updating cases...
[2023-03-23T21:09:17.650] [INFO] default - Updating cases...
[2023-03-23T21:09:22.653] [INFO] default - Updating cases...
[2023-03-23T21:09:27.670] [INFO] default - Updating cases...
[2023-03-23T21:09:32.673] [INFO] default - Updating cases...
[2023-03-23T21:09:37.686] [INFO] default - Updating cases...
[2023-03-23T21:09:42.689] [INFO] default - Updating cases...
[2023-03-23T21:09:47.701] [INFO] default - Updating cases...
[2023-03-23T21:09:52.704] [INFO] default - Updating cases...
[2023-03-23T21:09:57.721] [INFO] default - Updating cases...
[2023-03-23T21:10:02.723] [INFO] default - Updating cases...
[2023-03-23T21:10:07.728] [INFO] default - Updating cases...
[2023-03-23T21:10:12.740] [INFO] default - Updating cases...
[2023-03-23T21:10:17.758] [INFO] default - Updating cases...
[2023-03-23T21:10:22.762] [INFO] default - Updating cases...
[2023-03-23T21:10:27.774] [INFO] default - Updating cases...
[2023-03-23T21:10:32.789] [INFO] default - Updating cases...
[2023-03-23T21:10:37.792] [INFO] default - Updating cases...
[2023-03-23T21:10:42.797] [INFO] default - Updating cases...
[2023-03-23T21:10:47.809] [INFO] default - Updating cases...
[2023-03-23T21:10:52.824] [INFO] default - Updating cases...
[2023-03-23T21:10:57.827] [INFO] default - Updating cases...
[2023-03-23T21:11:02.838] [INFO] default - Updating cases...
[2023-03-23T21:11:07.847] [INFO] default - Updating cases...
[2023-03-23T21:11:12.851] [INFO] default - Updating cases...
[2023-03-23T21:11:17.863] [INFO] default - Updating cases...
[2023-03-23T21:11:22.877] [INFO] default - Updating cases...
[2023-03-23T21:11:27.880] [INFO] default - Updating cases...
[2023-03-23T21:11:32.886] [INFO] default - Updating cases...
[2023-03-23T21:11:37.889] [INFO] default - Updating cases...
[2023-03-23T21:11:42.893] [INFO] default - Updating cases...
[2023-03-23T21:11:47.909] [INFO] default - Updating cases...
[2023-03-23T21:11:52.914] [INFO] default - Updating cases...
[2023-03-23T21:11:57.913] [INFO] default - Updating cases...
[2023-03-23T21:12:02.925] [INFO] default - Updating cases...
[2023-03-23T21:12:07.931] [INFO] default - Updating cases...
[2023-03-23T21:12:12.932] [INFO] default - Updating cases...
[2023-03-23T21:12:17.934] [INFO] default - Updating cases...
[2023-03-23T21:12:22.937] [INFO] default - Updating cases...
[2023-03-23T21:12:27.939] [INFO] default - Updating cases...
[2023-03-23T21:12:32.943] [INFO] default - Updating cases...
[2023-03-23T21:12:37.955] [INFO] default - Updating cases...
[2023-03-23T21:12:42.966] [INFO] default - Updating cases...
[2023-03-23T21:12:47.968] [INFO] default - Updating cases...
[2023-03-23T21:12:52.981] [INFO] default - Updating cases...
[2023-03-23T21:12:57.996] [INFO] default - Updating cases...
[2023-03-23T21:13:03.000] [INFO] default - Updating cases...
[2023-03-23T21:13:08.004] [INFO] default - Updating cases...
[2023-03-23T21:13:13.010] [INFO] default - Updating cases...
[2023-03-23T21:13:18.026] [INFO] default - Updating cases...
[2023-03-23T21:13:23.030] [INFO] default - Updating cases...
[2023-03-23T21:13:28.033] [INFO] default - Updating cases...
[2023-03-23T21:13:33.050] [INFO] default - Updating cases...
[2023-03-23T21:13:38.053] [INFO] default - Updating cases...
[2023-03-23T21:13:43.065] [INFO] default - Updating cases...
[2023-03-23T21:13:48.075] [INFO] default - Updating cases...
[2023-03-23T21:13:53.085] [INFO] default - Updating cases...
[2023-03-23T21:13:58.095] [INFO] default - Updating cases...
[2023-03-23T21:14:03.104] [INFO] default - Updating cases...
[2023-03-23T21:14:08.114] [INFO] default - Updating cases...
[2023-03-23T21:14:13.132] [INFO] default - Updating cases...
[2023-03-23T21:14:18.135] [INFO] default - Updating cases...
[2023-03-23T21:14:23.143] [INFO] default - Updating cases...
[2023-03-23T21:14:28.156] [INFO] default - Updating cases...
[2023-03-23T21:14:33.175] [INFO] default - Updating cases...
[2023-03-23T21:14:38.190] [INFO] default - Updating cases...
[2023-03-23T21:14:43.192] [INFO] default - Updating cases...
[2023-03-23T21:14:48.194] [INFO] default - Updating cases...
[2023-03-23T21:14:53.198] [INFO] default - Updating cases...
[2023-03-23T21:14:58.200] [INFO] default - Updating cases...
[2023-03-23T21:15:03.204] [INFO] default - Updating cases...
[2023-03-23T21:15:08.217] [INFO] default - Updating cases...
[2023-03-23T21:15:13.223] [INFO] default - Updating cases...
[2023-03-23T21:15:18.230] [INFO] default - Updating cases...
[2023-03-23T21:15:23.242] [INFO] default - Updating cases...
[2023-03-23T21:15:28.257] [INFO] default - Updating cases...
[2023-03-23T21:15:33.261] [INFO] default - Updating cases...
[2023-03-23T21:15:38.266] [INFO] default - Updating cases...
[2023-03-23T21:15:43.281] [INFO] default - Updating cases...
[2023-03-23T21:15:48.291] [INFO] default - Updating cases...
[2023-03-23T21:15:53.300] [INFO] default - Updating cases...
[2023-03-23T21:15:58.311] [INFO] default - Updating cases...
[2023-03-23T21:16:03.325] [INFO] default - Updating cases...
[2023-03-23T21:16:08.336] [INFO] default - Updating cases...
[2023-03-23T21:16:13.347] [INFO] default - Updating cases...
[2023-03-23T21:16:18.350] [INFO] default - Updating cases...
[2023-03-23T21:16:23.354] [INFO] default - Updating cases...
[2023-03-23T21:16:28.363] [INFO] default - Updating cases...
[2023-03-23T21:16:33.380] [INFO] default - Updating cases...
[2023-03-23T21:16:38.495] [INFO] default - Updating cases...
[2023-03-23T21:16:43.499] [INFO] default - Updating cases...
[2023-03-23T21:16:48.509] [INFO] default - Updating cases...
[2023-03-23T21:16:53.510] [INFO] default - Updating cases...
[2023-03-23T21:16:58.524] [INFO] default - Updating cases...
[2023-03-23T21:17:03.534] [INFO] default - Updating cases...
[2023-03-23T21:17:08.544] [INFO] default - Updating cases...
[2023-03-23T21:17:13.548] [INFO] default - Updating cases...
[2023-03-23T21:17:18.562] [INFO] default - Updating cases...
[2023-03-23T21:17:23.579] [INFO] default - Updating cases...
[2023-03-23T21:17:28.581] [INFO] default - Updating cases...
[2023-03-23T21:17:33.585] [INFO] default - Updating cases...
[2023-03-23T21:17:38.599] [INFO] default - Updating cases...
[2023-03-23T21:17:43.604] [INFO] default - Updating cases...
[2023-03-23T21:17:48.620] [INFO] default - Updating cases...
[2023-03-23T21:17:53.624] [INFO] default - Updating cases...
[2023-03-23T21:17:58.627] [INFO] default - Updating cases...
[2023-03-23T21:18:03.640] [INFO] default - Updating cases...
[2023-03-23T21:18:08.648] [INFO] default - Updating cases...
[2023-03-23T21:18:13.665] [INFO] default - Updating cases...
[2023-03-23T21:18:18.676] [INFO] default - Updating cases...
[2023-03-23T21:18:23.687] [INFO] default - Updating cases...
[2023-03-23T21:18:28.695] [INFO] default - Updating cases...
[2023-03-23T21:18:33.708] [INFO] default - Updating cases...
[2023-03-23T21:18:38.716] [INFO] default - Updating cases...
[2023-03-23T21:18:43.727] [INFO] default - Updating cases...
[2023-03-23T21:18:48.741] [INFO] default - Updating cases...
[2023-03-23T21:18:53.746] [INFO] default - Updating cases...
[2023-03-23T21:18:58.749] [INFO] default - Updating cases...
[2023-03-23T21:19:03.768] [INFO] default - Updating cases...
[2023-03-23T21:19:08.770] [INFO] default - Updating cases...
[2023-03-23T21:19:13.786] [INFO] default - Updating cases...
[2023-03-23T21:19:18.789] [INFO] default - Updating cases...
[2023-03-23T21:19:23.791] [INFO] default - Updating cases...
[2023-03-23T21:19:28.794] [INFO] default - Updating cases...
[2023-03-23T21:19:33.797] [INFO] default - Updating cases...
[2023-03-23T21:19:38.799] [INFO] default - Updating cases...
[2023-03-23T21:19:43.802] [INFO] default - Updating cases...
[2023-03-23T21:19:48.821] [INFO] default - Updating cases...
[2023-03-23T21:19:53.824] [INFO] default - Updating cases...
[2023-03-23T21:19:58.830] [INFO] default - Updating cases...
[2023-03-23T21:20:03.839] [INFO] default - Updating cases...
[2023-03-23T21:20:08.847] [INFO] default - Updating cases...
[2023-03-23T21:20:13.849] [INFO] default - Updating cases...
[2023-03-23T21:20:18.865] [INFO] default - Updating cases...
[2023-03-23T21:20:23.868] [INFO] default - Updating cases...
[2023-03-23T21:20:28.870] [INFO] default - Updating cases...
[2023-03-23T21:20:33.889] [INFO] default - Updating cases...
[2023-03-23T21:20:38.905] [INFO] default - Updating cases...
[2023-03-23T21:20:43.909] [INFO] default - Updating cases...
[2023-03-23T21:20:48.925] [INFO] default - Updating cases...
[2023-03-23T21:20:53.928] [INFO] default - Updating cases...
[2023-03-23T21:20:58.941] [INFO] default - Updating cases...
[2023-03-23T21:21:03.949] [INFO] default - Updating cases...
[2023-03-23T21:21:08.951] [INFO] default - Updating cases...
[2023-03-23T21:21:13.966] [INFO] default - Updating cases...
[2023-03-23T21:21:18.974] [INFO] default - Updating cases...
[2023-03-23T21:21:23.989] [INFO] default - Updating cases...
[2023-03-23T21:21:28.993] [INFO] default - Updating cases...
[2023-03-23T21:21:34.010] [INFO] default - Updating cases...
[2023-03-23T21:21:39.015] [INFO] default - Updating cases...
[2023-03-23T21:21:44.030] [INFO] default - Updating cases...
[2023-03-23T21:21:49.045] [INFO] default - Updating cases...
[2023-03-23T21:21:54.050] [INFO] default - Updating cases...
[2023-03-23T21:21:59.064] [INFO] default - Updating cases...
[2023-03-23T21:22:04.071] [INFO] default - Updating cases...
[2023-03-23T21:22:09.088] [INFO] default - Updating cases...
[2023-03-23T21:22:14.092] [INFO] default - Updating cases...
[2023-03-23T21:22:19.094] [INFO] default - Updating cases...
[2023-03-23T21:22:24.112] [INFO] default - Updating cases...
[2023-03-23T21:22:29.129] [INFO] default - Updating cases...
[2023-03-23T21:22:34.132] [INFO] default - Updating cases...
[2023-03-23T21:22:39.134] [INFO] default - Updating cases...
[2023-03-23T21:22:44.136] [INFO] default - Updating cases...
[2023-03-23T21:22:49.139] [INFO] default - Updating cases...
[2023-03-23T21:22:54.142] [INFO] default - Updating cases...
[2023-03-23T21:22:59.144] [INFO] default - Updating cases...
[2023-03-23T21:23:04.158] [INFO] default - Updating cases...
[2023-03-23T21:23:09.165] [INFO] default - Updating cases...
[2023-03-23T21:23:14.178] [INFO] default - Updating cases...
[2023-03-23T21:23:19.187] [INFO] default - Updating cases...
[2023-03-23T21:23:24.198] [INFO] default - Updating cases...
[2023-03-23T21:23:29.203] [INFO] default - Updating cases...
[2023-03-23T21:23:34.207] [INFO] default - Updating cases...
[2023-03-23T21:23:39.210] [INFO] default - Updating cases...
[2023-03-23T21:23:44.227] [INFO] default - Updating cases...
[2023-03-23T21:23:49.229] [INFO] default - Updating cases...
[2023-03-23T21:23:54.234] [INFO] default - Updating cases...
[2023-03-23T21:23:59.248] [INFO] default - Updating cases...
[2023-03-23T21:24:04.266] [INFO] default - Updating cases...
[2023-03-23T21:24:09.270] [INFO] default - Updating cases...
[2023-03-23T21:24:14.272] [INFO] default - Updating cases...
[2023-03-23T21:24:19.276] [INFO] default - Updating cases...
[2023-03-23T21:24:24.284] [INFO] default - Updating cases...
[2023-03-23T21:24:29.285] [INFO] default - Updating cases...
[2023-03-23T21:24:34.304] [INFO] default - Updating cases...
[2023-03-23T21:24:39.305] [INFO] default - Updating cases...
[2023-03-23T21:24:44.314] [INFO] default - Updating cases...
[2023-03-23T21:24:49.323] [INFO] default - Updating cases...
[2023-03-23T21:24:54.326] [INFO] default - Updating cases...
[2023-03-23T21:24:59.339] [INFO] default - Updating cases...
[2023-03-23T21:25:04.344] [INFO] default - Updating cases...
[2023-03-23T21:25:09.347] [INFO] default - Updating cases...
[2023-03-23T21:25:14.349] [INFO] default - Updating cases...
[2023-03-23T21:25:19.352] [INFO] default - Updating cases...
[2023-03-23T21:25:24.367] [INFO] default - Updating cases...
[2023-03-23T21:25:29.372] [INFO] default - Updating cases...
[2023-03-23T21:25:34.375] [INFO] default - Updating cases...
[2023-03-23T21:25:39.378] [INFO] default - Updating cases...
[2023-03-23T21:25:44.396] [INFO] default - Updating cases...
[2023-03-23T21:25:49.411] [INFO] default - Updating cases...
[2023-03-23T21:25:54.414] [INFO] default - Updating cases...
[2023-03-23T21:25:59.416] [INFO] default - Updating cases...
[2023-03-23T21:26:04.419] [INFO] default - Updating cases...
[2023-03-23T21:26:09.422] [INFO] default - Updating cases...
[2023-03-23T21:26:14.435] [INFO] default - Updating cases...
[2023-03-23T21:26:19.442] [INFO] default - Updating cases...
[2023-03-23T21:26:24.449] [INFO] default - Updating cases...
[2023-03-23T21:26:29.460] [INFO] default - Updating cases...
[2023-03-23T21:26:34.462] [INFO] default - Updating cases...
[2023-03-23T21:26:39.473] [INFO] default - Updating cases...
[2023-03-23T21:26:44.486] [INFO] default - Updating cases...
[2023-03-23T21:26:49.501] [INFO] default - Updating cases...
[2023-03-23T21:26:54.506] [INFO] default - Updating cases...
[2023-03-23T21:26:59.521] [INFO] default - Updating cases...
[2023-03-23T21:27:04.527] [INFO] default - Updating cases...
[2023-03-23T21:27:09.531] [INFO] default - Updating cases...
[2023-03-23T21:27:14.546] [INFO] default - Updating cases...
[2023-03-23T21:27:19.550] [INFO] default - Updating cases...
[2023-03-23T21:27:24.558] [INFO] default - Updating cases...
[2023-03-23T21:27:29.569] [INFO] default - Updating cases...
[2023-03-23T21:27:34.574] [INFO] default - Updating cases...
[2023-03-23T21:27:39.589] [INFO] default - Updating cases...
[2023-03-23T21:27:44.604] [INFO] default - Updating cases...
[2023-03-23T21:27:49.608] [INFO] default - Updating cases...
[2023-03-23T21:27:54.612] [INFO] default - Updating cases...
[2023-03-23T21:27:59.629] [INFO] default - Updating cases...
[2023-03-23T21:28:04.631] [INFO] default - Updating cases...
[2023-03-23T21:28:09.636] [INFO] default - Updating cases...
[2023-03-23T21:28:14.638] [INFO] default - Updating cases...
[2023-03-23T21:28:19.653] [INFO] default - Updating cases...
[2023-03-23T21:28:24.657] [INFO] default - Updating cases...
[2023-03-23T21:28:29.661] [INFO] default - Updating cases...
[2023-03-23T21:28:34.676] [INFO] default - Updating cases...
[2023-03-23T21:28:39.678] [INFO] default - Updating cases...
[2023-03-23T21:28:44.681] [INFO] default - Updating cases...
[2023-03-23T21:28:49.683] [INFO] default - Updating cases...
[2023-03-23T21:28:54.695] [INFO] default - Updating cases...
[2023-03-23T21:28:59.703] [INFO] default - Updating cases...
[2023-03-23T21:29:04.704] [INFO] default - Updating cases...
[2023-03-23T21:29:09.710] [INFO] default - Updating cases...
[2023-03-23T21:29:14.725] [INFO] default - Updating cases...
[2023-03-23T21:29:19.729] [INFO] default - Updating cases...
[2023-03-23T21:29:24.745] [INFO] default - Updating cases...
[2023-03-23T21:29:29.749] [INFO] default - Updating cases...
[2023-03-23T21:29:34.753] [INFO] default - Updating cases...
[2023-03-23T21:29:39.755] [INFO] default - Updating cases...
[2023-03-23T21:29:44.758] [INFO] default - Updating cases...
[2023-03-23T21:29:49.759] [INFO] default - Updating cases...
[2023-03-23T21:29:54.762] [INFO] default - Updating cases...
[2023-03-23T21:29:59.778] [INFO] default - Updating cases...
[2023-03-23T21:30:04.781] [INFO] default - Updating cases...
[2023-03-23T21:30:09.785] [INFO] default - Updating cases...
[2023-03-23T21:30:14.789] [INFO] default - Updating cases...
[2023-03-23T21:30:19.803] [INFO] default - Updating cases...
[2023-03-23T21:30:24.824] [INFO] default - Updating cases...
[2023-03-23T21:30:29.838] [INFO] default - Updating cases...
[2023-03-23T21:30:34.842] [INFO] default - Updating cases...
[2023-03-23T21:30:39.860] [INFO] default - Updating cases...
[2023-03-23T21:30:44.869] [INFO] default - Updating cases...
[2023-03-23T21:30:49.880] [INFO] default - Updating cases...
[2023-03-23T21:30:54.888] [INFO] default - Updating cases...
[2023-03-23T21:30:59.901] [INFO] default - Updating cases...
[2023-03-23T21:31:04.903] [INFO] default - Updating cases...
[2023-03-23T21:31:09.907] [INFO] default - Updating cases...
[2023-03-23T21:31:14.909] [INFO] default - Updating cases...
[2023-03-23T21:31:19.912] [INFO] default - Updating cases...
[2023-03-23T21:31:24.928] [INFO] default - Updating cases...
[2023-03-23T21:31:29.945] [INFO] default - Updating cases...
[2023-03-23T21:31:34.949] [INFO] default - Updating cases...
[2023-03-23T21:31:39.964] [INFO] default - Updating cases...
[2023-03-23T21:31:44.969] [INFO] default - Updating cases...
[2023-03-23T21:31:49.986] [INFO] default - Updating cases...
[2023-03-23T21:31:54.988] [INFO] default - Updating cases...
[2023-03-23T21:31:59.991] [INFO] default - Updating cases...
[2023-03-23T21:32:04.993] [INFO] default - Updating cases...
[2023-03-23T21:32:10.009] [INFO] default - Updating cases...
[2023-03-23T21:32:15.014] [INFO] default - Updating cases...
[2023-03-23T21:32:20.028] [INFO] default - Updating cases...
[2023-03-23T21:32:25.037] [INFO] default - Updating cases...
[2023-03-23T21:32:30.052] [INFO] default - Updating cases...
[2023-03-23T21:32:35.054] [INFO] default - Updating cases...
[2023-03-23T21:32:40.065] [INFO] default - Updating cases...
[2023-03-23T21:32:45.080] [INFO] default - Updating cases...
[2023-03-23T21:32:50.082] [INFO] default - Updating cases...
[2023-03-23T21:32:55.088] [INFO] default - Updating cases...
[2023-03-23T21:33:00.096] [INFO] default - Updating cases...
[2023-03-23T21:33:05.104] [INFO] default - Updating cases...
[2023-03-23T21:33:10.113] [INFO] default - Updating cases...
[2023-03-23T21:33:15.126] [INFO] default - Updating cases...
[2023-03-23T21:33:20.142] [INFO] default - Updating cases...
[2023-03-23T21:33:25.148] [INFO] default - Updating cases...
[2023-03-23T21:33:30.150] [INFO] default - Updating cases...
[2023-03-23T21:33:35.153] [INFO] default - Updating cases...
[2023-03-23T21:33:40.167] [INFO] default - Updating cases...
[2023-03-23T21:33:45.184] [INFO] default - Updating cases...
[2023-03-23T21:33:50.202] [INFO] default - Updating cases...
[2023-03-23T21:33:55.214] [INFO] default - Updating cases...
[2023-03-23T21:34:00.224] [INFO] default - Updating cases...
[2023-03-23T21:34:05.231] [INFO] default - Updating cases...
[2023-03-23T21:34:10.233] [INFO] default - Updating cases...
[2023-03-23T21:34:15.236] [INFO] default - Updating cases...
[2023-03-23T21:34:20.246] [INFO] default - Updating cases...
[2023-03-23T21:34:25.247] [INFO] default - Updating cases...
[2023-03-23T21:34:30.250] [INFO] default - Updating cases...
[2023-03-23T21:34:35.259] [INFO] default - Updating cases...
[2023-03-23T21:34:40.271] [INFO] default - Updating cases...
[2023-03-23T21:34:45.284] [INFO] default - Updating cases...
[2023-03-23T21:34:50.295] [INFO] default - Updating cases...
[2023-03-23T21:34:55.311] [INFO] default - Updating cases...
[2023-03-23T21:35:00.325] [INFO] default - Updating cases...
[2023-03-23T21:35:05.333] [INFO] default - Updating cases...
[2023-03-23T21:35:10.337] [INFO] default - Updating cases...
[2023-03-23T21:35:15.341] [INFO] default - Updating cases...
[2023-03-23T21:35:20.344] [INFO] default - Updating cases...
[2023-03-23T21:35:25.353] [INFO] default - Updating cases...
[2023-03-23T21:35:30.367] [INFO] default - Updating cases...
[2023-03-23T21:35:35.371] [INFO] default - Updating cases...
[2023-03-23T21:35:40.381] [INFO] default - Updating cases...
[2023-03-23T21:35:45.392] [INFO] default - Updating cases...
[2023-03-23T21:35:50.408] [INFO] default - Updating cases...
[2023-03-23T21:35:55.413] [INFO] default - Updating cases...
[2023-03-23T21:36:00.425] [INFO] default - Updating cases...
[2023-03-23T21:36:05.427] [INFO] default - Updating cases...
[2023-03-23T21:36:10.429] [INFO] default - Updating cases...
[2023-03-23T21:36:15.445] [INFO] default - Updating cases...
[2023-03-23T21:36:20.449] [INFO] default - Updating cases...
[2023-03-23T21:36:25.453] [INFO] default - Updating cases...
[2023-03-23T21:36:30.482] [INFO] default - Updating cases...
[2023-03-23T21:36:35.496] [INFO] default - Updating cases...
[2023-03-23T21:36:40.512] [INFO] default - Updating cases...
[2023-03-23T21:36:45.520] [INFO] default - Updating cases...
[2023-03-23T21:36:50.528] [INFO] default - Updating cases...
[2023-03-23T21:36:55.530] [INFO] default - Updating cases...
[2023-03-23T21:37:00.541] [INFO] default - Updating cases...
[2023-03-23T21:37:05.555] [INFO] default - Updating cases...
[2023-03-23T21:37:10.565] [INFO] default - Updating cases...
[2023-03-23T21:37:15.581] [INFO] default - Updating cases...
[2023-03-23T21:37:20.592] [INFO] default - Updating cases...
[2023-03-23T21:37:25.603] [INFO] default - Updating cases...
[2023-03-23T21:37:30.607] [INFO] default - Updating cases...
[2023-03-23T21:37:35.617] [INFO] default - Updating cases...
[2023-03-23T21:37:40.633] [INFO] default - Updating cases...
[2023-03-23T21:37:45.642] [INFO] default - Updating cases...
[2023-03-23T21:37:50.651] [INFO] default - Updating cases...
[2023-03-23T21:37:55.672] [INFO] default - Updating cases...
[2023-03-23T21:38:00.688] [INFO] default - Updating cases...
[2023-03-23T21:38:05.692] [INFO] default - Updating cases...
[2023-03-23T21:38:10.702] [INFO] default - Updating cases...
[2023-03-23T21:38:15.708] [INFO] default - Updating cases...
[2023-03-23T21:38:20.762] [INFO] default - Updating cases...
[2023-03-23T21:38:25.766] [INFO] default - Updating cases...
[2023-03-23T21:38:30.768] [INFO] default - Updating cases...
[2023-03-23T21:38:35.780] [INFO] default - Updating cases...
[2023-03-23T21:38:40.782] [INFO] default - Updating cases...
[2023-03-23T21:38:45.808] [INFO] default - Updating cases...
[2023-03-23T21:38:50.818] [INFO] default - Updating cases...
[2023-03-23T21:38:55.821] [INFO] default - Updating cases...
[2023-03-23T21:39:00.826] [INFO] default - Updating cases...
[2023-03-23T21:39:05.830] [INFO] default - Updating cases...
[2023-03-23T21:39:10.842] [INFO] default - Updating cases...
[2023-03-23T21:39:15.854] [INFO] default - Updating cases...
[2023-03-23T21:39:20.867] [INFO] default - Updating cases...
[2023-03-23T21:39:25.877] [INFO] default - Updating cases...
[2023-03-23T21:39:30.883] [INFO] default - Updating cases...
[2023-03-23T21:39:35.898] [INFO] default - Updating cases...
[2023-03-23T21:39:40.907] [INFO] default - Updating cases...
[2023-03-23T21:39:45.912] [INFO] default - Updating cases...
[2023-03-23T21:39:50.918] [INFO] default - Updating cases...
[2023-03-23T21:39:55.921] [INFO] default - Updating cases...
[2023-03-23T21:40:00.933] [INFO] default - Updating cases...
[2023-03-23T21:40:05.939] [INFO] default - Updating cases...
[2023-03-23T21:40:10.951] [INFO] default - Updating cases...
[2023-03-23T21:40:15.961] [INFO] default - Updating cases...
[2023-03-23T21:40:20.969] [INFO] default - Updating cases...
[2023-03-23T21:40:25.984] [INFO] default - Updating cases...
[2023-03-23T21:40:31.001] [INFO] default - Updating cases...
[2023-03-23T21:40:36.005] [INFO] default - Updating cases...
[2023-03-23T21:40:41.019] [INFO] default - Updating cases...
[2023-03-23T21:40:46.032] [INFO] default - Updating cases...
[2023-03-23T21:40:51.047] [INFO] default - Updating cases...
[2023-03-23T21:40:56.062] [INFO] default - Updating cases...
[2023-03-23T21:41:01.067] [INFO] default - Updating cases...
[2023-03-23T21:41:06.081] [INFO] default - Updating cases...
[2023-03-23T21:41:11.087] [INFO] default - Updating cases...
[2023-03-23T21:41:16.088] [INFO] default - Updating cases...
[2023-03-23T21:41:21.113] [INFO] default - Updating cases...
[2023-03-23T21:41:26.115] [INFO] default - Updating cases...
[2023-03-23T21:41:31.127] [INFO] default - Updating cases...
[2023-03-23T21:41:36.130] [INFO] default - Updating cases...
[2023-03-23T21:41:41.138] [INFO] default - Updating cases...
[2023-03-23T21:41:46.147] [INFO] default - Updating cases...
[2023-03-23T21:41:51.161] [INFO] default - Updating cases...
[2023-03-23T21:41:56.164] [INFO] default - Updating cases...
[2023-03-23T21:42:01.179] [INFO] default - Updating cases...
[2023-03-23T21:42:06.181] [INFO] default - Updating cases...
[2023-03-23T21:42:11.186] [INFO] default - Updating cases...
[2023-03-23T21:42:16.190] [INFO] default - Updating cases...
[2023-03-23T21:42:21.206] [INFO] default - Updating cases...
[2023-03-23T21:42:26.210] [INFO] default - Updating cases...
[2023-03-23T21:42:31.223] [INFO] default - Updating cases...
[2023-03-23T21:42:36.234] [INFO] default - Updating cases...
[2023-03-23T21:42:41.241] [INFO] default - Updating cases...
[2023-03-23T21:42:46.255] [INFO] default - Updating cases...
[2023-03-23T21:42:51.259] [INFO] default - Updating cases...
[2023-03-23T21:42:56.274] [INFO] default - Updating cases...
[2023-03-23T21:43:01.277] [INFO] default - Updating cases...
[2023-03-23T21:43:06.280] [INFO] default - Updating cases...
[2023-03-23T21:43:11.297] [INFO] default - Updating cases...
[2023-03-23T21:43:16.312] [INFO] default - Updating cases...
[2023-03-23T21:43:21.315] [INFO] default - Updating cases...
[2023-03-23T21:43:26.318] [INFO] default - Updating cases...
[2023-03-23T21:43:31.336] [INFO] default - Updating cases...
[2023-03-23T21:43:36.344] [INFO] default - Updating cases...
[2023-03-23T21:43:41.360] [INFO] default - Updating cases...
[2023-03-23T21:43:46.366] [INFO] default - Updating cases...
[2023-03-23T21:43:51.379] [INFO] default - Updating cases...
[2023-03-23T21:43:56.381] [INFO] default - Updating cases...
[2023-03-23T21:44:01.384] [INFO] default - Updating cases...
[2023-03-23T21:44:06.389] [INFO] default - Updating cases...
[2023-03-23T21:44:11.392] [INFO] default - Updating cases...
[2023-03-23T21:44:16.408] [INFO] default - Updating cases...
[2023-03-23T21:44:21.411] [INFO] default - Updating cases...
[2023-03-23T21:44:26.424] [INFO] default - Updating cases...
[2023-03-23T21:44:31.440] [INFO] default - Updating cases...
[2023-03-23T21:44:36.458] [INFO] default - Updating cases...
[2023-03-23T21:44:41.476] [INFO] default - Updating cases...
[2023-03-23T21:44:46.489] [INFO] default - Updating cases...
[2023-03-23T21:44:51.498] [INFO] default - Updating cases...
[2023-03-23T21:44:56.500] [INFO] default - Updating cases...
[2023-03-23T21:45:01.508] [INFO] default - Updating cases...
[2023-03-23T21:45:06.525] [INFO] default - Updating cases...
[2023-03-23T21:45:11.638] [INFO] default - Updating cases...
[2023-03-23T21:45:16.651] [INFO] default - Updating cases...
[2023-03-23T21:45:21.661] [INFO] default - Updating cases...
[2023-03-23T21:45:26.664] [INFO] default - Updating cases...
[2023-03-23T21:45:31.675] [INFO] default - Updating cases...
[2023-03-23T21:45:36.682] [INFO] default - Updating cases...
[2023-03-23T21:45:41.689] [INFO] default - Updating cases...
[2023-03-23T21:45:46.695] [INFO] default - Updating cases...
[2023-03-23T21:45:51.704] [INFO] default - Updating cases...
[2023-03-23T21:45:56.713] [INFO] default - Updating cases...
[2023-03-23T21:46:01.724] [INFO] default - Updating cases...
[2023-03-23T21:46:06.739] [INFO] default - Updating cases...
[2023-03-23T21:46:11.748] [INFO] default - Updating cases...
[2023-03-23T21:46:16.763] [INFO] default - Updating cases...
[2023-03-23T21:46:21.778] [INFO] default - Updating cases...
[2023-03-23T21:46:26.782] [INFO] default - Updating cases...
[2023-03-23T21:46:31.795] [INFO] default - Updating cases...
[2023-03-23T21:46:36.804] [INFO] default - Updating cases...
[2023-03-23T21:46:41.812] [INFO] default - Updating cases...
[2023-03-23T21:46:46.826] [INFO] default - Updating cases...
[2023-03-23T21:46:51.930] [INFO] default - Updating cases...
[2023-03-23T21:46:57.116] [INFO] default - Updating cases...
[2023-03-23T21:47:02.131] [INFO] default - Updating cases...
[2023-03-23T21:47:07.137] [INFO] default - Updating cases...
[2023-03-23T21:47:12.143] [INFO] default - Updating cases...
[2023-03-23T21:47:17.164] [INFO] default - Updating cases...
[2023-03-23T21:47:22.197] [INFO] default - Updating cases...
[2023-03-23T21:47:27.211] [INFO] default - Updating cases...
[2023-03-23T21:47:32.219] [INFO] default - Updating cases...
[2023-03-23T21:47:37.224] [INFO] default - Updating cases...
[2023-03-23T21:47:42.248] [INFO] default - Updating cases...
[2023-03-23T21:47:47.258] [INFO] default - Updating cases...
[2023-03-23T21:47:52.261] [INFO] default - Updating cases...
[2023-03-23T21:47:57.274] [INFO] default - Updating cases...
[2023-03-23T21:48:02.281] [INFO] default - Updating cases...
[2023-03-23T21:48:07.291] [INFO] default - Updating cases...
[2023-03-23T21:48:12.308] [INFO] default - Updating cases...
[2023-03-23T21:48:17.321] [INFO] default - Updating cases...
[2023-03-23T21:48:22.331] [INFO] default - Updating cases...
[2023-03-23T21:48:27.340] [INFO] default - Updating cases...
[2023-03-23T21:48:32.353] [INFO] default - Updating cases...
[2023-03-23T21:48:37.359] [INFO] default - Updating cases...
[2023-03-23T21:48:42.367] [INFO] default - Updating cases...
[2023-03-23T21:48:47.381] [INFO] default - Updating cases...
[2023-03-23T21:48:52.388] [INFO] default - Updating cases...
[2023-03-23T21:48:57.396] [INFO] default - Updating cases...
[2023-03-23T21:49:02.398] [INFO] default - Updating cases...
[2023-03-23T21:49:07.400] [INFO] default - Updating cases...
[2023-03-23T21:49:12.405] [INFO] default - Updating cases...
[2023-03-23T21:49:17.407] [INFO] default - Updating cases...
[2023-03-23T21:49:22.423] [INFO] default - Updating cases...
[2023-03-23T21:49:27.429] [INFO] default - Updating cases...
[2023-03-23T21:49:32.447] [INFO] default - Updating cases...
[2023-03-23T21:49:37.456] [INFO] default - Updating cases...
[2023-03-23T21:49:42.466] [INFO] default - Updating cases...
[2023-03-23T21:49:47.472] [INFO] default - Updating cases...
[2023-03-23T21:49:52.483] [INFO] default - Updating cases...
[2023-03-23T21:49:57.495] [INFO] default - Updating cases...
[2023-03-23T21:50:02.498] [INFO] default - Updating cases...
[2023-03-23T21:50:07.509] [INFO] default - Updating cases...
[2023-03-23T21:50:12.519] [INFO] default - Updating cases...
[2023-03-23T21:50:17.529] [INFO] default - Updating cases...
[2023-03-23T21:50:22.531] [INFO] default - Updating cases...
[2023-03-23T21:50:27.533] [INFO] default - Updating cases...
[2023-03-23T21:50:32.549] [INFO] default - Updating cases...
[2023-03-23T21:50:37.561] [INFO] default - Updating cases...
[2023-03-23T21:50:42.568] [INFO] default - Updating cases...
[2023-03-23T21:50:47.581] [INFO] default - Updating cases...
[2023-03-23T21:50:52.589] [INFO] default - Updating cases...
[2023-03-23T21:50:57.598] [INFO] default - Updating cases...
[2023-03-23T21:51:02.607] [INFO] default - Updating cases...
[2023-03-23T21:51:07.618] [INFO] default - Updating cases...
[2023-03-23T21:51:12.622] [INFO] default - Updating cases...
[2023-03-23T21:51:17.630] [INFO] default - Updating cases...
[2023-03-23T21:51:22.638] [INFO] default - Updating cases...
[2023-03-23T21:51:27.643] [INFO] default - Updating cases...
[2023-03-23T21:51:32.647] [INFO] default - Updating cases...
[2023-03-23T21:51:37.662] [INFO] default - Updating cases...
[2023-03-23T21:51:42.664] [INFO] default - Updating cases...
[2023-03-23T21:51:47.666] [INFO] default - Updating cases...
[2023-03-23T21:51:52.671] [INFO] default - Updating cases...
[2023-03-23T21:51:57.676] [INFO] default - Updating cases...
[2023-03-23T21:52:02.684] [INFO] default - Updating cases...
[2023-03-23T21:52:07.695] [INFO] default - Updating cases...
[2023-03-23T21:52:12.698] [INFO] default - Updating cases...
[2023-03-23T21:52:17.704] [INFO] default - Updating cases...
[2023-03-23T21:52:22.716] [INFO] default - Updating cases...
[2023-03-23T21:52:27.726] [INFO] default - Updating cases...
[2023-03-23T21:52:32.734] [INFO] default - Updating cases...
[2023-03-23T21:52:37.739] [INFO] default - Updating cases...
[2023-03-23T21:52:42.745] [INFO] default - Updating cases...
[2023-03-23T21:52:47.751] [INFO] default - Updating cases...
[2023-03-23T21:52:52.760] [INFO] default - Updating cases...
[2023-03-23T21:52:57.776] [INFO] default - Updating cases...
[2023-03-23T21:53:02.788] [INFO] default - Updating cases...
[2023-03-23T21:53:07.804] [INFO] default - Updating cases...
[2023-03-23T21:53:12.817] [INFO] default - Updating cases...
[2023-03-23T21:53:17.820] [INFO] default - Updating cases...
[2023-03-23T21:53:22.828] [INFO] default - Updating cases...
[2023-03-23T21:53:27.843] [INFO] default - Updating cases...
[2023-03-23T21:53:32.855] [INFO] default - Updating cases...
[2023-03-23T21:53:37.860] [INFO] default - Updating cases...
[2023-03-23T21:53:42.868] [INFO] default - Updating cases...
[2023-03-23T21:53:47.881] [INFO] default - Updating cases...
[2023-03-23T21:53:52.882] [INFO] default - Updating cases...
[2023-03-23T21:53:57.887] [INFO] default - Updating cases...
[2023-03-23T21:54:02.905] [INFO] default - Updating cases...
[2023-03-23T21:54:07.923] [INFO] default - Updating cases...
[2023-03-23T21:54:12.976] [INFO] default - Updating cases...
[2023-03-23T21:54:17.981] [INFO] default - Updating cases...
[2023-03-23T21:54:22.996] [INFO] default - Updating cases...
[2023-03-23T21:54:28.005] [INFO] default - Updating cases...
[2023-03-23T21:54:33.013] [INFO] default - Updating cases...
[2023-03-23T21:54:38.015] [INFO] default - Updating cases...
[2023-03-23T21:54:43.030] [INFO] default - Updating cases...
[2023-03-23T21:54:48.033] [INFO] default - Updating cases...
[2023-03-23T21:54:53.043] [INFO] default - Updating cases...
[2023-03-23T21:54:58.049] [INFO] default - Updating cases...
[2023-03-23T21:55:03.060] [INFO] default - Updating cases...
[2023-03-23T21:55:08.067] [INFO] default - Updating cases...
[2023-03-23T21:55:13.080] [INFO] default - Updating cases...
[2023-03-23T21:55:18.093] [INFO] default - Updating cases...
[2023-03-23T21:55:23.101] [INFO] default - Updating cases...
[2023-03-23T21:55:28.104] [INFO] default - Updating cases...
[2023-03-23T21:55:33.111] [INFO] default - Updating cases...
[2023-03-23T21:55:38.116] [INFO] default - Updating cases...
[2023-03-23T21:55:43.121] [INFO] default - Updating cases...
[2023-03-23T21:55:48.130] [INFO] default - Updating cases...
[2023-03-23T21:55:53.134] [INFO] default - Updating cases...
[2023-03-23T21:55:58.135] [INFO] default - Updating cases...
[2023-03-23T21:56:03.156] [INFO] default - Updating cases...
[2023-03-23T21:56:08.167] [INFO] default - Updating cases...
[2023-03-23T21:56:13.183] [INFO] default - Updating cases...
[2023-03-23T21:56:18.186] [INFO] default - Updating cases...
[2023-03-23T21:56:23.195] [INFO] default - Updating cases...
[2023-03-23T21:56:28.207] [INFO] default - Updating cases...
[2023-03-23T21:56:33.221] [INFO] default - Updating cases...
[2023-03-23T21:56:38.232] [INFO] default - Updating cases...
[2023-03-23T21:56:43.242] [INFO] default - Updating cases...
[2023-03-23T21:56:48.249] [INFO] default - Updating cases...
[2023-03-23T21:56:53.252] [INFO] default - Updating cases...
[2023-03-23T21:56:58.264] [INFO] default - Updating cases...
[2023-03-23T21:57:03.268] [INFO] default - Updating cases...
[2023-03-23T21:57:08.273] [INFO] default - Updating cases...
