[2023-03-24T01:46:34.317] [INFO] default - Logged in as Jayfeather#0862
[2023-03-24T01:46:34.324] [INFO] default - Loading module WelcomeAndGoodbye.js
[2023-03-24T01:46:34.327] [INFO] default - Loading module Ban.js
[2023-03-24T01:46:34.329] [INFO] default - Loading module ReactRoles.js
[2023-03-24T01:46:34.331] [INFO] default - Loading module RelayHandler.js
[2023-03-24T01:46:34.333] [INFO] default - Loading module Verification.js
[2023-03-24T01:46:34.337] [INFO] default - Loading command Ban.command.js
[2023-03-24T01:46:34.365] [INFO] default - Loaded command CHAT_INPUT_ban
[2023-03-24T01:46:34.369] [INFO] default - Loading command Cases.command.js
[2023-03-24T01:46:34.376] [INFO] default - Loaded command CHAT_INPUT_cases
[2023-03-24T01:46:34.383] [INFO] default - Loading command Embed.command.js
[2023-03-24T01:46:34.395] [INFO] default - Loaded command CHAT_INPUT_embed
[2023-03-24T01:46:34.398] [INFO] default - Loading command Kick.command.js
[2023-03-24T01:46:34.406] [INFO] default - Loaded command CHAT_INPUT_kick
[2023-03-24T01:46:34.486] [INFO] default - Loading command Mute.command.js
[2023-03-24T01:46:34.561] [INFO] default - Loaded command CHAT_INPUT_mute
[2023-03-24T01:46:34.586] [INFO] default - Loading command ReactionRoles.command.js
[2023-03-24T01:46:34.635] [INFO] default - Loaded command CHAT_INPUT_reactroles
[2023-03-24T01:46:34.774] [INFO] default - Loading command Reason.command.js
[2023-03-24T01:46:34.867] [INFO] default - Loaded command CHAT_INPUT_reason
[2023-03-24T01:46:34.872] [INFO] default - Loading command Unban.command.js
[2023-03-24T01:46:34.879] [INFO] default - Loaded command CHAT_INPUT_unban
[2023-03-24T01:46:34.887] [INFO] default - Loading command Unmute.command.js
[2023-03-24T01:46:34.893] [INFO] default - Loaded command CHAT_INPUT_unmute
[2023-03-24T01:46:34.895] [INFO] default - Loading command Warn.command.js
[2023-03-24T01:46:34.901] [INFO] default - Loaded command CHAT_INPUT_warn
[2023-03-24T01:46:34.916] [INFO] default - Loading command Ban.command.js
[2023-03-24T01:46:34.958] [INFO] default - Loaded command MESSAGE_CONTEXT_Ban
[2023-03-24T01:46:34.966] [INFO] default - Loading command Kick.command.js
[2023-03-24T01:46:34.973] [INFO] default - Loaded command MESSAGE_CONTEXT_Kick
[2023-03-24T01:46:34.977] [INFO] default - Loading command Mute.command.js
[2023-03-24T01:46:35.007] [INFO] default - Loaded command MESSAGE_CONTEXT_Mute
[2023-03-24T01:46:35.016] [INFO] default - Loading command Warn.command.js
[2023-03-24T01:46:35.027] [INFO] default - Loaded command MESSAGE_CONTEXT_Warn
[2023-03-24T01:46:35.064] [INFO] default - Loading command Ban.command.js
[2023-03-24T01:46:35.074] [INFO] default - Loaded command USER_CONTEXT_Ban
[2023-03-24T01:46:35.095] [INFO] default - Loading command Kick.command.js
[2023-03-24T01:46:35.109] [INFO] default - Loaded command USER_CONTEXT_Kick
[2023-03-24T01:46:35.117] [INFO] default - Loading command Mute.command.js
[2023-03-24T01:46:35.127] [INFO] default - Loaded command USER_CONTEXT_Mute
[2023-03-24T01:46:35.133] [INFO] default - Loading command Warn.command.js
[2023-03-24T01:46:35.151] [INFO] default - Loaded command USER_CONTEXT_Warn
[2023-03-24T01:46:35.198] [INFO] default - All modules and commands loaded
[2023-03-24T01:46:35.284] [INFO] default - Loading module Kick.js
[2023-03-24T01:46:35.294] [INFO] default - Loading module TicketManager.js
[2023-03-24T01:46:35.305] [INFO] default - Loading module VerificationManager.js
[2023-03-24T01:46:35.314] [INFO] default - Loading module Logging.js
[2023-03-24T01:46:35.344] [INFO] default - Loading module Mute.js
[2023-03-24T01:46:35.348] [INFO] default - Loading module UpdateCase.js
[2023-03-24T01:46:35.369] [INFO] default - Loading module Warn.js
[2023-03-24T01:46:38.373] [INFO] default - Updating cases...
[2023-03-24T01:46:43.532] [INFO] default - Updating cases...
[2023-03-24T01:46:48.536] [INFO] default - Updating cases...
[2023-03-24T01:46:53.548] [INFO] default - Updating cases...
[2023-03-24T01:46:58.563] [INFO] default - Updating cases...
[2023-03-24T01:47:03.580] [INFO] default - Updating cases...
[2023-03-24T01:47:08.583] [INFO] default - Updating cases...
[2023-03-24T01:47:13.592] [INFO] default - Updating cases...
[2023-03-24T01:47:18.597] [INFO] default - Updating cases...
[2023-03-24T01:47:23.607] [INFO] default - Updating cases...
[2023-03-24T01:47:28.619] [INFO] default - Updating cases...
[2023-03-24T01:47:33.635] [INFO] default - Updating cases...
[2023-03-24T01:47:38.648] [INFO] default - Updating cases...
[2023-03-24T01:47:43.659] [INFO] default - Updating cases...
[2023-03-24T01:47:48.663] [INFO] default - Updating cases...
[2023-03-24T01:47:53.665] [INFO] default - Updating cases...
[2023-03-24T01:47:58.671] [INFO] default - Updating cases...
[2023-03-24T01:48:03.678] [INFO] default - Updating cases...
[2023-03-24T01:48:08.681] [INFO] default - Updating cases...
[2023-03-24T01:48:13.689] [INFO] default - Updating cases...
[2023-03-24T01:48:18.705] [INFO] default - Updating cases...
[2023-03-24T01:48:23.710] [INFO] default - Updating cases...
[2023-03-24T01:48:28.723] [INFO] default - Updating cases...
[2023-03-24T01:48:33.734] [INFO] default - Updating cases...
[2023-03-24T01:48:38.745] [INFO] default - Updating cases...
[2023-03-24T01:48:43.753] [INFO] default - Updating cases...
[2023-03-24T01:48:48.768] [INFO] default - Updating cases...
[2023-03-24T01:48:53.774] [INFO] default - Updating cases...
[2023-03-24T01:48:58.783] [INFO] default - Updating cases...
[2023-03-24T01:49:03.787] [INFO] default - Updating cases...
[2023-03-24T01:49:08.804] [INFO] default - Updating cases...
[2023-03-24T01:49:13.806] [INFO] default - Updating cases...
[2023-03-24T01:49:18.810] [INFO] default - Updating cases...
[2023-03-24T01:49:23.819] [INFO] default - Updating cases...
[2023-03-24T01:49:28.830] [INFO] default - Updating cases...
[2023-03-24T01:49:33.846] [INFO] default - Updating cases...
[2023-03-24T01:49:38.851] [INFO] default - Updating cases...
[2023-03-24T01:49:43.856] [INFO] default - Updating cases...
[2023-03-24T01:49:48.872] [INFO] default - Updating cases...
[2023-03-24T01:49:53.889] [INFO] default - Updating cases...
[2023-03-24T01:49:58.893] [INFO] default - Updating cases...
[2023-03-24T01:50:03.902] [INFO] default - Updating cases...
[2023-03-24T01:50:08.906] [INFO] default - Updating cases...
[2023-03-24T01:50:13.911] [INFO] default - Updating cases...
[2023-03-24T01:50:18.915] [INFO] default - Updating cases...
[2023-03-24T01:50:23.926] [INFO] default - Updating cases...
[2023-03-24T01:50:28.930] [INFO] default - Updating cases...
[2023-03-24T01:50:33.938] [INFO] default - Updating cases...
[2023-03-24T01:50:38.944] [INFO] default - Updating cases...
[2023-03-24T01:50:43.959] [INFO] default - Updating cases...
[2023-03-24T01:50:48.967] [INFO] default - Updating cases...
[2023-03-24T01:50:53.983] [INFO] default - Updating cases...
[2023-03-24T01:50:58.993] [INFO] default - Updating cases...
[2023-03-24T01:51:03.996] [INFO] default - Updating cases...
[2023-03-24T01:51:08.998] [INFO] default - Updating cases...
[2023-03-24T01:51:14.002] [INFO] default - Updating cases...
[2023-03-24T01:51:19.005] [INFO] default - Updating cases...
[2023-03-24T01:51:24.025] [INFO] default - Updating cases...
[2023-03-24T01:51:29.039] [INFO] default - Updating cases...
[2023-03-24T01:51:34.046] [INFO] default - Updating cases...
[2023-03-24T01:51:39.056] [INFO] default - Updating cases...
[2023-03-24T01:51:44.063] [INFO] default - Updating cases...
[2023-03-24T01:51:49.071] [INFO] default - Updating cases...
[2023-03-24T01:51:54.085] [INFO] default - Updating cases...
[2023-03-24T01:51:59.091] [INFO] default - Updating cases...
[2023-03-24T01:52:04.105] [INFO] default - Updating cases...
[2023-03-24T01:52:09.106] [INFO] default - Updating cases...
[2023-03-24T01:52:14.117] [INFO] default - Updating cases...
[2023-03-24T01:52:19.118] [INFO] default - Updating cases...
[2023-03-24T01:52:24.135] [INFO] default - Updating cases...
[2023-03-24T01:52:29.150] [INFO] default - Updating cases...
[2023-03-24T01:52:34.161] [INFO] default - Updating cases...
[2023-03-24T01:52:39.168] [INFO] default - Updating cases...
[2023-03-24T01:52:44.183] [INFO] default - Updating cases...
[2023-03-24T01:52:49.197] [INFO] default - Updating cases...
[2023-03-24T01:52:54.200] [INFO] default - Updating cases...
[2023-03-24T01:52:59.207] [INFO] default - Updating cases...
[2023-03-24T01:53:04.220] [INFO] default - Updating cases...
[2023-03-24T01:53:09.244] [INFO] default - Updating cases...
[2023-03-24T01:53:14.251] [INFO] default - Updating cases...
