[2023-03-21T23:04:01.026] [INFO] default - Logged in as Academia#0862
[2023-03-21T23:04:01.070] [INFO] default - Loading module Ban.js
[2023-03-21T23:04:01.077] [INFO] default - Loading command Ban.command.js
[2023-03-21T23:04:01.106] [INFO] default - Loaded command CHAT_INPUT_ban
[2023-03-21T23:04:01.109] [INFO] default - Loading command Kick.command.js
[2023-03-21T23:04:01.116] [INFO] default - Loaded command CHAT_INPUT_kick
[2023-03-21T23:04:01.124] [INFO] default - Loading command Mute.command.js
[2023-03-21T23:04:01.131] [INFO] default - Loaded command CHAT_INPUT_mute
[2023-03-21T23:04:01.133] [INFO] default - Loading command Warn.command.js
[2023-03-21T23:04:01.137] [INFO] default - Loaded command CHAT_INPUT_warn
[2023-03-21T23:04:01.139] [INFO] default - Loading command Ban.command.js
[2023-03-21T23:04:01.143] [INFO] default - Loaded command MESSAGE_CONTEXT_Ban
[2023-03-21T23:04:01.144] [INFO] default - Loading command Kick.command.js
[2023-03-21T23:04:01.162] [INFO] default - Loaded command MESSAGE_CONTEXT_Kick
[2023-03-21T23:04:01.163] [INFO] default - Loading command Mute.command.js
[2023-03-21T23:04:01.168] [INFO] default - Loaded command MESSAGE_CONTEXT_Mute
[2023-03-21T23:04:01.170] [INFO] default - Loading command Warn.command.js
[2023-03-21T23:04:01.173] [INFO] default - Loaded command MESSAGE_CONTEXT_Warn
[2023-03-21T23:04:01.174] [INFO] default - Loading command Ban.command.js
[2023-03-21T23:04:01.177] [INFO] default - Loaded command USER_CONTEXT_Ban
[2023-03-21T23:04:01.179] [INFO] default - Loading command Kick.command.js
[2023-03-21T23:04:01.181] [INFO] default - Loaded command USER_CONTEXT_Kick
[2023-03-21T23:04:01.181] [INFO] default - Loading command Mute.command.js
[2023-03-21T23:04:01.184] [INFO] default - Loaded command USER_CONTEXT_Mute
[2023-03-21T23:04:01.184] [INFO] default - Loading command Warn.command.js
[2023-03-21T23:04:01.186] [INFO] default - Loaded command USER_CONTEXT_Warn
[2023-03-21T23:04:01.187] [INFO] default - All modules and commands loaded
[2023-03-21T23:04:01.196] [INFO] default - Loading module Kick.js
[2023-03-21T23:04:01.197] [INFO] default - Loading module Logging.js
[2023-03-21T23:04:01.199] [INFO] default - Loading module Mute.js
[2023-03-21T23:04:01.201] [INFO] default - Loading module UpdateCase.js
[2023-03-21T23:04:01.204] [INFO] default - Loading module Warn.js
[2023-03-21T23:04:04.211] [INFO] default - Updating cases...
[2023-03-21T23:04:09.222] [INFO] default - Updating cases...
[2023-03-21T23:04:14.241] [INFO] default - Updating cases...
[2023-03-21T23:04:19.244] [INFO] default - Updating cases...
[2023-03-21T23:04:24.257] [INFO] default - Updating cases...
[2023-03-21T23:04:29.270] [INFO] default - Updating cases...
[2023-03-21T23:04:34.283] [INFO] default - Updating cases...
[2023-03-21T23:04:39.301] [INFO] default - Updating cases...
[2023-03-21T23:04:41.966] [INFO] default - /mute run by Osmii#0076
[2023-03-21T23:04:42.537] [ERROR] default - Error [InteractionNotReplied]: The reply to this interaction has not been sent or deferred.
    at ChatInputCommandInteraction.followUp (C:\Users\Osmii\Desktop\Personal\discord bots\verification\node_modules\discord.js\src\structures\interfaces\InteractionResponses.js:177:64)
    at MuteCommand.<anonymous> (C:\Users\Osmii\Desktop\Personal\discord bots\verification\build\commands\chat-input\Mute.command.js:177:31)
    at Generator.next (<anonymous>)
    at fulfilled (C:\Users\Osmii\Desktop\Personal\discord bots\verification\build\commands\chat-input\Mute.command.js:5:58)
    at process.processTicksAndRejections (node:internal/process/task_queues:95:5) {
  code: 'InteractionNotReplied'
}
[2023-03-21T23:04:44.308] [INFO] default - Updating cases...
[2023-03-21T23:04:49.322] [INFO] default - Updating cases...
[2023-03-21T23:04:54.329] [INFO] default - Updating cases...
[2023-03-21T23:04:59.342] [INFO] default - Updating cases...
[2023-03-21T23:05:04.355] [INFO] default - Updating cases...
[2023-03-21T23:05:09.363] [INFO] default - Updating cases...
[2023-03-21T23:05:14.381] [INFO] default - Updating cases...
[2023-03-21T23:05:19.388] [INFO] default - Updating cases...
[2023-03-21T23:05:24.404] [INFO] default - Updating cases...
[2023-03-21T23:05:29.420] [INFO] default - Updating cases...
[2023-03-21T23:05:34.429] [INFO] default - Updating cases...
[2023-03-21T23:05:39.435] [INFO] default - Updating cases...
[2023-03-21T23:05:44.439] [INFO] default - Updating cases...
[2023-03-21T23:05:49.450] [INFO] default - Updating cases...
