[2023-03-21T23:12:47.366] [INFO] default - Logged in as Academia#0862
[2023-03-21T23:12:47.370] [INFO] default - Loading module Ban.js
[2023-03-21T23:12:47.371] [INFO] default - Loading command Ban.command.js
[2023-03-21T23:12:47.379] [INFO] default - Loaded command CHAT_INPUT_ban
[2023-03-21T23:12:47.380] [INFO] default - Loading command Kick.command.js
[2023-03-21T23:12:47.384] [INFO] default - Loaded command CHAT_INPUT_kick
[2023-03-21T23:12:47.385] [INFO] default - Loading command Mute.command.js
[2023-03-21T23:12:47.389] [INFO] default - Loaded command CHAT_INPUT_mute
[2023-03-21T23:12:47.390] [INFO] default - Loading command Warn.command.js
[2023-03-21T23:12:47.395] [INFO] default - Loaded command CHAT_INPUT_warn
[2023-03-21T23:12:47.397] [INFO] default - Loading command Ban.command.js
[2023-03-21T23:12:47.401] [INFO] default - Loaded command MESSAGE_CONTEXT_Ban
[2023-03-21T23:12:47.402] [INFO] default - Loading command Kick.command.js
[2023-03-21T23:12:47.405] [INFO] default - Loaded command MESSAGE_CONTEXT_Kick
[2023-03-21T23:12:47.406] [INFO] default - Loading command Mute.command.js
[2023-03-21T23:12:47.410] [INFO] default - Loaded command MESSAGE_CONTEXT_Mute
[2023-03-21T23:12:47.411] [INFO] default - Loading command Warn.command.js
[2023-03-21T23:12:47.413] [INFO] default - Loaded command MESSAGE_CONTEXT_Warn
[2023-03-21T23:12:47.415] [INFO] default - Loading command Ban.command.js
[2023-03-21T23:12:47.421] [INFO] default - Loaded command USER_CONTEXT_Ban
[2023-03-21T23:12:47.423] [INFO] default - Loading command Kick.command.js
[2023-03-21T23:12:47.425] [INFO] default - Loaded command USER_CONTEXT_Kick
[2023-03-21T23:12:47.426] [INFO] default - Loading command Mute.command.js
[2023-03-21T23:12:47.429] [INFO] default - Loaded command USER_CONTEXT_Mute
[2023-03-21T23:12:47.430] [INFO] default - Loading command Warn.command.js
[2023-03-21T23:12:47.434] [INFO] default - Loaded command USER_CONTEXT_Warn
[2023-03-21T23:12:47.436] [INFO] default - All modules and commands loaded
[2023-03-21T23:12:47.449] [INFO] default - Loading module Kick.js
[2023-03-21T23:12:47.452] [INFO] default - Loading module Logging.js
[2023-03-21T23:12:47.457] [INFO] default - Loading module Mute.js
[2023-03-21T23:12:47.459] [INFO] default - Loading module UpdateCase.js
[2023-03-21T23:12:47.463] [INFO] default - Loading module Warn.js
[2023-03-21T23:12:50.464] [INFO] default - Updating cases...
[2023-03-21T23:12:55.480] [INFO] default - Updating cases...
[2023-03-21T23:12:56.285] [INFO] default - /kick run by Osmii#0076
[2023-03-21T23:13:00.497] [INFO] default - Updating cases...
[2023-03-21T23:13:05.507] [INFO] default - Updating cases...
[2023-03-21T23:13:06.504] [INFO] default - /kick run by Osmii#0076
[2023-03-21T23:13:10.517] [INFO] default - Updating cases...
[2023-03-21T23:13:15.527] [INFO] default - Updating cases...
[2023-03-21T23:13:20.535] [INFO] default - Updating cases...
[2023-03-21T23:13:25.546] [INFO] default - Updating cases...
[2023-03-21T23:13:30.549] [INFO] default - Updating cases...
[2023-03-21T23:13:35.569] [INFO] default - Updating cases...
[2023-03-21T23:13:40.579] [INFO] default - Updating cases...
[2023-03-21T23:13:45.590] [INFO] default - Updating cases...
[2023-03-21T23:13:50.604] [INFO] default - Updating cases...
[2023-03-21T23:13:55.612] [INFO] default - Updating cases...
[2023-03-21T23:14:00.617] [INFO] default - Updating cases...
[2023-03-21T23:14:05.624] [INFO] default - Updating cases...
[2023-03-21T23:14:10.638] [INFO] default - Updating cases...
[2023-03-21T23:14:15.642] [INFO] default - Updating cases...
[2023-03-21T23:14:20.657] [INFO] default - Updating cases...
[2023-03-21T23:14:25.663] [INFO] default - Updating cases...
[2023-03-21T23:14:30.668] [INFO] default - Updating cases...
[2023-03-21T23:14:35.677] [INFO] default - Updating cases...
[2023-03-21T23:14:40.685] [INFO] default - Updating cases...
[2023-03-21T23:14:45.697] [INFO] default - Updating cases...
[2023-03-21T23:14:50.704] [INFO] default - Updating cases...
[2023-03-21T23:14:55.719] [INFO] default - Updating cases...
[2023-03-21T23:15:00.724] [INFO] default - Updating cases...
[2023-03-21T23:15:05.730] [INFO] default - Updating cases...
[2023-03-21T23:15:10.743] [INFO] default - Updating cases...
[2023-03-21T23:15:15.754] [INFO] default - Updating cases...
[2023-03-21T23:15:20.759] [INFO] default - Updating cases...
[2023-03-21T23:15:25.763] [INFO] default - Updating cases...
[2023-03-21T23:15:30.779] [INFO] default - Updating cases...
[2023-03-21T23:15:35.785] [INFO] default - Updating cases...
[2023-03-21T23:15:40.801] [INFO] default - Updating cases...
[2023-03-21T23:15:45.808] [INFO] default - Updating cases...
[2023-03-21T23:15:50.822] [INFO] default - Updating cases...
[2023-03-21T23:15:55.837] [INFO] default - Updating cases...
[2023-03-21T23:16:00.845] [INFO] default - Updating cases...
[2023-03-21T23:16:05.858] [INFO] default - Updating cases...
