[2023-03-22T00:18:41.609] [INFO] default - Logged in as Academia#0862
[2023-03-22T00:18:41.614] [INFO] default - Loading module Ban.js
[2023-03-22T00:18:41.617] [INFO] default - Loading command Ban.command.js
[2023-03-22T00:18:41.629] [INFO] default - Loaded command CHAT_INPUT_ban
[2023-03-22T00:18:41.630] [INFO] default - Loading command Kick.command.js
[2023-03-22T00:18:41.633] [INFO] default - Loaded command CHAT_INPUT_kick
[2023-03-22T00:18:41.635] [INFO] default - Loading command Mute.command.js
[2023-03-22T00:18:41.639] [INFO] default - Loaded command CHAT_INPUT_mute
[2023-03-22T00:18:41.640] [INFO] default - Loading command Unban.command.js
[2023-03-22T00:18:41.644] [INFO] default - Loaded command CHAT_INPUT_unban
[2023-03-22T00:18:41.645] [INFO] default - Loading command Unmute.command.js
[2023-03-22T00:18:41.647] [INFO] default - Loaded command CHAT_INPUT_unmute
[2023-03-22T00:18:41.648] [INFO] default - Loading command Warn.command.js
[2023-03-22T00:18:41.651] [INFO] default - Loaded command CHAT_INPUT_warn
[2023-03-22T00:18:41.653] [INFO] default - Loading command Ban.command.js
[2023-03-22T00:18:41.659] [INFO] default - Loaded command MESSAGE_CONTEXT_Ban
[2023-03-22T00:18:41.660] [INFO] default - Loading command Kick.command.js
[2023-03-22T00:18:41.664] [INFO] default - Loaded command MESSAGE_CONTEXT_Kick
[2023-03-22T00:18:41.665] [INFO] default - Loading command Mute.command.js
[2023-03-22T00:18:41.670] [INFO] default - Loaded command MESSAGE_CONTEXT_Mute
[2023-03-22T00:18:41.671] [INFO] default - Loading command Warn.command.js
[2023-03-22T00:18:41.674] [INFO] default - Loaded command MESSAGE_CONTEXT_Warn
[2023-03-22T00:18:41.676] [INFO] default - Loading command Ban.command.js
[2023-03-22T00:18:41.680] [INFO] default - Loaded command USER_CONTEXT_Ban
[2023-03-22T00:18:41.681] [INFO] default - Loading command Kick.command.js
[2023-03-22T00:18:41.684] [INFO] default - Loaded command USER_CONTEXT_Kick
[2023-03-22T00:18:41.685] [INFO] default - Loading command Mute.command.js
[2023-03-22T00:18:41.689] [INFO] default - Loaded command USER_CONTEXT_Mute
[2023-03-22T00:18:41.691] [INFO] default - Loading command Warn.command.js
[2023-03-22T00:18:41.694] [INFO] default - Loaded command USER_CONTEXT_Warn
[2023-03-22T00:18:41.695] [INFO] default - All modules and commands loaded
[2023-03-22T00:18:41.706] [INFO] default - Loading module Kick.js
[2023-03-22T00:18:41.708] [INFO] default - Loading module Logging.js
[2023-03-22T00:18:41.711] [INFO] default - Loading module Mute.js
[2023-03-22T00:18:41.713] [INFO] default - Loading module UpdateCase.js
[2023-03-22T00:18:41.719] [INFO] default - Loading module Warn.js
[2023-03-22T00:18:44.726] [INFO] default - Updating cases...
[2023-03-22T00:18:49.735] [INFO] default - Updating cases...
[2023-03-22T00:18:54.740] [INFO] default - Updating cases...
[2023-03-22T00:18:59.759] [INFO] default - Updating cases...
[2023-03-22T00:19:04.780] [INFO] default - Updating cases...
[2023-03-22T00:19:09.791] [INFO] default - Updating cases...
[2023-03-22T00:19:14.801] [INFO] default - Updating cases...
[2023-03-22T00:19:19.818] [INFO] default - Updating cases...
[2023-03-22T00:19:24.836] [INFO] default - Updating cases...
[2023-03-22T00:19:29.854] [INFO] default - Updating cases...
[2023-03-22T00:19:34.862] [INFO] default - Updating cases...
[2023-03-22T00:19:39.881] [INFO] default - Updating cases...
[2023-03-22T00:19:44.896] [INFO] default - Updating cases...
[2023-03-22T00:19:49.910] [INFO] default - Updating cases...
[2023-03-22T00:19:54.927] [INFO] default - Updating cases...
[2023-03-22T00:19:59.934] [INFO] default - Updating cases...
[2023-03-22T00:20:04.938] [INFO] default - Updating cases...
[2023-03-22T00:20:09.949] [INFO] default - Updating cases...
[2023-03-22T00:20:14.961] [INFO] default - Updating cases...
[2023-03-22T00:20:19.965] [INFO] default - Updating cases...
[2023-03-22T00:20:24.970] [INFO] default - Updating cases...
[2023-03-22T00:20:29.984] [INFO] default - Updating cases...
[2023-03-22T00:20:34.998] [INFO] default - Updating cases...
[2023-03-22T00:20:40.015] [INFO] default - Updating cases...
[2023-03-22T00:20:45.036] [INFO] default - Updating cases...
[2023-03-22T00:20:50.049] [INFO] default - Updating cases...
[2023-03-22T00:20:55.058] [INFO] default - Updating cases...
[2023-03-22T00:21:00.065] [INFO] default - Updating cases...
[2023-03-22T00:21:05.082] [INFO] default - Updating cases...
[2023-03-22T00:21:10.103] [INFO] default - Updating cases...
[2023-03-22T00:21:15.120] [INFO] default - Updating cases...
[2023-03-22T00:21:20.140] [INFO] default - Updating cases...
[2023-03-22T00:21:25.152] [INFO] default - Updating cases...
[2023-03-22T00:21:30.163] [INFO] default - Updating cases...
[2023-03-22T00:21:35.181] [INFO] default - Updating cases...
[2023-03-22T00:21:40.192] [INFO] default - Updating cases...
[2023-03-22T00:21:45.205] [INFO] default - Updating cases...
[2023-03-22T00:21:50.212] [INFO] default - Updating cases...
[2023-03-22T00:21:55.227] [INFO] default - Updating cases...
[2023-03-22T00:22:00.231] [INFO] default - Updating cases...
[2023-03-22T00:22:05.249] [INFO] default - Updating cases...
[2023-03-22T00:22:10.252] [INFO] default - Updating cases...
[2023-03-22T00:22:15.263] [INFO] default - Updating cases...
[2023-03-22T00:22:20.273] [INFO] default - Updating cases...
[2023-03-22T00:22:25.291] [INFO] default - Updating cases...
[2023-03-22T00:22:30.307] [INFO] default - Updating cases...
[2023-03-22T00:22:35.311] [INFO] default - Updating cases...
[2023-03-22T00:22:40.320] [INFO] default - Updating cases...
[2023-03-22T00:22:45.338] [INFO] default - Updating cases...
[2023-03-22T00:22:50.345] [INFO] default - Updating cases...
[2023-03-22T00:22:55.359] [INFO] default - Updating cases...
[2023-03-22T00:23:00.365] [INFO] default - Updating cases...
[2023-03-22T00:23:05.387] [INFO] default - Updating cases...
