[2023-03-23T20:52:04.236] [INFO] default - Logged in as UnnamedBot#0862
[2023-03-23T20:52:04.243] [INFO] default - Loading module WelcomeAndGoodbye.js
[2023-03-23T20:52:04.248] [INFO] default - Loading module Ban.js
[2023-03-23T20:52:04.253] [INFO] default - Loading module ReactRoles.js
[2023-03-23T20:52:04.257] [INFO] default - Loading module RelayHandler.js
[2023-03-23T20:52:04.262] [INFO] default - Loading module Verification.js
[2023-03-23T20:52:04.267] [INFO] default - Loading command Ban.command.js
[2023-03-23T20:52:04.289] [INFO] default - Loaded command CHAT_INPUT_ban
[2023-03-23T20:52:04.292] [INFO] default - Loading command Cases.command.js
[2023-03-23T20:52:04.298] [INFO] default - Loaded command CHAT_INPUT_cases
[2023-03-23T20:52:04.299] [INFO] default - Loading command Embed.command.js
[2023-03-23T20:52:04.311] [INFO] default - Loaded command CHAT_INPUT_embed
[2023-03-23T20:52:04.317] [INFO] default - Loading command Kick.command.js
[2023-03-23T20:52:04.329] [INFO] default - Loaded command CHAT_INPUT_kick
[2023-03-23T20:52:04.333] [INFO] default - Loading command Mute.command.js
[2023-03-23T20:52:04.344] [INFO] default - Loaded command CHAT_INPUT_mute
[2023-03-23T20:52:04.348] [INFO] default - Loading command ReactionRoles.command.js
[2023-03-23T20:52:04.416] [INFO] default - Loaded command CHAT_INPUT_reactroles
[2023-03-23T20:52:04.431] [INFO] default - Loading command Reason.command.js
[2023-03-23T20:52:04.454] [INFO] default - Loaded command CHAT_INPUT_reason
[2023-03-23T20:52:04.462] [INFO] default - Loading command Unban.command.js
[2023-03-23T20:52:04.468] [INFO] default - Loaded command CHAT_INPUT_unban
[2023-03-23T20:52:04.469] [INFO] default - Loading command Unmute.command.js
[2023-03-23T20:52:04.476] [INFO] default - Loaded command CHAT_INPUT_unmute
[2023-03-23T20:52:04.479] [INFO] default - Loading command Warn.command.js
[2023-03-23T20:52:04.489] [INFO] default - Loaded command CHAT_INPUT_warn
[2023-03-23T20:52:04.497] [INFO] default - Loading command Ban.command.js
[2023-03-23T20:52:04.506] [INFO] default - Loaded command MESSAGE_CONTEXT_Ban
[2023-03-23T20:52:04.514] [INFO] default - Loading command Kick.command.js
[2023-03-23T20:52:04.530] [INFO] default - Loaded command MESSAGE_CONTEXT_Kick
[2023-03-23T20:52:04.533] [INFO] default - Loading command Mute.command.js
[2023-03-23T20:52:04.538] [INFO] default - Loaded command MESSAGE_CONTEXT_Mute
[2023-03-23T20:52:04.539] [INFO] default - Loading command Warn.command.js
[2023-03-23T20:52:04.547] [INFO] default - Loaded command MESSAGE_CONTEXT_Warn
[2023-03-23T20:52:04.549] [INFO] default - Loading command Ban.command.js
[2023-03-23T20:52:04.554] [INFO] default - Loaded command USER_CONTEXT_Ban
[2023-03-23T20:52:04.556] [INFO] default - Loading command Kick.command.js
[2023-03-23T20:52:04.562] [INFO] default - Loaded command USER_CONTEXT_Kick
[2023-03-23T20:52:04.564] [INFO] default - Loading command Mute.command.js
[2023-03-23T20:52:04.569] [INFO] default - Loaded command USER_CONTEXT_Mute
[2023-03-23T20:52:04.571] [INFO] default - Loading command Warn.command.js
[2023-03-23T20:52:04.579] [INFO] default - Loaded command USER_CONTEXT_Warn
[2023-03-23T20:52:04.581] [INFO] default - All modules and commands loaded
[2023-03-23T20:52:04.652] [INFO] default - Loading module Kick.js
[2023-03-23T20:52:04.654] [INFO] default - Loading module TicketManager.js
[2023-03-23T20:52:04.655] [INFO] default - Loading module VerificationManager.js
[2023-03-23T20:52:04.658] [INFO] default - Loading module Logging.js
[2023-03-23T20:52:04.664] [INFO] default - Loading module Mute.js
[2023-03-23T20:52:04.665] [INFO] default - Loading module UpdateCase.js
[2023-03-23T20:52:04.671] [INFO] default - Loading module Warn.js
[2023-03-23T20:52:07.674] [INFO] default - Updating cases...
[2023-03-23T20:52:12.682] [INFO] default - Updating cases...
[2023-03-23T20:52:17.688] [INFO] default - Updating cases...
[2023-03-23T20:52:22.693] [INFO] default - Updating cases...
[2023-03-23T20:52:27.701] [INFO] default - Updating cases...
