[2023-03-21T22:43:07.785] [INFO] default - Logged in as Academia#0862
[2023-03-21T22:43:07.794] [INFO] default - Loading module Ban.js
[2023-03-21T22:43:07.796] [INFO] default - Loading command Ban.command.js
[2023-03-21T22:43:07.813] [INFO] default - Loaded command MESSAGE_CONTEXT_Ban
[2023-03-21T22:43:07.817] [INFO] default - Loading command Kick.command.js
[2023-03-21T22:43:07.828] [INFO] default - Loaded command MESSAGE_CONTEXT_Kick
[2023-03-21T22:43:07.830] [INFO] default - Loading command Mute.command.js
[2023-03-21T22:43:07.842] [INFO] default - Loaded command MESSAGE_CONTEXT_Mute
[2023-03-21T22:43:07.849] [INFO] default - Loading command Warn.command.js
[2023-03-21T22:43:07.862] [INFO] default - Loaded command MESSAGE_CONTEXT_Warn
[2023-03-21T22:43:07.867] [INFO] default - Loading command Ban.command.js
[2023-03-21T22:43:07.877] [INFO] default - Loaded command USER_CONTEXT_Ban
[2023-03-21T22:43:07.881] [INFO] default - Loading command Kick.command.js
[2023-03-21T22:43:07.888] [INFO] default - Loaded command USER_CONTEXT_Kick
[2023-03-21T22:43:07.894] [INFO] default - Loading command Mute.command.js
[2023-03-21T22:43:07.901] [INFO] default - Loaded command USER_CONTEXT_Mute
[2023-03-21T22:43:07.907] [INFO] default - Loading command Warn.command.js
[2023-03-21T22:43:07.920] [INFO] default - Loaded command USER_CONTEXT_Warn
[2023-03-21T22:43:07.922] [INFO] default - All modules and commands loaded
[2023-03-21T22:43:07.945] [INFO] default - Loading module Kick.js
[2023-03-21T22:43:07.952] [INFO] default - Loading module Logging.js
[2023-03-21T22:43:07.959] [INFO] default - Loading module Mute.js
[2023-03-21T22:43:07.962] [INFO] default - Loading module UpdateCase.js
[2023-03-21T22:43:07.976] [INFO] default - Loading module Warn.js
[2023-03-21T22:43:10.989] [INFO] default - Updating cases...
[2023-03-21T22:43:15.783] [INFO] default - [Mute] run by Osmii#0076
[2023-03-21T22:43:15.994] [INFO] default - Updating cases...
[2023-03-21T22:43:21.002] [INFO] default - Updating cases...
[2023-03-21T22:43:26.017] [INFO] default - Updating cases...
[2023-03-21T22:43:31.023] [INFO] default - Updating cases...
[2023-03-21T22:43:36.038] [INFO] default - Updating cases...
[2023-03-21T22:43:41.050] [INFO] default - Updating cases...
[2023-03-21T22:43:46.058] [INFO] default - Updating cases...
[2023-03-21T22:43:51.061] [INFO] default - Updating cases...
[2023-03-21T22:43:56.072] [INFO] default - Updating cases...
[2023-03-21T22:44:01.082] [INFO] default - Updating cases...
[2023-03-21T22:44:06.092] [INFO] default - Updating cases...
[2023-03-21T22:44:11.102] [INFO] default - Updating cases...
[2023-03-21T22:44:16.109] [INFO] default - Updating cases...
[2023-03-21T22:44:21.114] [INFO] default - Updating cases...
[2023-03-21T22:44:26.121] [INFO] default - Updating cases...
[2023-03-21T22:44:31.134] [INFO] default - Updating cases...
[2023-03-21T22:44:36.140] [INFO] default - Updating cases...
[2023-03-21T22:44:41.154] [INFO] default - Updating cases...
[2023-03-21T22:44:46.163] [INFO] default - Updating cases...
[2023-03-21T22:44:51.169] [INFO] default - Updating cases...
[2023-03-21T22:44:56.172] [INFO] default - Updating cases...
[2023-03-21T22:45:01.183] [INFO] default - Updating cases...
[2023-03-21T22:45:06.193] [INFO] default - Updating cases...
[2023-03-21T22:45:11.197] [INFO] default - Updating cases...
[2023-03-21T22:45:16.201] [INFO] default - Updating cases...
[2023-03-21T22:45:21.204] [INFO] default - Updating cases...
[2023-03-21T22:45:26.214] [INFO] default - Updating cases...
[2023-03-21T22:45:31.222] [INFO] default - Updating cases...
[2023-03-21T22:45:36.232] [INFO] default - Updating cases...
[2023-03-21T22:45:41.243] [INFO] default - Updating cases...
[2023-03-21T22:45:46.257] [INFO] default - Updating cases...
[2023-03-21T22:45:51.264] [INFO] default - Updating cases...
[2023-03-21T22:45:56.279] [INFO] default - Updating cases...
[2023-03-21T22:46:01.285] [INFO] default - Updating cases...
[2023-03-21T22:46:06.298] [INFO] default - Updating cases...
[2023-03-21T22:46:11.309] [INFO] default - Updating cases...
[2023-03-21T22:46:16.327] [INFO] default - Updating cases...
[2023-03-21T22:46:21.332] [INFO] default - Updating cases...
[2023-03-21T22:46:26.350] [INFO] default - Updating cases...
[2023-03-21T22:46:31.356] [INFO] default - Updating cases...
[2023-03-21T22:46:36.361] [INFO] default - Updating cases...
[2023-03-21T22:46:41.364] [INFO] default - Updating cases...
[2023-03-21T22:46:46.367] [INFO] default - Updating cases...
[2023-03-21T22:46:51.376] [INFO] default - Updating cases...
[2023-03-21T22:46:56.384] [INFO] default - Updating cases...
[2023-03-21T22:47:01.402] [INFO] default - Updating cases...
[2023-03-21T22:47:06.407] [INFO] default - Updating cases...
[2023-03-21T22:47:11.427] [INFO] default - Updating cases...
[2023-03-21T22:47:16.443] [INFO] default - Updating cases...
[2023-03-21T22:47:21.455] [INFO] default - Updating cases...
[2023-03-21T22:47:26.461] [INFO] default - Updating cases...
[2023-03-21T22:47:31.478] [INFO] default - Updating cases...
[2023-03-21T22:47:36.480] [INFO] default - Updating cases...
[2023-03-21T22:47:41.492] [INFO] default - Updating cases...
[2023-03-21T22:47:46.499] [INFO] default - Updating cases...
[2023-03-21T22:47:51.509] [INFO] default - Updating cases...
[2023-03-21T22:47:56.525] [INFO] default - Updating cases...
[2023-03-21T22:48:01.539] [INFO] default - Updating cases...
[2023-03-21T22:48:06.559] [INFO] default - Updating cases...
[2023-03-21T22:48:11.573] [INFO] default - Updating cases...
[2023-03-21T22:48:16.578] [INFO] default - Updating cases...
[2023-03-21T22:48:21.588] [INFO] default - Updating cases...
[2023-03-21T22:48:26.606] [INFO] default - Updating cases...
[2023-03-21T22:48:31.617] [INFO] default - Updating cases...
[2023-03-21T22:48:36.630] [INFO] default - Updating cases...
[2023-03-21T22:48:41.648] [INFO] default - Updating cases...
[2023-03-21T22:48:46.654] [INFO] default - Updating cases...
[2023-03-21T22:48:51.671] [INFO] default - Updating cases...
[2023-03-21T22:48:56.684] [INFO] default - Updating cases...
[2023-03-21T22:49:01.701] [INFO] default - Updating cases...
[2023-03-21T22:49:06.707] [INFO] default - Updating cases...
[2023-03-21T22:49:11.713] [INFO] default - Updating cases...
[2023-03-21T22:49:16.729] [INFO] default - Updating cases...
[2023-03-21T22:49:21.805] [INFO] default - Updating cases...
[2023-03-21T22:49:26.809] [INFO] default - Updating cases...
[2023-03-21T22:49:31.821] [INFO] default - Updating cases...
[2023-03-21T22:49:36.827] [INFO] default - Updating cases...
[2023-03-21T22:49:41.837] [INFO] default - Updating cases...
[2023-03-21T22:49:46.841] [INFO] default - Updating cases...
[2023-03-21T22:49:51.850] [INFO] default - Updating cases...
[2023-03-21T22:49:56.866] [INFO] default - Updating cases...
[2023-03-21T22:50:01.877] [INFO] default - Updating cases...
[2023-03-21T22:50:06.894] [INFO] default - Updating cases...
[2023-03-21T22:50:11.906] [INFO] default - Updating cases...
[2023-03-21T22:50:16.917] [INFO] default - Updating cases...
[2023-03-21T22:50:21.936] [INFO] default - Updating cases...
[2023-03-21T22:50:26.949] [INFO] default - Updating cases...
[2023-03-21T22:50:31.961] [INFO] default - Updating cases...
[2023-03-21T22:50:36.976] [INFO] default - Updating cases...
[2023-03-21T22:50:41.988] [INFO] default - Updating cases...
[2023-03-21T22:50:47.001] [INFO] default - Updating cases...
[2023-03-21T22:50:52.016] [INFO] default - Updating cases...
[2023-03-21T22:50:57.024] [INFO] default - Updating cases...
[2023-03-21T22:51:02.029] [INFO] default - Updating cases...
[2023-03-21T22:51:07.036] [INFO] default - Updating cases...
[2023-03-21T22:51:12.047] [INFO] default - Updating cases...
[2023-03-21T22:51:17.059] [INFO] default - Updating cases...
[2023-03-21T22:51:22.064] [INFO] default - Updating cases...
[2023-03-21T22:51:27.071] [INFO] default - Updating cases...
[2023-03-21T22:51:32.077] [INFO] default - Updating cases...
[2023-03-21T22:51:37.097] [INFO] default - Updating cases...
[2023-03-21T22:51:42.115] [INFO] default - Updating cases...
[2023-03-21T22:51:47.126] [INFO] default - Updating cases...
[2023-03-21T22:51:52.129] [INFO] default - Updating cases...
[2023-03-21T22:51:57.138] [INFO] default - Updating cases...
[2023-03-21T22:52:02.146] [INFO] default - Updating cases...
[2023-03-21T22:52:07.159] [INFO] default - Updating cases...
[2023-03-21T22:52:12.171] [INFO] default - Updating cases...
[2023-03-21T22:52:17.182] [INFO] default - Updating cases...
[2023-03-21T22:52:22.186] [INFO] default - Updating cases...
[2023-03-21T22:52:27.204] [INFO] default - Updating cases...
[2023-03-21T22:52:32.221] [INFO] default - Updating cases...
[2023-03-21T22:52:37.231] [INFO] default - Updating cases...
[2023-03-21T22:52:42.245] [INFO] default - Updating cases...
[2023-03-21T22:52:47.247] [INFO] default - Updating cases...
[2023-03-21T22:52:52.262] [INFO] default - Updating cases...
[2023-03-21T22:52:57.266] [INFO] default - Updating cases...
[2023-03-21T22:53:02.275] [INFO] default - Updating cases...
[2023-03-21T22:53:07.286] [INFO] default - Updating cases...
[2023-03-21T22:53:12.293] [INFO] default - Updating cases...
[2023-03-21T22:53:17.308] [INFO] default - Updating cases...
[2023-03-21T22:53:22.313] [INFO] default - Updating cases...
[2023-03-21T22:53:27.322] [INFO] default - Updating cases...
[2023-03-21T22:53:32.337] [INFO] default - Updating cases...
[2023-03-21T22:53:37.354] [INFO] default - Updating cases...
[2023-03-21T22:53:42.369] [INFO] default - Updating cases...
[2023-03-21T22:53:47.380] [INFO] default - Updating cases...
[2023-03-21T22:53:52.387] [INFO] default - Updating cases...
[2023-03-21T22:53:57.395] [INFO] default - Updating cases...
[2023-03-21T22:54:02.401] [INFO] default - Updating cases...
[2023-03-21T22:54:07.409] [INFO] default - Updating cases...
[2023-03-21T22:54:12.425] [INFO] default - Updating cases...
[2023-03-21T22:54:17.441] [INFO] default - Updating cases...
[2023-03-21T22:54:22.454] [INFO] default - Updating cases...
[2023-03-21T22:54:27.463] [INFO] default - Updating cases...
[2023-03-21T22:54:32.480] [INFO] default - Updating cases...
[2023-03-21T22:54:37.494] [INFO] default - Updating cases...
[2023-03-21T22:54:42.501] [INFO] default - Updating cases...
[2023-03-21T22:54:47.514] [INFO] default - Updating cases...
[2023-03-21T22:54:52.524] [INFO] default - Updating cases...
[2023-03-21T22:54:57.539] [INFO] default - Updating cases...
[2023-03-21T22:55:02.554] [INFO] default - Updating cases...
[2023-03-21T22:55:07.565] [INFO] default - Updating cases...
[2023-03-21T22:55:12.575] [INFO] default - Updating cases...
[2023-03-21T22:55:17.584] [INFO] default - Updating cases...
[2023-03-21T22:55:22.596] [INFO] default - Updating cases...
[2023-03-21T22:55:27.605] [INFO] default - Updating cases...
[2023-03-21T22:55:32.618] [INFO] default - Updating cases...
[2023-03-21T22:55:37.624] [INFO] default - Updating cases...
[2023-03-21T22:55:42.630] [INFO] default - Updating cases...
[2023-03-21T22:55:47.635] [INFO] default - Updating cases...
[2023-03-21T22:55:52.651] [INFO] default - Updating cases...
[2023-03-21T22:55:57.655] [INFO] default - Updating cases...
[2023-03-21T22:56:02.676] [INFO] default - Updating cases...
[2023-03-21T22:56:07.693] [INFO] default - Updating cases...
[2023-03-21T22:56:12.705] [INFO] default - Updating cases...
[2023-03-21T22:56:17.721] [INFO] default - Updating cases...
[2023-03-21T22:56:22.729] [INFO] default - Updating cases...
[2023-03-21T22:56:27.735] [INFO] default - Updating cases...
[2023-03-21T22:56:32.753] [INFO] default - Updating cases...
[2023-03-21T22:56:37.769] [INFO] default - Updating cases...
[2023-03-21T22:56:42.779] [INFO] default - Updating cases...
[2023-03-21T22:56:47.784] [INFO] default - Updating cases...
[2023-03-21T22:56:52.793] [INFO] default - Updating cases...
[2023-03-21T22:56:57.799] [INFO] default - Updating cases...
[2023-03-21T22:57:02.804] [INFO] default - Updating cases...
[2023-03-21T22:57:07.815] [INFO] default - Updating cases...
[2023-03-21T22:57:12.832] [INFO] default - Updating cases...
[2023-03-21T22:57:17.847] [INFO] default - Updating cases...
[2023-03-21T22:57:22.858] [INFO] default - Updating cases...
[2023-03-21T22:57:27.875] [INFO] default - Updating cases...
[2023-03-21T22:57:32.891] [INFO] default - Updating cases...
[2023-03-21T22:57:37.909] [INFO] default - Updating cases...
[2023-03-21T22:57:42.927] [INFO] default - Updating cases...
[2023-03-21T22:57:47.946] [INFO] default - Updating cases...
[2023-03-21T22:57:52.968] [INFO] default - Updating cases...
[2023-03-21T22:57:57.977] [INFO] default - Updating cases...
[2023-03-21T22:58:02.994] [INFO] default - Updating cases...
[2023-03-21T22:58:08.001] [INFO] default - Updating cases...
[2023-03-21T22:58:13.014] [INFO] default - Updating cases...
[2023-03-21T22:58:18.027] [INFO] default - Updating cases...
[2023-03-21T22:58:23.032] [INFO] default - Updating cases...
[2023-03-21T22:58:28.043] [INFO] default - Updating cases...
[2023-03-21T22:58:33.046] [INFO] default - Updating cases...
[2023-03-21T22:58:38.054] [INFO] default - Updating cases...
[2023-03-21T22:58:43.057] [INFO] default - Updating cases...
[2023-03-21T22:58:48.068] [INFO] default - Updating cases...
[2023-03-21T22:58:53.076] [INFO] default - Updating cases...
[2023-03-21T22:58:58.094] [INFO] default - Updating cases...
[2023-03-21T22:59:03.113] [INFO] default - Updating cases...
[2023-03-21T22:59:08.127] [INFO] default - Updating cases...
[2023-03-21T22:59:13.137] [INFO] default - Updating cases...
[2023-03-21T22:59:18.156] [INFO] default - Updating cases...
[2023-03-21T22:59:23.170] [INFO] default - Updating cases...
[2023-03-21T22:59:28.186] [INFO] default - Updating cases...
[2023-03-21T22:59:33.200] [INFO] default - Updating cases...
[2023-03-21T22:59:38.216] [INFO] default - Updating cases...
[2023-03-21T22:59:43.243] [INFO] default - Updating cases...
[2023-03-21T22:59:48.263] [INFO] default - Updating cases...
[2023-03-21T22:59:53.274] [INFO] default - Updating cases...
[2023-03-21T22:59:58.290] [INFO] default - Updating cases...
[2023-03-21T23:00:03.294] [INFO] default - Updating cases...
[2023-03-21T23:00:08.311] [INFO] default - Updating cases...
[2023-03-21T23:00:13.324] [INFO] default - Updating cases...
[2023-03-21T23:00:18.338] [INFO] default - Updating cases...
[2023-03-21T23:00:23.352] [INFO] default - Updating cases...
[2023-03-21T23:00:28.361] [INFO] default - Updating cases...
[2023-03-21T23:00:33.372] [INFO] default - Updating cases...
