[2023-03-21T20:15:29.496] [INFO] default - Logged in as Academia#0862
[2023-03-21T20:15:29.506] [INFO] default - Loading command Chess.command.js
[2023-03-21T20:15:29.572] [INFO] default - Loaded command CHAT_INPUT_chess
[2023-03-21T20:15:29.575] [INFO] default - Loading command Ban.command.js
[2023-03-21T20:15:29.587] [INFO] default - Loaded command MESSAGE_CONTEXT_Ban
[2023-03-21T20:15:29.589] [INFO] default - Loading command Kick.command.js
[2023-03-21T20:15:29.599] [INFO] default - Loaded command MESSAGE_CONTEXT_Kick
[2023-03-21T20:15:29.601] [INFO] default - Loading command Mute.command.js
[2023-03-21T20:15:29.612] [INFO] default - Loaded command MESSAGE_CONTEXT_Mute
[2023-03-21T20:15:29.614] [INFO] default - Loading command Warn.command.js
[2023-03-21T20:15:29.621] [INFO] default - Loaded command MESSAGE_CONTEXT_Warn
[2023-03-21T20:15:29.622] [INFO] default - All modules and commands loaded
[2023-03-21T20:15:41.605] [INFO] default - [Ban] run by Osmii#0076
[2023-03-21T20:15:51.657] [ERROR] default - TypeError [ModalSubmitInteractionFieldNotFound]: Required field with custom id "mute-duration" not found.
    at ModalSubmitFields.getField (C:\Users\Osmii\Desktop\Personal\discord bots\verification\node_modules\discord.js\src\structures\ModalSubmitFields.js:36:23)
    at ModalSubmitFields.getTextInputValue (C:\Users\Osmii\Desktop\Personal\discord bots\verification\node_modules\discord.js\src\structures\ModalSubmitFields.js:51:17)
    at BanCommand.<anonymous> (C:\Users\Osmii\Desktop\Personal\discord bots\verification\build\commands\message-context\Ban.command.js:153:72)
    at Generator.next (<anonymous>)
    at fulfilled (C:\Users\Osmii\Desktop\Personal\discord bots\verification\build\commands\message-context\Ban.command.js:5:58)
    at process.processTicksAndRejections (node:internal/process/task_queues:95:5) {
  code: 'ModalSubmitInteractionFieldNotFound'
}
