[2023-03-22T13:46:24.978] [INFO] default - Logged in as Academia#0862
[2023-03-22T13:46:24.987] [INFO] default - Loading module Ban.js
[2023-03-22T13:46:24.991] [INFO] default - Loading command Ban.command.js
[2023-03-22T13:46:25.010] [INFO] default - Loaded command CHAT_INPUT_ban
[2023-03-22T13:46:25.014] [INFO] default - Loading command Cases.command.js
[2023-03-22T13:46:25.025] [INFO] default - Loaded command CHAT_INPUT_cases
[2023-03-22T13:46:25.029] [INFO] default - Loading command Kick.command.js
[2023-03-22T13:46:25.042] [INFO] default - Loaded command CHAT_INPUT_kick
[2023-03-22T13:46:25.045] [INFO] default - Loading command Mute.command.js
[2023-03-22T13:46:25.058] [INFO] default - Loaded command CHAT_INPUT_mute
[2023-03-22T13:46:25.061] [INFO] default - Loading command Unban.command.js
[2023-03-22T13:46:25.072] [INFO] default - Loaded command CHAT_INPUT_unban
[2023-03-22T13:46:25.075] [INFO] default - Loading command Unmute.command.js
[2023-03-22T13:46:25.083] [INFO] default - Loaded command CHAT_INPUT_unmute
[2023-03-22T13:46:25.086] [INFO] default - Loading command Warn.command.js
[2023-03-22T13:46:25.122] [INFO] default - Loaded command CHAT_INPUT_warn
[2023-03-22T13:46:25.127] [INFO] default - Loading command Ban.command.js
[2023-03-22T13:46:25.176] [INFO] default - Loaded command MESSAGE_CONTEXT_Ban
[2023-03-22T13:46:25.181] [INFO] default - Loading command Kick.command.js
[2023-03-22T13:46:25.191] [INFO] default - Loaded command MESSAGE_CONTEXT_Kick
[2023-03-22T13:46:25.193] [INFO] default - Loading command Mute.command.js
[2023-03-22T13:46:25.202] [INFO] default - Loaded command MESSAGE_CONTEXT_Mute
[2023-03-22T13:46:25.204] [INFO] default - Loading command Warn.command.js
[2023-03-22T13:46:25.210] [INFO] default - Loaded command MESSAGE_CONTEXT_Warn
[2023-03-22T13:46:25.213] [INFO] default - Loading command Ban.command.js
[2023-03-22T13:46:25.224] [INFO] default - Loaded command USER_CONTEXT_Ban
[2023-03-22T13:46:25.227] [INFO] default - Loading command Kick.command.js
[2023-03-22T13:46:25.232] [INFO] default - Loaded command USER_CONTEXT_Kick
[2023-03-22T13:46:25.234] [INFO] default - Loading command Mute.command.js
[2023-03-22T13:46:25.238] [INFO] default - Loaded command USER_CONTEXT_Mute
[2023-03-22T13:46:25.240] [INFO] default - Loading command Warn.command.js
[2023-03-22T13:46:25.243] [INFO] default - Loaded command USER_CONTEXT_Warn
[2023-03-22T13:46:25.244] [INFO] default - All modules and commands loaded
[2023-03-22T13:46:25.278] [INFO] default - Loading module Kick.js
[2023-03-22T13:46:25.283] [INFO] default - Loading module Logging.js
[2023-03-22T13:46:25.288] [INFO] default - Loading module Mute.js
[2023-03-22T13:46:25.291] [INFO] default - Loading module UpdateCase.js
[2023-03-22T13:46:25.297] [INFO] default - Loading module Warn.js
[2023-03-22T13:46:28.314] [INFO] default - Updating cases...
[2023-03-22T13:46:32.915] [INFO] default - /mute run by Osmii#0076
[2023-03-22T13:46:33.338] [INFO] default - Updating cases...
[2023-03-22T13:46:38.357] [INFO] default - Updating cases...
[2023-03-22T13:46:43.372] [INFO] default - Updating cases...
[2023-03-22T13:46:48.407] [INFO] default - Updating cases...
[2023-03-22T13:46:53.432] [INFO] default - Updating cases...
[2023-03-22T13:46:58.453] [INFO] default - Updating cases...
[2023-03-22T13:47:03.473] [INFO] default - Updating cases...
[2023-03-22T13:47:07.548] [INFO] default - /cases run by Osmii#0076
[2023-03-22T13:47:08.495] [INFO] default - Updating cases...
[2023-03-22T13:47:13.510] [INFO] default - Updating cases...
[2023-03-22T13:47:18.518] [INFO] default - Updating cases...
[2023-03-22T13:47:23.547] [INFO] default - Updating cases...
[2023-03-22T13:47:28.559] [INFO] default - Updating cases...
[2023-03-22T13:47:33.565] [INFO] default - Updating cases...
[2023-03-22T13:47:38.583] [INFO] default - Updating cases...
[2023-03-22T13:47:43.594] [INFO] default - Updating cases...
[2023-03-22T13:47:48.605] [INFO] default - Updating cases...
[2023-03-22T13:47:50.774] [INFO] default - /mute run by Osmii#0076
[2023-03-22T13:47:53.636] [INFO] default - Updating cases...
[2023-03-22T13:47:58.649] [INFO] default - Updating cases...
[2023-03-22T13:48:03.672] [INFO] default - Updating cases...
[2023-03-22T13:48:08.687] [INFO] default - Updating cases...
[2023-03-22T13:48:13.734] [INFO] default - Updating cases...
[2023-03-22T13:48:18.750] [INFO] default - Updating cases...
[2023-03-22T13:48:23.771] [INFO] default - Updating cases...
[2023-03-22T13:48:28.781] [INFO] default - Updating cases...
[2023-03-22T13:48:33.792] [INFO] default - Updating cases...
[2023-03-22T13:48:38.804] [INFO] default - Updating cases...
[2023-03-22T13:48:43.821] [INFO] default - Updating cases...
[2023-03-22T13:48:48.832] [INFO] default - Updating cases...
[2023-03-22T13:48:53.850] [INFO] default - Updating cases...
[2023-03-22T13:48:58.866] [INFO] default - Updating cases...
