[2023-03-23T20:13:36.140] [INFO] default - Logged in as Academia#0862
[2023-03-23T20:13:36.164] [INFO] default - Loading module WelcomeAndGoodbye.js
[2023-03-23T20:13:36.179] [INFO] default - Loading module Ban.js
[2023-03-23T20:13:36.187] [INFO] default - Loading module ReactRoles.js
[2023-03-23T20:13:36.190] [INFO] default - Loading module RelayHandler.js
[2023-03-23T20:13:36.193] [INFO] default - Loading module Verification.js
[2023-03-23T20:13:36.199] [INFO] default - Loading command Ban.command.js
[2023-03-23T20:13:36.224] [INFO] default - Loaded command CHAT_INPUT_ban
[2023-03-23T20:13:36.226] [INFO] default - Loading command Cases.command.js
[2023-03-23T20:13:36.233] [INFO] default - Loaded command CHAT_INPUT_cases
[2023-03-23T20:13:36.236] [INFO] default - Loading command Embed.command.js
[2023-03-23T20:13:36.244] [INFO] default - Loaded command CHAT_INPUT_embed
[2023-03-23T20:13:36.247] [INFO] default - Loading command Kick.command.js
[2023-03-23T20:13:36.256] [INFO] default - Loaded command CHAT_INPUT_kick
[2023-03-23T20:13:36.260] [INFO] default - Loading command Mute.command.js
[2023-03-23T20:13:36.281] [INFO] default - Loaded command CHAT_INPUT_mute
[2023-03-23T20:13:36.287] [INFO] default - Loading command ReactionRoles.command.js
[2023-03-23T20:13:36.308] [INFO] default - Loaded command CHAT_INPUT_reactroles
[2023-03-23T20:13:36.312] [INFO] default - Loading command Reason.command.js
[2023-03-23T20:13:36.318] [INFO] default - Loaded command CHAT_INPUT_reason
[2023-03-23T20:13:36.320] [INFO] default - Loading command Unban.command.js
[2023-03-23T20:13:36.333] [INFO] default - Loaded command CHAT_INPUT_unban
[2023-03-23T20:13:36.338] [INFO] default - Loading command Unmute.command.js
[2023-03-23T20:13:36.344] [INFO] default - Loaded command CHAT_INPUT_unmute
[2023-03-23T20:13:36.349] [INFO] default - Loading command Warn.command.js
[2023-03-23T20:13:36.357] [INFO] default - Loaded command CHAT_INPUT_warn
[2023-03-23T20:13:36.360] [INFO] default - Loading command Ban.command.js
[2023-03-23T20:13:36.367] [INFO] default - Loaded command MESSAGE_CONTEXT_Ban
[2023-03-23T20:13:36.370] [INFO] default - Loading command Kick.command.js
[2023-03-23T20:13:36.377] [INFO] default - Loaded command MESSAGE_CONTEXT_Kick
[2023-03-23T20:13:36.379] [INFO] default - Loading command Mute.command.js
[2023-03-23T20:13:36.387] [INFO] default - Loaded command MESSAGE_CONTEXT_Mute
[2023-03-23T20:13:36.388] [INFO] default - Loading command Warn.command.js
[2023-03-23T20:13:36.395] [INFO] default - Loaded command MESSAGE_CONTEXT_Warn
[2023-03-23T20:13:36.397] [INFO] default - Loading command Ban.command.js
[2023-03-23T20:13:36.404] [INFO] default - Loaded command USER_CONTEXT_Ban
[2023-03-23T20:13:36.405] [INFO] default - Loading command Kick.command.js
[2023-03-23T20:13:36.409] [INFO] default - Loaded command USER_CONTEXT_Kick
[2023-03-23T20:13:36.410] [INFO] default - Loading command Mute.command.js
[2023-03-23T20:13:36.414] [INFO] default - Loaded command USER_CONTEXT_Mute
[2023-03-23T20:13:36.416] [INFO] default - Loading command Warn.command.js
[2023-03-23T20:13:36.421] [INFO] default - Loaded command USER_CONTEXT_Warn
[2023-03-23T20:13:36.424] [INFO] default - All modules and commands loaded
[2023-03-23T20:13:36.637] [INFO] default - Loading module Kick.js
[2023-03-23T20:13:36.749] [INFO] default - Loading module TicketManager.js
[2023-03-23T20:13:36.764] [INFO] default - Loading module VerificationManager.js
[2023-03-23T20:13:36.786] [INFO] default - Loading module Logging.js
[2023-03-23T20:13:36.796] [INFO] default - Loading module Mute.js
[2023-03-23T20:13:36.801] [INFO] default - Loading module UpdateCase.js
[2023-03-23T20:13:36.808] [INFO] default - Loading module Warn.js
[2023-03-23T20:13:39.815] [INFO] default - Updating cases...
[2023-03-23T20:13:44.603] [INFO] default - /embed run by Osmii#0076
[2023-03-23T20:13:44.823] [INFO] default - Updating cases...
[2023-03-23T20:13:49.840] [INFO] default - Updating cases...
[2023-03-23T20:13:52.935] [INFO] default - /embed run by Osmii#0076
[2023-03-23T20:13:54.844] [INFO] default - Updating cases...
[2023-03-23T20:13:59.853] [INFO] default - Updating cases...
[2023-03-23T20:14:04.861] [INFO] default - Updating cases...
[2023-03-23T20:14:09.876] [INFO] default - Updating cases...
[2023-03-23T20:14:14.887] [INFO] default - Updating cases...
[2023-03-23T20:14:19.902] [INFO] default - Updating cases...
[2023-03-23T20:14:24.913] [INFO] default - Updating cases...
[2023-03-23T20:14:29.915] [INFO] default - Updating cases...
[2023-03-23T20:14:34.923] [INFO] default - Updating cases...
[2023-03-23T20:14:39.946] [INFO] default - Updating cases...
[2023-03-23T20:14:44.951] [INFO] default - Updating cases...
[2023-03-23T20:14:49.953] [INFO] default - Updating cases...
[2023-03-23T20:14:54.971] [INFO] default - Updating cases...
[2023-03-23T20:14:59.981] [INFO] default - Updating cases...
[2023-03-23T20:15:04.988] [INFO] default - Updating cases...
[2023-03-23T20:15:09.992] [INFO] default - Updating cases...
[2023-03-23T20:15:14.998] [INFO] default - Updating cases...
[2023-03-23T20:15:20.003] [INFO] default - Updating cases...
[2023-03-23T20:15:25.020] [INFO] default - Updating cases...
[2023-03-23T20:15:30.026] [INFO] default - Updating cases...
[2023-03-23T20:15:35.038] [INFO] default - Updating cases...
[2023-03-23T20:15:40.042] [INFO] default - Updating cases...
[2023-03-23T20:15:45.049] [INFO] default - Updating cases...
[2023-03-23T20:15:50.051] [INFO] default - Updating cases...
[2023-03-23T20:15:55.055] [INFO] default - Updating cases...
[2023-03-23T20:16:00.068] [INFO] default - Updating cases...
[2023-03-23T20:16:05.083] [INFO] default - Updating cases...
[2023-03-23T20:16:10.087] [INFO] default - Updating cases...
[2023-03-23T20:16:15.094] [INFO] default - Updating cases...
[2023-03-23T20:16:20.100] [INFO] default - Updating cases...
[2023-03-23T20:16:25.108] [INFO] default - Updating cases...
[2023-03-23T20:16:30.122] [INFO] default - Updating cases...
[2023-03-23T20:16:35.126] [INFO] default - Updating cases...
[2023-03-23T20:16:40.141] [INFO] default - Updating cases...
[2023-03-23T20:16:45.146] [INFO] default - Updating cases...
[2023-03-23T20:16:50.154] [INFO] default - Updating cases...
[2023-03-23T20:16:55.160] [INFO] default - Updating cases...
[2023-03-23T20:17:00.172] [INFO] default - Updating cases...
[2023-03-23T20:17:05.176] [INFO] default - Updating cases...
[2023-03-23T20:17:10.183] [INFO] default - Updating cases...
[2023-03-23T20:17:15.192] [INFO] default - Updating cases...
[2023-03-23T20:17:20.199] [INFO] default - Updating cases...
[2023-03-23T20:17:25.203] [INFO] default - Updating cases...
[2023-03-23T20:17:30.208] [INFO] default - Updating cases...
[2023-03-23T20:17:35.214] [INFO] default - Updating cases...
[2023-03-23T20:17:40.217] [INFO] default - Updating cases...
[2023-03-23T20:17:45.221] [INFO] default - Updating cases...
[2023-03-23T20:17:50.223] [INFO] default - Updating cases...
[2023-03-23T20:17:55.243] [INFO] default - Updating cases...
[2023-03-23T20:18:00.250] [INFO] default - Updating cases...
[2023-03-23T20:18:05.253] [INFO] default - Updating cases...
[2023-03-23T20:18:10.255] [INFO] default - Updating cases...
[2023-03-23T20:18:15.260] [INFO] default - Updating cases...
[2023-03-23T20:18:20.265] [INFO] default - Updating cases...
[2023-03-23T20:18:25.267] [INFO] default - Updating cases...
[2023-03-23T20:18:30.272] [INFO] default - Updating cases...
[2023-03-23T20:18:35.275] [INFO] default - Updating cases...
[2023-03-23T20:18:40.288] [INFO] default - Updating cases...
[2023-03-23T20:18:45.303] [INFO] default - Updating cases...
[2023-03-23T20:18:50.312] [INFO] default - Updating cases...
[2023-03-23T20:18:55.315] [INFO] default - Updating cases...
