[2023-03-23T17:45:39.045] [INFO] default - Logged in as Academia#0862
[2023-03-23T17:45:39.048] [INFO] default - Loading module WelcomeAndGoodbye.js
[2023-03-23T17:45:39.049] [INFO] default - Loading module Ban.js
[2023-03-23T17:45:39.050] [INFO] default - Loading module RelayHandler.js
[2023-03-23T17:45:39.051] [INFO] default - Loading module Verification.js
[2023-03-23T17:45:39.053] [INFO] default - Loading command Ban.command.js
[2023-03-23T17:45:39.068] [INFO] default - Loaded command CHAT_INPUT_ban
[2023-03-23T17:45:39.070] [INFO] default - Loading command Cases.command.js
[2023-03-23T17:45:39.075] [INFO] default - Loaded command CHAT_INPUT_cases
[2023-03-23T17:45:39.077] [INFO] default - Loading command Kick.command.js
[2023-03-23T17:45:39.083] [INFO] default - Loaded command CHAT_INPUT_kick
[2023-03-23T17:45:39.084] [INFO] default - Loading command Mute.command.js
[2023-03-23T17:45:39.087] [INFO] default - Loaded command CHAT_INPUT_mute
[2023-03-23T17:45:39.088] [INFO] default - Loading command Reason.command.js
[2023-03-23T17:45:39.095] [INFO] default - Loaded command CHAT_INPUT_reason
[2023-03-23T17:45:39.099] [INFO] default - Loading command Unban.command.js
[2023-03-23T17:45:39.102] [INFO] default - Loaded command CHAT_INPUT_unban
[2023-03-23T17:45:39.103] [INFO] default - Loading command Unmute.command.js
[2023-03-23T17:45:39.106] [INFO] default - Loaded command CHAT_INPUT_unmute
[2023-03-23T17:45:39.109] [INFO] default - Loading command Warn.command.js
[2023-03-23T17:45:39.118] [INFO] default - Loaded command CHAT_INPUT_warn
[2023-03-23T17:45:39.121] [INFO] default - Loading command Ban.command.js
[2023-03-23T17:45:39.132] [INFO] default - Loaded command MESSAGE_CONTEXT_Ban
[2023-03-23T17:45:39.133] [INFO] default - Loading command Kick.command.js
[2023-03-23T17:45:39.136] [INFO] default - Loaded command MESSAGE_CONTEXT_Kick
[2023-03-23T17:45:39.137] [INFO] default - Loading command Mute.command.js
[2023-03-23T17:45:39.143] [INFO] default - Loaded command MESSAGE_CONTEXT_Mute
[2023-03-23T17:45:39.145] [INFO] default - Loading command Warn.command.js
[2023-03-23T17:45:39.149] [INFO] default - Loaded command MESSAGE_CONTEXT_Warn
[2023-03-23T17:45:39.151] [INFO] default - Loading command Ban.command.js
[2023-03-23T17:45:39.155] [INFO] default - Loaded command USER_CONTEXT_Ban
[2023-03-23T17:45:39.156] [INFO] default - Loading command Kick.command.js
[2023-03-23T17:45:39.162] [INFO] default - Loaded command USER_CONTEXT_Kick
[2023-03-23T17:45:39.164] [INFO] default - Loading command Mute.command.js
[2023-03-23T17:45:39.167] [INFO] default - Loaded command USER_CONTEXT_Mute
[2023-03-23T17:45:39.168] [INFO] default - Loading command Warn.command.js
[2023-03-23T17:45:39.170] [INFO] default - Loaded command USER_CONTEXT_Warn
[2023-03-23T17:45:39.171] [INFO] default - All modules and commands loaded
[2023-03-23T17:45:39.205] [INFO] default - Loading module Kick.js
[2023-03-23T17:45:39.209] [INFO] default - Loading module TicketManager.js
[2023-03-23T17:45:39.210] [INFO] default - Loading module VerificationManager.js
[2023-03-23T17:45:39.215] [INFO] default - Loading module Logging.js
[2023-03-23T17:45:39.218] [INFO] default - Loading module Mute.js
[2023-03-23T17:45:39.219] [INFO] default - Loading module UpdateCase.js
[2023-03-23T17:45:39.223] [INFO] default - Loading module Warn.js
[2023-03-23T17:45:42.232] [INFO] default - Updating cases...
[2023-03-23T17:45:47.245] [INFO] default - Updating cases...
[2023-03-23T17:45:52.259] [INFO] default - Updating cases...
[2023-03-23T17:45:57.267] [INFO] default - Updating cases...
[2023-03-23T17:46:02.270] [INFO] default - Updating cases...
[2023-03-23T17:46:07.279] [INFO] default - Updating cases...
[2023-03-23T17:46:12.321] [INFO] default - Updating cases...
[2023-03-23T17:46:17.338] [INFO] default - Updating cases...
[2023-03-23T17:46:22.344] [INFO] default - Updating cases...
[2023-03-23T17:46:27.359] [INFO] default - Updating cases...
[2023-03-23T17:46:32.363] [INFO] default - Updating cases...
