[2023-03-21T23:17:11.198] [INFO] default - Logged in as Academia#0862
[2023-03-21T23:17:11.203] [INFO] default - Loading module Ban.js
[2023-03-21T23:17:11.206] [INFO] default - Loading command Ban.command.js
[2023-03-21T23:17:11.224] [INFO] default - Loaded command CHAT_INPUT_ban
[2023-03-21T23:17:11.225] [INFO] default - Loading command Kick.command.js
[2023-03-21T23:17:11.231] [INFO] default - Loaded command CHAT_INPUT_kick
[2023-03-21T23:17:11.232] [INFO] default - Loading command Mute.command.js
[2023-03-21T23:17:11.238] [INFO] default - Loaded command CHAT_INPUT_mute
[2023-03-21T23:17:11.241] [INFO] default - Loading command Warn.command.js
[2023-03-21T23:17:11.248] [INFO] default - Loaded command CHAT_INPUT_warn
[2023-03-21T23:17:11.254] [INFO] default - Loading command Ban.command.js
[2023-03-21T23:17:11.262] [INFO] default - Loaded command MESSAGE_CONTEXT_Ban
[2023-03-21T23:17:11.263] [INFO] default - Loading command Kick.command.js
[2023-03-21T23:17:11.268] [INFO] default - Loaded command MESSAGE_CONTEXT_Kick
[2023-03-21T23:17:11.271] [INFO] default - Loading command Mute.command.js
[2023-03-21T23:17:11.279] [INFO] default - Loaded command MESSAGE_CONTEXT_Mute
[2023-03-21T23:17:11.280] [INFO] default - Loading command Warn.command.js
[2023-03-21T23:17:11.285] [INFO] default - Loaded command MESSAGE_CONTEXT_Warn
[2023-03-21T23:17:11.293] [INFO] default - Loading command Ban.command.js
[2023-03-21T23:17:11.298] [INFO] default - Loaded command USER_CONTEXT_Ban
[2023-03-21T23:17:11.299] [INFO] default - Loading command Kick.command.js
[2023-03-21T23:17:11.305] [INFO] default - Loaded command USER_CONTEXT_Kick
[2023-03-21T23:17:11.307] [INFO] default - Loading command Mute.command.js
[2023-03-21T23:17:11.314] [INFO] default - Loaded command USER_CONTEXT_Mute
[2023-03-21T23:17:11.315] [INFO] default - Loading command Warn.command.js
[2023-03-21T23:17:11.322] [INFO] default - Loaded command USER_CONTEXT_Warn
[2023-03-21T23:17:11.323] [INFO] default - All modules and commands loaded
[2023-03-21T23:17:11.339] [INFO] default - Loading module Kick.js
[2023-03-21T23:17:11.341] [INFO] default - Loading module Logging.js
[2023-03-21T23:17:11.346] [INFO] default - Loading module Mute.js
[2023-03-21T23:17:11.349] [INFO] default - Loading module UpdateCase.js
[2023-03-21T23:17:11.353] [INFO] default - Loading module Warn.js
[2023-03-21T23:17:14.360] [INFO] default - Updating cases...
[2023-03-21T23:17:15.901] [INFO] default - /mute run by Osmii#0076
[2023-03-21T23:17:19.372] [INFO] default - Updating cases...
[2023-03-21T23:17:24.383] [INFO] default - Updating cases...
[2023-03-21T23:17:29.398] [INFO] default - Updating cases...
[2023-03-21T23:17:34.405] [INFO] default - Updating cases...
[2023-03-21T23:17:39.416] [INFO] default - Updating cases...
[2023-03-21T23:17:44.426] [INFO] default - Updating cases...
[2023-03-21T23:17:49.435] [INFO] default - Updating cases...
[2023-03-21T23:17:54.449] [INFO] default - Updating cases...
[2023-03-21T23:17:59.465] [INFO] default - Updating cases...
[2023-03-21T23:18:04.476] [INFO] default - Updating cases...
[2023-03-21T23:18:09.544] [INFO] default - Updating cases...
[2023-03-21T23:18:14.572] [INFO] default - Updating cases...
[2023-03-21T23:18:19.588] [INFO] default - Updating cases...
[2023-03-21T23:18:24.594] [INFO] default - Updating cases...
[2023-03-21T23:18:29.597] [INFO] default - Updating cases...
[2023-03-21T23:18:34.606] [INFO] default - Updating cases...
[2023-03-21T23:18:39.623] [INFO] default - Updating cases...
[2023-03-21T23:18:44.629] [INFO] default - Updating cases...
[2023-03-21T23:18:49.646] [INFO] default - Updating cases...
[2023-03-21T23:18:54.650] [INFO] default - Updating cases...
[2023-03-21T23:18:59.663] [INFO] default - Updating cases...
[2023-03-21T23:19:04.677] [INFO] default - Updating cases...
[2023-03-21T23:19:09.698] [INFO] default - Updating cases...
[2023-03-21T23:19:14.713] [INFO] default - Updating cases...
[2023-03-21T23:19:19.721] [INFO] default - Updating cases...
[2023-03-21T23:19:24.740] [INFO] default - Updating cases...
[2023-03-21T23:19:29.752] [INFO] default - Updating cases...
[2023-03-21T23:19:34.769] [INFO] default - Updating cases...
[2023-03-21T23:19:39.790] [INFO] default - Updating cases...
[2023-03-21T23:19:44.811] [INFO] default - Updating cases...
[2023-03-21T23:19:49.829] [INFO] default - Updating cases...
[2023-03-21T23:19:54.840] [INFO] default - Updating cases...
[2023-03-21T23:19:59.851] [INFO] default - Updating cases...
[2023-03-21T23:20:04.862] [INFO] default - Updating cases...
[2023-03-21T23:20:09.869] [INFO] default - Updating cases...
[2023-03-21T23:20:14.873] [INFO] default - Updating cases...
[2023-03-21T23:20:19.879] [INFO] default - Updating cases...
[2023-03-21T23:20:24.901] [INFO] default - Updating cases...
[2023-03-21T23:20:29.922] [INFO] default - Updating cases...
[2023-03-21T23:20:34.938] [INFO] default - Updating cases...
[2023-03-21T23:20:39.954] [INFO] default - Updating cases...
[2023-03-21T23:20:44.964] [INFO] default - Updating cases...
[2023-03-21T23:20:49.973] [INFO] default - Updating cases...
[2023-03-21T23:20:54.988] [INFO] default - Updating cases...
[2023-03-21T23:21:00.010] [INFO] default - Updating cases...
[2023-03-21T23:21:05.019] [INFO] default - Updating cases...
[2023-03-21T23:21:10.033] [INFO] default - Updating cases...
[2023-03-21T23:21:15.055] [INFO] default - Updating cases...
[2023-03-21T23:21:20.074] [INFO] default - Updating cases...
[2023-03-21T23:21:25.087] [INFO] default - Updating cases...
[2023-03-21T23:21:30.101] [INFO] default - Updating cases...
[2023-03-21T23:21:35.106] [INFO] default - Updating cases...
[2023-03-21T23:21:40.124] [INFO] default - Updating cases...
[2023-03-21T23:21:45.138] [INFO] default - Updating cases...
[2023-03-21T23:21:50.141] [INFO] default - Updating cases...
[2023-03-21T23:21:55.149] [INFO] default - Updating cases...
[2023-03-21T23:22:00.158] [INFO] default - Updating cases...
[2023-03-21T23:22:05.160] [INFO] default - Updating cases...
[2023-03-21T23:22:10.169] [INFO] default - Updating cases...
[2023-03-21T23:22:15.190] [INFO] default - Updating cases...
[2023-03-21T23:22:20.210] [INFO] default - Updating cases...
[2023-03-21T23:22:25.223] [INFO] default - Updating cases...
[2023-03-21T23:22:30.239] [INFO] default - Updating cases...
[2023-03-21T23:22:35.249] [INFO] default - Updating cases...
[2023-03-21T23:22:40.259] [INFO] default - Updating cases...
[2023-03-21T23:22:45.271] [INFO] default - Updating cases...
[2023-03-21T23:22:50.283] [INFO] default - Updating cases...
[2023-03-21T23:22:55.291] [INFO] default - Updating cases...
[2023-03-21T23:23:00.303] [INFO] default - Updating cases...
[2023-03-21T23:23:05.315] [INFO] default - Updating cases...
[2023-03-21T23:23:10.331] [INFO] default - Updating cases...
[2023-03-21T23:23:15.342] [INFO] default - Updating cases...
[2023-03-21T23:23:20.350] [INFO] default - Updating cases...
[2023-03-21T23:23:25.354] [INFO] default - Updating cases...
[2023-03-21T23:23:30.371] [INFO] default - Updating cases...
[2023-03-21T23:23:35.383] [INFO] default - Updating cases...
[2023-03-21T23:23:40.395] [INFO] default - Updating cases...
[2023-03-21T23:23:45.412] [INFO] default - Updating cases...
[2023-03-21T23:23:50.416] [INFO] default - Updating cases...
[2023-03-21T23:23:55.424] [INFO] default - Updating cases...
[2023-03-21T23:24:00.431] [INFO] default - Updating cases...
[2023-03-21T23:24:05.443] [INFO] default - Updating cases...
[2023-03-21T23:24:10.458] [INFO] default - Updating cases...
[2023-03-21T23:24:15.461] [INFO] default - Updating cases...
[2023-03-21T23:24:20.475] [INFO] default - Updating cases...
[2023-03-21T23:24:25.485] [INFO] default - Updating cases...
[2023-03-21T23:24:30.497] [INFO] default - Updating cases...
[2023-03-21T23:24:35.510] [INFO] default - Updating cases...
[2023-03-21T23:24:40.520] [INFO] default - Updating cases...
[2023-03-21T23:24:45.537] [INFO] default - Updating cases...
[2023-03-21T23:24:50.541] [INFO] default - Updating cases...
[2023-03-21T23:24:55.550] [INFO] default - Updating cases...
[2023-03-21T23:25:00.561] [INFO] default - Updating cases...
[2023-03-21T23:25:05.568] [INFO] default - Updating cases...
[2023-03-21T23:25:10.578] [INFO] default - Updating cases...
[2023-03-21T23:25:15.588] [INFO] default - Updating cases...
[2023-03-21T23:25:20.597] [INFO] default - Updating cases...
[2023-03-21T23:25:25.608] [INFO] default - Updating cases...
[2023-03-21T23:25:30.621] [INFO] default - Updating cases...
[2023-03-21T23:25:35.629] [INFO] default - Updating cases...
[2023-03-21T23:25:40.646] [INFO] default - Updating cases...
[2023-03-21T23:25:45.657] [INFO] default - Updating cases...
[2023-03-21T23:25:50.665] [INFO] default - Updating cases...
[2023-03-21T23:25:55.677] [INFO] default - Updating cases...
[2023-03-21T23:26:00.691] [INFO] default - Updating cases...
[2023-03-21T23:26:05.709] [INFO] default - Updating cases...
[2023-03-21T23:26:10.724] [INFO] default - Updating cases...
[2023-03-21T23:26:15.733] [INFO] default - Updating cases...
[2023-03-21T23:26:20.747] [INFO] default - Updating cases...
[2023-03-21T23:26:25.749] [INFO] default - Updating cases...
[2023-03-21T23:26:30.754] [INFO] default - Updating cases...
[2023-03-21T23:26:35.769] [INFO] default - Updating cases...
[2023-03-21T23:26:40.779] [INFO] default - Updating cases...
[2023-03-21T23:26:45.798] [INFO] default - Updating cases...
[2023-03-21T23:26:50.810] [INFO] default - Updating cases...
[2023-03-21T23:26:55.813] [INFO] default - Updating cases...
[2023-03-21T23:27:00.826] [INFO] default - Updating cases...
[2023-03-21T23:27:05.839] [INFO] default - Updating cases...
[2023-03-21T23:27:10.848] [INFO] default - Updating cases...
[2023-03-21T23:27:15.865] [INFO] default - Updating cases...
[2023-03-21T23:27:20.870] [INFO] default - Updating cases...
[2023-03-21T23:27:25.873] [INFO] default - Updating cases...
[2023-03-21T23:27:30.880] [INFO] default - Updating cases...
[2023-03-21T23:27:35.900] [INFO] default - Updating cases...
[2023-03-21T23:27:40.910] [INFO] default - Updating cases...
[2023-03-21T23:27:45.926] [INFO] default - Updating cases...
[2023-03-21T23:27:50.948] [INFO] default - Updating cases...
[2023-03-21T23:27:55.956] [INFO] default - Updating cases...
[2023-03-21T23:28:00.970] [INFO] default - Updating cases...
[2023-03-21T23:28:05.979] [INFO] default - Updating cases...
[2023-03-21T23:28:10.984] [INFO] default - Updating cases...
[2023-03-21T23:28:15.999] [INFO] default - Updating cases...
[2023-03-21T23:28:21.011] [INFO] default - Updating cases...
[2023-03-21T23:28:26.025] [INFO] default - Updating cases...
[2023-03-21T23:28:31.039] [INFO] default - Updating cases...
[2023-03-21T23:28:36.057] [INFO] default - Updating cases...
[2023-03-21T23:28:41.068] [INFO] default - Updating cases...
[2023-03-21T23:28:46.076] [INFO] default - Updating cases...
[2023-03-21T23:28:51.083] [INFO] default - Updating cases...
[2023-03-21T23:28:56.103] [INFO] default - Updating cases...
[2023-03-21T23:29:01.115] [INFO] default - Updating cases...
[2023-03-21T23:29:06.122] [INFO] default - Updating cases...
[2023-03-21T23:29:11.140] [INFO] default - Updating cases...
[2023-03-21T23:29:16.155] [INFO] default - Updating cases...
[2023-03-21T23:29:21.174] [INFO] default - Updating cases...
[2023-03-21T23:29:26.184] [INFO] default - Updating cases...
[2023-03-21T23:29:31.204] [INFO] default - Updating cases...
[2023-03-21T23:29:36.210] [INFO] default - Updating cases...
[2023-03-21T23:29:41.213] [INFO] default - Updating cases...
[2023-03-21T23:29:46.232] [INFO] default - Updating cases...
[2023-03-21T23:29:51.250] [INFO] default - Updating cases...
[2023-03-21T23:29:56.258] [INFO] default - Updating cases...
[2023-03-21T23:30:01.271] [INFO] default - Updating cases...
[2023-03-21T23:30:06.277] [INFO] default - Updating cases...
[2023-03-21T23:30:11.291] [INFO] default - Updating cases...
[2023-03-21T23:30:16.310] [INFO] default - Updating cases...
[2023-03-21T23:30:21.326] [INFO] default - Updating cases...
[2023-03-21T23:30:26.340] [INFO] default - Updating cases...
[2023-03-21T23:30:31.344] [INFO] default - Updating cases...
[2023-03-21T23:30:36.362] [INFO] default - Updating cases...
[2023-03-21T23:30:41.373] [INFO] default - Updating cases...
[2023-03-21T23:30:46.381] [INFO] default - Updating cases...
[2023-03-21T23:30:51.386] [INFO] default - Updating cases...
[2023-03-21T23:30:56.402] [INFO] default - Updating cases...
[2023-03-21T23:31:01.408] [INFO] default - Updating cases...
[2023-03-21T23:31:06.420] [INFO] default - Updating cases...
[2023-03-21T23:31:11.438] [INFO] default - Updating cases...
[2023-03-21T23:31:16.445] [INFO] default - Updating cases...
[2023-03-21T23:31:21.460] [INFO] default - Updating cases...
[2023-03-21T23:31:26.476] [INFO] default - Updating cases...
[2023-03-21T23:31:31.491] [INFO] default - Updating cases...
[2023-03-21T23:31:36.502] [INFO] default - Updating cases...
[2023-03-21T23:31:41.515] [INFO] default - Updating cases...
[2023-03-21T23:31:46.524] [INFO] default - Updating cases...
[2023-03-21T23:31:51.536] [INFO] default - Updating cases...
[2023-03-21T23:31:56.562] [INFO] default - Updating cases...
[2023-03-21T23:32:01.570] [INFO] default - Updating cases...
[2023-03-21T23:32:06.587] [INFO] default - Updating cases...
[2023-03-21T23:32:11.591] [INFO] default - Updating cases...
[2023-03-21T23:32:16.597] [INFO] default - Updating cases...
[2023-03-21T23:32:21.609] [INFO] default - Updating cases...
[2023-03-21T23:32:26.612] [INFO] default - Updating cases...
[2023-03-21T23:32:31.629] [INFO] default - Updating cases...
[2023-03-21T23:32:36.636] [INFO] default - Updating cases...
[2023-03-21T23:32:41.649] [INFO] default - Updating cases...
[2023-03-21T23:32:46.661] [INFO] default - Updating cases...
[2023-03-21T23:32:51.679] [INFO] default - Updating cases...
[2023-03-21T23:32:56.694] [INFO] default - Updating cases...
[2023-03-21T23:33:01.705] [INFO] default - Updating cases...
[2023-03-21T23:33:06.714] [INFO] default - Updating cases...
[2023-03-21T23:33:11.722] [INFO] default - Updating cases...
[2023-03-21T23:33:16.726] [INFO] default - Updating cases...
[2023-03-21T23:33:21.735] [INFO] default - Updating cases...
[2023-03-21T23:33:26.760] [INFO] default - Updating cases...
[2023-03-21T23:33:31.778] [INFO] default - Updating cases...
[2023-03-21T23:33:36.798] [INFO] default - Updating cases...
[2023-03-21T23:33:41.804] [INFO] default - Updating cases...
[2023-03-21T23:33:46.814] [INFO] default - Updating cases...
[2023-03-21T23:33:51.828] [INFO] default - Updating cases...
[2023-03-21T23:33:56.839] [INFO] default - Updating cases...
[2023-03-21T23:34:01.846] [INFO] default - Updating cases...
[2023-03-21T23:34:06.857] [INFO] default - Updating cases...
[2023-03-21T23:34:11.861] [INFO] default - Updating cases...
[2023-03-21T23:34:16.872] [INFO] default - Updating cases...
[2023-03-21T23:34:21.888] [INFO] default - Updating cases...
[2023-03-21T23:34:26.905] [INFO] default - Updating cases...
[2023-03-21T23:34:31.917] [INFO] default - Updating cases...
[2023-03-21T23:34:36.929] [INFO] default - Updating cases...
[2023-03-21T23:34:41.937] [INFO] default - Updating cases...
[2023-03-21T23:34:46.946] [INFO] default - Updating cases...
[2023-03-21T23:34:51.949] [INFO] default - Updating cases...
[2023-03-21T23:34:56.983] [INFO] default - Updating cases...
[2023-03-21T23:35:01.991] [INFO] default - Updating cases...
[2023-03-21T23:35:07.010] [INFO] default - Updating cases...
[2023-03-21T23:35:12.028] [INFO] default - Updating cases...
[2023-03-21T23:35:17.033] [INFO] default - Updating cases...
[2023-03-21T23:35:22.051] [INFO] default - Updating cases...
[2023-03-21T23:35:27.055] [INFO] default - Updating cases...
[2023-03-21T23:35:32.062] [INFO] default - Updating cases...
[2023-03-21T23:35:37.070] [INFO] default - Updating cases...
[2023-03-21T23:35:42.082] [INFO] default - Updating cases...
[2023-03-21T23:35:47.097] [INFO] default - Updating cases...
[2023-03-21T23:35:52.115] [INFO] default - Updating cases...
[2023-03-21T23:35:57.131] [INFO] default - Updating cases...
[2023-03-21T23:36:02.146] [INFO] default - Updating cases...
[2023-03-21T23:36:07.147] [INFO] default - Updating cases...
[2023-03-21T23:36:12.160] [INFO] default - Updating cases...
