[2023-03-22T13:24:56.271] [INFO] default - Logged in as Academia#0862
[2023-03-22T13:24:56.278] [INFO] default - Loading module Ban.js
[2023-03-22T13:24:56.281] [INFO] default - Loading command Ban.command.js
[2023-03-22T13:24:56.301] [INFO] default - Loaded command CHAT_INPUT_ban
[2023-03-22T13:24:56.302] [INFO] default - Loading command Cases.command.js
[2023-03-22T13:24:56.306] [INFO] default - Loaded command CHAT_INPUT_cases
[2023-03-22T13:24:56.308] [INFO] default - Loading command Kick.command.js
[2023-03-22T13:24:56.314] [INFO] default - Loaded command CHAT_INPUT_kick
[2023-03-22T13:24:56.317] [INFO] default - Loading command Mute.command.js
[2023-03-22T13:24:56.336] [INFO] default - Loaded command CHAT_INPUT_mute
[2023-03-22T13:24:56.342] [INFO] default - Loading command Unban.command.js
[2023-03-22T13:24:56.352] [INFO] default - Loaded command CHAT_INPUT_unban
[2023-03-22T13:24:56.354] [INFO] default - Loading command Unmute.command.js
[2023-03-22T13:24:56.359] [INFO] default - Loaded command CHAT_INPUT_unmute
[2023-03-22T13:24:56.362] [INFO] default - Loading command Warn.command.js
[2023-03-22T13:24:56.375] [INFO] default - Loaded command CHAT_INPUT_warn
[2023-03-22T13:24:56.382] [INFO] default - Loading command Ban.command.js
[2023-03-22T13:24:56.391] [INFO] default - Loaded command MESSAGE_CONTEXT_Ban
[2023-03-22T13:24:56.393] [INFO] default - Loading command Kick.command.js
[2023-03-22T13:24:56.401] [INFO] default - Loaded command MESSAGE_CONTEXT_Kick
[2023-03-22T13:24:56.405] [INFO] default - Loading command Mute.command.js
[2023-03-22T13:24:56.412] [INFO] default - Loaded command MESSAGE_CONTEXT_Mute
[2023-03-22T13:24:56.413] [INFO] default - Loading command Warn.command.js
[2023-03-22T13:24:56.418] [INFO] default - Loaded command MESSAGE_CONTEXT_Warn
[2023-03-22T13:24:56.423] [INFO] default - Loading command Ban.command.js
[2023-03-22T13:24:56.428] [INFO] default - Loaded command USER_CONTEXT_Ban
[2023-03-22T13:24:56.430] [INFO] default - Loading command Kick.command.js
[2023-03-22T13:24:56.436] [INFO] default - Loaded command USER_CONTEXT_Kick
[2023-03-22T13:24:56.438] [INFO] default - Loading command Mute.command.js
[2023-03-22T13:24:56.441] [INFO] default - Loaded command USER_CONTEXT_Mute
[2023-03-22T13:24:56.442] [INFO] default - Loading command Warn.command.js
[2023-03-22T13:24:56.446] [INFO] default - Loaded command USER_CONTEXT_Warn
[2023-03-22T13:24:56.447] [INFO] default - All modules and commands loaded
[2023-03-22T13:24:56.472] [INFO] default - Loading module Kick.js
[2023-03-22T13:24:56.477] [INFO] default - Loading module Logging.js
[2023-03-22T13:24:56.484] [INFO] default - Loading module Mute.js
[2023-03-22T13:24:56.487] [INFO] default - Loading module UpdateCase.js
[2023-03-22T13:24:56.495] [INFO] default - Loading module Warn.js
[2023-03-22T13:24:59.498] [INFO] default - Updating cases...
[2023-03-22T13:25:04.512] [INFO] default - Updating cases...
[2023-03-22T13:25:04.993] [INFO] default - /cases run by Osmii#0076
[2023-03-22T13:25:09.533] [INFO] default - Updating cases...
[2023-03-22T13:25:14.550] [INFO] default - Updating cases...
[2023-03-22T13:25:19.559] [INFO] default - Updating cases...
[2023-03-22T13:25:24.568] [INFO] default - Updating cases...
[2023-03-22T13:25:29.580] [INFO] default - Updating cases...
[2023-03-22T13:25:34.595] [INFO] default - Updating cases...
[2023-03-22T13:25:39.613] [INFO] default - Updating cases...
[2023-03-22T13:25:44.625] [INFO] default - Updating cases...
[2023-03-22T13:25:49.641] [INFO] default - Updating cases...
[2023-03-22T13:25:54.657] [INFO] default - Updating cases...
[2023-03-22T13:25:59.669] [INFO] default - Updating cases...
[2023-03-22T13:26:04.680] [INFO] default - Updating cases...
[2023-03-22T13:26:09.699] [INFO] default - Updating cases...
[2023-03-22T13:26:14.706] [INFO] default - Updating cases...
[2023-03-22T13:26:19.726] [INFO] default - Updating cases...
[2023-03-22T13:26:24.738] [INFO] default - Updating cases...
[2023-03-22T13:26:29.754] [INFO] default - Updating cases...
[2023-03-22T13:26:34.759] [INFO] default - Updating cases...
[2023-03-22T13:26:39.765] [INFO] default - Updating cases...
[2023-03-22T13:26:44.771] [INFO] default - Updating cases...
[2023-03-22T13:26:49.779] [INFO] default - Updating cases...
[2023-03-22T13:26:54.790] [INFO] default - Updating cases...
[2023-03-22T13:26:59.798] [INFO] default - Updating cases...
[2023-03-22T13:27:04.803] [INFO] default - Updating cases...
[2023-03-22T13:27:09.809] [INFO] default - Updating cases...
[2023-03-22T13:27:14.813] [INFO] default - Updating cases...
[2023-03-22T13:27:19.821] [INFO] default - Updating cases...
[2023-03-22T13:27:24.832] [INFO] default - Updating cases...
[2023-03-22T13:27:29.845] [INFO] default - Updating cases...
[2023-03-22T13:27:34.863] [INFO] default - Updating cases...
[2023-03-22T13:27:39.871] [INFO] default - Updating cases...
[2023-03-22T13:27:44.881] [INFO] default - Updating cases...
[2023-03-22T13:27:49.900] [INFO] default - Updating cases...
[2023-03-22T13:27:54.912] [INFO] default - Updating cases...
[2023-03-22T13:27:59.928] [INFO] default - Updating cases...
[2023-03-22T13:28:04.942] [INFO] default - Updating cases...
[2023-03-22T13:28:09.957] [INFO] default - Updating cases...
[2023-03-22T13:28:14.971] [INFO] default - Updating cases...
[2023-03-22T13:28:19.989] [INFO] default - Updating cases...
[2023-03-22T13:28:25.000] [INFO] default - Updating cases...
[2023-03-22T13:28:30.009] [INFO] default - Updating cases...
[2023-03-22T13:28:35.036] [INFO] default - Updating cases...
[2023-03-22T13:28:40.049] [INFO] default - Updating cases...
[2023-03-22T13:28:45.057] [INFO] default - Updating cases...
[2023-03-22T13:28:50.072] [INFO] default - Updating cases...
[2023-03-22T13:28:55.081] [INFO] default - Updating cases...
[2023-03-22T13:29:00.087] [INFO] default - Updating cases...
[2023-03-22T13:29:05.098] [INFO] default - Updating cases...
[2023-03-22T13:29:10.105] [INFO] default - Updating cases...
[2023-03-22T13:29:15.125] [INFO] default - Updating cases...
[2023-03-22T13:29:20.140] [INFO] default - Updating cases...
[2023-03-22T13:29:25.163] [INFO] default - Updating cases...
[2023-03-22T13:29:30.171] [INFO] default - Updating cases...
[2023-03-22T13:29:35.189] [INFO] default - Updating cases...
[2023-03-22T13:29:40.203] [INFO] default - Updating cases...
[2023-03-22T13:29:45.220] [INFO] default - Updating cases...
[2023-03-22T13:29:50.226] [INFO] default - Updating cases...
[2023-03-22T13:29:55.234] [INFO] default - Updating cases...
[2023-03-22T13:30:00.243] [INFO] default - Updating cases...
[2023-03-22T13:30:05.260] [INFO] default - Updating cases...
[2023-03-22T13:30:10.267] [INFO] default - Updating cases...
[2023-03-22T13:30:15.281] [INFO] default - Updating cases...
[2023-03-22T13:30:20.295] [INFO] default - Updating cases...
[2023-03-22T13:30:25.309] [INFO] default - Updating cases...
[2023-03-22T13:30:30.323] [INFO] default - Updating cases...
[2023-03-22T13:30:35.338] [INFO] default - Updating cases...
[2023-03-22T13:30:40.343] [INFO] default - Updating cases...
[2023-03-22T13:30:45.360] [INFO] default - Updating cases...
[2023-03-22T13:30:50.381] [INFO] default - Updating cases...
[2023-03-22T13:30:55.389] [INFO] default - Updating cases...
[2023-03-22T13:31:00.408] [INFO] default - Updating cases...
[2023-03-22T13:31:05.421] [INFO] default - Updating cases...
[2023-03-22T13:31:10.425] [INFO] default - Updating cases...
[2023-03-22T13:31:15.434] [INFO] default - Updating cases...
[2023-03-22T13:31:20.447] [INFO] default - Updating cases...
[2023-03-22T13:31:25.459] [INFO] default - Updating cases...
[2023-03-22T13:31:30.481] [INFO] default - Updating cases...
[2023-03-22T13:31:35.491] [INFO] default - Updating cases...
[2023-03-22T13:31:40.503] [INFO] default - Updating cases...
[2023-03-22T13:31:45.520] [INFO] default - Updating cases...
[2023-03-22T13:31:50.531] [INFO] default - Updating cases...
[2023-03-22T13:31:55.533] [INFO] default - Updating cases...
[2023-03-22T13:32:00.554] [INFO] default - Updating cases...
[2023-03-22T13:32:05.568] [INFO] default - Updating cases...
[2023-03-22T13:32:10.579] [INFO] default - Updating cases...
[2023-03-22T13:32:15.589] [INFO] default - Updating cases...
[2023-03-22T13:32:20.597] [INFO] default - Updating cases...
[2023-03-22T13:32:25.611] [INFO] default - Updating cases...
[2023-03-22T13:32:30.625] [INFO] default - Updating cases...
