[2023-03-23T13:15:13.624] [INFO] default - Logged in as Academia#0862
[2023-03-23T13:15:13.630] [INFO] default - Loading module Ban.js
[2023-03-23T13:15:13.632] [INFO] default - Loading module CreateTicketHandler.js
[2023-03-23T13:15:13.634] [INFO] default - Loading command Ban.command.js
[2023-03-23T13:15:13.643] [INFO] default - Loaded command CHAT_INPUT_ban
[2023-03-23T13:15:13.644] [INFO] default - Loading command Cases.command.js
[2023-03-23T13:15:13.647] [INFO] default - Loaded command CHAT_INPUT_cases
[2023-03-23T13:15:13.648] [INFO] default - Loading command Kick.command.js
[2023-03-23T13:15:13.652] [INFO] default - Loaded command CHAT_INPUT_kick
[2023-03-23T13:15:13.653] [INFO] default - Loading command Mute.command.js
[2023-03-23T13:15:13.657] [INFO] default - Loaded command CHAT_INPUT_mute
[2023-03-23T13:15:13.657] [INFO] default - Loading command Reason.command.js
[2023-03-23T13:15:13.659] [INFO] default - Loaded command CHAT_INPUT_reason
[2023-03-23T13:15:13.660] [INFO] default - Loading command Unban.command.js
[2023-03-23T13:15:13.663] [INFO] default - Loaded command CHAT_INPUT_unban
[2023-03-23T13:15:13.665] [INFO] default - Loading command Unmute.command.js
[2023-03-23T13:15:13.667] [INFO] default - Loaded command CHAT_INPUT_unmute
[2023-03-23T13:15:13.668] [INFO] default - Loading command Warn.command.js
[2023-03-23T13:15:13.671] [INFO] default - Loaded command CHAT_INPUT_warn
[2023-03-23T13:15:13.672] [INFO] default - Loading command Ban.command.js
[2023-03-23T13:15:13.676] [INFO] default - Loaded command MESSAGE_CONTEXT_Ban
[2023-03-23T13:15:13.677] [INFO] default - Loading command Kick.command.js
[2023-03-23T13:15:13.681] [INFO] default - Loaded command MESSAGE_CONTEXT_Kick
[2023-03-23T13:15:13.682] [INFO] default - Loading command Mute.command.js
[2023-03-23T13:15:13.686] [INFO] default - Loaded command MESSAGE_CONTEXT_Mute
[2023-03-23T13:15:13.687] [INFO] default - Loading command Warn.command.js
[2023-03-23T13:15:13.690] [INFO] default - Loaded command MESSAGE_CONTEXT_Warn
[2023-03-23T13:15:13.692] [INFO] default - Loading command Ban.command.js
[2023-03-23T13:15:13.694] [INFO] default - Loaded command USER_CONTEXT_Ban
[2023-03-23T13:15:13.695] [INFO] default - Loading command Kick.command.js
[2023-03-23T13:15:13.699] [INFO] default - Loaded command USER_CONTEXT_Kick
[2023-03-23T13:15:13.700] [INFO] default - Loading command Mute.command.js
[2023-03-23T13:15:13.703] [INFO] default - Loaded command USER_CONTEXT_Mute
[2023-03-23T13:15:13.704] [INFO] default - Loading command Warn.command.js
[2023-03-23T13:15:13.707] [INFO] default - Loaded command USER_CONTEXT_Warn
[2023-03-23T13:15:13.708] [INFO] default - All modules and commands loaded
[2023-03-23T13:15:13.721] [INFO] default - Loading module Kick.js
[2023-03-23T13:15:13.722] [INFO] default - Loading module TicketManager.js
[2023-03-23T13:15:13.723] [INFO] default - Loading module Logging.js
[2023-03-23T13:15:13.725] [INFO] default - Loading module Mute.js
[2023-03-23T13:15:13.726] [INFO] default - Loading module UpdateCase.js
[2023-03-23T13:15:13.730] [INFO] default - Loading module Warn.js
[2023-03-23T13:15:16.743] [INFO] default - Updating cases...
[2023-03-23T13:15:21.755] [INFO] default - Updating cases...
[2023-03-23T13:15:26.766] [INFO] default - Updating cases...
[2023-03-23T13:15:31.777] [INFO] default - Updating cases...
[2023-03-23T13:15:36.794] [INFO] default - Updating cases...
[2023-03-23T13:15:41.810] [INFO] default - Updating cases...
[2023-03-23T13:15:46.821] [INFO] default - Updating cases...
[2023-03-23T13:15:51.835] [INFO] default - Updating cases...
[2023-03-23T13:15:56.841] [INFO] default - Updating cases...
[2023-03-23T13:16:01.856] [INFO] default - Updating cases...
[2023-03-23T13:16:06.868] [INFO] default - Updating cases...
[2023-03-23T13:16:11.875] [INFO] default - Updating cases...
[2023-03-23T13:16:16.894] [INFO] default - Updating cases...
[2023-03-23T13:16:21.904] [INFO] default - Updating cases...
[2023-03-23T13:16:26.914] [INFO] default - Updating cases...
[2023-03-23T13:16:31.927] [INFO] default - Updating cases...
[2023-03-23T13:16:36.934] [INFO] default - Updating cases...
[2023-03-23T13:16:41.938] [INFO] default - Updating cases...
[2023-03-23T13:16:46.944] [INFO] default - Updating cases...
[2023-03-23T13:16:51.957] [INFO] default - Updating cases...
[2023-03-23T13:16:56.963] [INFO] default - Updating cases...
[2023-03-23T13:17:01.983] [INFO] default - Updating cases...
[2023-03-23T13:17:06.993] [INFO] default - Updating cases...
[2023-03-23T13:17:11.999] [INFO] default - Updating cases...
[2023-03-23T13:17:17.007] [INFO] default - Updating cases...
[2023-03-23T13:17:22.010] [INFO] default - Updating cases...
[2023-03-23T13:17:27.015] [INFO] default - Updating cases...
[2023-03-23T13:17:32.025] [INFO] default - Updating cases...
[2023-03-23T13:17:37.041] [INFO] default - Updating cases...
[2023-03-23T13:17:42.052] [INFO] default - Updating cases...
[2023-03-23T13:17:47.062] [INFO] default - Updating cases...
[2023-03-23T13:17:52.065] [INFO] default - Updating cases...
[2023-03-23T13:17:57.072] [INFO] default - Updating cases...
[2023-03-23T13:18:02.087] [INFO] default - Updating cases...
[2023-03-23T13:18:07.100] [INFO] default - Updating cases...
[2023-03-23T13:18:12.106] [INFO] default - Updating cases...
[2023-03-23T13:18:17.112] [INFO] default - Updating cases...
[2023-03-23T13:18:22.120] [INFO] default - Updating cases...
[2023-03-23T13:18:27.139] [INFO] default - Updating cases...
[2023-03-23T13:18:32.142] [INFO] default - Updating cases...
[2023-03-23T13:18:37.154] [INFO] default - Updating cases...
[2023-03-23T13:18:42.169] [INFO] default - Updating cases...
[2023-03-23T13:18:47.181] [INFO] default - Updating cases...
[2023-03-23T13:18:52.187] [INFO] default - Updating cases...
[2023-03-23T13:18:57.194] [INFO] default - Updating cases...
[2023-03-23T13:19:02.212] [INFO] default - Updating cases...
[2023-03-23T13:19:07.222] [INFO] default - Updating cases...
[2023-03-23T13:19:12.239] [INFO] default - Updating cases...
[2023-03-23T13:19:17.249] [INFO] default - Updating cases...
[2023-03-23T13:19:22.254] [INFO] default - Updating cases...
[2023-03-23T13:19:27.267] [INFO] default - Updating cases...
[2023-03-23T13:19:32.270] [INFO] default - Updating cases...
[2023-03-23T13:19:37.288] [INFO] default - Updating cases...
[2023-03-23T13:19:42.299] [INFO] default - Updating cases...
[2023-03-23T13:19:47.301] [INFO] default - Updating cases...
[2023-03-23T13:19:52.306] [INFO] default - Updating cases...
[2023-03-23T13:19:57.321] [INFO] default - Updating cases...
[2023-03-23T13:20:02.329] [INFO] default - Updating cases...
[2023-03-23T13:20:07.345] [INFO] default - Updating cases...
[2023-03-23T13:20:12.353] [INFO] default - Updating cases...
[2023-03-23T13:20:17.370] [INFO] default - Updating cases...
[2023-03-23T13:20:22.377] [INFO] default - Updating cases...
[2023-03-23T13:20:27.384] [INFO] default - Updating cases...
[2023-03-23T13:20:32.401] [INFO] default - Updating cases...
[2023-03-23T13:20:37.410] [INFO] default - Updating cases...
[2023-03-23T13:20:42.416] [INFO] default - Updating cases...
[2023-03-23T13:20:47.433] [INFO] default - Updating cases...
[2023-03-23T13:20:52.435] [INFO] default - Updating cases...
[2023-03-23T13:20:57.448] [INFO] default - Updating cases...
[2023-03-23T13:21:02.453] [INFO] default - Updating cases...
[2023-03-23T13:21:07.458] [INFO] default - Updating cases...
[2023-03-23T13:21:12.470] [INFO] default - Updating cases...
[2023-03-23T13:21:17.473] [INFO] default - Updating cases...
