[2023-03-23T17:39:48.569] [INFO] default - Logged in as Academia#0862
[2023-03-23T17:39:48.572] [INFO] default - Loading module WelcomeAndGoodbye.js
[2023-03-23T17:39:48.573] [INFO] default - Loading module Ban.js
[2023-03-23T17:39:48.574] [INFO] default - Loading module RelayHandler.js
[2023-03-23T17:39:48.575] [INFO] default - Loading module Verification.js
[2023-03-23T17:39:48.576] [INFO] default - Loading command Ban.command.js
[2023-03-23T17:39:48.586] [INFO] default - Loaded command CHAT_INPUT_ban
[2023-03-23T17:39:48.587] [INFO] default - Loading command Cases.command.js
[2023-03-23T17:39:48.590] [INFO] default - Loaded command CHAT_INPUT_cases
[2023-03-23T17:39:48.591] [INFO] default - Loading command Kick.command.js
[2023-03-23T17:39:48.595] [INFO] default - Loaded command CHAT_INPUT_kick
[2023-03-23T17:39:48.596] [INFO] default - Loading command Mute.command.js
[2023-03-23T17:39:48.599] [INFO] default - Loaded command CHAT_INPUT_mute
[2023-03-23T17:39:48.600] [INFO] default - Loading command Reason.command.js
[2023-03-23T17:39:48.601] [INFO] default - Loaded command CHAT_INPUT_reason
[2023-03-23T17:39:48.602] [INFO] default - Loading command Unban.command.js
[2023-03-23T17:39:48.604] [INFO] default - Loaded command CHAT_INPUT_unban
[2023-03-23T17:39:48.605] [INFO] default - Loading command Unmute.command.js
[2023-03-23T17:39:48.607] [INFO] default - Loaded command CHAT_INPUT_unmute
[2023-03-23T17:39:48.608] [INFO] default - Loading command Warn.command.js
[2023-03-23T17:39:48.613] [INFO] default - Loaded command CHAT_INPUT_warn
[2023-03-23T17:39:48.616] [INFO] default - Loading command Ban.command.js
[2023-03-23T17:39:48.621] [INFO] default - Loaded command MESSAGE_CONTEXT_Ban
[2023-03-23T17:39:48.622] [INFO] default - Loading command Kick.command.js
[2023-03-23T17:39:48.625] [INFO] default - Loaded command MESSAGE_CONTEXT_Kick
[2023-03-23T17:39:48.626] [INFO] default - Loading command Mute.command.js
[2023-03-23T17:39:48.631] [INFO] default - Loaded command MESSAGE_CONTEXT_Mute
[2023-03-23T17:39:48.633] [INFO] default - Loading command Warn.command.js
[2023-03-23T17:39:48.636] [INFO] default - Loaded command MESSAGE_CONTEXT_Warn
[2023-03-23T17:39:48.638] [INFO] default - Loading command Ban.command.js
[2023-03-23T17:39:48.640] [INFO] default - Loaded command USER_CONTEXT_Ban
[2023-03-23T17:39:48.641] [INFO] default - Loading command Kick.command.js
[2023-03-23T17:39:48.644] [INFO] default - Loaded command USER_CONTEXT_Kick
[2023-03-23T17:39:48.646] [INFO] default - Loading command Mute.command.js
[2023-03-23T17:39:48.651] [INFO] default - Loaded command USER_CONTEXT_Mute
[2023-03-23T17:39:48.652] [INFO] default - Loading command Warn.command.js
[2023-03-23T17:39:48.655] [INFO] default - Loaded command USER_CONTEXT_Warn
[2023-03-23T17:39:48.656] [INFO] default - All modules and commands loaded
[2023-03-23T17:39:48.684] [INFO] default - Loading module Kick.js
[2023-03-23T17:39:48.684] [INFO] default - Loading module TicketManager.js
[2023-03-23T17:39:48.685] [INFO] default - Loading module VerificationManager.js
[2023-03-23T17:39:48.687] [INFO] default - Loading module Logging.js
[2023-03-23T17:39:48.689] [INFO] default - Loading module Mute.js
[2023-03-23T17:39:48.691] [INFO] default - Loading module UpdateCase.js
[2023-03-23T17:39:48.695] [INFO] default - Loading module Warn.js
[2023-03-23T17:39:51.697] [INFO] default - Updating cases...
[2023-03-23T17:39:56.702] [INFO] default - Updating cases...
[2023-03-23T17:40:01.712] [INFO] default - Updating cases...
[2023-03-23T17:40:06.715] [INFO] default - Updating cases...
[2023-03-23T17:40:11.726] [INFO] default - Updating cases...
[2023-03-23T17:40:16.733] [INFO] default - Updating cases...
[2023-03-23T17:40:21.749] [INFO] default - Updating cases...
[2023-03-23T17:40:26.762] [INFO] default - Updating cases...
[2023-03-23T17:40:31.773] [INFO] default - Updating cases...
[2023-03-23T17:40:36.784] [INFO] default - Updating cases...
[2023-03-23T17:40:41.788] [INFO] default - Updating cases...
[2023-03-23T17:40:46.802] [INFO] default - Updating cases...
[2023-03-23T17:40:51.810] [INFO] default - Updating cases...
[2023-03-23T17:40:56.824] [INFO] default - Updating cases...
[2023-03-23T17:41:01.837] [INFO] default - Updating cases...
[2023-03-23T17:41:06.845] [INFO] default - Updating cases...
[2023-03-23T17:41:11.847] [INFO] default - Updating cases...
[2023-03-23T17:41:16.851] [INFO] default - Updating cases...
[2023-03-23T17:41:21.861] [INFO] default - Updating cases...
[2023-03-23T17:41:26.872] [INFO] default - Updating cases...
[2023-03-23T17:41:31.879] [INFO] default - Updating cases...
[2023-03-23T17:41:36.880] [INFO] default - Updating cases...
[2023-03-23T17:41:41.884] [INFO] default - Updating cases...
[2023-03-23T17:41:46.899] [INFO] default - Updating cases...
[2023-03-23T17:41:51.913] [INFO] default - Updating cases...
[2023-03-23T17:41:56.915] [INFO] default - Updating cases...
[2023-03-23T17:42:01.923] [INFO] default - Updating cases...
[2023-03-23T17:42:06.931] [INFO] default - Updating cases...
[2023-03-23T17:42:11.935] [INFO] default - Updating cases...
[2023-03-23T17:42:16.943] [INFO] default - Updating cases...
