[2023-03-23T20:20:35.244] [INFO] default - Logged in as Academia#0862
[2023-03-23T20:20:35.248] [INFO] default - Loading module WelcomeAndGoodbye.js
[2023-03-23T20:20:35.250] [INFO] default - Loading module Ban.js
[2023-03-23T20:20:35.252] [INFO] default - Loading module ReactRoles.js
[2023-03-23T20:20:35.253] [INFO] default - Loading module RelayHandler.js
[2023-03-23T20:20:35.254] [INFO] default - Loading module Verification.js
[2023-03-23T20:20:35.256] [INFO] default - Loading command Ban.command.js
[2023-03-23T20:20:35.271] [INFO] default - Loaded command CHAT_INPUT_ban
[2023-03-23T20:20:35.273] [INFO] default - Loading command Cases.command.js
[2023-03-23T20:20:35.278] [INFO] default - Loaded command CHAT_INPUT_cases
[2023-03-23T20:20:35.279] [INFO] default - Loading command Embed.command.js
[2023-03-23T20:20:35.286] [INFO] default - Loaded command CHAT_INPUT_embed
[2023-03-23T20:20:35.287] [INFO] default - Loading command Kick.command.js
[2023-03-23T20:20:35.292] [INFO] default - Loaded command CHAT_INPUT_kick
[2023-03-23T20:20:35.294] [INFO] default - Loading command Mute.command.js
[2023-03-23T20:20:35.301] [INFO] default - Loaded command CHAT_INPUT_mute
[2023-03-23T20:20:35.303] [INFO] default - Loading command ReactionRoles.command.js
[2023-03-23T20:20:35.310] [INFO] default - Loaded command CHAT_INPUT_reactroles
[2023-03-23T20:20:35.311] [INFO] default - Loading command Reason.command.js
[2023-03-23T20:20:35.316] [INFO] default - Loaded command CHAT_INPUT_reason
[2023-03-23T20:20:35.317] [INFO] default - Loading command Unban.command.js
[2023-03-23T20:20:35.320] [INFO] default - Loaded command CHAT_INPUT_unban
[2023-03-23T20:20:35.322] [INFO] default - Loading command Unmute.command.js
[2023-03-23T20:20:35.326] [INFO] default - Loaded command CHAT_INPUT_unmute
[2023-03-23T20:20:35.327] [INFO] default - Loading command Warn.command.js
[2023-03-23T20:20:35.334] [INFO] default - Loaded command CHAT_INPUT_warn
[2023-03-23T20:20:35.336] [INFO] default - Loading command Ban.command.js
[2023-03-23T20:20:35.343] [INFO] default - Loaded command MESSAGE_CONTEXT_Ban
[2023-03-23T20:20:35.344] [INFO] default - Loading command Kick.command.js
[2023-03-23T20:20:35.349] [INFO] default - Loaded command MESSAGE_CONTEXT_Kick
[2023-03-23T20:20:35.351] [INFO] default - Loading command Mute.command.js
[2023-03-23T20:20:35.355] [INFO] default - Loaded command MESSAGE_CONTEXT_Mute
[2023-03-23T20:20:35.356] [INFO] default - Loading command Warn.command.js
[2023-03-23T20:20:35.361] [INFO] default - Loaded command MESSAGE_CONTEXT_Warn
[2023-03-23T20:20:35.363] [INFO] default - Loading command Ban.command.js
[2023-03-23T20:20:35.367] [INFO] default - Loaded command USER_CONTEXT_Ban
[2023-03-23T20:20:35.368] [INFO] default - Loading command Kick.command.js
[2023-03-23T20:20:35.372] [INFO] default - Loaded command USER_CONTEXT_Kick
[2023-03-23T20:20:35.374] [INFO] default - Loading command Mute.command.js
[2023-03-23T20:20:35.377] [INFO] default - Loaded command USER_CONTEXT_Mute
[2023-03-23T20:20:35.381] [INFO] default - Loading command Warn.command.js
[2023-03-23T20:20:35.385] [INFO] default - Loaded command USER_CONTEXT_Warn
[2023-03-23T20:20:35.386] [INFO] default - All modules and commands loaded
[2023-03-23T20:20:35.450] [INFO] default - Loading module Kick.js
[2023-03-23T20:20:35.453] [INFO] default - Loading module TicketManager.js
[2023-03-23T20:20:35.455] [INFO] default - Loading module VerificationManager.js
[2023-03-23T20:20:35.459] [INFO] default - Loading module Logging.js
[2023-03-23T20:20:35.463] [INFO] default - Loading module Mute.js
[2023-03-23T20:20:35.466] [INFO] default - Loading module UpdateCase.js
[2023-03-23T20:20:35.476] [INFO] default - Loading module Warn.js
[2023-03-23T20:20:38.482] [INFO] default - Updating cases...
[2023-03-23T20:20:43.488] [INFO] default - Updating cases...
[2023-03-23T20:20:48.494] [INFO] default - Updating cases...
[2023-03-23T20:20:53.495] [INFO] default - Updating cases...
[2023-03-23T20:20:58.499] [INFO] default - Updating cases...
[2023-03-23T20:21:03.501] [INFO] default - Updating cases...
[2023-03-23T20:21:08.515] [INFO] default - Updating cases...
[2023-03-23T20:21:13.525] [INFO] default - Updating cases...
[2023-03-23T20:21:18.529] [INFO] default - Updating cases...
[2023-03-23T20:21:23.538] [INFO] default - Updating cases...
[2023-03-23T20:21:28.559] [INFO] default - Updating cases...
[2023-03-23T20:21:33.573] [INFO] default - Updating cases...
[2023-03-23T20:21:38.577] [INFO] default - Updating cases...
[2023-03-23T20:21:43.648] [INFO] default - Updating cases...
[2023-03-23T20:21:48.684] [INFO] default - Updating cases...
[2023-03-23T20:21:53.691] [INFO] default - Updating cases...
[2023-03-23T20:21:58.694] [INFO] default - Updating cases...
[2023-03-23T20:22:03.709] [INFO] default - Updating cases...
[2023-03-23T20:22:08.720] [INFO] default - Updating cases...
[2023-03-23T20:22:13.732] [INFO] default - Updating cases...
[2023-03-23T20:22:18.746] [INFO] default - Updating cases...
[2023-03-23T20:22:23.751] [INFO] default - Updating cases...
[2023-03-23T20:22:28.763] [INFO] default - Updating cases...
[2023-03-23T20:22:33.765] [INFO] default - Updating cases...
[2023-03-23T20:22:38.779] [INFO] default - Updating cases...
[2023-03-23T20:22:43.792] [INFO] default - Updating cases...
[2023-03-23T20:22:48.794] [INFO] default - Updating cases...
