[2023-03-24T01:53:36.029] [INFO] default - Logged in as Jayfeather#0862
[2023-03-24T01:53:36.034] [INFO] default - Loading module WelcomeAndGoodbye.js
[2023-03-24T01:53:36.036] [INFO] default - Loading module Ban.js
[2023-03-24T01:53:36.038] [INFO] default - Loading module ReactRoles.js
[2023-03-24T01:53:36.040] [INFO] default - Loading module RelayHandler.js
[2023-03-24T01:53:36.042] [INFO] default - Loading module Verification.js
[2023-03-24T01:53:36.045] [INFO] default - Loading command Ban.command.js
[2023-03-24T01:53:36.063] [INFO] default - Loaded command CHAT_INPUT_ban
[2023-03-24T01:53:36.069] [INFO] default - Loading command Cases.command.js
[2023-03-24T01:53:36.093] [INFO] default - Loaded command CHAT_INPUT_cases
[2023-03-24T01:53:36.098] [INFO] default - Loading command Embed.command.js
[2023-03-24T01:53:36.120] [INFO] default - Loaded command CHAT_INPUT_embed
[2023-03-24T01:53:36.127] [INFO] default - Loading command Kick.command.js
[2023-03-24T01:53:36.141] [INFO] default - Loaded command CHAT_INPUT_kick
[2023-03-24T01:53:36.151] [INFO] default - Loading command Mute.command.js
[2023-03-24T01:53:36.165] [INFO] default - Loaded command CHAT_INPUT_mute
[2023-03-24T01:53:36.170] [INFO] default - Loading command ReactionRoles.command.js
[2023-03-24T01:53:36.188] [INFO] default - Loaded command CHAT_INPUT_reactroles
[2023-03-24T01:53:36.192] [INFO] default - Loading command Reason.command.js
[2023-03-24T01:53:36.203] [INFO] default - Loaded command CHAT_INPUT_reason
[2023-03-24T01:53:36.205] [INFO] default - Loading command Unban.command.js
[2023-03-24T01:53:36.210] [INFO] default - Loaded command CHAT_INPUT_unban
[2023-03-24T01:53:36.213] [INFO] default - Loading command Unmute.command.js
[2023-03-24T01:53:36.223] [INFO] default - Loaded command CHAT_INPUT_unmute
[2023-03-24T01:53:36.229] [INFO] default - Loading command Warn.command.js
[2023-03-24T01:53:36.241] [INFO] default - Loaded command CHAT_INPUT_warn
[2023-03-24T01:53:36.257] [INFO] default - Loading command Ban.command.js
[2023-03-24T01:53:36.275] [INFO] default - Loaded command MESSAGE_CONTEXT_Ban
[2023-03-24T01:53:36.278] [INFO] default - Loading command Kick.command.js
[2023-03-24T01:53:36.290] [INFO] default - Loaded command MESSAGE_CONTEXT_Kick
[2023-03-24T01:53:36.295] [INFO] default - Loading command Mute.command.js
[2023-03-24T01:53:36.306] [INFO] default - Loaded command MESSAGE_CONTEXT_Mute
[2023-03-24T01:53:36.307] [INFO] default - Loading command Warn.command.js
[2023-03-24T01:53:36.311] [INFO] default - Loaded command MESSAGE_CONTEXT_Warn
[2023-03-24T01:53:36.337] [INFO] default - Loading command Ban.command.js
[2023-03-24T01:53:36.358] [INFO] default - Loaded command USER_CONTEXT_Ban
[2023-03-24T01:53:36.360] [INFO] default - Loading command Kick.command.js
[2023-03-24T01:53:36.369] [INFO] default - Loaded command USER_CONTEXT_Kick
[2023-03-24T01:53:36.372] [INFO] default - Loading command Mute.command.js
[2023-03-24T01:53:36.377] [INFO] default - Loaded command USER_CONTEXT_Mute
[2023-03-24T01:53:36.379] [INFO] default - Loading command Warn.command.js
[2023-03-24T01:53:36.403] [INFO] default - Loaded command USER_CONTEXT_Warn
[2023-03-24T01:53:36.425] [INFO] default - All modules and commands loaded
[2023-03-24T01:53:36.476] [INFO] default - Loading module Kick.js
[2023-03-24T01:53:36.479] [INFO] default - Loading module TicketManager.js
[2023-03-24T01:53:36.488] [INFO] default - Loading module VerificationManager.js
[2023-03-24T01:53:36.503] [INFO] default - Loading module Logging.js
[2023-03-24T01:53:36.513] [INFO] default - Loading module Mute.js
[2023-03-24T01:53:36.519] [INFO] default - Loading module UpdateCase.js
[2023-03-24T01:53:36.536] [INFO] default - Loading module Warn.js
[2023-03-24T01:53:39.539] [INFO] default - Updating cases...
[2023-03-24T01:53:44.549] [INFO] default - Updating cases...
[2023-03-24T01:53:49.563] [INFO] default - Updating cases...
[2023-03-24T01:53:54.578] [INFO] default - Updating cases...
[2023-03-24T01:53:59.586] [INFO] default - Updating cases...
[2023-03-24T01:54:04.603] [INFO] default - Updating cases...
[2023-03-24T01:54:09.616] [INFO] default - Updating cases...
[2023-03-24T01:54:14.618] [INFO] default - Updating cases...
[2023-03-24T01:54:19.630] [INFO] default - Updating cases...
[2023-03-24T01:54:24.641] [INFO] default - Updating cases...
[2023-03-24T01:54:29.657] [INFO] default - Updating cases...
[2023-03-24T01:54:34.672] [INFO] default - Updating cases...
[2023-03-24T01:54:39.674] [INFO] default - Updating cases...
[2023-03-24T01:54:44.676] [INFO] default - Updating cases...
[2023-03-24T01:54:49.679] [INFO] default - Updating cases...
[2023-03-24T01:54:54.681] [INFO] default - Updating cases...
[2023-03-24T01:54:59.691] [INFO] default - Updating cases...
[2023-03-24T01:55:04.700] [INFO] default - Updating cases...
[2023-03-24T01:55:09.706] [INFO] default - Updating cases...
[2023-03-24T01:55:14.710] [INFO] default - Updating cases...
[2023-03-24T01:55:19.711] [INFO] default - Updating cases...
[2023-03-24T01:55:24.714] [INFO] default - Updating cases...
[2023-03-24T01:55:29.720] [INFO] default - Updating cases...
[2023-03-24T01:55:34.726] [INFO] default - Updating cases...
[2023-03-24T01:55:39.741] [INFO] default - Updating cases...
[2023-03-24T01:55:44.756] [INFO] default - Updating cases...
[2023-03-24T01:55:49.768] [INFO] default - Updating cases...
[2023-03-24T01:55:54.770] [INFO] default - Updating cases...
[2023-03-24T01:55:59.776] [INFO] default - Updating cases...
[2023-03-24T01:56:04.788] [INFO] default - Updating cases...
[2023-03-24T01:56:09.807] [INFO] default - Updating cases...
[2023-03-24T01:56:14.815] [INFO] default - Updating cases...
[2023-03-24T01:56:19.824] [INFO] default - Updating cases...
[2023-03-24T01:56:24.986] [INFO] default - Updating cases...
[2023-03-24T01:56:29.995] [INFO] default - Updating cases...
[2023-03-24T01:56:35.006] [INFO] default - Updating cases...
[2023-03-24T01:56:40.034] [INFO] default - Updating cases...
[2023-03-24T01:56:45.036] [INFO] default - Updating cases...
[2023-03-24T01:56:50.046] [INFO] default - Updating cases...
[2023-03-24T01:56:55.052] [INFO] default - Updating cases...
[2023-03-24T01:57:00.071] [INFO] default - Updating cases...
[2023-03-24T01:57:05.085] [INFO] default - Updating cases...
[2023-03-24T01:57:10.099] [INFO] default - Updating cases...
[2023-03-24T01:57:15.104] [INFO] default - Updating cases...
[2023-03-24T01:57:20.106] [INFO] default - Updating cases...
[2023-03-24T01:57:25.111] [INFO] default - Updating cases...
[2023-03-24T01:57:30.121] [INFO] default - Updating cases...
[2023-03-24T01:57:35.136] [INFO] default - Updating cases...
[2023-03-24T01:57:40.138] [INFO] default - Updating cases...
[2023-03-24T01:57:45.143] [INFO] default - Updating cases...
[2023-03-24T01:57:50.155] [INFO] default - Updating cases...
[2023-03-24T01:57:55.157] [INFO] default - Updating cases...
[2023-03-24T01:58:00.174] [INFO] default - Updating cases...
[2023-03-24T01:58:05.178] [INFO] default - Updating cases...
[2023-03-24T01:58:10.180] [INFO] default - Updating cases...
[2023-03-24T01:58:15.188] [INFO] default - Updating cases...
[2023-03-24T01:58:20.203] [INFO] default - Updating cases...
[2023-03-24T01:58:25.209] [INFO] default - Updating cases...
[2023-03-24T01:58:30.221] [INFO] default - Updating cases...
[2023-03-24T01:58:35.224] [INFO] default - Updating cases...
[2023-03-24T01:58:40.237] [INFO] default - Updating cases...
[2023-03-24T01:58:45.256] [INFO] default - Updating cases...
[2023-03-24T01:58:50.266] [INFO] default - Updating cases...
[2023-03-24T01:58:55.273] [INFO] default - Updating cases...
[2023-03-24T01:59:00.290] [INFO] default - Updating cases...
[2023-03-24T01:59:05.300] [INFO] default - Updating cases...
[2023-03-24T01:59:10.309] [INFO] default - Updating cases...
[2023-03-24T01:59:15.336] [INFO] default - Updating cases...
[2023-03-24T01:59:20.343] [INFO] default - Updating cases...
[2023-03-24T01:59:25.354] [INFO] default - Updating cases...
[2023-03-24T01:59:30.360] [INFO] default - Updating cases...
[2023-03-24T01:59:35.365] [INFO] default - Updating cases...
[2023-03-24T01:59:40.377] [INFO] default - Updating cases...
[2023-03-24T01:59:45.391] [INFO] default - Updating cases...
[2023-03-24T01:59:50.393] [INFO] default - Updating cases...
[2023-03-24T01:59:55.395] [INFO] default - Updating cases...
[2023-03-24T02:00:00.408] [INFO] default - Updating cases...
[2023-03-24T02:00:05.424] [INFO] default - Updating cases...
[2023-03-24T02:00:10.428] [INFO] default - Updating cases...
[2023-03-24T02:00:15.440] [INFO] default - Updating cases...
[2023-03-24T02:00:20.444] [INFO] default - Updating cases...
[2023-03-24T02:00:25.453] [INFO] default - Updating cases...
[2023-03-24T02:00:30.463] [INFO] default - Updating cases...
[2023-03-24T02:00:35.467] [INFO] default - Updating cases...
[2023-03-24T02:00:40.480] [INFO] default - Updating cases...
[2023-03-24T02:00:45.493] [INFO] default - Updating cases...
[2023-03-24T02:00:50.647] [INFO] default - Updating cases...
[2023-03-24T02:00:55.650] [INFO] default - Updating cases...
[2023-03-24T02:01:00.659] [INFO] default - Updating cases...
[2023-03-24T02:01:05.676] [INFO] default - Updating cases...
[2023-03-24T02:01:10.687] [INFO] default - Updating cases...
[2023-03-24T02:01:15.697] [INFO] default - Updating cases...
[2023-03-24T02:01:20.710] [INFO] default - Updating cases...
[2023-03-24T02:01:25.713] [INFO] default - Updating cases...
[2023-03-24T02:01:30.725] [INFO] default - Updating cases...
[2023-03-24T02:01:35.733] [INFO] default - Updating cases...
[2023-03-24T02:01:40.739] [INFO] default - Updating cases...
[2023-03-24T02:01:45.750] [INFO] default - Updating cases...
[2023-03-24T02:01:50.758] [INFO] default - Updating cases...
[2023-03-24T02:01:55.767] [INFO] default - Updating cases...
[2023-03-24T02:02:00.781] [INFO] default - Updating cases...
[2023-03-24T02:02:05.789] [INFO] default - Updating cases...
[2023-03-24T02:02:08.791] [INFO] default - /reactroles run by Osmii#0076
[2023-03-24T02:02:10.804] [INFO] default - Updating cases...
[2023-03-24T02:02:15.813] [INFO] default - Updating cases...
[2023-03-24T02:02:20.818] [INFO] default - Updating cases...
[2023-03-24T02:02:25.824] [INFO] default - Updating cases...
[2023-03-24T02:02:30.827] [INFO] default - Updating cases...
[2023-03-24T02:02:35.835] [INFO] default - Updating cases...
[2023-03-24T02:02:36.727] [INFO] default - /reactroles run by Osmii#0076
[2023-03-24T02:02:40.846] [INFO] default - Updating cases...
[2023-03-24T02:02:41.693] [INFO] default - /reactroles run by Osmii#0076
[2023-03-24T02:02:45.849] [INFO] default - Updating cases...
[2023-03-24T02:02:50.856] [INFO] default - Updating cases...
[2023-03-24T02:02:55.866] [INFO] default - Updating cases...
[2023-03-24T02:03:00.871] [INFO] default - Updating cases...
[2023-03-24T02:03:05.873] [INFO] default - Updating cases...
[2023-03-24T02:03:10.884] [INFO] default - Updating cases...
[2023-03-24T02:03:15.898] [INFO] default - Updating cases...
[2023-03-24T02:03:20.919] [INFO] default - Updating cases...
[2023-03-24T02:03:25.921] [INFO] default - Updating cases...
[2023-03-24T02:03:30.940] [INFO] default - Updating cases...
[2023-03-24T02:03:35.954] [INFO] default - Updating cases...
[2023-03-24T02:03:40.956] [INFO] default - Updating cases...
[2023-03-24T02:03:45.968] [INFO] default - Updating cases...
[2023-03-24T02:03:50.983] [INFO] default - Updating cases...
[2023-03-24T02:03:51.927] [INFO] default - /embed run by Osmii#0076
[2023-03-24T02:03:55.994] [INFO] default - Updating cases...
[2023-03-24T02:04:01.002] [INFO] default - Updating cases...
[2023-03-24T02:04:06.004] [INFO] default - Updating cases...
[2023-03-24T02:04:11.019] [INFO] default - Updating cases...
[2023-03-24T02:04:16.021] [INFO] default - Updating cases...
[2023-03-24T02:04:21.032] [INFO] default - Updating cases...
[2023-03-24T02:04:26.042] [INFO] default - Updating cases...
[2023-03-24T02:04:31.050] [INFO] default - Updating cases...
[2023-03-24T02:04:36.055] [INFO] default - Updating cases...
[2023-03-24T02:04:41.060] [INFO] default - Updating cases...
[2023-03-24T02:04:46.067] [INFO] default - Updating cases...
[2023-03-24T02:04:51.075] [INFO] default - Updating cases...
[2023-03-24T02:04:56.079] [INFO] default - Updating cases...
[2023-03-24T02:05:01.163] [INFO] default - Updating cases...
[2023-03-24T02:05:06.190] [INFO] default - Updating cases...
[2023-03-24T02:05:11.194] [INFO] default - Updating cases...
[2023-03-24T02:05:16.300] [INFO] default - Updating cases...
[2023-03-24T02:05:21.315] [INFO] default - Updating cases...
[2023-03-24T02:05:26.330] [INFO] default - Updating cases...
[2023-03-24T02:05:31.342] [INFO] default - Updating cases...
[2023-03-24T02:05:36.346] [INFO] default - Updating cases...
[2023-03-24T02:05:41.358] [INFO] default - Updating cases...
[2023-03-24T02:05:46.375] [INFO] default - Updating cases...
[2023-03-24T02:05:51.381] [INFO] default - Updating cases...
[2023-03-24T02:05:56.389] [INFO] default - Updating cases...
[2023-03-24T02:06:01.439] [INFO] default - Updating cases...
[2023-03-24T02:06:06.456] [INFO] default - Updating cases...
[2023-03-24T02:06:11.467] [INFO] default - Updating cases...
[2023-03-24T02:06:16.480] [INFO] default - Updating cases...
[2023-03-24T02:06:21.486] [INFO] default - Updating cases...
[2023-03-24T02:06:26.503] [INFO] default - Updating cases...
[2023-03-24T02:06:31.516] [INFO] default - Updating cases...
[2023-03-24T02:06:36.523] [INFO] default - Updating cases...
[2023-03-24T02:06:41.530] [INFO] default - Updating cases...
[2023-03-24T02:06:46.546] [INFO] default - Updating cases...
[2023-03-24T02:06:51.549] [INFO] default - Updating cases...
[2023-03-24T02:06:56.551] [INFO] default - Updating cases...
[2023-03-24T02:07:01.560] [INFO] default - Updating cases...
[2023-03-24T02:07:06.579] [INFO] default - Updating cases...
[2023-03-24T02:07:11.581] [INFO] default - Updating cases...
[2023-03-24T02:07:16.583] [INFO] default - Updating cases...
[2023-03-24T02:07:21.588] [INFO] default - Updating cases...
[2023-03-24T02:07:26.591] [INFO] default - Updating cases...
[2023-03-24T02:07:31.604] [INFO] default - Updating cases...
[2023-03-24T02:07:36.616] [INFO] default - Updating cases...
[2023-03-24T02:07:41.624] [INFO] default - Updating cases...
[2023-03-24T02:07:46.633] [INFO] default - Updating cases...
[2023-03-24T02:07:51.639] [INFO] default - Updating cases...
[2023-03-24T02:07:56.642] [INFO] default - Updating cases...
[2023-03-24T02:08:01.652] [INFO] default - Updating cases...
[2023-03-24T02:08:06.658] [INFO] default - Updating cases...
[2023-03-24T02:08:11.669] [INFO] default - Updating cases...
[2023-03-24T02:08:16.676] [INFO] default - Updating cases...
[2023-03-24T02:08:21.684] [INFO] default - Updating cases...
[2023-03-24T02:08:26.687] [INFO] default - Updating cases...
[2023-03-24T02:08:31.689] [INFO] default - Updating cases...
[2023-03-24T02:08:36.695] [INFO] default - Updating cases...
[2023-03-24T02:08:41.711] [INFO] default - Updating cases...
[2023-03-24T02:08:46.722] [INFO] default - Updating cases...
[2023-03-24T02:08:51.739] [INFO] default - Updating cases...
[2023-03-24T02:08:56.753] [INFO] default - Updating cases...
[2023-03-24T02:09:01.757] [INFO] default - Updating cases...
[2023-03-24T02:09:06.772] [INFO] default - Updating cases...
[2023-03-24T02:09:11.778] [INFO] default - Updating cases...
[2023-03-24T02:09:16.790] [INFO] default - Updating cases...
[2023-03-24T02:09:21.795] [INFO] default - Updating cases...
[2023-03-24T02:09:26.800] [INFO] default - Updating cases...
[2023-03-24T02:09:31.810] [INFO] default - Updating cases...
[2023-03-24T02:09:36.822] [INFO] default - Updating cases...
[2023-03-24T02:09:41.834] [INFO] default - Updating cases...
[2023-03-24T02:09:46.848] [INFO] default - Updating cases...
[2023-03-24T02:09:51.856] [INFO] default - Updating cases...
[2023-03-24T02:09:56.867] [INFO] default - Updating cases...
[2023-03-24T02:10:01.872] [INFO] default - Updating cases...
[2023-03-24T02:10:06.875] [INFO] default - Updating cases...
[2023-03-24T02:10:11.878] [INFO] default - Updating cases...
[2023-03-24T02:10:16.881] [INFO] default - Updating cases...
[2023-03-24T02:10:21.885] [INFO] default - Updating cases...
[2023-03-24T02:10:26.888] [INFO] default - Updating cases...
[2023-03-24T02:10:31.891] [INFO] default - Updating cases...
[2023-03-24T02:10:36.896] [INFO] default - Updating cases...
[2023-03-24T02:10:41.902] [INFO] default - Updating cases...
[2023-03-24T02:10:46.911] [INFO] default - Updating cases...
[2023-03-24T02:10:51.928] [INFO] default - Updating cases...
[2023-03-24T02:10:56.937] [INFO] default - Updating cases...
[2023-03-24T02:11:01.953] [INFO] default - Updating cases...
[2023-03-24T02:11:06.965] [INFO] default - Updating cases...
[2023-03-24T02:11:11.972] [INFO] default - Updating cases...
[2023-03-24T02:11:16.985] [INFO] default - Updating cases...
[2023-03-24T02:11:21.993] [INFO] default - Updating cases...
[2023-03-24T02:11:26.996] [INFO] default - Updating cases...
[2023-03-24T02:11:32.043] [INFO] default - Updating cases...
[2023-03-24T02:11:37.047] [INFO] default - Updating cases...
[2023-03-24T02:11:42.050] [INFO] default - Updating cases...
[2023-03-24T02:11:47.064] [INFO] default - Updating cases...
[2023-03-24T02:11:52.078] [INFO] default - Updating cases...
[2023-03-24T02:11:57.093] [INFO] default - Updating cases...
[2023-03-24T02:12:02.107] [INFO] default - Updating cases...
[2023-03-24T02:12:07.114] [INFO] default - Updating cases...
[2023-03-24T02:12:12.118] [INFO] default - Updating cases...
[2023-03-24T02:12:17.131] [INFO] default - Updating cases...
[2023-03-24T02:12:22.134] [INFO] default - Updating cases...
[2023-03-24T02:12:27.148] [INFO] default - Updating cases...
[2023-03-24T02:12:32.158] [INFO] default - Updating cases...
[2023-03-24T02:12:37.169] [INFO] default - Updating cases...
[2023-03-24T02:12:42.176] [INFO] default - Updating cases...
[2023-03-24T02:12:47.191] [INFO] default - Updating cases...
[2023-03-24T02:12:52.203] [INFO] default - Updating cases...
[2023-03-24T02:12:57.205] [INFO] default - Updating cases...
[2023-03-24T02:13:02.211] [INFO] default - Updating cases...
[2023-03-24T02:13:07.215] [INFO] default - Updating cases...
[2023-03-24T02:13:12.219] [INFO] default - Updating cases...
[2023-03-24T02:13:17.237] [INFO] default - Updating cases...
[2023-03-24T02:13:22.242] [INFO] default - Updating cases...
[2023-03-24T02:13:27.255] [INFO] default - Updating cases...
[2023-03-24T02:13:32.259] [INFO] default - Updating cases...
[2023-03-24T02:13:37.263] [INFO] default - Updating cases...
[2023-03-24T02:13:42.280] [INFO] default - Updating cases...
[2023-03-24T02:13:47.286] [INFO] default - Updating cases...
[2023-03-24T02:13:52.289] [INFO] default - Updating cases...
[2023-03-24T02:13:57.300] [INFO] default - Updating cases...
[2023-03-24T02:14:02.302] [INFO] default - Updating cases...
[2023-03-24T02:14:07.316] [INFO] default - Updating cases...
[2023-03-24T02:14:12.322] [INFO] default - Updating cases...
[2023-03-24T02:14:17.328] [INFO] default - Updating cases...
[2023-03-24T02:14:22.333] [INFO] default - Updating cases...
[2023-03-24T02:14:27.342] [INFO] default - Updating cases...
[2023-03-24T02:14:32.353] [INFO] default - Updating cases...
[2023-03-24T02:14:37.358] [INFO] default - Updating cases...
[2023-03-24T02:14:42.368] [INFO] default - Updating cases...
[2023-03-24T02:14:47.374] [INFO] default - Updating cases...
[2023-03-24T02:14:52.413] [INFO] default - Updating cases...
[2023-03-24T02:14:57.423] [INFO] default - Updating cases...
[2023-03-24T02:15:02.431] [INFO] default - Updating cases...
[2023-03-24T02:15:07.463] [INFO] default - Updating cases...
[2023-03-24T02:15:12.476] [INFO] default - Updating cases...
[2023-03-24T02:15:17.489] [INFO] default - Updating cases...
[2023-03-24T02:15:22.491] [INFO] default - Updating cases...
[2023-03-24T02:15:27.493] [INFO] default - Updating cases...
[2023-03-24T02:15:32.507] [INFO] default - Updating cases...
[2023-03-24T02:15:37.521] [INFO] default - Updating cases...
[2023-03-24T02:15:42.536] [INFO] default - Updating cases...
[2023-03-24T02:15:47.543] [INFO] default - Updating cases...
[2023-03-24T02:15:52.552] [INFO] default - Updating cases...
[2023-03-24T02:15:57.554] [INFO] default - Updating cases...
[2023-03-24T02:16:02.557] [INFO] default - Updating cases...
[2023-03-24T02:16:07.571] [INFO] default - Updating cases...
[2023-03-24T02:16:12.581] [INFO] default - Updating cases...
[2023-03-24T02:16:17.588] [INFO] default - Updating cases...
[2023-03-24T02:16:22.602] [INFO] default - Updating cases...
[2023-03-24T02:16:27.615] [INFO] default - Updating cases...
[2023-03-24T02:16:32.628] [INFO] default - Updating cases...
[2023-03-24T02:16:37.635] [INFO] default - Updating cases...
[2023-03-24T02:16:42.643] [INFO] default - Updating cases...
[2023-03-24T02:16:47.653] [INFO] default - Updating cases...
[2023-03-24T02:16:52.662] [INFO] default - Updating cases...
[2023-03-24T02:16:57.673] [INFO] default - Updating cases...
[2023-03-24T02:17:02.677] [INFO] default - Updating cases...
[2023-03-24T02:17:07.683] [INFO] default - Updating cases...
[2023-03-24T02:17:12.717] [INFO] default - Updating cases...
[2023-03-24T02:17:17.782] [INFO] default - Updating cases...
[2023-03-24T02:17:22.793] [INFO] default - Updating cases...
[2023-03-24T02:17:27.810] [INFO] default - Updating cases...
[2023-03-24T02:17:32.815] [INFO] default - Updating cases...
[2023-03-24T02:17:37.821] [INFO] default - Updating cases...
[2023-03-24T02:17:42.834] [INFO] default - Updating cases...
[2023-03-24T02:17:47.849] [INFO] default - Updating cases...
[2023-03-24T02:17:52.852] [INFO] default - Updating cases...
[2023-03-24T02:17:57.854] [INFO] default - Updating cases...
[2023-03-24T02:18:02.867] [INFO] default - Updating cases...
[2023-03-24T02:18:07.881] [INFO] default - Updating cases...
[2023-03-24T02:18:12.896] [INFO] default - Updating cases...
[2023-03-24T02:18:17.911] [INFO] default - Updating cases...
[2023-03-24T02:18:22.927] [INFO] default - Updating cases...
[2023-03-24T02:18:27.939] [INFO] default - Updating cases...
[2023-03-24T02:18:32.955] [INFO] default - Updating cases...
[2023-03-24T02:18:37.963] [INFO] default - Updating cases...
[2023-03-24T02:18:42.966] [INFO] default - Updating cases...
[2023-03-24T02:18:47.981] [INFO] default - Updating cases...
[2023-03-24T02:18:52.987] [INFO] default - Updating cases...
[2023-03-24T02:18:58.001] [INFO] default - Updating cases...
[2023-03-24T02:19:03.011] [INFO] default - Updating cases...
[2023-03-24T02:19:08.025] [INFO] default - Updating cases...
[2023-03-24T02:19:13.039] [INFO] default - Updating cases...
[2023-03-24T02:19:18.053] [INFO] default - Updating cases...
[2023-03-24T02:19:23.055] [INFO] default - Updating cases...
[2023-03-24T02:19:28.068] [INFO] default - Updating cases...
[2023-03-24T02:19:33.079] [INFO] default - Updating cases...
[2023-03-24T02:19:38.096] [INFO] default - Updating cases...
[2023-03-24T02:19:43.099] [INFO] default - Updating cases...
[2023-03-24T02:19:48.113] [INFO] default - Updating cases...
[2023-03-24T02:19:53.117] [INFO] default - Updating cases...
[2023-03-24T02:19:58.125] [INFO] default - Updating cases...
[2023-03-24T02:20:03.154] [INFO] default - Updating cases...
[2023-03-24T02:20:08.224] [INFO] default - Updating cases...
[2023-03-24T02:20:13.229] [INFO] default - Updating cases...
[2023-03-24T02:20:18.235] [INFO] default - Updating cases...
[2023-03-24T02:20:23.285] [INFO] default - Updating cases...
[2023-03-24T02:20:28.293] [INFO] default - Updating cases...
[2023-03-24T02:20:33.295] [INFO] default - Updating cases...
[2023-03-24T02:20:38.299] [INFO] default - Updating cases...
[2023-03-24T02:20:43.313] [INFO] default - Updating cases...
[2023-03-24T02:20:48.319] [INFO] default - Updating cases...
[2023-03-24T02:20:53.326] [INFO] default - Updating cases...
[2023-03-24T02:20:58.343] [INFO] default - Updating cases...
[2023-03-24T02:21:03.359] [INFO] default - Updating cases...
[2023-03-24T02:21:08.366] [INFO] default - Updating cases...
[2023-03-24T02:21:13.380] [INFO] default - Updating cases...
[2023-03-24T02:21:18.391] [INFO] default - Updating cases...
[2023-03-24T02:21:23.396] [INFO] default - Updating cases...
[2023-03-24T02:21:28.408] [INFO] default - Updating cases...
[2023-03-24T02:21:33.420] [INFO] default - Updating cases...
[2023-03-24T02:21:38.427] [INFO] default - Updating cases...
[2023-03-24T02:21:43.435] [INFO] default - Updating cases...
[2023-03-24T02:21:48.446] [INFO] default - Updating cases...
[2023-03-24T02:21:53.459] [INFO] default - Updating cases...
[2023-03-24T02:21:58.471] [INFO] default - Updating cases...
[2023-03-24T02:22:03.479] [INFO] default - Updating cases...
[2023-03-24T02:22:08.493] [INFO] default - Updating cases...
[2023-03-24T02:22:13.496] [INFO] default - Updating cases...
[2023-03-24T02:22:18.511] [INFO] default - Updating cases...
[2023-03-24T02:22:23.525] [INFO] default - Updating cases...
[2023-03-24T02:22:28.535] [INFO] default - Updating cases...
[2023-03-24T02:22:33.550] [INFO] default - Updating cases...
[2023-03-24T02:22:38.555] [INFO] default - Updating cases...
[2023-03-24T02:22:43.565] [INFO] default - Updating cases...
[2023-03-24T02:22:48.579] [INFO] default - Updating cases...
[2023-03-24T02:22:53.593] [INFO] default - Updating cases...
[2023-03-24T02:22:58.597] [INFO] default - Updating cases...
[2023-03-24T02:23:03.609] [INFO] default - Updating cases...
[2023-03-24T02:23:08.622] [INFO] default - Updating cases...
[2023-03-24T02:23:13.640] [INFO] default - Updating cases...
[2023-03-24T02:23:18.657] [INFO] default - Updating cases...
[2023-03-24T02:23:23.668] [INFO] default - Updating cases...
[2023-03-24T02:23:28.681] [INFO] default - Updating cases...
[2023-03-24T02:23:33.690] [INFO] default - Updating cases...
[2023-03-24T02:23:38.702] [INFO] default - Updating cases...
[2023-03-24T02:23:43.709] [INFO] default - Updating cases...
[2023-03-24T02:23:48.714] [INFO] default - Updating cases...
[2023-03-24T02:23:53.722] [INFO] default - Updating cases...
[2023-03-24T02:23:58.739] [INFO] default - Updating cases...
[2023-03-24T02:24:03.748] [INFO] default - Updating cases...
[2023-03-24T02:24:08.755] [INFO] default - Updating cases...
[2023-03-24T02:24:13.757] [INFO] default - Updating cases...
[2023-03-24T02:24:18.774] [INFO] default - Updating cases...
[2023-03-24T02:24:23.777] [INFO] default - Updating cases...
[2023-03-24T02:24:28.789] [INFO] default - Updating cases...
[2023-03-24T02:24:33.790] [INFO] default - Updating cases...
[2023-03-24T02:24:38.802] [INFO] default - Updating cases...
[2023-03-24T02:24:43.814] [INFO] default - Updating cases...
[2023-03-24T02:24:48.819] [INFO] default - Updating cases...
[2023-03-24T02:24:53.824] [INFO] default - Updating cases...
[2023-03-24T02:24:58.828] [INFO] default - Updating cases...
[2023-03-24T02:25:03.834] [INFO] default - Updating cases...
[2023-03-24T02:25:08.850] [INFO] default - Updating cases...
[2023-03-24T02:25:13.864] [INFO] default - Updating cases...
[2023-03-24T02:25:18.868] [INFO] default - Updating cases...
[2023-03-24T02:25:23.881] [INFO] default - Updating cases...
[2023-03-24T02:25:28.893] [INFO] default - Updating cases...
