[2023-03-23T02:45:20.027] [INFO] default - Logged in as Academia#0862
[2023-03-23T02:45:20.059] [INFO] default - Loading module Ban.js
[2023-03-23T02:45:20.128] [INFO] default - Loading module CreateTicketHandler.js
[2023-03-23T02:45:20.167] [INFO] default - Loading command Ban.command.js
[2023-03-23T02:45:20.216] [INFO] default - Loaded command CHAT_INPUT_ban
[2023-03-23T02:45:20.230] [INFO] default - Loading command Cases.command.js
[2023-03-23T02:45:20.245] [INFO] default - Loaded command CHAT_INPUT_cases
[2023-03-23T02:45:20.279] [INFO] default - Loading command Kick.command.js
[2023-03-23T02:45:20.294] [INFO] default - Loaded command CHAT_INPUT_kick
[2023-03-23T02:45:20.297] [INFO] default - Loading command Mute.command.js
[2023-03-23T02:45:20.312] [INFO] default - Loaded command CHAT_INPUT_mute
[2023-03-23T02:45:20.319] [INFO] default - Loading command Reason.command.js
[2023-03-23T02:45:20.332] [INFO] default - Loaded command CHAT_INPUT_reason
[2023-03-23T02:45:20.336] [INFO] default - Loading command Unban.command.js
[2023-03-23T02:45:20.342] [INFO] default - Loaded command CHAT_INPUT_unban
[2023-03-23T02:45:20.345] [INFO] default - Loading command Unmute.command.js
[2023-03-23T02:45:20.357] [INFO] default - Loaded command CHAT_INPUT_unmute
[2023-03-23T02:45:20.364] [INFO] default - Loading command Warn.command.js
[2023-03-23T02:45:20.387] [INFO] default - Loaded command CHAT_INPUT_warn
[2023-03-23T02:45:20.413] [INFO] default - Loading command Ban.command.js
[2023-03-23T02:45:20.448] [INFO] default - Loaded command MESSAGE_CONTEXT_Ban
[2023-03-23T02:45:20.509] [INFO] default - Loading command Kick.command.js
[2023-03-23T02:45:20.554] [INFO] default - Loaded command MESSAGE_CONTEXT_Kick
[2023-03-23T02:45:20.581] [INFO] default - Loading command Mute.command.js
[2023-03-23T02:45:20.869] [INFO] default - Loaded command MESSAGE_CONTEXT_Mute
[2023-03-23T02:45:20.983] [INFO] default - Loading command Warn.command.js
[2023-03-23T02:45:21.248] [INFO] default - Loaded command MESSAGE_CONTEXT_Warn
[2023-03-23T02:45:21.259] [INFO] default - Loading command Ban.command.js
[2023-03-23T02:45:21.277] [INFO] default - Loaded command USER_CONTEXT_Ban
[2023-03-23T02:45:21.286] [INFO] default - Loading command Kick.command.js
[2023-03-23T02:45:21.297] [INFO] default - Loaded command USER_CONTEXT_Kick
[2023-03-23T02:45:21.302] [INFO] default - Loading command Mute.command.js
[2023-03-23T02:45:21.380] [INFO] default - Loaded command USER_CONTEXT_Mute
[2023-03-23T02:45:21.418] [INFO] default - Loading command Warn.command.js
[2023-03-23T02:45:21.439] [INFO] default - Loaded command USER_CONTEXT_Warn
[2023-03-23T02:45:21.442] [INFO] default - All modules and commands loaded
[2023-03-23T02:45:21.536] [INFO] default - Loading module Kick.js
[2023-03-23T02:45:21.539] [INFO] default - Loading module TicketManager.js
[2023-03-23T02:45:21.545] [INFO] default - Loading module Logging.js
[2023-03-23T02:45:21.570] [INFO] default - Loading module Mute.js
[2023-03-23T02:45:21.581] [INFO] default - Loading module UpdateCase.js
[2023-03-23T02:45:21.592] [INFO] default - Loading module Warn.js
[2023-03-23T02:45:24.607] [INFO] default - Updating cases...
[2023-03-23T02:45:29.792] [INFO] default - Updating cases...
[2023-03-23T02:45:34.807] [INFO] default - Updating cases...
[2023-03-23T02:45:39.811] [INFO] default - Updating cases...
[2023-03-23T02:45:44.835] [INFO] default - Updating cases...
[2023-03-23T02:45:49.856] [INFO] default - Updating cases...
[2023-03-23T02:45:54.868] [INFO] default - Updating cases...
[2023-03-23T02:45:59.876] [INFO] default - Updating cases...
[2023-03-23T02:46:04.890] [INFO] default - Updating cases...
