[2023-04-07T11:16:39.909] [INFO] default - Logged in as Jayfeather#0862
[2023-04-07T11:16:39.912] [INFO] default - Loading module WelcomeAndGoodbye.js
[2023-04-07T11:16:39.914] [INFO] default - Loading module Ban.js
[2023-04-07T11:16:39.915] [INFO] default - Loading module ReactRoles.js
[2023-04-07T11:16:39.915] [INFO] default - Loading module RelayHandler.js
[2023-04-07T11:16:39.916] [INFO] default - Loading module Verification.js
[2023-04-07T11:16:39.918] [INFO] default - Loading command Ban.command.js
[2023-04-07T11:16:39.927] [INFO] default - Loaded command CHAT_INPUT_ban
[2023-04-07T11:16:39.928] [INFO] default - Loading command Cases.command.js
[2023-04-07T11:16:39.931] [INFO] default - Loaded command CHAT_INPUT_cases
[2023-04-07T11:16:39.932] [INFO] default - Loading command Embed.command.js
[2023-04-07T11:16:39.935] [INFO] default - Loaded command CHAT_INPUT_embed
[2023-04-07T11:16:39.936] [INFO] default - Loading command Kick.command.js
[2023-04-07T11:16:39.939] [INFO] default - Loaded command CHAT_INPUT_kick
[2023-04-07T11:16:39.940] [INFO] default - Loading command Mute.command.js
[2023-04-07T11:16:39.944] [INFO] default - Loaded command CHAT_INPUT_mute
[2023-04-07T11:16:39.945] [INFO] default - Loading command ReactionRoles.command.js
[2023-04-07T11:16:39.951] [INFO] default - Loaded command CHAT_INPUT_reactroles
[2023-04-07T11:16:39.952] [INFO] default - Loading command Reason.command.js
[2023-04-07T11:16:39.953] [INFO] default - Loaded command CHAT_INPUT_reason
[2023-04-07T11:16:39.954] [INFO] default - Loading command Unban.command.js
[2023-04-07T11:16:39.956] [INFO] default - Loaded command CHAT_INPUT_unban
[2023-04-07T11:16:39.957] [INFO] default - Loading command Unmute.command.js
[2023-04-07T11:16:39.959] [INFO] default - Loaded command CHAT_INPUT_unmute
[2023-04-07T11:16:39.960] [INFO] default - Loading command Warn.command.js
[2023-04-07T11:16:39.966] [INFO] default - Loaded command CHAT_INPUT_warn
[2023-04-07T11:16:39.972] [INFO] default - Loading command Ban.command.js
[2023-04-07T11:16:39.978] [INFO] default - Loaded command MESSAGE_CONTEXT_Ban
[2023-04-07T11:16:39.979] [INFO] default - Loading command Kick.command.js
[2023-04-07T11:16:39.982] [INFO] default - Loaded command MESSAGE_CONTEXT_Kick
[2023-04-07T11:16:39.983] [INFO] default - Loading command Mute.command.js
[2023-04-07T11:16:39.987] [INFO] default - Loaded command MESSAGE_CONTEXT_Mute
[2023-04-07T11:16:39.987] [INFO] default - Loading command Warn.command.js
[2023-04-07T11:16:39.990] [INFO] default - Loaded command MESSAGE_CONTEXT_Warn
[2023-04-07T11:16:39.993] [INFO] default - Loading command Ban.command.js
[2023-04-07T11:16:39.997] [INFO] default - Loaded command USER_CONTEXT_Ban
[2023-04-07T11:16:39.999] [INFO] default - Loading command Kick.command.js
[2023-04-07T11:16:40.002] [INFO] default - Loaded command USER_CONTEXT_Kick
[2023-04-07T11:16:40.003] [INFO] default - Loading command Mute.command.js
[2023-04-07T11:16:40.005] [INFO] default - Loaded command USER_CONTEXT_Mute
[2023-04-07T11:16:40.006] [INFO] default - Loading command Warn.command.js
[2023-04-07T11:16:40.008] [INFO] default - Loaded command USER_CONTEXT_Warn
[2023-04-07T11:16:40.020] [INFO] default - All modules and commands loaded
[2023-04-07T11:16:40.040] [INFO] default - Loading module Kick.js
[2023-04-07T11:16:40.042] [INFO] default - Loading module TicketManager.js
[2023-04-07T11:16:40.043] [INFO] default - Loading module VerificationManager.js
[2023-04-07T11:16:40.048] [INFO] default - Loading module Logging.js
[2023-04-07T11:16:40.054] [INFO] default - Loading module Mute.js
[2023-04-07T11:16:40.055] [INFO] default - Loading module UpdateCase.js
[2023-04-07T11:16:40.059] [INFO] default - Loading module Warn.js
[2023-04-07T11:16:43.067] [INFO] default - Updating cases...
[2023-04-07T11:16:44.029] [ERROR] default - TypeError: channel.isTextBased is not a function
    at InteractionCreateAction.handle (C:\Users\Osmii\Desktop\Personal\discord bots\verification\node_modules\discord.js\src\client\actions\InteractionCreate.js:46:33)
    at module.exports [as INTERACTION_CREATE] (C:\Users\Osmii\Desktop\Personal\discord bots\verification\node_modules\discord.js\src\client\websocket\handlers\INTERACTION_CREATE.js:4:36)
    at WebSocketManager.handlePacket (C:\Users\Osmii\Desktop\Personal\discord bots\verification\node_modules\discord.js\src\client\websocket\WebSocketManager.js:352:31)
    at WebSocketShard.onPacket (C:\Users\Osmii\Desktop\Personal\discord bots\verification\node_modules\discord.js\src\client\websocket\WebSocketShard.js:480:22)
    at WebSocketShard.onMessage (C:\Users\Osmii\Desktop\Personal\discord bots\verification\node_modules\discord.js\src\client\websocket\WebSocketShard.js:320:10)
    at callListener (C:\Users\Osmii\Desktop\Personal\discord bots\verification\node_modules\ws\lib\event-target.js:290:14)
    at WebSocket.onMessage (C:\Users\Osmii\Desktop\Personal\discord bots\verification\node_modules\ws\lib\event-target.js:209:9)
    at WebSocket.emit (node:events:513:28)
    at Receiver.receiverOnMessage (C:\Users\Osmii\Desktop\Personal\discord bots\verification\node_modules\ws\lib\websocket.js:1178:20)
    at Receiver.emit (node:events:513:28)
[2023-04-07T11:16:48.072] [INFO] default - Updating cases...
[2023-04-07T11:16:53.080] [INFO] default - Updating cases...
[2023-04-07T11:16:58.084] [INFO] default - Updating cases...
[2023-04-07T11:17:03.088] [INFO] default - Updating cases...
[2023-04-07T11:17:08.093] [INFO] default - Updating cases...
[2023-04-07T11:17:13.096] [INFO] default - Updating cases...
[2023-04-07T11:17:18.109] [INFO] default - Updating cases...
[2023-04-07T11:17:23.114] [INFO] default - Updating cases...
[2023-04-07T11:17:28.130] [INFO] default - Updating cases...
[2023-04-07T11:17:33.136] [INFO] default - Updating cases...
[2023-04-07T11:17:38.140] [INFO] default - Updating cases...
[2023-04-07T11:17:43.150] [INFO] default - Updating cases...
[2023-04-07T11:17:48.155] [INFO] default - Updating cases...
[2023-04-07T11:17:53.158] [INFO] default - Updating cases...
[2023-04-07T11:17:58.166] [INFO] default - Updating cases...
[2023-04-07T11:18:03.175] [INFO] default - Updating cases...
[2023-04-07T11:18:08.180] [INFO] default - Updating cases...
[2023-04-07T11:18:13.191] [INFO] default - Updating cases...
[2023-04-07T11:18:16.588] [INFO] default - messageCreate
[2023-04-07T11:18:16.605] [INFO] default - messageCreate
